
          -------------------------------------------------------
          Amber 20 PMEMD                              2020
          -------------------------------------------------------

| PMEMD implementation of SANDER, Release 18

|  Compiled date/time: Mon Apr 27 18:19:54 2020
| Run on 01/25/2022 at 16:51:36

|   Executable path: /cm/shared/apps/amber20/bin/pmemd.cuda
| Working directory: /data/bella/piezo/charmm-gui-4149384590/TI/1-dooku/ligand/concerted/t01/0.9521
|          Hostname: node002

  [-O]verwriting output

File Assignments:
|   MDIN: ti001.eq.in                                                           
|  MDOUT: ti001.eq.out                                                          
| INPCRD: ti001.min.rst7                                                        
|   PARM: ../concerted.parm7                                                    
| RESTRT: ti001.eq.rst7                                                         
|   REFC: refc                                                                  
|  MDVEL: mdvel                                                                 
|   MDEN: ti001.eq.en                                                           
|  MDCRD: ti001.eq.nc                                                           
| MDINFO: ti001.eq.info                                                         
|  MDFRC: mdfrc                                                                 


 Here is the input file:

Heating                                                                        
 &cntrl                                                                        
                                                                               
! simulation                                                                   
imin = 0,                 ! flag to run minization (0=false)                   
ntmin = 2,                ! mini algorithm. 2=steepest                         
nstlim = 5000,            ! number of MD steps                                 
irest = 0,                ! flag to restart simulation                         
ntx = 1,                  ! option to read from inpcrd file                    
ntxo = 1,                 ! read/write rst as formatted file                   
dt = 0.001,               ! timestep (1fs)                                     
ntb = 2,              ! specify PBC type                                       
                                                                               
! thermostate                                                                  
ntt = 3,                  ! switch for time scaling (3=Langevin)               
tempi = 1.0,                                                                   
temp0 = 310,            ! reference temperature (if ntt>0)                     
gamma_ln = 5.0,           ! collision frequency for ntt=3                      
ig = -1,                  ! seed for Random Number Generator (RNG) (use -1 with
! barostate                                                                    
ntp = 1,                  ! constant pressure dynamics (1=do scaling)          
barostat = 2,             ! barostat to use (2=Monte Carlo)                    
mcbarint = 100,           ! volume change attempt every n steps                
pres0 = 1.01325,          ! referenve pressure (in bars)                       
taup = 2.0,               ! pressure relation time (in ps)                     
                                                                               
! output                                                                       
ioutfm = 1,               ! film fromat (1=binary NetCDF)                      
iwrap = 0,                ! wrap coordination into primary box (1=do)          
ntwe = 1000,              ! write to .mden every n steps                       
ntwx = 1000,              ! write to .mdcrd every n steps                      
ntpr = 500,               ! write energies to .mdout/.mdinfo every n steps     
ntwr = 1000,              ! write rstrt file every n steps                     
                                                                               
! alchemical free energy                                                       
cut = 10.0                                                                     
ntc = 2,                  ! SHAKE bond length constraints (2=H-atom)           
ntf = 1,                  ! force evaluation (1=evalute all)                   
noshakemask = ':L0, L1',     ! remove SHAKE from perturbed regions             
                                                                               
icfe = 1,                 ! turn on free energy calculation                    
ifsc = 1,                 ! use softcore parameters (0=undo)                   
clambda = 0.9521,           ! current lambda                                   
timask1 = ':L0',           ! specify atoms unique to V_0                       
timask2 = ':L1',           ! specify atoms unique to V_1                       
scmask1 = ':L0@S2, C10, C11, H6, N3, C12, H7, C13, H8, N4',                    
                      ! specify the unique atoms for V0                        
scmask2 = ':L1@O, C11, C10, H11, C12, H13, C13, H14, N3, H12',                 
                      ! specify the unique atoms for V1                        
vlimit = 20                                                                    
 /                                                                             
 &ewald                                                                        
 /                                                                             
                                                                               
&wt type='TEMP0', istep1=1, istep2=5000, value1=1.0, value2=300 &end           
&wt type='END' &end                                                            


Note: ig = -1. Setting random seed to   612387 based on wallclock time in 
      microseconds.
| irandom = 1, using AMBER's internal random number generator (default).
 
|--------------------- INFORMATION ----------------------
| GPU (CUDA) Version of PMEMD in use: NVIDIA GPU IN USE.
|                    Version 18.0.0
| 
|                      03/25/2018
| 
| Implementation by:
|                    Ross C. Walker     (SDSC)
|                    Scott Le Grand     (nVIDIA)
| 
| Version 18 performance extensions by:
|                    David Cerutti     (Rutgers)
| 
| Precision model in use:
|      [SPFP] - Single Precision Forces, 64-bit Fixed Point
|               Accumulation. (Default)
| 
|--------------------------------------------------------
 
|----------------- CITATION INFORMATION -----------------
|
|    When publishing work that utilized the CUDA version
|    of AMBER, please cite the following in addition to
|    the regular AMBER citations:
|
|  - Romelia Salomon-Ferrer; Andreas W. Goetz; Duncan
|    Poole; Scott Le Grand; Ross C. Walker "Routine
|    microsecond molecular dynamics simulations with
|    AMBER - Part II: Particle Mesh Ewald", J. Chem.
|    Theory Comput., 2013, 9 (9), pp3878-3888,
|    DOI: 10.1021/ct400314y.
|
|  - Andreas W. Goetz; Mark J. Williamson; Dong Xu;
|    Duncan Poole; Scott Le Grand; Ross C. Walker
|    "Routine microsecond molecular dynamics simulations
|    with AMBER - Part I: Generalized Born", J. Chem.
|    Theory Comput., 2012, 8 (5), pp1542-1555.
|
|  - Scott Le Grand; Andreas W. Goetz; Ross C. Walker
|    "SPFP: Speed without compromise - a mixed precision
|    model for GPU accelerated molecular dynamics
|    simulations.", Comp. Phys. Comm., 2013, 184
|    pp374-380, DOI: 10.1016/j.cpc.2012.09.022
|
|    When publishing work that utilized the CUDA version
|    of TI, BAR, MBAR or FEP please cite the following 
|    publications in addition to the regular AMBER 
|    GPU citations:
|
|  - Daniel J. Mermelstein; Charles Lin; Gard Nelson; 
|    Rachael Kretsch; J. Andrew McCammon; Ross C. Walker
|    "Fast and Flexible GPU Accelerated Binding 
|    Free Energy Calculations within the AMBER Molecular
|    Dynamics Package" J. Comp. Chem., 2018,
|    DOI: 10.1002/jcc.25187
|
|  - Tai-Sung Lee; Yuan Hu; Brad Sherborne; Zhuyan Guo;
|    Darrin M. York
|    "Toward Fast and Accurate Binding Affinity Prediction with
|    pmemdGTI: An Efficient Implementation of GPU-Accelerated
|    Thermodynamic Integration"
|    J. Chem. Theory Comput., 2017, 13 (7), 3077
|
|
|--------------------------------------------------------
 
|------------------- GPU DEVICE INFO --------------------
|
|            CUDA_VISIBLE_DEVICES: 3
|   CUDA Capable Devices Detected:      1
|           CUDA Device ID in use:      0
|                CUDA Device Name: GeForce RTX 2080 Ti
|     CUDA Device Global Mem Size:  11019 MB
| CUDA Device Num Multiprocessors:     68
|           CUDA Device Core Freq:   1.54 GHz
|
|--------------------------------------------------------
 
 
| Conditional Compilation Defines Used:
| PUBFFT
| BINTRAJ
| CUDA
| EMIL

| Largest sphere to fit in unit cell has radius =    25.062

| New format PARM file being parsed.
| Version =    1.000 Date = 01/24/22 Time = 21:43:14

| Note: 1-4 EEL scale factors are being read from the topology file.

| Note: 1-4 VDW scale factors are being read from the topology file.
| Duplicated    0 dihedrals

| Duplicated    0 dihedrals

--------------------------------------------------------------------------------
   1.  RESOURCE   USE: 
--------------------------------------------------------------------------------

 getting new box info from bottom of inpcrd
 NATOM  =    9985 NTYPES =      13 NBONH =    9944 MBONA  =      45
 NTHETH =      36 MTHETA =      61 NPHIH =      66 MPHIA  =      91
 NHPARM =       0 NPARM  =       0 NNB   =   13505 NRES   =    3311
 NBONA  =      45 NTHETA =      61 NPHIA =      91 NUMBND =      22
 NUMANG =      36 NPTRA  =      11 NATYP =      16 NPHB   =       0
 IFBOX  =       1 NMXRS  =      29 IFCAP =       0 NEXTRA =       0
 NCOPY  =       0

| Coordinate Index Table dimensions:     9    9    9
| Direct force subcell size =     5.6395    5.6592    5.5693

     BOX TYPE: RECTILINEAR

--------------------------------------------------------------------------------
   2.  CONTROL  DATA  FOR  THE  RUN
--------------------------------------------------------------------------------

default_name                                                                    

General flags:
     imin    =       0, nmropt  =       0

Nature and format of input:
     ntx     =       1, irest   =       0, ntrx    =       1

Nature and format of output:
     ntxo    =       1, ntpr    =     500, ntrx    =       1, ntwr    =    1000
     iwrap   =       0, ntwx    =    1000, ntwv    =       0, ntwe    =    1000
     ioutfm  =       1, ntwprt  =       0, idecomp =       0, rbornstat=      0

Potential function:
     ntf     =       1, ntb     =       2, igb     =       0, nsnb    =      25
     ipol    =       0, gbsa    =       0, iesp    =       0
     dielc   =   1.00000, cut     =  10.00000, intdiel =   1.00000

Frozen or restrained atoms:
     ibelly  =       0, ntr     =       0

Molecular dynamics:
     nstlim  =      5000, nscm    =      1000, nrespa  =         1
     t       =   0.00000, dt      =   0.00100, vlimit  =  20.00000

Langevin dynamics temperature regulation:
     ig      =  612387
     temp0   = 310.00000, tempi   =   1.00000, gamma_ln=   5.00000

Pressure regulation:
     ntp     =       1
     pres0   =   1.01325, comp    =  44.60000, taup    =   2.00000
     Monte-Carlo Barostat:
     mcbarint  =     100

SHAKE:
     ntc     =       2, jfastw  =       0
     tol     =   0.00001

Free energy options:
     icfe    =       1, ifsc    =       1, klambda =       1
     clambda =  0.9521, scalpha =  0.5000, scbeta  = 12.0000
     sceeorder =       2
     dynlmb =  0.0000 logdvdl =       0

| Intermolecular bonds treatment:
|     no_intermolecular_bonds =       1

| Energy averages sample interval:
|     ene_avg_sampling =     500

Ewald parameters:
     verbose =       0, ew_type =       0, nbflag  =       1, use_pme =       1
     vdwmeth =       1, eedmeth =       1, netfrc  =       1
     Box X =   50.755   Box Y =   50.932   Box Z =   50.124
     Alpha =   90.000   Beta  =   90.000   Gamma =   90.000
     NFFT1 =   56       NFFT2 =   56       NFFT3 =   56
     Cutoff=   10.000   Tol   =0.100E-04
     Ewald Coefficient =  0.27511
     Interpolation order =    4
     TI Mask 1 :L0; matches     29 atoms
     TI Mask 2 :L1; matches     29 atoms
     TI region 1:    9956 atoms
     TI region 2:    9956 atoms
     SC Mask 1 :L0@S2, C10, C11, H6, N3, C12, H7, C13, H8, N4; matches     10 atoms
     SC Mask 2 :L1@O, C11, C10, H11, C12, H13, C13, H14, N3, H12; matches     10 atoms
 Noshake mask :L0, L1; matches      58 atoms.
| MONTE CARLO BAROSTAT IMPORTANT NOTE:
|   The Monte-Carlo barostat does not require the virial to adjust the system volume.
|   Since it is an expensive calculation, it is skipped for efficiency. A side-effect
|   is that the reported pressure is always 0 because it is not calculated.

--------------------------------------------------------------------------------
   3.  ATOMIC COORDINATES AND VELOCITIES
--------------------------------------------------------------------------------

default_name                                                                    
 begin time read from input coords =     0.000 ps

 
     Molecule     1 is partially softcore
     Molecule     2 is partially softcore
 Number of triangulated 3-point waters found:     3309
   Removing shake constraints from C13   L0    1 -- H8    L0    1
   Removing shake constraints from C12   L0    1 -- H7    L0    1
   Removing shake constraints from C11   L0    1 -- H6    L0    1
   Removing shake constraints from C7    L0    1 -- H4    L0    1
   Removing shake constraints from C7    L0    1 -- H5    L0    1
   Removing shake constraints from C4    L0    1 -- H3    L0    1
   Removing shake constraints from C3    L0    1 -- H2    L0    1
   Removing shake constraints from C2    L0    1 -- H1    L0    1
   Removing shake constraints from N3    L1    2 -- H12   L1    2
   Removing shake constraints from C13   L1    2 -- H14   L1    2
   Removing shake constraints from C12   L1    2 -- H13   L1    2
   Removing shake constraints from C10   L1    2 -- H11   L1    2
   Removing shake constraints from C7    L1    2 -- H4    L1    2
   Removing shake constraints from C7    L1    2 -- H5    L1    2
   Removing shake constraints from C4    L1    2 -- H3    L1    2
   Removing shake constraints from C3    L1    2 -- H2    L1    2
   Removing shake constraints from C2    L1    2 -- H1    L1    2
 Number of shake restraints removed in TI region  1 :        8
 Number of shake restraints removed in TI region  2 :        9

     Sum of charges for TI region  1 =   0.00200000
     Skip neutralizing charges...


     Sum of charges for TI region  2 =   0.00100000
     Skip neutralizing charges...

| Dynamic Memory, Types Used:
| Reals              653248
| Integers           420398

| Nonbonded Pairs Initial Allocation:     3020212

| GPU memory information (estimate):
| KB of GPU memory in use:     79398
| KB of CPU memory in use:     25158

--------------------------------------------------------------------------------
   4.  RESULTS
--------------------------------------------------------------------------------

   DOF for the SC part  1 of the system:   30
   DOF for the SC part  2 of the system:   30

| TI region  1


 NSTEP =        0   TIME(PS) =       0.000  TEMP(K) =     1.51  PRESS =     0.0
 Etot   =    -29219.2141  EKtot   =        29.8976  EPtot      =    -29249.1117
 BOND   =         0.2956  ANGLE   =         0.9370  DIHED      =         4.5705
 1-4 NB =         4.1828  1-4 EEL =        22.6533  VDWAALS    =      2065.4742
 EELEC  =    -31347.2252  EHBOND  =         0.0000  RESTRAINT  =         0.0000
 EKCMT  =         0.0000  VIRIAL  =         0.0000  VOLUME     =    129573.7139
                                                    Density    =         0.7686
 DV/DL  =         2.1503
 ------------------------------------------------------------------------------

  Softcore part of the system:      10 atoms,       TEMP(K)    =           2.47
 SC_Etot=        74.3421  SC_EKtot=         0.0737  SC_EPtot   =        74.2684
 SC_BOND=         3.2829  SC_ANGLE=         6.7770  SC_DIHED   =         2.5891
 SC_14NB=         5.0462  SC_14EEL=        53.3272  SC_VDW     =        -0.3642
 SC_EEL =         3.6101
 SC_RES_DIST=     0.0000  SC_RES_ANG=       0.0000  SC_RES_TORS=         0.0000
 SC_EEL_DER=     -3.6851  SC_VDW_DER=      -0.1192  SC_DERIV   =        -3.8042
 ------------------------------------------------------------------------------


| TI region  2


 NSTEP =        0   TIME(PS) =       0.000  TEMP(K) =     1.51  PRESS =     0.0
 Etot   =    -29219.2139  EKtot   =        29.8978  EPtot      =    -29249.1117
 BOND   =         0.2956  ANGLE   =         0.9370  DIHED      =         4.5705
 1-4 NB =         4.1828  1-4 EEL =        22.6533  VDWAALS    =      2065.4742
 EELEC  =    -31347.2252  EHBOND  =         0.0000  RESTRAINT  =         0.0000
 EKCMT  =         0.0000  VIRIAL  =         0.0000  VOLUME     =    129573.7139
                                                    Density    =         0.7682
 DV/DL  =         2.1503
 ------------------------------------------------------------------------------

  Softcore part of the system:      10 atoms,       TEMP(K)    =           2.61
 SC_Etot=        18.9123  SC_EKtot=         0.0779  SC_EPtot   =        18.8344
 SC_BOND=         1.4145  SC_ANGLE=        17.2028  SC_DIHED   =         7.1409
 SC_14NB=        -0.1789  SC_14EEL=        -2.9914  SC_VDW     =        -0.1073
 SC_EEL =        -3.6461
 SC_RES_DIST=     0.0000  SC_RES_ANG=       0.0000  SC_RES_TORS=         0.0000
 SC_EEL_DER=     -3.6851  SC_VDW_DER=      -0.1192  SC_DERIV   =        -3.8042
 ------------------------------------------------------------------------------


| TI region  1


 NSTEP =      500   TIME(PS) =       0.500  TEMP(K) =   300.40  PRESS =     0.0
 Etot   =    -24131.7681  EKtot   =      5950.4422  EPtot      =    -30082.2103
 BOND   =         6.1618  ANGLE   =         6.9638  DIHED      =         2.7808
 1-4 NB =         5.4537  1-4 EEL =        21.5721  VDWAALS    =      4953.2857
 EELEC  =    -35078.4283  EHBOND  =         0.0000  RESTRAINT  =         0.0000
 EKCMT  =         0.0000  VIRIAL  =         0.0000  VOLUME     =    127245.4965
                                                    Density    =         0.7826
 DV/DL  =         0.4864
 ------------------------------------------------------------------------------

  Softcore part of the system:      10 atoms,       TEMP(K)    =         230.61
 SC_Etot=        87.3801  SC_EKtot=         6.8739  SC_EPtot   =        80.5061
 SC_BOND=         5.4801  SC_ANGLE=        12.5107  SC_DIHED   =         1.5004
 SC_14NB=         4.6796  SC_14EEL=        53.0219  SC_VDW     =        -0.3396
 SC_EEL =         3.6530
 SC_RES_DIST=     0.0000  SC_RES_ANG=       0.0000  SC_RES_TORS=         0.0000
 SC_EEL_DER=     -3.2691  SC_VDW_DER=      -0.1111  SC_DERIV   =        -3.3802
 ------------------------------------------------------------------------------


| TI region  2


 NSTEP =      500   TIME(PS) =       0.500  TEMP(K) =   300.33  PRESS =     0.0
 Etot   =    -24133.2493  EKtot   =      5948.9610  EPtot      =    -30082.2103
 BOND   =         6.1618  ANGLE   =         6.9638  DIHED      =         2.7808
 1-4 NB =         5.4537  1-4 EEL =        21.5721  VDWAALS    =      4953.2857
 EELEC  =    -35078.4283  EHBOND  =         0.0000  RESTRAINT  =         0.0000
 EKCMT  =         0.0000  VIRIAL  =         0.0000  VOLUME     =    127245.4965
                                                    Density    =         0.7822
 DV/DL  =         0.4864
 ------------------------------------------------------------------------------

  Softcore part of the system:      10 atoms,       TEMP(K)    =         180.92
 SC_Etot=        23.8563  SC_EKtot=         5.3927  SC_EPtot   =        18.4636
 SC_BOND=         4.8710  SC_ANGLE=        16.9652  SC_DIHED   =         3.0419
 SC_14NB=        -0.1111  SC_14EEL=        -2.6330  SC_VDW     =        -0.0877
 SC_EEL =        -3.5827
 SC_RES_DIST=     0.0000  SC_RES_ANG=       0.0000  SC_RES_TORS=         0.0000
 SC_EEL_DER=     -3.2691  SC_VDW_DER=      -0.1111  SC_DERIV   =        -3.3802
 ------------------------------------------------------------------------------


| TI region  1


 NSTEP =     1000   TIME(PS) =       1.000  TEMP(K) =   307.83  PRESS =     0.0
 Etot   =    -23833.5608  EKtot   =      6097.6359  EPtot      =    -29931.1967
 BOND   =         4.0583  ANGLE   =         7.9605  DIHED      =         4.3867
 1-4 NB =         4.3267  1-4 EEL =        22.5716  VDWAALS    =      4428.4349
 EELEC  =    -34402.9354  EHBOND  =         0.0000  RESTRAINT  =         0.0000
 EKCMT  =         0.0000  VIRIAL  =         0.0000  VOLUME     =    126670.8406
                                                    Density    =         0.7862
 DV/DL  =        -7.1935
 ------------------------------------------------------------------------------

  Softcore part of the system:      10 atoms,       TEMP(K)    =         405.60
 SC_Etot=        88.7798  SC_EKtot=        12.0900  SC_EPtot   =        76.6898
 SC_BOND=         3.0335  SC_ANGLE=         6.1193  SC_DIHED   =         3.9201
 SC_14NB=         5.9832  SC_14EEL=        54.3067  SC_VDW     =        -0.3529
 SC_EEL =         3.6799
 SC_RES_DIST=     0.0000  SC_RES_ANG=       0.0000  SC_RES_TORS=         0.0000
 SC_EEL_DER=     -5.7141  SC_VDW_DER=       0.7182  SC_DERIV   =        -4.9958
 ------------------------------------------------------------------------------


| TI region  2


 NSTEP =     1000   TIME(PS) =       1.000  TEMP(K) =   307.72  PRESS =     0.0
 Etot   =    -23835.7953  EKtot   =      6095.4015  EPtot      =    -29931.1967
 BOND   =         4.0583  ANGLE   =         7.9605  DIHED      =         4.3867
 1-4 NB =         4.3267  1-4 EEL =        22.5716  VDWAALS    =      4428.4349
 EELEC  =    -34402.9354  EHBOND  =         0.0000  RESTRAINT  =         0.0000
 EKCMT  =         0.0000  VIRIAL  =         0.0000  VOLUME     =    126670.8406
                                                    Density    =         0.7858
 DV/DL  =        -7.1935
 ------------------------------------------------------------------------------

  Softcore part of the system:      10 atoms,       TEMP(K)    =         330.63
 SC_Etot=        34.2138  SC_EKtot=         9.8555  SC_EPtot   =        24.3583
 SC_BOND=         8.4444  SC_ANGLE=        15.8786  SC_DIHED   =         6.8283
 SC_14NB=        -0.1621  SC_14EEL=        -2.9838  SC_VDW     =        -0.0947
 SC_EEL =        -3.5524
 SC_RES_DIST=     0.0000  SC_RES_ANG=       0.0000  SC_RES_TORS=         0.0000
 SC_EEL_DER=     -5.7141  SC_VDW_DER=       0.7182  SC_DERIV   =        -4.9958
 ------------------------------------------------------------------------------


| TI region  1


 NSTEP =     1500   TIME(PS) =       1.500  TEMP(K) =   310.43  PRESS =     0.0
 Etot   =    -23565.7293  EKtot   =      6149.1673  EPtot      =    -29714.8966
 BOND   =         5.7162  ANGLE   =         6.9366  DIHED      =         6.0176
 1-4 NB =         4.4441  1-4 EEL =        21.1101  VDWAALS    =      4238.5052
 EELEC  =    -33997.6265  EHBOND  =         0.0000  RESTRAINT  =         0.0000
 EKCMT  =         0.0000  VIRIAL  =         0.0000  VOLUME     =    126670.8406
                                                    Density    =         0.7862
 DV/DL  =       -12.5785
 ------------------------------------------------------------------------------

  Softcore part of the system:      10 atoms,       TEMP(K)    =         424.85
 SC_Etot=        99.0544  SC_EKtot=        12.6639  SC_EPtot   =        86.3905
 SC_BOND=         1.6235  SC_ANGLE=        10.6737  SC_DIHED   =        12.1553
 SC_14NB=         4.8524  SC_14EEL=        53.8102  SC_VDW     =        -0.3485
 SC_EEL =         3.6239
 SC_RES_DIST=     0.0000  SC_RES_ANG=       0.0000  SC_RES_TORS=         0.0000
 SC_EEL_DER=    -11.0350  SC_VDW_DER=       0.8135  SC_DERIV   =       -10.2215
 ------------------------------------------------------------------------------


| TI region  2


 NSTEP =     1500   TIME(PS) =       1.500  TEMP(K) =   310.19  PRESS =     0.0
 Etot   =    -23570.5745  EKtot   =      6144.3221  EPtot      =    -29714.8966
 BOND   =         5.7162  ANGLE   =         6.9366  DIHED      =         6.0176
 1-4 NB =         4.4441  1-4 EEL =        21.1101  VDWAALS    =      4238.5052
 EELEC  =    -33997.6265  EHBOND  =         0.0000  RESTRAINT  =         0.0000
 EKCMT  =         0.0000  VIRIAL  =         0.0000  VOLUME     =    126670.8406
                                                    Density    =         0.7858
 DV/DL  =       -12.5785
 ------------------------------------------------------------------------------

  Softcore part of the system:      10 atoms,       TEMP(K)    =         262.31
 SC_Etot=        26.1833  SC_EKtot=         7.8188  SC_EPtot   =        18.3645
 SC_BOND=         5.6010  SC_ANGLE=        15.9400  SC_DIHED   =         3.1200
 SC_14NB=        -0.1310  SC_14EEL=        -2.7745  SC_VDW     =        -0.1067
 SC_EEL =        -3.2842
 SC_RES_DIST=     0.0000  SC_RES_ANG=       0.0000  SC_RES_TORS=         0.0000
 SC_EEL_DER=    -11.0350  SC_VDW_DER=       0.8135  SC_DERIV   =       -10.2215
 ------------------------------------------------------------------------------


| TI region  1


 NSTEP =     2000   TIME(PS) =       2.000  TEMP(K) =   314.94  PRESS =     0.0
 Etot   =    -23629.1651  EKtot   =      6238.4581  EPtot      =    -29867.6231
 BOND   =         7.5520  ANGLE   =         8.5028  DIHED      =         4.5694
 1-4 NB =         3.5873  1-4 EEL =        21.4250  VDWAALS    =      4333.2008
 EELEC  =    -34246.4605  EHBOND  =         0.0000  RESTRAINT  =         0.0000
 EKCMT  =         0.0000  VIRIAL  =         0.0000  VOLUME     =    124827.8159
                                                    Density    =         0.7978
 DV/DL  =        -8.8474
 ------------------------------------------------------------------------------

  Softcore part of the system:      10 atoms,       TEMP(K)    =         328.66
 SC_Etot=        90.8275  SC_EKtot=         9.7965  SC_EPtot   =        81.0310
 SC_BOND=         7.6179  SC_ANGLE=         9.2891  SC_DIHED   =         4.2503
 SC_14NB=         3.6932  SC_14EEL=        52.9311  SC_VDW     =        -0.3279
 SC_EEL =         3.5773
 SC_RES_DIST=     0.0000  SC_RES_ANG=       0.0000  SC_RES_TORS=         0.0000
 SC_EEL_DER=    -32.3895  SC_VDW_DER=      24.0661  SC_DERIV   =        -8.3235
 ------------------------------------------------------------------------------


| TI region  2


 NSTEP =     2000   TIME(PS) =       2.000  TEMP(K) =   314.77  PRESS =     0.0
 Etot   =    -23632.4626  EKtot   =      6235.1605  EPtot      =    -29867.6231
 BOND   =         7.5520  ANGLE   =         8.5028  DIHED      =         4.5694
 1-4 NB =         3.5873  1-4 EEL =        21.4250  VDWAALS    =      4333.2008
 EELEC  =    -34246.4605  EHBOND  =         0.0000  RESTRAINT  =         0.0000
 EKCMT  =         0.0000  VIRIAL  =         0.0000  VOLUME     =    124827.8159
                                                    Density    =         0.7974
 DV/DL  =        -8.8474
 ------------------------------------------------------------------------------

  Softcore part of the system:      10 atoms,       TEMP(K)    =         218.03
 SC_Etot=        27.8821  SC_EKtot=         6.4990  SC_EPtot   =        21.3831
 SC_BOND=         4.7943  SC_ANGLE=        16.1406  SC_DIHED   =         6.8190
 SC_14NB=        -0.1085  SC_14EEL=        -2.9199  SC_VDW     =        -0.1078
 SC_EEL =        -3.2346
 SC_RES_DIST=     0.0000  SC_RES_ANG=       0.0000  SC_RES_TORS=         0.0000
 SC_EEL_DER=    -32.3895  SC_VDW_DER=      24.0661  SC_DERIV   =        -8.3235
 ------------------------------------------------------------------------------


| TI region  1


 NSTEP =     2500   TIME(PS) =       2.500  TEMP(K) =   313.92  PRESS =     0.0
 Etot   =    -23622.6260  EKtot   =      6218.1750  EPtot      =    -29840.8010
 BOND   =         6.7318  ANGLE   =         3.8649  DIHED      =         7.9019
 1-4 NB =         3.7610  1-4 EEL =        21.0096  VDWAALS    =      4617.4003
 EELEC  =    -34501.4704  EHBOND  =         0.0000  RESTRAINT  =         0.0000
 EKCMT  =         0.0000  VIRIAL  =         0.0000  VOLUME     =    122605.8224
                                                    Density    =         0.8122
 DV/DL  =       -11.4646
 ------------------------------------------------------------------------------

  Softcore part of the system:      10 atoms,       TEMP(K)    =         347.09
 SC_Etot=        94.5084  SC_EKtot=        10.3459  SC_EPtot   =        84.1625
 SC_BOND=         5.1733  SC_ANGLE=        12.4216  SC_DIHED   =         5.0354
 SC_14NB=         5.2300  SC_14EEL=        52.9972  SC_VDW     =        -0.3461
 SC_EEL =         3.6511
 SC_RES_DIST=     0.0000  SC_RES_ANG=       0.0000  SC_RES_TORS=         0.0000
 SC_EEL_DER=    -13.3984  SC_VDW_DER=       1.2848  SC_DERIV   =       -12.1136
 ------------------------------------------------------------------------------


| TI region  2


 NSTEP =     2500   TIME(PS) =       2.500  TEMP(K) =   314.02  PRESS =     0.0
 Etot   =    -23620.6043  EKtot   =      6220.1968  EPtot      =    -29840.8010
 BOND   =         6.7318  ANGLE   =         3.8649  DIHED      =         7.9019
 1-4 NB =         3.7610  1-4 EEL =        21.0096  VDWAALS    =      4617.4003
 EELEC  =    -34501.4704  EHBOND  =         0.0000  RESTRAINT  =         0.0000
 EKCMT  =         0.0000  VIRIAL  =         0.0000  VOLUME     =    122605.8224
                                                    Density    =         0.8118
 DV/DL  =       -11.4646
 ------------------------------------------------------------------------------

  Softcore part of the system:      10 atoms,       TEMP(K)    =         414.91
 SC_Etot=        33.6516  SC_EKtot=        12.3676  SC_EPtot   =        21.2839
 SC_BOND=         7.4684  SC_ANGLE=        14.9644  SC_DIHED   =         5.3176
 SC_14NB=        -0.1738  SC_14EEL=        -2.9851  SC_VDW     =        -0.1021
 SC_EEL =        -3.2054
 SC_RES_DIST=     0.0000  SC_RES_ANG=       0.0000  SC_RES_TORS=         0.0000
 SC_EEL_DER=    -13.3984  SC_VDW_DER=       1.2848  SC_DERIV   =       -12.1136
 ------------------------------------------------------------------------------


| TI region  1


 NSTEP =     3000   TIME(PS) =       3.000  TEMP(K) =   310.32  PRESS =     0.0
 Etot   =    -23992.0199  EKtot   =      6146.8366  EPtot      =    -30138.8564
 BOND   =         5.1594  ANGLE   =         5.2858  DIHED      =         4.9244
 1-4 NB =         3.5275  1-4 EEL =        20.8470  VDWAALS    =      4371.2813
 EELEC  =    -34549.8818  EHBOND  =         0.0000  RESTRAINT  =         0.0000
 EKCMT  =         0.0000  VIRIAL  =         0.0000  VOLUME     =    121286.1394
                                                    Density    =         0.8211
 DV/DL  =       -17.7452
 ------------------------------------------------------------------------------

  Softcore part of the system:      10 atoms,       TEMP(K)    =         301.98
 SC_Etot=        92.1867  SC_EKtot=         9.0014  SC_EPtot   =        83.1853
 SC_BOND=         7.2448  SC_ANGLE=         6.9698  SC_DIHED   =         7.3196
 SC_14NB=         5.1092  SC_14EEL=        53.3116  SC_VDW     =        -0.3622
 SC_EEL =         3.5924
 SC_RES_DIST=     0.0000  SC_RES_ANG=       0.0000  SC_RES_TORS=         0.0000
 SC_EEL_DER=    -18.3683  SC_VDW_DER=       4.2433  SC_DERIV   =       -14.1250
 ------------------------------------------------------------------------------


| TI region  2


 NSTEP =     3000   TIME(PS) =       3.000  TEMP(K) =   310.36  PRESS =     0.0
 Etot   =    -23991.1648  EKtot   =      6147.6916  EPtot      =    -30138.8564
 BOND   =         5.1594  ANGLE   =         5.2858  DIHED      =         4.9244
 1-4 NB =         3.5275  1-4 EEL =        20.8470  VDWAALS    =      4371.2813
 EELEC  =    -34549.8818  EHBOND  =         0.0000  RESTRAINT  =         0.0000
 EKCMT  =         0.0000  VIRIAL  =         0.0000  VOLUME     =    121286.1394
                                                    Density    =         0.8207
 DV/DL  =       -17.7452
 ------------------------------------------------------------------------------

  Softcore part of the system:      10 atoms,       TEMP(K)    =         330.67
 SC_Etot=        34.8163  SC_EKtot=         9.8565  SC_EPtot   =        24.9598
 SC_BOND=         3.7225  SC_ANGLE=        21.2170  SC_DIHED   =         6.2427
 SC_14NB=        -0.1436  SC_14EEL=        -2.7556  SC_VDW     =        -0.1142
 SC_EEL =        -3.2091
 SC_RES_DIST=     0.0000  SC_RES_ANG=       0.0000  SC_RES_TORS=         0.0000
 SC_EEL_DER=    -18.3683  SC_VDW_DER=       4.2433  SC_DERIV   =       -14.1250
 ------------------------------------------------------------------------------


| TI region  1


 NSTEP =     3500   TIME(PS) =       3.500  TEMP(K) =   313.58  PRESS =     0.0
 Etot   =    -24057.6878  EKtot   =      6211.5910  EPtot      =    -30269.2787
 BOND   =         3.3205  ANGLE   =         6.8681  DIHED      =         4.3594
 1-4 NB =         3.3837  1-4 EEL =        21.7031  VDWAALS    =      4827.6441
 EELEC  =    -35136.5577  EHBOND  =         0.0000  RESTRAINT  =         0.0000
 EKCMT  =         0.0000  VIRIAL  =         0.0000  VOLUME     =    119839.9367
                                                    Density    =         0.8310
 DV/DL  =       -19.1156
 ------------------------------------------------------------------------------

  Softcore part of the system:      10 atoms,       TEMP(K)    =         381.64
 SC_Etot=        95.4835  SC_EKtot=        11.3759  SC_EPtot   =        84.1076
 SC_BOND=         9.9580  SC_ANGLE=         7.0359  SC_DIHED   =         6.2539
 SC_14NB=         4.0068  SC_14EEL=        53.5697  SC_VDW     =        -0.3345
 SC_EEL =         3.6177
 SC_RES_DIST=     0.0000  SC_RES_ANG=       0.0000  SC_RES_TORS=         0.0000
 SC_EEL_DER=    -21.7469  SC_VDW_DER=       7.0992  SC_DERIV   =       -14.6477
 ------------------------------------------------------------------------------


| TI region  2


 NSTEP =     3500   TIME(PS) =       3.500  TEMP(K) =   313.52  PRESS =     0.0
 Etot   =    -24058.9074  EKtot   =      6210.3713  EPtot      =    -30269.2787
 BOND   =         3.3205  ANGLE   =         6.8681  DIHED      =         4.3594
 1-4 NB =         3.3837  1-4 EEL =        21.7031  VDWAALS    =      4827.6441
 EELEC  =    -35136.5577  EHBOND  =         0.0000  RESTRAINT  =         0.0000
 EKCMT  =         0.0000  VIRIAL  =         0.0000  VOLUME     =    119839.9367
                                                    Density    =         0.8306
 DV/DL  =       -19.1156
 ------------------------------------------------------------------------------

  Softcore part of the system:      10 atoms,       TEMP(K)    =         340.72
 SC_Etot=        32.2275  SC_EKtot=        10.1562  SC_EPtot   =        22.0713
 SC_BOND=         4.1454  SC_ANGLE=        21.2162  SC_DIHED   =         3.5701
 SC_14NB=        -0.0065  SC_14EEL=        -2.7143  SC_VDW     =        -0.0336
 SC_EEL =        -4.1059
 SC_RES_DIST=     0.0000  SC_RES_ANG=       0.0000  SC_RES_TORS=         0.0000
 SC_EEL_DER=    -21.7469  SC_VDW_DER=       7.0992  SC_DERIV   =       -14.6477
 ------------------------------------------------------------------------------


| TI region  1


 NSTEP =     4000   TIME(PS) =       4.000  TEMP(K) =   316.34  PRESS =     0.0
 Etot   =    -24006.2547  EKtot   =      6266.0763  EPtot      =    -30272.3309
 BOND   =         8.6836  ANGLE   =         4.1475  DIHED      =         4.3232
 1-4 NB =         4.0885  1-4 EEL =        22.2147  VDWAALS    =      4550.1361
 EELEC  =    -34865.9245  EHBOND  =         0.0000  RESTRAINT  =         0.0000
 EKCMT  =         0.0000  VIRIAL  =         0.0000  VOLUME     =    117818.7301
                                                    Density    =         0.8452
 DV/DL  =       -14.8468
 ------------------------------------------------------------------------------

  Softcore part of the system:      10 atoms,       TEMP(K)    =         418.79
 SC_Etot=        97.7865  SC_EKtot=        12.4833  SC_EPtot   =        85.3032
 SC_BOND=        10.8287  SC_ANGLE=         9.5337  SC_DIHED   =         3.9527
 SC_14NB=         4.3810  SC_14EEL=        53.3355  SC_VDW     =        -0.3411
 SC_EEL =         3.6126
 SC_RES_DIST=     0.0000  SC_RES_ANG=       0.0000  SC_RES_TORS=         0.0000
 SC_EEL_DER=    -24.0016  SC_VDW_DER=       9.1080  SC_DERIV   =       -14.8936
 ------------------------------------------------------------------------------


| TI region  2


 NSTEP =     4000   TIME(PS) =       4.000  TEMP(K) =   316.11  PRESS =     0.0
 Etot   =    -24010.6697  EKtot   =      6261.6613  EPtot      =    -30272.3309
 BOND   =         8.6836  ANGLE   =         4.1475  DIHED      =         4.3232
 1-4 NB =         4.0885  1-4 EEL =        22.2147  VDWAALS    =      4550.1361
 EELEC  =    -34865.9245  EHBOND  =         0.0000  RESTRAINT  =         0.0000
 EKCMT  =         0.0000  VIRIAL  =         0.0000  VOLUME     =    117818.7301
                                                    Density    =         0.8448
 DV/DL  =       -14.8468
 ------------------------------------------------------------------------------

  Softcore part of the system:      10 atoms,       TEMP(K)    =         270.68
 SC_Etot=        28.9031  SC_EKtot=         8.0683  SC_EPtot   =        20.8348
 SC_BOND=         6.0115  SC_ANGLE=        18.9083  SC_DIHED   =         2.7637
 SC_14NB=         0.1711  SC_14EEL=        -2.7914  SC_VDW     =         0.1650
 SC_EEL =        -4.3934
 SC_RES_DIST=     0.0000  SC_RES_ANG=       0.0000  SC_RES_TORS=         0.0000
 SC_EEL_DER=    -24.0016  SC_VDW_DER=       9.1080  SC_DERIV   =       -14.8936
 ------------------------------------------------------------------------------


| TI region  1


 NSTEP =     4500   TIME(PS) =       4.500  TEMP(K) =   310.00  PRESS =     0.0
 Etot   =    -24156.5765  EKtot   =      6140.5828  EPtot      =    -30297.1593
 BOND   =         9.4448  ANGLE   =         6.5322  DIHED      =         3.7634
 1-4 NB =         3.4894  1-4 EEL =        21.3046  VDWAALS    =      4437.0020
 EELEC  =    -34778.6958  EHBOND  =         0.0000  RESTRAINT  =         0.0000
 EKCMT  =         0.0000  VIRIAL  =         0.0000  VOLUME     =    117818.7301
                                                    Density    =         0.8452
 DV/DL  =       -27.5484
 ------------------------------------------------------------------------------

  Softcore part of the system:      10 atoms,       TEMP(K)    =         199.56
 SC_Etot=        94.5660  SC_EKtot=         5.9484  SC_EPtot   =        88.6176
 SC_BOND=        10.7992  SC_ANGLE=         9.7609  SC_DIHED   =         5.9479
 SC_14NB=         5.9933  SC_14EEL=        52.8901  SC_VDW     =        -0.3802
 SC_EEL =         3.6064
 SC_RES_DIST=     0.0000  SC_RES_ANG=       0.0000  SC_RES_TORS=         0.0000
 SC_EEL_DER=    -30.4865  SC_VDW_DER=       6.8787  SC_DERIV   =       -23.6078
 ------------------------------------------------------------------------------


| TI region  2


 NSTEP =     4500   TIME(PS) =       4.500  TEMP(K) =   310.29  PRESS =     0.0
 Etot   =    -24150.8743  EKtot   =      6146.2850  EPtot      =    -30297.1593
 BOND   =         9.4448  ANGLE   =         6.5322  DIHED      =         3.7634
 1-4 NB =         3.4894  1-4 EEL =        21.3046  VDWAALS    =      4437.0020
 EELEC  =    -34778.6958  EHBOND  =         0.0000  RESTRAINT  =         0.0000
 EKCMT  =         0.0000  VIRIAL  =         0.0000  VOLUME     =    117818.7301
                                                    Density    =         0.8448
 DV/DL  =       -27.5484
 ------------------------------------------------------------------------------

  Softcore part of the system:      10 atoms,       TEMP(K)    =         390.86
 SC_Etot=        28.0989  SC_EKtot=        11.6506  SC_EPtot   =        16.4483
 SC_BOND=         4.1419  SC_ANGLE=        16.6117  SC_DIHED   =         2.5665
 SC_14NB=        -0.0462  SC_14EEL=        -2.7977  SC_VDW     =        -0.0631
 SC_EEL =        -3.9647
 SC_RES_DIST=     0.0000  SC_RES_ANG=       0.0000  SC_RES_TORS=         0.0000
 SC_EEL_DER=    -30.4865  SC_VDW_DER=       6.8787  SC_DERIV   =       -23.6078
 ------------------------------------------------------------------------------


| TI region  1


 NSTEP =     5000   TIME(PS) =       5.000  TEMP(K) =   308.95  PRESS =     0.0
 Etot   =    -24368.3493  EKtot   =      6119.7377  EPtot      =    -30488.0870
 BOND   =         5.8217  ANGLE   =         8.0406  DIHED      =         4.8935
 1-4 NB =         3.6246  1-4 EEL =        22.1556  VDWAALS    =      4770.6462
 EELEC  =    -35303.2692  EHBOND  =         0.0000  RESTRAINT  =         0.0000
 EKCMT  =         0.0000  VIRIAL  =         0.0000  VOLUME     =    115541.7307
                                                    Density    =         0.8619
 DV/DL  =       -11.0940
 ------------------------------------------------------------------------------

  Softcore part of the system:      10 atoms,       TEMP(K)    =         360.79
 SC_Etot=        92.1732  SC_EKtot=        10.7544  SC_EPtot   =        81.4188
 SC_BOND=         7.0421  SC_ANGLE=         7.6903  SC_DIHED   =         4.8844
 SC_14NB=         5.2569  SC_14EEL=        53.2452  SC_VDW     =        -0.3693
 SC_EEL =         3.6693
 SC_RES_DIST=     0.0000  SC_RES_ANG=       0.0000  SC_RES_TORS=         0.0000
 SC_EEL_DER=    -28.6404  SC_VDW_DER=      19.5445  SC_DERIV   =        -9.0959
 ------------------------------------------------------------------------------


| TI region  2


 NSTEP =     5000   TIME(PS) =       5.000  TEMP(K) =   309.06  PRESS =     0.0
 Etot   =    -24366.1046  EKtot   =      6121.9824  EPtot      =    -30488.0870
 BOND   =         5.8217  ANGLE   =         8.0406  DIHED      =         4.8935
 1-4 NB =         3.6246  1-4 EEL =        22.1556  VDWAALS    =      4770.6462
 EELEC  =    -35303.2692  EHBOND  =         0.0000  RESTRAINT  =         0.0000
 EKCMT  =         0.0000  VIRIAL  =         0.0000  VOLUME     =    115541.7307
                                                    Density    =         0.8615
 DV/DL  =       -11.0940
 ------------------------------------------------------------------------------

  Softcore part of the system:      10 atoms,       TEMP(K)    =         436.10
 SC_Etot=        30.0978  SC_EKtot=        12.9991  SC_EPtot   =        17.0987
 SC_BOND=         3.0372  SC_ANGLE=        17.1846  SC_DIHED   =         3.5406
 SC_14NB=        -0.1242  SC_14EEL=        -2.9493  SC_VDW     =        -0.0874
 SC_EEL =        -3.5029
 SC_RES_DIST=     0.0000  SC_RES_ANG=       0.0000  SC_RES_TORS=         0.0000
 SC_EEL_DER=    -28.6404  SC_VDW_DER=      19.5445  SC_DERIV   =        -9.0959
 ------------------------------------------------------------------------------


| TI region  1


      A V E R A G E S   O V E R      10 S T E P S


 NSTEP =     5000   TIME(PS) =       5.000  TEMP(K) =   310.67  PRESS =     0.0
 Etot   =    -23936.3737  EKtot   =      6153.8703  EPtot      =    -30090.2440
 BOND   =         6.2650  ANGLE   =         6.5103  DIHED      =         4.7920
 1-4 NB =         3.9686  1-4 EEL =        21.5914  VDWAALS    =      4552.7537
 EELEC  =    -34686.1250  EHBOND  =         0.0000  RESTRAINT  =         0.0000
 EKCMT  =         0.0000  VIRIAL  =         0.0000  VOLUME     =    122032.6083
                                                    Density    =         0.8169
 DV/DL  =       -12.9948
 ------------------------------------------------------------------------------

  Softcore part of the system:      10 atoms,       TEMP(K)    =         339.96
 SC_Etot=        93.2746  SC_EKtot=        10.1334  SC_EPtot   =        83.1412
 SC_BOND=         6.8801  SC_ANGLE=         9.2005  SC_DIHED   =         5.5220
 SC_14NB=         4.9185  SC_14EEL=        53.3419  SC_VDW     =        -0.3502
 SC_EEL =         3.6284
 SC_RES_DIST=     0.0000  SC_RES_ANG=       0.0000  SC_RES_TORS=         0.0000
 SC_EEL_DER=    -18.9050  SC_VDW_DER=       7.3645  SC_DERIV   =       -11.5404
 ------------------------------------------------------------------------------


      R M S  F L U C T U A T I O N S


 NSTEP =     5000   TIME(PS) =       5.000  TEMP(K) =     4.32  PRESS =     0.0
 Etot   =       252.3352  EKtot   =        85.5398  EPtot      =       233.8147
 BOND   =         1.8195  ANGLE   =         1.5170  DIHED      =         1.3010
 1-4 NB =         0.6039  1-4 EEL =         0.5399  VDWAALS    =       222.7993
 EELEC  =       397.3344  EHBOND  =         0.0000  RESTRAINT  =         0.0000
 EKCMT  =         0.0000  VIRIAL  =         0.0000  VOLUME     =      4016.8696
                                                    Density    =         0.0270
 DV/DL  =         7.1693
 ------------------------------------------------------------------------------

  Softcore part of the system:      10 atoms,       TEMP(K)    =          72.93
 SC_Etot=         3.5379  SC_EKtot=         2.1740  SC_EPtot   =         3.2122
 SC_BOND=         2.9737  SC_ANGLE=         2.1301  SC_DIHED   =         2.6723
 SC_14NB=         0.7225  SC_14EEL=         0.4250  SC_VDW     =         0.0154
 SC_EEL =         0.0320
 SC_RES_DIST=     0.0000  SC_RES_ANG=       0.0000  SC_RES_TORS=         0.0000
 SC_EEL_DER=      9.7766  SC_VDW_DER=       7.8760  SC_DERIV   =         5.4865
 ------------------------------------------------------------------------------


| TI region  2


      A V E R A G E S   O V E R      10 S T E P S


 NSTEP =     5000   TIME(PS) =       5.000  TEMP(K) =   310.64  PRESS =     0.0
 Etot   =    -23937.0407  EKtot   =      6153.2034  EPtot      =    -30090.2440
 BOND   =         6.2650  ANGLE   =         6.5103  DIHED      =         4.7920
 1-4 NB =         3.9686  1-4 EEL =        21.5914  VDWAALS    =      4552.7537
 EELEC  =    -34686.1250  EHBOND  =         0.0000  RESTRAINT  =         0.0000
 EKCMT  =         0.0000  VIRIAL  =         0.0000  VOLUME     =    122032.6083
                                                    Density    =         0.8165
 DV/DL  =       -12.9948
 ------------------------------------------------------------------------------

  Softcore part of the system:      10 atoms,       TEMP(K)    =         317.58
 SC_Etot=        29.9931  SC_EKtot=         9.4664  SC_EPtot   =        20.5266
 SC_BOND=         5.2238  SC_ANGLE=        17.5027  SC_DIHED   =         4.3810
 SC_14NB=        -0.0836  SC_14EEL=        -2.8305  SC_VDW     =        -0.0632
 SC_EEL =        -3.6035
 SC_RES_DIST=     0.0000  SC_RES_ANG=       0.0000  SC_RES_TORS=         0.0000
 SC_EEL_DER=    -18.9050  SC_VDW_DER=       7.3645  SC_DERIV   =       -11.5404
 ------------------------------------------------------------------------------


      R M S  F L U C T U A T I O N S


 NSTEP =     5000   TIME(PS) =       5.000  TEMP(K) =     4.30  PRESS =     0.0
 Etot   =       250.7924  EKtot   =        85.1024  EPtot      =       233.8147
 BOND   =         1.8195  ANGLE   =         1.5170  DIHED      =         1.3010
 1-4 NB =         0.6039  1-4 EEL =         0.5399  VDWAALS    =       222.7993
 EELEC  =       397.3344  EHBOND  =         0.0000  RESTRAINT  =         0.0000
 EKCMT  =         0.0000  VIRIAL  =         0.0000  VOLUME     =      4016.8696
                                                    Density    =         0.0270
 DV/DL  =         7.1693
 ------------------------------------------------------------------------------

  Softcore part of the system:      10 atoms,       TEMP(K)    =          79.76
 SC_Etot=         3.4767  SC_EKtot=         2.3773  SC_EPtot   =         2.7466
 SC_BOND=         1.6078  SC_ANGLE=         2.1006  SC_DIHED   =         1.6411
 SC_14NB=         0.0977  SC_14EEL=         0.1155  SC_VDW     =         0.0794
 SC_EEL =         0.3965
 SC_RES_DIST=     0.0000  SC_RES_ANG=       0.0000  SC_RES_TORS=         0.0000
 SC_EEL_DER=      9.7766  SC_VDW_DER=       7.8760  SC_DERIV   =         5.4865
 ------------------------------------------------------------------------------


      DV/DL, AVERAGES OVER      10 STEPS


 NSTEP =     5000   TIME(PS) =       5.000  TEMP(K) =     4.30  PRESS =     0.0
 Etot   =         0.0000  EKtot   =         0.0000  EPtot      =         0.0000
 BOND   =         0.0000  ANGLE   =         0.0000  DIHED      =        -0.0011
 1-4 NB =        -0.6712  1-4 EEL =        17.0814  VDWAALS    =         3.2706
 EELEC  =       -21.1341  EHBOND  =         0.0000  RESTRAINT  =         0.0000
 EKCMT  =         0.0000  VIRIAL  =         0.0000  VOLUME     =         0.0000
                                                    Density    =         0.0000
 ------------------------------------------------------------------------------

| MC Barostat:         50 volume changes attempted.
| MC Barostat:         25 changes successful ( 50.00%)
 ------------------------------------------------------------------------------

--------------------------------------------------------------------------------
   5.  TIMINGS
--------------------------------------------------------------------------------

|  NonSetup CPU Time in Major Routines:
|
|     Routine           Sec        %
|     ------------------------------
|     Nonbond           0.90   35.26
|     Bond              0.00    0.00
|     Angle             0.00    0.00
|     Dihedral          0.00    0.00
|     Shake             0.03    0.99
|     RunMD             1.58   61.97
|     Other             0.05    1.78
|     ------------------------------
|     Total             2.55

|  PME Nonbond Pairlist CPU Time:
|
|     Routine              Sec        %
|     ---------------------------------
|     Set Up Cit           0.00    0.00
|     Build List           0.00    0.00
|     ---------------------------------
|     Total                0.00    0.00

|  PME Direct Force CPU Time:
|
|     Routine              Sec        %
|     ---------------------------------
|     NonBonded Calc       0.00    0.00
|     Exclude Masked       0.00    0.00
|     Other                0.01    0.38
|     ---------------------------------
|     Total                0.01    0.38

|  PME Reciprocal Force CPU Time:
|
|     Routine              Sec        %
|     ---------------------------------
|     1D bspline           0.00    0.00
|     Grid Charges         0.00    0.00
|     Scalar Sum           0.00    0.00
|     Gradient Sum         0.00    0.00
|     FFT                  0.00    0.00
|     ---------------------------------
|     Total                0.00    0.00

|  Final Performance Info:
|     -----------------------------------------------------
|     Average timings for last    5000 steps:
|     Elapsed(s) =       2.58 Per Step(ms) =       0.52
|         ns/day =     167.57   seconds/ns =     515.59
|
|     Average timings for all steps:
|     Elapsed(s) =       2.58 Per Step(ms) =       0.52
|         ns/day =     167.57   seconds/ns =     515.59
|     -----------------------------------------------------

|  Setup CPU time:            1.09 seconds
|  NonSetup CPU time:         2.55 seconds
|  Total CPU time:            3.65 seconds     0.00 hours

|  Setup wall time:           1    seconds
|  NonSetup wall time:        2    seconds
|  Total wall time:           3    seconds     0.00 hours
