
          -------------------------------------------------------
          Amber 20 PMEMD                              2020
          -------------------------------------------------------

| PMEMD implementation of SANDER, Release 18

|  Compiled date/time: Mon Apr 27 18:19:54 2020
| Run on 01/25/2022 at 16:26:08

|   Executable path: /cm/shared/apps/amber20/bin/pmemd.cuda
| Working directory: /data/bella/piezo/charmm-gui-4149384590/TI/1-dooku/ligand/concerted/t04/0.2063
|          Hostname: node002

  [-O]verwriting output

File Assignments:
|   MDIN: ti001.eq.in                                                           
|  MDOUT: ti001.eq.out                                                          
| INPCRD: ti001.min.rst7                                                        
|   PARM: ../concerted.parm7                                                    
| RESTRT: ti001.eq.rst7                                                         
|   REFC: refc                                                                  
|  MDVEL: mdvel                                                                 
|   MDEN: ti001.eq.en                                                           
|  MDCRD: ti001.eq.nc                                                           
| MDINFO: ti001.eq.info                                                         
|  MDFRC: mdfrc                                                                 


 Here is the input file:

Heating                                                                        
 &cntrl                                                                        
                                                                               
! simulation                                                                   
imin = 0,                 ! flag to run minization (0=false)                   
ntmin = 2,                ! mini algorithm. 2=steepest                         
nstlim = 5000,            ! number of MD steps                                 
irest = 0,                ! flag to restart simulation                         
ntx = 1,                  ! option to read from inpcrd file                    
ntxo = 1,                 ! read/write rst as formatted file                   
dt = 0.001,               ! timestep (1fs)                                     
ntb = 2,              ! specify PBC type                                       
                                                                               
! thermostate                                                                  
ntt = 3,                  ! switch for time scaling (3=Langevin)               
tempi = 1.0,                                                                   
temp0 = 310,            ! reference temperature (if ntt>0)                     
gamma_ln = 5.0,           ! collision frequency for ntt=3                      
ig = -1,                  ! seed for Random Number Generator (RNG) (use -1 with
! barostate                                                                    
ntp = 1,                  ! constant pressure dynamics (1=do scaling)          
barostat = 2,             ! barostat to use (2=Monte Carlo)                    
mcbarint = 100,           ! volume change attempt every n steps                
pres0 = 1.01325,          ! referenve pressure (in bars)                       
taup = 2.0,               ! pressure relation time (in ps)                     
                                                                               
! output                                                                       
ioutfm = 1,               ! film fromat (1=binary NetCDF)                      
iwrap = 0,                ! wrap coordination into primary box (1=do)          
ntwe = 1000,              ! write to .mden every n steps                       
ntwx = 1000,              ! write to .mdcrd every n steps                      
ntpr = 500,               ! write energies to .mdout/.mdinfo every n steps     
ntwr = 1000,              ! write rstrt file every n steps                     
                                                                               
! alchemical free energy                                                       
cut = 10.0                                                                     
ntc = 2,                  ! SHAKE bond length constraints (2=H-atom)           
ntf = 1,                  ! force evaluation (1=evalute all)                   
noshakemask = ':L0, L1',     ! remove SHAKE from perturbed regions             
                                                                               
icfe = 1,                 ! turn on free energy calculation                    
ifsc = 1,                 ! use softcore parameters (0=undo)                   
clambda = 0.2063,           ! current lambda                                   
timask1 = ':L0',           ! specify atoms unique to V_0                       
timask2 = ':L1',           ! specify atoms unique to V_1                       
scmask1 = ':L0@S2, C10, C11, H6, N3, C12, H7, C13, H8, N4',                    
                      ! specify the unique atoms for V0                        
scmask2 = ':L1@O, C11, C10, H11, C12, H13, C13, H14, N3, H12',                 
                      ! specify the unique atoms for V1                        
vlimit = 20                                                                    
 /                                                                             
 &ewald                                                                        
 /                                                                             
                                                                               
&wt type='TEMP0', istep1=1, istep2=5000, value1=1.0, value2=300 &end           
&wt type='END' &end                                                            


Note: ig = -1. Setting random seed to   641987 based on wallclock time in 
      microseconds.
| irandom = 1, using AMBER's internal random number generator (default).
 
|--------------------- INFORMATION ----------------------
| GPU (CUDA) Version of PMEMD in use: NVIDIA GPU IN USE.
|                    Version 18.0.0
| 
|                      03/25/2018
| 
| Implementation by:
|                    Ross C. Walker     (SDSC)
|                    Scott Le Grand     (nVIDIA)
| 
| Version 18 performance extensions by:
|                    David Cerutti     (Rutgers)
| 
| Precision model in use:
|      [SPFP] - Single Precision Forces, 64-bit Fixed Point
|               Accumulation. (Default)
| 
|--------------------------------------------------------
 
|----------------- CITATION INFORMATION -----------------
|
|    When publishing work that utilized the CUDA version
|    of AMBER, please cite the following in addition to
|    the regular AMBER citations:
|
|  - Romelia Salomon-Ferrer; Andreas W. Goetz; Duncan
|    Poole; Scott Le Grand; Ross C. Walker "Routine
|    microsecond molecular dynamics simulations with
|    AMBER - Part II: Particle Mesh Ewald", J. Chem.
|    Theory Comput., 2013, 9 (9), pp3878-3888,
|    DOI: 10.1021/ct400314y.
|
|  - Andreas W. Goetz; Mark J. Williamson; Dong Xu;
|    Duncan Poole; Scott Le Grand; Ross C. Walker
|    "Routine microsecond molecular dynamics simulations
|    with AMBER - Part I: Generalized Born", J. Chem.
|    Theory Comput., 2012, 8 (5), pp1542-1555.
|
|  - Scott Le Grand; Andreas W. Goetz; Ross C. Walker
|    "SPFP: Speed without compromise - a mixed precision
|    model for GPU accelerated molecular dynamics
|    simulations.", Comp. Phys. Comm., 2013, 184
|    pp374-380, DOI: 10.1016/j.cpc.2012.09.022
|
|    When publishing work that utilized the CUDA version
|    of TI, BAR, MBAR or FEP please cite the following 
|    publications in addition to the regular AMBER 
|    GPU citations:
|
|  - Daniel J. Mermelstein; Charles Lin; Gard Nelson; 
|    Rachael Kretsch; J. Andrew McCammon; Ross C. Walker
|    "Fast and Flexible GPU Accelerated Binding 
|    Free Energy Calculations within the AMBER Molecular
|    Dynamics Package" J. Comp. Chem., 2018,
|    DOI: 10.1002/jcc.25187
|
|  - Tai-Sung Lee; Yuan Hu; Brad Sherborne; Zhuyan Guo;
|    Darrin M. York
|    "Toward Fast and Accurate Binding Affinity Prediction with
|    pmemdGTI: An Efficient Implementation of GPU-Accelerated
|    Thermodynamic Integration"
|    J. Chem. Theory Comput., 2017, 13 (7), 3077
|
|
|--------------------------------------------------------
 
|------------------- GPU DEVICE INFO --------------------
|
|            CUDA_VISIBLE_DEVICES: 7
|   CUDA Capable Devices Detected:      1
|           CUDA Device ID in use:      0
|                CUDA Device Name: GeForce RTX 2080 Ti
|     CUDA Device Global Mem Size:  11019 MB
| CUDA Device Num Multiprocessors:     68
|           CUDA Device Core Freq:   1.54 GHz
|
|--------------------------------------------------------
 
 
| Conditional Compilation Defines Used:
| PUBFFT
| BINTRAJ
| CUDA
| EMIL

| Largest sphere to fit in unit cell has radius =    25.062

| New format PARM file being parsed.
| Version =    1.000 Date = 01/24/22 Time = 21:43:14

| Note: 1-4 EEL scale factors are being read from the topology file.

| Note: 1-4 VDW scale factors are being read from the topology file.
| Duplicated    0 dihedrals

| Duplicated    0 dihedrals

--------------------------------------------------------------------------------
   1.  RESOURCE   USE: 
--------------------------------------------------------------------------------

 getting new box info from bottom of inpcrd
 NATOM  =    9985 NTYPES =      13 NBONH =    9944 MBONA  =      45
 NTHETH =      36 MTHETA =      61 NPHIH =      66 MPHIA  =      91
 NHPARM =       0 NPARM  =       0 NNB   =   13505 NRES   =    3311
 NBONA  =      45 NTHETA =      61 NPHIA =      91 NUMBND =      22
 NUMANG =      36 NPTRA  =      11 NATYP =      16 NPHB   =       0
 IFBOX  =       1 NMXRS  =      29 IFCAP =       0 NEXTRA =       0
 NCOPY  =       0

| Coordinate Index Table dimensions:     9    9    9
| Direct force subcell size =     5.6395    5.6592    5.5693

     BOX TYPE: RECTILINEAR

--------------------------------------------------------------------------------
   2.  CONTROL  DATA  FOR  THE  RUN
--------------------------------------------------------------------------------

default_name                                                                    

General flags:
     imin    =       0, nmropt  =       0

Nature and format of input:
     ntx     =       1, irest   =       0, ntrx    =       1

Nature and format of output:
     ntxo    =       1, ntpr    =     500, ntrx    =       1, ntwr    =    1000
     iwrap   =       0, ntwx    =    1000, ntwv    =       0, ntwe    =    1000
     ioutfm  =       1, ntwprt  =       0, idecomp =       0, rbornstat=      0

Potential function:
     ntf     =       1, ntb     =       2, igb     =       0, nsnb    =      25
     ipol    =       0, gbsa    =       0, iesp    =       0
     dielc   =   1.00000, cut     =  10.00000, intdiel =   1.00000

Frozen or restrained atoms:
     ibelly  =       0, ntr     =       0

Molecular dynamics:
     nstlim  =      5000, nscm    =      1000, nrespa  =         1
     t       =   0.00000, dt      =   0.00100, vlimit  =  20.00000

Langevin dynamics temperature regulation:
     ig      =  641987
     temp0   = 310.00000, tempi   =   1.00000, gamma_ln=   5.00000

Pressure regulation:
     ntp     =       1
     pres0   =   1.01325, comp    =  44.60000, taup    =   2.00000
     Monte-Carlo Barostat:
     mcbarint  =     100

SHAKE:
     ntc     =       2, jfastw  =       0
     tol     =   0.00001

Free energy options:
     icfe    =       1, ifsc    =       1, klambda =       1
     clambda =  0.2063, scalpha =  0.5000, scbeta  = 12.0000
     sceeorder =       2
     dynlmb =  0.0000 logdvdl =       0

| Intermolecular bonds treatment:
|     no_intermolecular_bonds =       1

| Energy averages sample interval:
|     ene_avg_sampling =     500

Ewald parameters:
     verbose =       0, ew_type =       0, nbflag  =       1, use_pme =       1
     vdwmeth =       1, eedmeth =       1, netfrc  =       1
     Box X =   50.755   Box Y =   50.932   Box Z =   50.124
     Alpha =   90.000   Beta  =   90.000   Gamma =   90.000
     NFFT1 =   56       NFFT2 =   56       NFFT3 =   56
     Cutoff=   10.000   Tol   =0.100E-04
     Ewald Coefficient =  0.27511
     Interpolation order =    4
     TI Mask 1 :L0; matches     29 atoms
     TI Mask 2 :L1; matches     29 atoms
     TI region 1:    9956 atoms
     TI region 2:    9956 atoms
     SC Mask 1 :L0@S2, C10, C11, H6, N3, C12, H7, C13, H8, N4; matches     10 atoms
     SC Mask 2 :L1@O, C11, C10, H11, C12, H13, C13, H14, N3, H12; matches     10 atoms
 Noshake mask :L0, L1; matches      58 atoms.
| MONTE CARLO BAROSTAT IMPORTANT NOTE:
|   The Monte-Carlo barostat does not require the virial to adjust the system volume.
|   Since it is an expensive calculation, it is skipped for efficiency. A side-effect
|   is that the reported pressure is always 0 because it is not calculated.

--------------------------------------------------------------------------------
   3.  ATOMIC COORDINATES AND VELOCITIES
--------------------------------------------------------------------------------

default_name                                                                    
 begin time read from input coords =     0.000 ps

 
     Molecule     1 is partially softcore
     Molecule     2 is partially softcore
 Number of triangulated 3-point waters found:     3309
   Removing shake constraints from C13   L0    1 -- H8    L0    1
   Removing shake constraints from C12   L0    1 -- H7    L0    1
   Removing shake constraints from C11   L0    1 -- H6    L0    1
   Removing shake constraints from C7    L0    1 -- H4    L0    1
   Removing shake constraints from C7    L0    1 -- H5    L0    1
   Removing shake constraints from C4    L0    1 -- H3    L0    1
   Removing shake constraints from C3    L0    1 -- H2    L0    1
   Removing shake constraints from C2    L0    1 -- H1    L0    1
   Removing shake constraints from N3    L1    2 -- H12   L1    2
   Removing shake constraints from C13   L1    2 -- H14   L1    2
   Removing shake constraints from C12   L1    2 -- H13   L1    2
   Removing shake constraints from C10   L1    2 -- H11   L1    2
   Removing shake constraints from C7    L1    2 -- H4    L1    2
   Removing shake constraints from C7    L1    2 -- H5    L1    2
   Removing shake constraints from C4    L1    2 -- H3    L1    2
   Removing shake constraints from C3    L1    2 -- H2    L1    2
   Removing shake constraints from C2    L1    2 -- H1    L1    2
 Number of shake restraints removed in TI region  1 :        8
 Number of shake restraints removed in TI region  2 :        9

     Sum of charges for TI region  1 =   0.00200000
     Skip neutralizing charges...


     Sum of charges for TI region  2 =   0.00100000
     Skip neutralizing charges...

| Dynamic Memory, Types Used:
| Reals              653248
| Integers           420398

| Nonbonded Pairs Initial Allocation:     3020212

| GPU memory information (estimate):
| KB of GPU memory in use:     79398
| KB of CPU memory in use:     25158

--------------------------------------------------------------------------------
   4.  RESULTS
--------------------------------------------------------------------------------

   DOF for the SC part  1 of the system:   30
   DOF for the SC part  2 of the system:   30

| TI region  1


 NSTEP =        0   TIME(PS) =       0.000  TEMP(K) =     1.50  PRESS =     0.0
 Etot   =    -29223.6020  EKtot   =        29.7331  EPtot      =    -29253.3351
 BOND   =         0.2918  ANGLE   =         0.9200  DIHED      =         4.6145
 1-4 NB =         3.9613  1-4 EEL =         9.7586  VDWAALS    =      2064.2698
 EELEC  =    -31337.1511  EHBOND  =         0.0000  RESTRAINT  =         0.0000
 EKCMT  =         0.0000  VIRIAL  =         0.0000  VOLUME     =    129573.7139
                                                    Density    =         0.7686
 DV/DL  =         8.1445
 ------------------------------------------------------------------------------

  Softcore part of the system:      10 atoms,       TEMP(K)    =           2.36
 SC_Etot=        74.2122  SC_EKtot=         0.0704  SC_EPtot   =        74.1418
 SC_BOND=         3.2816  SC_ANGLE=         6.6780  SC_DIHED   =         2.5880
 SC_14NB=         4.9959  SC_14EEL=        53.3571  SC_VDW     =        -0.3639
 SC_EEL =         3.6051
 SC_RES_DIST=     0.0000  SC_RES_ANG=       0.0000  SC_RES_TORS=         0.0000
 SC_EEL_DER=     -0.2429  SC_VDW_DER=      -0.0993  SC_DERIV   =        -0.3422
 ------------------------------------------------------------------------------


| TI region  2


 NSTEP =        0   TIME(PS) =       0.000  TEMP(K) =     1.50  PRESS =     0.0
 Etot   =    -29223.5930  EKtot   =        29.7420  EPtot      =    -29253.3351
 BOND   =         0.2918  ANGLE   =         0.9200  DIHED      =         4.6145
 1-4 NB =         3.9613  1-4 EEL =         9.7586  VDWAALS    =      2064.2698
 EELEC  =    -31337.1511  EHBOND  =         0.0000  RESTRAINT  =         0.0000
 EKCMT  =         0.0000  VIRIAL  =         0.0000  VOLUME     =    129573.7139
                                                    Density    =         0.7682
 DV/DL  =         8.1445
 ------------------------------------------------------------------------------

  Softcore part of the system:      10 atoms,       TEMP(K)    =           2.76
 SC_Etot=        19.0419  SC_EKtot=         0.0822  SC_EPtot   =        18.9597
 SC_BOND=         1.4548  SC_ANGLE=        17.3275  SC_DIHED   =         7.1119
 SC_14NB=        -0.1763  SC_14EEL=        -2.9937  SC_VDW     =        -0.1058
 SC_EEL =        -3.6587
 SC_RES_DIST=     0.0000  SC_RES_ANG=       0.0000  SC_RES_TORS=         0.0000
 SC_EEL_DER=     -0.2429  SC_VDW_DER=      -0.0993  SC_DERIV   =        -0.3422
 ------------------------------------------------------------------------------


| TI region  1


 NSTEP =      500   TIME(PS) =       0.500  TEMP(K) =   298.45  PRESS =     0.0
 Etot   =    -23981.2903  EKtot   =      5911.6971  EPtot      =    -29892.9874
 BOND   =         8.0555  ANGLE   =         6.2965  DIHED      =         3.0534
 1-4 NB =         4.1434  1-4 EEL =        10.2179  VDWAALS    =      4770.6887
 EELEC  =    -34695.4428  EHBOND  =         0.0000  RESTRAINT  =         0.0000
 EKCMT  =         0.0000  VIRIAL  =         0.0000  VOLUME     =    129579.3097
                                                    Density    =         0.7685
 DV/DL  =         5.7958
 ------------------------------------------------------------------------------

  Softcore part of the system:      10 atoms,       TEMP(K)    =         365.28
 SC_Etot=        89.2253  SC_EKtot=        10.8883  SC_EPtot   =        78.3371
 SC_BOND=         3.7906  SC_ANGLE=         4.5768  SC_DIHED   =         6.7897
 SC_14NB=         6.3913  SC_14EEL=        53.4835  SC_VDW     =        -0.3593
 SC_EEL =         3.6645
 SC_RES_DIST=     0.0000  SC_RES_ANG=       0.0000  SC_RES_TORS=         0.0000
 SC_EEL_DER=     -0.2808  SC_VDW_DER=      -1.4379  SC_DERIV   =        -1.7187
 ------------------------------------------------------------------------------


| TI region  2


 NSTEP =      500   TIME(PS) =       0.500  TEMP(K) =   298.19  PRESS =     0.0
 Etot   =    -23986.4152  EKtot   =      5906.5722  EPtot      =    -29892.9874
 BOND   =         8.0555  ANGLE   =         6.2965  DIHED      =         3.0534
 1-4 NB =         4.1434  1-4 EEL =        10.2179  VDWAALS    =      4770.6887
 EELEC  =    -34695.4428  EHBOND  =         0.0000  RESTRAINT  =         0.0000
 EKCMT  =         0.0000  VIRIAL  =         0.0000  VOLUME     =    129579.3097
                                                    Density    =         0.7681
 DV/DL  =         5.7958
 ------------------------------------------------------------------------------

  Softcore part of the system:      10 atoms,       TEMP(K)    =         193.35
 SC_Etot=        25.0166  SC_EKtot=         5.7633  SC_EPtot   =        19.2533
 SC_BOND=         4.0817  SC_ANGLE=        20.8050  SC_DIHED   =         1.2598
 SC_14NB=        -0.2314  SC_14EEL=        -3.1296  SC_VDW     =        -0.1033
 SC_EEL =        -3.4289
 SC_RES_DIST=     0.0000  SC_RES_ANG=       0.0000  SC_RES_TORS=         0.0000
 SC_EEL_DER=     -0.2808  SC_VDW_DER=      -1.4379  SC_DERIV   =        -1.7187
 ------------------------------------------------------------------------------


| TI region  1


 NSTEP =     1000   TIME(PS) =       1.000  TEMP(K) =   309.79  PRESS =     0.0
 Etot   =    -23789.8777  EKtot   =      6136.4390  EPtot      =    -29926.3167
 BOND   =         8.0511  ANGLE   =         7.7431  DIHED      =         5.5423
 1-4 NB =         4.0666  1-4 EEL =         9.8988  VDWAALS    =      4806.4093
 EELEC  =    -34768.0279  EHBOND  =         0.0000  RESTRAINT  =         0.0000
 EKCMT  =         0.0000  VIRIAL  =         0.0000  VOLUME     =    126769.2192
                                                    Density    =         0.7856
 DV/DL  =        11.3967
 ------------------------------------------------------------------------------

  Softcore part of the system:      10 atoms,       TEMP(K)    =         245.09
 SC_Etot=        87.4083  SC_EKtot=         7.3057  SC_EPtot   =        80.1026
 SC_BOND=         5.0861  SC_ANGLE=         8.6438  SC_DIHED   =         4.9275
 SC_14NB=         5.1981  SC_14EEL=        53.0111  SC_VDW     =        -0.3908
 SC_EEL =         3.6268
 SC_RES_DIST=     0.0000  SC_RES_ANG=       0.0000  SC_RES_TORS=         0.0000
 SC_EEL_DER=      0.3322  SC_VDW_DER=      -0.6078  SC_DERIV   =        -0.2757
 ------------------------------------------------------------------------------


| TI region  2


 NSTEP =     1000   TIME(PS) =       1.000  TEMP(K) =   310.08  PRESS =     0.0
 Etot   =    -23784.1082  EKtot   =      6142.2085  EPtot      =    -29926.3167
 BOND   =         8.0511  ANGLE   =         7.7431  DIHED      =         5.5423
 1-4 NB =         4.0666  1-4 EEL =         9.8988  VDWAALS    =      4806.4093
 EELEC  =    -34768.0279  EHBOND  =         0.0000  RESTRAINT  =         0.0000
 EKCMT  =         0.0000  VIRIAL  =         0.0000  VOLUME     =    126769.2192
                                                    Density    =         0.7852
 DV/DL  =        11.3967
 ------------------------------------------------------------------------------

  Softcore part of the system:      10 atoms,       TEMP(K)    =         438.65
 SC_Etot=        28.7798  SC_EKtot=        13.0752  SC_EPtot   =        15.7046
 SC_BOND=         4.0186  SC_ANGLE=        15.8157  SC_DIHED   =         2.6409
 SC_14NB=        -0.0919  SC_14EEL=        -2.8848  SC_VDW     =        -0.0774
 SC_EEL =        -3.7164
 SC_RES_DIST=     0.0000  SC_RES_ANG=       0.0000  SC_RES_TORS=         0.0000
 SC_EEL_DER=      0.3322  SC_VDW_DER=      -0.6078  SC_DERIV   =        -0.2757
 ------------------------------------------------------------------------------


| TI region  1


 NSTEP =     1500   TIME(PS) =       1.500  TEMP(K) =   313.63  PRESS =     0.0
 Etot   =    -23802.9412  EKtot   =      6212.5552  EPtot      =    -30015.4964
 BOND   =         5.4645  ANGLE   =         3.9241  DIHED      =         3.5141
 1-4 NB =         4.3110  1-4 EEL =         9.4619  VDWAALS    =      4273.5656
 EELEC  =    -34315.7377  EHBOND  =         0.0000  RESTRAINT  =         0.0000
 EKCMT  =         0.0000  VIRIAL  =         0.0000  VOLUME     =    126086.9328
                                                    Density    =         0.7898
 DV/DL  =         8.4017
 ------------------------------------------------------------------------------

  Softcore part of the system:      10 atoms,       TEMP(K)    =         263.36
 SC_Etot=        89.8206  SC_EKtot=         7.8501  SC_EPtot   =        81.9705
 SC_BOND=         4.6188  SC_ANGLE=        12.9374  SC_DIHED   =         3.4612
 SC_14NB=         4.4924  SC_14EEL=        53.1344  SC_VDW     =        -0.3221
 SC_EEL =         3.6486
 SC_RES_DIST=     0.0000  SC_RES_ANG=       0.0000  SC_RES_TORS=         0.0000
 SC_EEL_DER=      2.3642  SC_VDW_DER=      -3.2528  SC_DERIV   =        -0.8886
 ------------------------------------------------------------------------------


| TI region  2


 NSTEP =     1500   TIME(PS) =       1.500  TEMP(K) =   313.73  PRESS =     0.0
 Etot   =    -23801.0028  EKtot   =      6214.4936  EPtot      =    -30015.4964
 BOND   =         5.4645  ANGLE   =         3.9241  DIHED      =         3.5141
 1-4 NB =         4.3110  1-4 EEL =         9.4619  VDWAALS    =      4273.5656
 EELEC  =    -34315.7377  EHBOND  =         0.0000  RESTRAINT  =         0.0000
 EKCMT  =         0.0000  VIRIAL  =         0.0000  VOLUME     =    126086.9328
                                                    Density    =         0.7894
 DV/DL  =         8.4017
 ------------------------------------------------------------------------------

  Softcore part of the system:      10 atoms,       TEMP(K)    =         328.39
 SC_Etot=        31.1006  SC_EKtot=         9.7885  SC_EPtot   =        21.3121
 SC_BOND=         4.6981  SC_ANGLE=        16.5463  SC_DIHED   =         7.1275
 SC_14NB=        -0.1013  SC_14EEL=        -3.1114  SC_VDW     =        -0.0824
 SC_EEL =        -3.7646
 SC_RES_DIST=     0.0000  SC_RES_ANG=       0.0000  SC_RES_TORS=         0.0000
 SC_EEL_DER=      2.3642  SC_VDW_DER=      -3.2528  SC_DERIV   =        -0.8886
 ------------------------------------------------------------------------------


| TI region  1


 NSTEP =     2000   TIME(PS) =       2.000  TEMP(K) =   309.68  PRESS =     0.0
 Etot   =    -23837.1015  EKtot   =      6134.1931  EPtot      =    -29971.2946
 BOND   =         5.8181  ANGLE   =         3.7453  DIHED      =         3.2450
 1-4 NB =         5.3027  1-4 EEL =         9.6664  VDWAALS    =      4438.2552
 EELEC  =    -34437.3274  EHBOND  =         0.0000  RESTRAINT  =         0.0000
 EKCMT  =         0.0000  VIRIAL  =         0.0000  VOLUME     =    124634.5445
                                                    Density    =         0.7990
 DV/DL  =         0.8313
 ------------------------------------------------------------------------------

  Softcore part of the system:      10 atoms,       TEMP(K)    =         364.78
 SC_Etot=        93.2405  SC_EKtot=        10.8732  SC_EPtot   =        82.3672
 SC_BOND=         6.4302  SC_ANGLE=         8.8900  SC_DIHED   =         3.3977
 SC_14NB=         6.5751  SC_14EEL=        53.7756  SC_VDW     =        -0.3671
 SC_EEL =         3.6657
 SC_RES_DIST=     0.0000  SC_RES_ANG=       0.0000  SC_RES_TORS=         0.0000
 SC_EEL_DER=      2.6195  SC_VDW_DER=      -9.9656  SC_DERIV   =        -7.3461
 ------------------------------------------------------------------------------


| TI region  2


 NSTEP =     2000   TIME(PS) =       2.000  TEMP(K) =   309.65  PRESS =     0.0
 Etot   =    -23837.6969  EKtot   =      6133.5978  EPtot      =    -29971.2946
 BOND   =         5.8181  ANGLE   =         3.7453  DIHED      =         3.2450
 1-4 NB =         5.3027  1-4 EEL =         9.6664  VDWAALS    =      4438.2552
 EELEC  =    -34437.3274  EHBOND  =         0.0000  RESTRAINT  =         0.0000
 EKCMT  =         0.0000  VIRIAL  =         0.0000  VOLUME     =    124634.5445
                                                    Density    =         0.7986
 DV/DL  =         0.8313
 ------------------------------------------------------------------------------

  Softcore part of the system:      10 atoms,       TEMP(K)    =         344.80
 SC_Etot=        25.7946  SC_EKtot=        10.2778  SC_EPtot   =        15.5167
 SC_BOND=         4.7543  SC_ANGLE=        14.3083  SC_DIHED   =         3.2769
 SC_14NB=        -0.1073  SC_14EEL=        -2.7970  SC_VDW     =        -0.0735
 SC_EEL =        -3.8449
 SC_RES_DIST=     0.0000  SC_RES_ANG=       0.0000  SC_RES_TORS=         0.0000
 SC_EEL_DER=      2.6195  SC_VDW_DER=      -9.9656  SC_DERIV   =        -7.3461
 ------------------------------------------------------------------------------


| TI region  1


 NSTEP =     2500   TIME(PS) =       2.500  TEMP(K) =   308.23  PRESS =     0.0
 Etot   =    -23949.9323  EKtot   =      6105.4984  EPtot      =    -30055.4307
 BOND   =         5.5416  ANGLE   =         5.3003  DIHED      =         4.7511
 1-4 NB =         5.9854  1-4 EEL =         8.9017  VDWAALS    =      4390.7321
 EELEC  =    -34476.6429  EHBOND  =         0.0000  RESTRAINT  =         0.0000
 EKCMT  =         0.0000  VIRIAL  =         0.0000  VOLUME     =    122804.8882
                                                    Density    =         0.8109
 DV/DL  =        12.3138
 ------------------------------------------------------------------------------

  Softcore part of the system:      10 atoms,       TEMP(K)    =         231.00
 SC_Etot=        90.7100  SC_EKtot=         6.8857  SC_EPtot   =        83.8243
 SC_BOND=         4.8187  SC_ANGLE=        11.7568  SC_DIHED   =         5.0717
 SC_14NB=         5.6828  SC_14EEL=        53.1899  SC_VDW     =        -0.3476
 SC_EEL =         3.6519
 SC_RES_DIST=     0.0000  SC_RES_ANG=       0.0000  SC_RES_TORS=         0.0000
 SC_EEL_DER=     10.3927  SC_VDW_DER=     -10.6632  SC_DERIV   =        -0.2705
 ------------------------------------------------------------------------------


| TI region  2


 NSTEP =     2500   TIME(PS) =       2.500  TEMP(K) =   308.45  PRESS =     0.0
 Etot   =    -23945.6462  EKtot   =      6109.7845  EPtot      =    -30055.4307
 BOND   =         5.5416  ANGLE   =         5.3003  DIHED      =         4.7511
 1-4 NB =         5.9854  1-4 EEL =         8.9017  VDWAALS    =      4390.7321
 EELEC  =    -34476.6429  EHBOND  =         0.0000  RESTRAINT  =         0.0000
 EKCMT  =         0.0000  VIRIAL  =         0.0000  VOLUME     =    122804.8882
                                                    Density    =         0.8105
 DV/DL  =        12.3138
 ------------------------------------------------------------------------------

  Softcore part of the system:      10 atoms,       TEMP(K)    =         374.79
 SC_Etot=        26.7097  SC_EKtot=        11.1718  SC_EPtot   =        15.5379
 SC_BOND=         0.9818  SC_ANGLE=        16.9188  SC_DIHED   =         4.4038
 SC_14NB=         0.0911  SC_14EEL=        -2.7831  SC_VDW     =        -0.0522
 SC_EEL =        -4.0223
 SC_RES_DIST=     0.0000  SC_RES_ANG=       0.0000  SC_RES_TORS=         0.0000
 SC_EEL_DER=     10.3927  SC_VDW_DER=     -10.6632  SC_DERIV   =        -0.2705
 ------------------------------------------------------------------------------


| TI region  1


 NSTEP =     3000   TIME(PS) =       3.000  TEMP(K) =   311.35  PRESS =     0.0
 Etot   =    -23753.7343  EKtot   =      6167.2615  EPtot      =    -29920.9957
 BOND   =         7.5275  ANGLE   =         5.5401  DIHED      =         2.5860
 1-4 NB =         4.5497  1-4 EEL =         8.8294  VDWAALS    =      4578.6937
 EELEC  =    -34528.7221  EHBOND  =         0.0000  RESTRAINT  =         0.0000
 EKCMT  =         0.0000  VIRIAL  =         0.0000  VOLUME     =    121844.3911
                                                    Density    =         0.8173
 DV/DL  =         8.7181
 ------------------------------------------------------------------------------

  Softcore part of the system:      10 atoms,       TEMP(K)    =         202.42
 SC_Etot=        83.5766  SC_EKtot=         6.0337  SC_EPtot   =        77.5429
 SC_BOND=         4.4439  SC_ANGLE=         8.3112  SC_DIHED   =         3.1538
 SC_14NB=         4.9259  SC_14EEL=        53.3726  SC_VDW     =        -0.3563
 SC_EEL =         3.6918
 SC_RES_DIST=     0.0000  SC_RES_ANG=       0.0000  SC_RES_TORS=         0.0000
 SC_EEL_DER=     17.1626  SC_VDW_DER=     -21.2263  SC_DERIV   =        -4.0637
 ------------------------------------------------------------------------------


| TI region  2


 NSTEP =     3000   TIME(PS) =       3.000  TEMP(K) =   311.60  PRESS =     0.0
 Etot   =    -23748.8200  EKtot   =      6172.1757  EPtot      =    -29920.9957
 BOND   =         7.5275  ANGLE   =         5.5401  DIHED      =         2.5860
 1-4 NB =         4.5497  1-4 EEL =         8.8294  VDWAALS    =      4578.6937
 EELEC  =    -34528.7221  EHBOND  =         0.0000  RESTRAINT  =         0.0000
 EKCMT  =         0.0000  VIRIAL  =         0.0000  VOLUME     =    121844.3911
                                                    Density    =         0.8169
 DV/DL  =         8.7181
 ------------------------------------------------------------------------------

  Softcore part of the system:      10 atoms,       TEMP(K)    =         367.28
 SC_Etot=        33.3780  SC_EKtot=        10.9480  SC_EPtot   =        22.4301
 SC_BOND=         6.3205  SC_ANGLE=        19.6283  SC_DIHED   =         3.4855
 SC_14NB=        -0.1957  SC_14EEL=        -3.3123  SC_VDW     =        -0.1099
 SC_EEL =        -3.3863
 SC_RES_DIST=     0.0000  SC_RES_ANG=       0.0000  SC_RES_TORS=         0.0000
 SC_EEL_DER=     17.1626  SC_VDW_DER=     -21.2263  SC_DERIV   =        -4.0637
 ------------------------------------------------------------------------------


| TI region  1


 NSTEP =     3500   TIME(PS) =       3.500  TEMP(K) =   307.14  PRESS =     0.0
 Etot   =    -23943.3936  EKtot   =      6083.8941  EPtot      =    -30027.2878
 BOND   =        10.2234  ANGLE   =         2.8619  DIHED      =         3.3763
 1-4 NB =         6.6605  1-4 EEL =         9.3213  VDWAALS    =      4532.5158
 EELEC  =    -34592.2471  EHBOND  =         0.0000  RESTRAINT  =         0.0000
 EKCMT  =         0.0000  VIRIAL  =         0.0000  VOLUME     =    121512.3185
                                                    Density    =         0.8195
 DV/DL  =        13.9066
 ------------------------------------------------------------------------------

  Softcore part of the system:      10 atoms,       TEMP(K)    =         233.79
 SC_Etot=        90.8198  SC_EKtot=         6.9687  SC_EPtot   =        83.8512
 SC_BOND=         5.3179  SC_ANGLE=        13.1338  SC_DIHED   =         3.4631
 SC_14NB=         4.7917  SC_14EEL=        53.8756  SC_VDW     =        -0.3700
 SC_EEL =         3.6391
 SC_RES_DIST=     0.0000  SC_RES_ANG=       0.0000  SC_RES_TORS=         0.0000
 SC_EEL_DER=      4.1416  SC_VDW_DER=      -3.5461  SC_DERIV   =         0.5955
 ------------------------------------------------------------------------------


| TI region  2


 NSTEP =     3500   TIME(PS) =       3.500  TEMP(K) =   307.34  PRESS =     0.0
 Etot   =    -23939.4399  EKtot   =      6087.8479  EPtot      =    -30027.2878
 BOND   =        10.2234  ANGLE   =         2.8619  DIHED      =         3.3763
 1-4 NB =         6.6605  1-4 EEL =         9.3213  VDWAALS    =      4532.5158
 EELEC  =    -34592.2471  EHBOND  =         0.0000  RESTRAINT  =         0.0000
 EKCMT  =         0.0000  VIRIAL  =         0.0000  VOLUME     =    121512.3185
                                                    Density    =         0.8191
 DV/DL  =        13.9066
 ------------------------------------------------------------------------------

  Softcore part of the system:      10 atoms,       TEMP(K)    =         366.43
 SC_Etot=        30.9203  SC_EKtot=        10.9224  SC_EPtot   =        19.9979
 SC_BOND=         3.7280  SC_ANGLE=        20.4730  SC_DIHED   =         2.6970
 SC_14NB=        -0.1462  SC_14EEL=        -3.1200  SC_VDW     =        -0.0983
 SC_EEL =        -3.5357
 SC_RES_DIST=     0.0000  SC_RES_ANG=       0.0000  SC_RES_TORS=         0.0000
 SC_EEL_DER=      4.1416  SC_VDW_DER=      -3.5461  SC_DERIV   =         0.5955
 ------------------------------------------------------------------------------


| TI region  1


 NSTEP =     4000   TIME(PS) =       4.000  TEMP(K) =   310.07  PRESS =     0.0
 Etot   =    -24097.2597  EKtot   =      6141.9321  EPtot      =    -30239.1918
 BOND   =         4.7728  ANGLE   =         5.7761  DIHED      =         1.8097
 1-4 NB =         4.4186  1-4 EEL =         9.6255  VDWAALS    =      4798.8191
 EELEC  =    -35064.4135  EHBOND  =         0.0000  RESTRAINT  =         0.0000
 EKCMT  =         0.0000  VIRIAL  =         0.0000  VOLUME     =    119213.4827
                                                    Density    =         0.8353
 DV/DL  =        19.8415
 ------------------------------------------------------------------------------

  Softcore part of the system:      10 atoms,       TEMP(K)    =         251.38
 SC_Etot=        89.7321  SC_EKtot=         7.4930  SC_EPtot   =        82.2391
 SC_BOND=         2.8900  SC_ANGLE=        12.8550  SC_DIHED   =         3.0407
 SC_14NB=         6.8602  SC_14EEL=        53.3552  SC_VDW     =        -0.3894
 SC_EEL =         3.6274
 SC_RES_DIST=     0.0000  SC_RES_ANG=       0.0000  SC_RES_TORS=         0.0000
 SC_EEL_DER=      5.9556  SC_VDW_DER=      -3.8501  SC_DERIV   =         2.1055
 ------------------------------------------------------------------------------


| TI region  2


 NSTEP =     4000   TIME(PS) =       4.000  TEMP(K) =   310.21  PRESS =     0.0
 Etot   =    -24094.4773  EKtot   =      6144.7145  EPtot      =    -30239.1918
 BOND   =         4.7728  ANGLE   =         5.7761  DIHED      =         1.8097
 1-4 NB =         4.4186  1-4 EEL =         9.6255  VDWAALS    =      4798.8191
 EELEC  =    -35064.4135  EHBOND  =         0.0000  RESTRAINT  =         0.0000
 EKCMT  =         0.0000  VIRIAL  =         0.0000  VOLUME     =    119213.4827
                                                    Density    =         0.8349
 DV/DL  =        19.8415
 ------------------------------------------------------------------------------

  Softcore part of the system:      10 atoms,       TEMP(K)    =         344.72
 SC_Etot=        26.3366  SC_EKtot=        10.2754  SC_EPtot   =        16.0612
 SC_BOND=         2.7089  SC_ANGLE=        17.6130  SC_DIHED   =         2.7301
 SC_14NB=         0.0105  SC_14EEL=        -2.7700  SC_VDW     =         0.0542
 SC_EEL =        -4.2855
 SC_RES_DIST=     0.0000  SC_RES_ANG=       0.0000  SC_RES_TORS=         0.0000
 SC_EEL_DER=      5.9556  SC_VDW_DER=      -3.8501  SC_DERIV   =         2.1055
 ------------------------------------------------------------------------------


| TI region  1


 NSTEP =     4500   TIME(PS) =       4.500  TEMP(K) =   308.20  PRESS =     0.0
 Etot   =    -24107.8381  EKtot   =      6105.0198  EPtot      =    -30212.8579
 BOND   =         5.2554  ANGLE   =         6.5872  DIHED      =         5.2601
 1-4 NB =         4.4786  1-4 EEL =         9.5012  VDWAALS    =      4439.6564
 EELEC  =    -34683.5966  EHBOND  =         0.0000  RESTRAINT  =         0.0000
 EKCMT  =         0.0000  VIRIAL  =         0.0000  VOLUME     =    118507.7898
                                                    Density    =         0.8403
 DV/DL  =         6.8345
 ------------------------------------------------------------------------------

  Softcore part of the system:      10 atoms,       TEMP(K)    =         247.03
 SC_Etot=        86.1478  SC_EKtot=         7.3635  SC_EPtot   =        78.7843
 SC_BOND=         4.7677  SC_ANGLE=         6.9393  SC_DIHED   =         5.9490
 SC_14NB=         4.4025  SC_14EEL=        53.5104  SC_VDW     =        -0.3695
 SC_EEL =         3.5849
 SC_RES_DIST=     0.0000  SC_RES_ANG=       0.0000  SC_RES_TORS=         0.0000
 SC_EEL_DER=      4.5696  SC_VDW_DER=      -7.0520  SC_DERIV   =        -2.4824
 ------------------------------------------------------------------------------


| TI region  2


 NSTEP =     4500   TIME(PS) =       4.500  TEMP(K) =   308.14  PRESS =     0.0
 Etot   =    -24109.1504  EKtot   =      6103.7074  EPtot      =    -30212.8579
 BOND   =         5.2554  ANGLE   =         6.5872  DIHED      =         5.2601
 1-4 NB =         4.4786  1-4 EEL =         9.5012  VDWAALS    =      4439.6564
 EELEC  =    -34683.5966  EHBOND  =         0.0000  RESTRAINT  =         0.0000
 EKCMT  =         0.0000  VIRIAL  =         0.0000  VOLUME     =    118507.7898
                                                    Density    =         0.8399
 DV/DL  =         6.8345
 ------------------------------------------------------------------------------

  Softcore part of the system:      10 atoms,       TEMP(K)    =         203.00
 SC_Etot=        25.0604  SC_EKtot=         6.0511  SC_EPtot   =        19.0093
 SC_BOND=         5.7526  SC_ANGLE=        18.2565  SC_DIHED   =         2.1251
 SC_14NB=         0.0012  SC_14EEL=        -2.7716  SC_VDW     =        -0.0333
 SC_EEL =        -4.3213
 SC_RES_DIST=     0.0000  SC_RES_ANG=       0.0000  SC_RES_TORS=         0.0000
 SC_EEL_DER=      4.5696  SC_VDW_DER=      -7.0520  SC_DERIV   =        -2.4824
 ------------------------------------------------------------------------------


| TI region  1


 NSTEP =     5000   TIME(PS) =       5.000  TEMP(K) =   318.53  PRESS =     0.0
 Etot   =    -24024.6174  EKtot   =      6309.5084  EPtot      =    -30334.1258
 BOND   =         6.6621  ANGLE   =         6.0587  DIHED      =         3.2328
 1-4 NB =         5.0825  1-4 EEL =         9.9696  VDWAALS    =      4792.2733
 EELEC  =    -35157.4048  EHBOND  =         0.0000  RESTRAINT  =         0.0000
 EKCMT  =         0.0000  VIRIAL  =         0.0000  VOLUME     =    117653.6212
                                                    Density    =         0.8464
 DV/DL  =        11.7005
 ------------------------------------------------------------------------------

  Softcore part of the system:      10 atoms,       TEMP(K)    =         211.57
 SC_Etot=        83.4234  SC_EKtot=         6.3065  SC_EPtot   =        77.1169
 SC_BOND=         4.6196  SC_ANGLE=         6.7202  SC_DIHED   =         3.9427
 SC_14NB=         5.1453  SC_14EEL=        53.4305  SC_VDW     =        -0.3519
 SC_EEL =         3.6106
 SC_RES_DIST=     0.0000  SC_RES_ANG=       0.0000  SC_RES_TORS=         0.0000
 SC_EEL_DER=      2.7690  SC_VDW_DER=      -3.6733  SC_DERIV   =        -0.9043
 ------------------------------------------------------------------------------


| TI region  2


 NSTEP =     5000   TIME(PS) =       5.000  TEMP(K) =   318.74  PRESS =     0.0
 Etot   =    -24020.3891  EKtot   =      6313.7367  EPtot      =    -30334.1258
 BOND   =         6.6621  ANGLE   =         6.0587  DIHED      =         3.2328
 1-4 NB =         5.0825  1-4 EEL =         9.9696  VDWAALS    =      4792.2733
 EELEC  =    -35157.4048  EHBOND  =         0.0000  RESTRAINT  =         0.0000
 EKCMT  =         0.0000  VIRIAL  =         0.0000  VOLUME     =    117653.6212
                                                    Density    =         0.8460
 DV/DL  =        11.7005
 ------------------------------------------------------------------------------

  Softcore part of the system:      10 atoms,       TEMP(K)    =         353.42
 SC_Etot=        34.2447  SC_EKtot=        10.5348  SC_EPtot   =        23.7099
 SC_BOND=         5.5962  SC_ANGLE=        19.9769  SC_DIHED   =         5.3805
 SC_14NB=        -0.1376  SC_14EEL=        -3.1999  SC_VDW     =        -0.0876
 SC_EEL =        -3.8187
 SC_RES_DIST=     0.0000  SC_RES_ANG=       0.0000  SC_RES_TORS=         0.0000
 SC_EEL_DER=      2.7690  SC_VDW_DER=      -3.6733  SC_DERIV   =        -0.9043
 ------------------------------------------------------------------------------


| TI region  1


      A V E R A G E S   O V E R      10 S T E P S


 NSTEP =     5000   TIME(PS) =       5.000  TEMP(K) =   309.51  PRESS =     0.0
 Etot   =    -23928.7986  EKtot   =      6130.7999  EPtot      =    -30059.5985
 BOND   =         6.7372  ANGLE   =         5.3833  DIHED      =         3.6371
 1-4 NB =         4.8999  1-4 EEL =         9.5394  VDWAALS    =      4582.1609
 EELEC  =    -34671.9563  EHBOND  =         0.0000  RESTRAINT  =         0.0000
 EKCMT  =         0.0000  VIRIAL  =         0.0000  VOLUME     =    122860.6497
                                                    Density    =         0.8113
 DV/DL  =         9.9741
 ------------------------------------------------------------------------------

  Softcore part of the system:      10 atoms,       TEMP(K)    =         261.57
 SC_Etot=        88.4104  SC_EKtot=         7.7968  SC_EPtot   =        80.6136
 SC_BOND=         4.6784  SC_ANGLE=         9.4764  SC_DIHED   =         4.3197
 SC_14NB=         5.4465  SC_14EEL=        53.4139  SC_VDW     =        -0.3624
 SC_EEL =         3.6411
 SC_RES_DIST=     0.0000  SC_RES_ANG=       0.0000  SC_RES_TORS=         0.0000
 SC_EEL_DER=      5.0026  SC_VDW_DER=      -6.5275  SC_DERIV   =        -1.5249
 ------------------------------------------------------------------------------


      R M S  F L U C T U A T I O N S


 NSTEP =     5000   TIME(PS) =       5.000  TEMP(K) =     4.83  PRESS =     0.0
 Etot   =       121.3365  EKtot   =        95.7227  EPtot      =       143.7517
 BOND   =         1.6185  ANGLE   =         1.4023  DIHED      =         1.1265
 1-4 NB =         0.8136  1-4 EEL =         0.4200  VDWAALS    =       187.6931
 EELEC  =       254.2753  EHBOND  =         0.0000  RESTRAINT  =         0.0000
 EKCMT  =         0.0000  VIRIAL  =         0.0000  VOLUME     =      3690.3816
                                                    Density    =         0.0242
 DV/DL  =         4.8812
 ------------------------------------------------------------------------------

  Softcore part of the system:      10 atoms,       TEMP(K)    =          54.50
 SC_Etot=         3.0526  SC_EKtot=         1.6245  SC_EPtot   =         2.4248
 SC_BOND=         0.8786  SC_ANGLE=         2.8706  SC_DIHED   =         1.2308
 SC_14NB=         0.8410  SC_14EEL=         0.2558  SC_VDW     =         0.0191
 SC_EEL =         0.0289
 SC_RES_DIST=     0.0000  SC_RES_ANG=       0.0000  SC_RES_TORS=         0.0000
 SC_EEL_DER=      4.9610  SC_VDW_DER=       5.8406  SC_DERIV   =         2.5077
 ------------------------------------------------------------------------------


| TI region  2


      A V E R A G E S   O V E R      10 S T E P S


 NSTEP =     5000   TIME(PS) =       5.000  TEMP(K) =   309.61  PRESS =     0.0
 Etot   =    -23926.7146  EKtot   =      6132.8839  EPtot      =    -30059.5985
 BOND   =         6.7372  ANGLE   =         5.3833  DIHED      =         3.6371
 1-4 NB =         4.8999  1-4 EEL =         9.5394  VDWAALS    =      4582.1609
 EELEC  =    -34671.9563  EHBOND  =         0.0000  RESTRAINT  =         0.0000
 EKCMT  =         0.0000  VIRIAL  =         0.0000  VOLUME     =    122860.6497
                                                    Density    =         0.8109
 DV/DL  =         9.9741
 ------------------------------------------------------------------------------

  Softcore part of the system:      10 atoms,       TEMP(K)    =         331.48
 SC_Etot=        28.7341  SC_EKtot=         9.8808  SC_EPtot   =        18.8533
 SC_BOND=         4.2641  SC_ANGLE=        18.0342  SC_DIHED   =         3.5127
 SC_14NB=        -0.0909  SC_14EEL=        -2.9880  SC_VDW     =        -0.0664
 SC_EEL =        -3.8125
 SC_RES_DIST=     0.0000  SC_RES_ANG=       0.0000  SC_RES_TORS=         0.0000
 SC_EEL_DER=      5.0026  SC_VDW_DER=      -6.5275  SC_DERIV   =        -1.5249
 ------------------------------------------------------------------------------


      R M S  F L U C T U A T I O N S


 NSTEP =     5000   TIME(PS) =       5.000  TEMP(K) =     4.94  PRESS =     0.0
 Etot   =       122.4734  EKtot   =        97.8618  EPtot      =       143.7517
 BOND   =         1.6185  ANGLE   =         1.4023  DIHED      =         1.1265
 1-4 NB =         0.8136  1-4 EEL =         0.4200  VDWAALS    =       187.6931
 EELEC  =       254.2753  EHBOND  =         0.0000  RESTRAINT  =         0.0000
 EKCMT  =         0.0000  VIRIAL  =         0.0000  VOLUME     =      3690.3816
                                                    Density    =         0.0242
 DV/DL  =         4.8812
 ------------------------------------------------------------------------------

  Softcore part of the system:      10 atoms,       TEMP(K)    =          72.32
 SC_Etot=         3.2881  SC_EKtot=         2.1556  SC_EPtot   =         2.8940
 SC_BOND=         1.4906  SC_ANGLE=         2.0598  SC_DIHED   =         1.6262
 SC_14NB=         0.0939  SC_14EEL=         0.1965  SC_VDW     =         0.0458
 SC_EEL =         0.3074
 SC_RES_DIST=     0.0000  SC_RES_ANG=       0.0000  SC_RES_TORS=         0.0000
 SC_EEL_DER=      4.9610  SC_VDW_DER=       5.8406  SC_DERIV   =         2.5077
 ------------------------------------------------------------------------------


      DV/DL, AVERAGES OVER      10 STEPS


 NSTEP =     5000   TIME(PS) =       5.000  TEMP(K) =     4.94  PRESS =     0.0
 Etot   =         0.0000  EKtot   =         0.0000  EPtot      =         0.0000
 BOND   =         0.0000  ANGLE   =         0.0000  DIHED      =        -0.0019
 1-4 NB =        -0.2052  1-4 EEL =        17.5304  VDWAALS    =        -0.0896
 EELEC  =        -5.7348  EHBOND  =         0.0000  RESTRAINT  =         0.0000
 EKCMT  =         0.0000  VIRIAL  =         0.0000  VOLUME     =         0.0000
                                                    Density    =         0.0000
 ------------------------------------------------------------------------------

| MC Barostat:         50 volume changes attempted.
| MC Barostat:         29 changes successful ( 58.00%)
 ------------------------------------------------------------------------------

--------------------------------------------------------------------------------
   5.  TIMINGS
--------------------------------------------------------------------------------

|  NonSetup CPU Time in Major Routines:
|
|     Routine           Sec        %
|     ------------------------------
|     Nonbond           0.91   35.45
|     Bond              0.00    0.00
|     Angle             0.00    0.00
|     Dihedral          0.00    0.00
|     Shake             0.03    1.00
|     RunMD             1.58   61.72
|     Other             0.05    1.84
|     ------------------------------
|     Total             2.56

|  PME Nonbond Pairlist CPU Time:
|
|     Routine              Sec        %
|     ---------------------------------
|     Set Up Cit           0.00    0.00
|     Build List           0.00    0.00
|     ---------------------------------
|     Total                0.00    0.00

|  PME Direct Force CPU Time:
|
|     Routine              Sec        %
|     ---------------------------------
|     NonBonded Calc       0.00    0.00
|     Exclude Masked       0.00    0.00
|     Other                0.01    0.39
|     ---------------------------------
|     Total                0.01    0.39

|  PME Reciprocal Force CPU Time:
|
|     Routine              Sec        %
|     ---------------------------------
|     1D bspline           0.00    0.00
|     Grid Charges         0.00    0.00
|     Scalar Sum           0.00    0.00
|     Gradient Sum         0.00    0.00
|     FFT                  0.00    0.00
|     ---------------------------------
|     Total                0.00    0.00

|  Final Performance Info:
|     -----------------------------------------------------
|     Average timings for last    5000 steps:
|     Elapsed(s) =       2.58 Per Step(ms) =       0.52
|         ns/day =     167.33   seconds/ns =     516.34
|
|     Average timings for all steps:
|     Elapsed(s) =       2.58 Per Step(ms) =       0.52
|         ns/day =     167.33   seconds/ns =     516.34
|     -----------------------------------------------------

|  Setup CPU time:            1.08 seconds
|  NonSetup CPU time:         2.56 seconds
|  Total CPU time:            3.64 seconds     0.00 hours

|  Setup wall time:           1    seconds
|  NonSetup wall time:        2    seconds
|  Total wall time:           3    seconds     0.00 hours
