
          -------------------------------------------------------
          Amber 20 PMEMD                              2020
          -------------------------------------------------------

| PMEMD implementation of SANDER, Release 18

|  Compiled date/time: Mon Apr 27 18:19:54 2020
| Run on 01/25/2022 at 16:48:44

|   Executable path: /cm/shared/apps/amber20/bin/pmemd.cuda
| Working directory: /data/bella/piezo/charmm-gui-4149384590/TI/1-dooku/ligand/concerted/t01/0.8850
|          Hostname: node002

  [-O]verwriting output

File Assignments:
|   MDIN: ti001.eq.in                                                           
|  MDOUT: ti001.eq.out                                                          
| INPCRD: ti001.min.rst7                                                        
|   PARM: ../concerted.parm7                                                    
| RESTRT: ti001.eq.rst7                                                         
|   REFC: refc                                                                  
|  MDVEL: mdvel                                                                 
|   MDEN: ti001.eq.en                                                           
|  MDCRD: ti001.eq.nc                                                           
| MDINFO: ti001.eq.info                                                         
|  MDFRC: mdfrc                                                                 


 Here is the input file:

Heating                                                                        
 &cntrl                                                                        
                                                                               
! simulation                                                                   
imin = 0,                 ! flag to run minization (0=false)                   
ntmin = 2,                ! mini algorithm. 2=steepest                         
nstlim = 5000,            ! number of MD steps                                 
irest = 0,                ! flag to restart simulation                         
ntx = 1,                  ! option to read from inpcrd file                    
ntxo = 1,                 ! read/write rst as formatted file                   
dt = 0.001,               ! timestep (1fs)                                     
ntb = 2,              ! specify PBC type                                       
                                                                               
! thermostate                                                                  
ntt = 3,                  ! switch for time scaling (3=Langevin)               
tempi = 1.0,                                                                   
temp0 = 310,            ! reference temperature (if ntt>0)                     
gamma_ln = 5.0,           ! collision frequency for ntt=3                      
ig = -1,                  ! seed for Random Number Generator (RNG) (use -1 with
! barostate                                                                    
ntp = 1,                  ! constant pressure dynamics (1=do scaling)          
barostat = 2,             ! barostat to use (2=Monte Carlo)                    
mcbarint = 100,           ! volume change attempt every n steps                
pres0 = 1.01325,          ! referenve pressure (in bars)                       
taup = 2.0,               ! pressure relation time (in ps)                     
                                                                               
! output                                                                       
ioutfm = 1,               ! film fromat (1=binary NetCDF)                      
iwrap = 0,                ! wrap coordination into primary box (1=do)          
ntwe = 1000,              ! write to .mden every n steps                       
ntwx = 1000,              ! write to .mdcrd every n steps                      
ntpr = 500,               ! write energies to .mdout/.mdinfo every n steps     
ntwr = 1000,              ! write rstrt file every n steps                     
                                                                               
! alchemical free energy                                                       
cut = 10.0                                                                     
ntc = 2,                  ! SHAKE bond length constraints (2=H-atom)           
ntf = 1,                  ! force evaluation (1=evalute all)                   
noshakemask = ':L0, L1',     ! remove SHAKE from perturbed regions             
                                                                               
icfe = 1,                 ! turn on free energy calculation                    
ifsc = 1,                 ! use softcore parameters (0=undo)                   
clambda = 0.8850,           ! current lambda                                   
timask1 = ':L0',           ! specify atoms unique to V_0                       
timask2 = ':L1',           ! specify atoms unique to V_1                       
scmask1 = ':L0@S2, C10, C11, H6, N3, C12, H7, C13, H8, N4',                    
                      ! specify the unique atoms for V0                        
scmask2 = ':L1@O, C11, C10, H11, C12, H13, C13, H14, N3, H12',                 
                      ! specify the unique atoms for V1                        
vlimit = 20                                                                    
 /                                                                             
 &ewald                                                                        
 /                                                                             
                                                                               
&wt type='TEMP0', istep1=1, istep2=5000, value1=1.0, value2=300 &end           
&wt type='END' &end                                                            


Note: ig = -1. Setting random seed to   302910 based on wallclock time in 
      microseconds.
| irandom = 1, using AMBER's internal random number generator (default).
 
|--------------------- INFORMATION ----------------------
| GPU (CUDA) Version of PMEMD in use: NVIDIA GPU IN USE.
|                    Version 18.0.0
| 
|                      03/25/2018
| 
| Implementation by:
|                    Ross C. Walker     (SDSC)
|                    Scott Le Grand     (nVIDIA)
| 
| Version 18 performance extensions by:
|                    David Cerutti     (Rutgers)
| 
| Precision model in use:
|      [SPFP] - Single Precision Forces, 64-bit Fixed Point
|               Accumulation. (Default)
| 
|--------------------------------------------------------
 
|----------------- CITATION INFORMATION -----------------
|
|    When publishing work that utilized the CUDA version
|    of AMBER, please cite the following in addition to
|    the regular AMBER citations:
|
|  - Romelia Salomon-Ferrer; Andreas W. Goetz; Duncan
|    Poole; Scott Le Grand; Ross C. Walker "Routine
|    microsecond molecular dynamics simulations with
|    AMBER - Part II: Particle Mesh Ewald", J. Chem.
|    Theory Comput., 2013, 9 (9), pp3878-3888,
|    DOI: 10.1021/ct400314y.
|
|  - Andreas W. Goetz; Mark J. Williamson; Dong Xu;
|    Duncan Poole; Scott Le Grand; Ross C. Walker
|    "Routine microsecond molecular dynamics simulations
|    with AMBER - Part I: Generalized Born", J. Chem.
|    Theory Comput., 2012, 8 (5), pp1542-1555.
|
|  - Scott Le Grand; Andreas W. Goetz; Ross C. Walker
|    "SPFP: Speed without compromise - a mixed precision
|    model for GPU accelerated molecular dynamics
|    simulations.", Comp. Phys. Comm., 2013, 184
|    pp374-380, DOI: 10.1016/j.cpc.2012.09.022
|
|    When publishing work that utilized the CUDA version
|    of TI, BAR, MBAR or FEP please cite the following 
|    publications in addition to the regular AMBER 
|    GPU citations:
|
|  - Daniel J. Mermelstein; Charles Lin; Gard Nelson; 
|    Rachael Kretsch; J. Andrew McCammon; Ross C. Walker
|    "Fast and Flexible GPU Accelerated Binding 
|    Free Energy Calculations within the AMBER Molecular
|    Dynamics Package" J. Comp. Chem., 2018,
|    DOI: 10.1002/jcc.25187
|
|  - Tai-Sung Lee; Yuan Hu; Brad Sherborne; Zhuyan Guo;
|    Darrin M. York
|    "Toward Fast and Accurate Binding Affinity Prediction with
|    pmemdGTI: An Efficient Implementation of GPU-Accelerated
|    Thermodynamic Integration"
|    J. Chem. Theory Comput., 2017, 13 (7), 3077
|
|
|--------------------------------------------------------
 
|------------------- GPU DEVICE INFO --------------------
|
|            CUDA_VISIBLE_DEVICES: 3
|   CUDA Capable Devices Detected:      1
|           CUDA Device ID in use:      0
|                CUDA Device Name: GeForce RTX 2080 Ti
|     CUDA Device Global Mem Size:  11019 MB
| CUDA Device Num Multiprocessors:     68
|           CUDA Device Core Freq:   1.54 GHz
|
|--------------------------------------------------------
 
 
| Conditional Compilation Defines Used:
| PUBFFT
| BINTRAJ
| CUDA
| EMIL

| Largest sphere to fit in unit cell has radius =    25.062

| New format PARM file being parsed.
| Version =    1.000 Date = 01/24/22 Time = 21:43:14

| Note: 1-4 EEL scale factors are being read from the topology file.

| Note: 1-4 VDW scale factors are being read from the topology file.
| Duplicated    0 dihedrals

| Duplicated    0 dihedrals

--------------------------------------------------------------------------------
   1.  RESOURCE   USE: 
--------------------------------------------------------------------------------

 getting new box info from bottom of inpcrd
 NATOM  =    9985 NTYPES =      13 NBONH =    9944 MBONA  =      45
 NTHETH =      36 MTHETA =      61 NPHIH =      66 MPHIA  =      91
 NHPARM =       0 NPARM  =       0 NNB   =   13505 NRES   =    3311
 NBONA  =      45 NTHETA =      61 NPHIA =      91 NUMBND =      22
 NUMANG =      36 NPTRA  =      11 NATYP =      16 NPHB   =       0
 IFBOX  =       1 NMXRS  =      29 IFCAP =       0 NEXTRA =       0
 NCOPY  =       0

| Coordinate Index Table dimensions:     9    9    9
| Direct force subcell size =     5.6395    5.6592    5.5693

     BOX TYPE: RECTILINEAR

--------------------------------------------------------------------------------
   2.  CONTROL  DATA  FOR  THE  RUN
--------------------------------------------------------------------------------

default_name                                                                    

General flags:
     imin    =       0, nmropt  =       0

Nature and format of input:
     ntx     =       1, irest   =       0, ntrx    =       1

Nature and format of output:
     ntxo    =       1, ntpr    =     500, ntrx    =       1, ntwr    =    1000
     iwrap   =       0, ntwx    =    1000, ntwv    =       0, ntwe    =    1000
     ioutfm  =       1, ntwprt  =       0, idecomp =       0, rbornstat=      0

Potential function:
     ntf     =       1, ntb     =       2, igb     =       0, nsnb    =      25
     ipol    =       0, gbsa    =       0, iesp    =       0
     dielc   =   1.00000, cut     =  10.00000, intdiel =   1.00000

Frozen or restrained atoms:
     ibelly  =       0, ntr     =       0

Molecular dynamics:
     nstlim  =      5000, nscm    =      1000, nrespa  =         1
     t       =   0.00000, dt      =   0.00100, vlimit  =  20.00000

Langevin dynamics temperature regulation:
     ig      =  302910
     temp0   = 310.00000, tempi   =   1.00000, gamma_ln=   5.00000

Pressure regulation:
     ntp     =       1
     pres0   =   1.01325, comp    =  44.60000, taup    =   2.00000
     Monte-Carlo Barostat:
     mcbarint  =     100

SHAKE:
     ntc     =       2, jfastw  =       0
     tol     =   0.00001

Free energy options:
     icfe    =       1, ifsc    =       1, klambda =       1
     clambda =  0.8850, scalpha =  0.5000, scbeta  = 12.0000
     sceeorder =       2
     dynlmb =  0.0000 logdvdl =       0

| Intermolecular bonds treatment:
|     no_intermolecular_bonds =       1

| Energy averages sample interval:
|     ene_avg_sampling =     500

Ewald parameters:
     verbose =       0, ew_type =       0, nbflag  =       1, use_pme =       1
     vdwmeth =       1, eedmeth =       1, netfrc  =       1
     Box X =   50.755   Box Y =   50.932   Box Z =   50.124
     Alpha =   90.000   Beta  =   90.000   Gamma =   90.000
     NFFT1 =   56       NFFT2 =   56       NFFT3 =   56
     Cutoff=   10.000   Tol   =0.100E-04
     Ewald Coefficient =  0.27511
     Interpolation order =    4
     TI Mask 1 :L0; matches     29 atoms
     TI Mask 2 :L1; matches     29 atoms
     TI region 1:    9956 atoms
     TI region 2:    9956 atoms
     SC Mask 1 :L0@S2, C10, C11, H6, N3, C12, H7, C13, H8, N4; matches     10 atoms
     SC Mask 2 :L1@O, C11, C10, H11, C12, H13, C13, H14, N3, H12; matches     10 atoms
 Noshake mask :L0, L1; matches      58 atoms.
| MONTE CARLO BAROSTAT IMPORTANT NOTE:
|   The Monte-Carlo barostat does not require the virial to adjust the system volume.
|   Since it is an expensive calculation, it is skipped for efficiency. A side-effect
|   is that the reported pressure is always 0 because it is not calculated.

--------------------------------------------------------------------------------
   3.  ATOMIC COORDINATES AND VELOCITIES
--------------------------------------------------------------------------------

default_name                                                                    
 begin time read from input coords =     0.000 ps

 
     Molecule     1 is partially softcore
     Molecule     2 is partially softcore
 Number of triangulated 3-point waters found:     3309
   Removing shake constraints from C13   L0    1 -- H8    L0    1
   Removing shake constraints from C12   L0    1 -- H7    L0    1
   Removing shake constraints from C11   L0    1 -- H6    L0    1
   Removing shake constraints from C7    L0    1 -- H4    L0    1
   Removing shake constraints from C7    L0    1 -- H5    L0    1
   Removing shake constraints from C4    L0    1 -- H3    L0    1
   Removing shake constraints from C3    L0    1 -- H2    L0    1
   Removing shake constraints from C2    L0    1 -- H1    L0    1
   Removing shake constraints from N3    L1    2 -- H12   L1    2
   Removing shake constraints from C13   L1    2 -- H14   L1    2
   Removing shake constraints from C12   L1    2 -- H13   L1    2
   Removing shake constraints from C10   L1    2 -- H11   L1    2
   Removing shake constraints from C7    L1    2 -- H4    L1    2
   Removing shake constraints from C7    L1    2 -- H5    L1    2
   Removing shake constraints from C4    L1    2 -- H3    L1    2
   Removing shake constraints from C3    L1    2 -- H2    L1    2
   Removing shake constraints from C2    L1    2 -- H1    L1    2
 Number of shake restraints removed in TI region  1 :        8
 Number of shake restraints removed in TI region  2 :        9

     Sum of charges for TI region  1 =   0.00200000
     Skip neutralizing charges...


     Sum of charges for TI region  2 =   0.00100000
     Skip neutralizing charges...

| Dynamic Memory, Types Used:
| Reals              653248
| Integers           420398

| Nonbonded Pairs Initial Allocation:     3020212

| GPU memory information (estimate):
| KB of GPU memory in use:     79398
| KB of CPU memory in use:     25158

--------------------------------------------------------------------------------
   4.  RESULTS
--------------------------------------------------------------------------------

   DOF for the SC part  1 of the system:   30
   DOF for the SC part  2 of the system:   30

| TI region  1


 NSTEP =        0   TIME(PS) =       0.000  TEMP(K) =     1.50  PRESS =     0.0
 Etot   =    -29219.5605  EKtot   =        29.6992  EPtot      =    -29249.2596
 BOND   =         0.2949  ANGLE   =         0.9349  DIHED      =         4.5730
 1-4 NB =         4.1613  1-4 EEL =        21.4892  VDWAALS    =      2065.3696
 EELEC  =    -31346.0826  EHBOND  =         0.0000  RESTRAINT  =         0.0000
 EKCMT  =         0.0000  VIRIAL  =         0.0000  VOLUME     =    129573.7139
                                                    Density    =         0.7686
 DV/DL  =         3.1760
 ------------------------------------------------------------------------------

  Softcore part of the system:      10 atoms,       TEMP(K)    =           2.44
 SC_Etot=        74.3256  SC_EKtot=         0.0727  SC_EPtot   =        74.2529
 SC_BOND=         3.2833  SC_ANGLE=         6.7633  SC_DIHED   =         2.5889
 SC_14NB=         5.0419  SC_14EEL=        53.3300  SC_VDW     =        -0.3642
 SC_EEL =         3.6097
 SC_RES_DIST=     0.0000  SC_RES_ANG=       0.0000  SC_RES_TORS=         0.0000
 SC_EEL_DER=     -3.0110  SC_VDW_DER=      -0.1029  SC_DERIV   =        -3.1138
 ------------------------------------------------------------------------------


| TI region  2


 NSTEP =        0   TIME(PS) =       0.000  TEMP(K) =     1.50  PRESS =     0.0
 Etot   =    -29219.5524  EKtot   =        29.7072  EPtot      =    -29249.2596
 BOND   =         0.2949  ANGLE   =         0.9349  DIHED      =         4.5730
 1-4 NB =         4.1613  1-4 EEL =        21.4892  VDWAALS    =      2065.3696
 EELEC  =    -31346.0826  EHBOND  =         0.0000  RESTRAINT  =         0.0000
 EKCMT  =         0.0000  VIRIAL  =         0.0000  VOLUME     =    129573.7139
                                                    Density    =         0.7682
 DV/DL  =         3.1760
 ------------------------------------------------------------------------------

  Softcore part of the system:      10 atoms,       TEMP(K)    =           2.90
 SC_Etot=        18.9445  SC_EKtot=         0.0866  SC_EPtot   =        18.8579
 SC_BOND=         1.4164  SC_ANGLE=        17.2181  SC_DIHED   =         7.1437
 SC_14NB=        -0.1787  SC_14EEL=        -2.9899  SC_VDW     =        -0.1071
 SC_EEL =        -3.6445
 SC_RES_DIST=     0.0000  SC_RES_ANG=       0.0000  SC_RES_TORS=         0.0000
 SC_EEL_DER=     -3.0110  SC_VDW_DER=      -0.1029  SC_DERIV   =        -3.1138
 ------------------------------------------------------------------------------


| TI region  1


 NSTEP =      500   TIME(PS) =       0.500  TEMP(K) =   296.75  PRESS =     0.0
 Etot   =    -24356.5777  EKtot   =      5878.1464  EPtot      =    -30234.7241
 BOND   =         5.8125  ANGLE   =         6.3873  DIHED      =         2.5880
 1-4 NB =         3.4503  1-4 EEL =        21.2372  VDWAALS    =      4826.3502
 EELEC  =    -35100.5497  EHBOND  =         0.0000  RESTRAINT  =         0.0000
 EKCMT  =         0.0000  VIRIAL  =         0.0000  VOLUME     =    127491.3911
                                                    Density    =         0.7811
 DV/DL  =        -9.3995
 ------------------------------------------------------------------------------

  Softcore part of the system:      10 atoms,       TEMP(K)    =         321.02
 SC_Etot=       101.2831  SC_EKtot=         9.5690  SC_EPtot   =        91.7141
 SC_BOND=        11.3239  SC_ANGLE=        10.2983  SC_DIHED   =        10.2479
 SC_14NB=         3.8118  SC_14EEL=        52.8350  SC_VDW     =        -0.3988
 SC_EEL =         3.5959
 SC_RES_DIST=     0.0000  SC_RES_ANG=       0.0000  SC_RES_TORS=         0.0000
 SC_EEL_DER=    -10.1207  SC_VDW_DER=       0.6664  SC_DERIV   =        -9.4542
 ------------------------------------------------------------------------------


| TI region  2


 NSTEP =      500   TIME(PS) =       0.500  TEMP(K) =   296.76  PRESS =     0.0
 Etot   =    -24356.4187  EKtot   =      5878.3054  EPtot      =    -30234.7241
 BOND   =         5.8125  ANGLE   =         6.3873  DIHED      =         2.5880
 1-4 NB =         3.4503  1-4 EEL =        21.2372  VDWAALS    =      4826.3502
 EELEC  =    -35100.5497  EHBOND  =         0.0000  RESTRAINT  =         0.0000
 EKCMT  =         0.0000  VIRIAL  =         0.0000  VOLUME     =    127491.3911
                                                    Density    =         0.7807
 DV/DL  =        -9.3995
 ------------------------------------------------------------------------------

  Softcore part of the system:      10 atoms,       TEMP(K)    =         326.36
 SC_Etot=        29.4080  SC_EKtot=         9.7280  SC_EPtot   =        19.6800
 SC_BOND=         4.4292  SC_ANGLE=        16.0839  SC_DIHED   =         6.2268
 SC_14NB=         0.1043  SC_14EEL=        -2.8827  SC_VDW     =         0.0887
 SC_EEL =        -4.3702
 SC_RES_DIST=     0.0000  SC_RES_ANG=       0.0000  SC_RES_TORS=         0.0000
 SC_EEL_DER=    -10.1207  SC_VDW_DER=       0.6664  SC_DERIV   =        -9.4542
 ------------------------------------------------------------------------------


| TI region  1


 NSTEP =     1000   TIME(PS) =       1.000  TEMP(K) =   306.60  PRESS =     0.0
 Etot   =    -23783.6508  EKtot   =      6073.1743  EPtot      =    -29856.8251
 BOND   =         5.6374  ANGLE   =         5.1512  DIHED      =         3.2770
 1-4 NB =         3.3447  1-4 EEL =        20.6622  VDWAALS    =      4486.0455
 EELEC  =    -34380.9431  EHBOND  =         0.0000  RESTRAINT  =         0.0000
 EKCMT  =         0.0000  VIRIAL  =         0.0000  VOLUME     =    126811.3148
                                                    Density    =         0.7853
 DV/DL  =        -1.8709
 ------------------------------------------------------------------------------

  Softcore part of the system:      10 atoms,       TEMP(K)    =         347.04
 SC_Etot=        89.0448  SC_EKtot=        10.3446  SC_EPtot   =        78.7002
 SC_BOND=         5.4276  SC_ANGLE=         8.4981  SC_DIHED   =         3.7009
 SC_14NB=         5.2612  SC_14EEL=        52.5751  SC_VDW     =        -0.3701
 SC_EEL =         3.6074
 SC_RES_DIST=     0.0000  SC_RES_ANG=       0.0000  SC_RES_TORS=         0.0000
 SC_EEL_DER=     -3.4688  SC_VDW_DER=       0.0748  SC_DERIV   =        -3.3940
 ------------------------------------------------------------------------------


| TI region  2


 NSTEP =     1000   TIME(PS) =       1.000  TEMP(K) =   306.49  PRESS =     0.0
 Etot   =    -23785.7045  EKtot   =      6071.1206  EPtot      =    -29856.8251
 BOND   =         5.6374  ANGLE   =         5.1512  DIHED      =         3.2770
 1-4 NB =         3.3447  1-4 EEL =        20.6622  VDWAALS    =      4486.0455
 EELEC  =    -34380.9431  EHBOND  =         0.0000  RESTRAINT  =         0.0000
 EKCMT  =         0.0000  VIRIAL  =         0.0000  VOLUME     =    126811.3148
                                                    Density    =         0.7849
 DV/DL  =        -1.8709
 ------------------------------------------------------------------------------

  Softcore part of the system:      10 atoms,       TEMP(K)    =         278.14
 SC_Etot=        32.9520  SC_EKtot=         8.2909  SC_EPtot   =        24.6611
 SC_BOND=         7.3195  SC_ANGLE=        20.7989  SC_DIHED   =         2.8531
 SC_14NB=         0.1418  SC_14EEL=        -2.5535  SC_VDW     =         0.1778
 SC_EEL =        -4.0765
 SC_RES_DIST=     0.0000  SC_RES_ANG=       0.0000  SC_RES_TORS=         0.0000
 SC_EEL_DER=     -3.4688  SC_VDW_DER=       0.0748  SC_DERIV   =        -3.3940
 ------------------------------------------------------------------------------


| TI region  1


 NSTEP =     1500   TIME(PS) =       1.500  TEMP(K) =   311.47  PRESS =     0.0
 Etot   =    -23725.5244  EKtot   =      6169.6237  EPtot      =    -29895.1482
 BOND   =         6.7106  ANGLE   =         3.7569  DIHED      =         3.2538
 1-4 NB =         3.8825  1-4 EEL =        21.3595  VDWAALS    =      4400.4245
 EELEC  =    -34334.5359  EHBOND  =         0.0000  RESTRAINT  =         0.0000
 EKCMT  =         0.0000  VIRIAL  =         0.0000  VOLUME     =    125792.4854
                                                    Density    =         0.7917
 DV/DL  =        -1.9260
 ------------------------------------------------------------------------------

  Softcore part of the system:      10 atoms,       TEMP(K)    =         383.19
 SC_Etot=        96.5216  SC_EKtot=        11.4220  SC_EPtot   =        85.0996
 SC_BOND=         6.4852  SC_ANGLE=        15.3530  SC_DIHED   =         3.4078
 SC_14NB=         4.2672  SC_14EEL=        52.2830  SC_VDW     =        -0.3263
 SC_EEL =         3.6296
 SC_RES_DIST=     0.0000  SC_RES_ANG=       0.0000  SC_RES_TORS=         0.0000
 SC_EEL_DER=     -7.0367  SC_VDW_DER=       2.9165  SC_DERIV   =        -4.1202
 ------------------------------------------------------------------------------


| TI region  2


 NSTEP =     1500   TIME(PS) =       1.500  TEMP(K) =   311.36  PRESS =     0.0
 Etot   =    -23727.5379  EKtot   =      6167.6103  EPtot      =    -29895.1482
 BOND   =         6.7106  ANGLE   =         3.7569  DIHED      =         3.2538
 1-4 NB =         3.8825  1-4 EEL =        21.3595  VDWAALS    =      4400.4245
 EELEC  =    -34334.5359  EHBOND  =         0.0000  RESTRAINT  =         0.0000
 EKCMT  =         0.0000  VIRIAL  =         0.0000  VOLUME     =    125792.4854
                                                    Density    =         0.7913
 DV/DL  =        -1.9260
 ------------------------------------------------------------------------------

  Softcore part of the system:      10 atoms,       TEMP(K)    =         315.64
 SC_Etot=        33.5801  SC_EKtot=         9.4086  SC_EPtot   =        24.1715
 SC_BOND=         7.1533  SC_ANGLE=        20.6778  SC_DIHED   =         3.4126
 SC_14NB=        -0.1261  SC_14EEL=        -3.2473  SC_VDW     =        -0.0761
 SC_EEL =        -3.6227
 SC_RES_DIST=     0.0000  SC_RES_ANG=       0.0000  SC_RES_TORS=         0.0000
 SC_EEL_DER=     -7.0367  SC_VDW_DER=       2.9165  SC_DERIV   =        -4.1202
 ------------------------------------------------------------------------------


| TI region  1


 NSTEP =     2000   TIME(PS) =       2.000  TEMP(K) =   310.07  PRESS =     0.0
 Etot   =    -23754.4622  EKtot   =      6141.9711  EPtot      =    -29896.4333
 BOND   =         4.6340  ANGLE   =         4.7396  DIHED      =         4.2496
 1-4 NB =         4.7334  1-4 EEL =        20.9182  VDWAALS    =      4732.5727
 EELEC  =    -34668.2808  EHBOND  =         0.0000  RESTRAINT  =         0.0000
 EKCMT  =         0.0000  VIRIAL  =         0.0000  VOLUME     =    124466.9088
                                                    Density    =         0.8001
 DV/DL  =        -6.4831
 ------------------------------------------------------------------------------

  Softcore part of the system:      10 atoms,       TEMP(K)    =         421.86
 SC_Etot=        95.3245  SC_EKtot=        12.5747  SC_EPtot   =        82.7497
 SC_BOND=         6.2607  SC_ANGLE=        10.4852  SC_DIHED   =         4.0540
 SC_14NB=         5.3098  SC_14EEL=        53.3408  SC_VDW     =        -0.3443
 SC_EEL =         3.6436
 SC_RES_DIST=     0.0000  SC_RES_ANG=       0.0000  SC_RES_TORS=         0.0000
 SC_EEL_DER=     -7.8412  SC_VDW_DER=       1.5650  SC_DERIV   =        -6.2763
 ------------------------------------------------------------------------------


| TI region  2


 NSTEP =     2000   TIME(PS) =       2.000  TEMP(K) =   310.20  PRESS =     0.0
 Etot   =    -23751.9459  EKtot   =      6144.4874  EPtot      =    -29896.4333
 BOND   =         4.6340  ANGLE   =         4.7396  DIHED      =         4.2496
 1-4 NB =         4.7334  1-4 EEL =        20.9182  VDWAALS    =      4732.5727
 EELEC  =    -34668.2808  EHBOND  =         0.0000  RESTRAINT  =         0.0000
 EKCMT  =         0.0000  VIRIAL  =         0.0000  VOLUME     =    124466.9088
                                                    Density    =         0.7997
 DV/DL  =        -6.4831
 ------------------------------------------------------------------------------

  Softcore part of the system:      10 atoms,       TEMP(K)    =         506.28
 SC_Etot=        37.1247  SC_EKtot=        15.0910  SC_EPtot   =        22.0337
 SC_BOND=         3.5537  SC_ANGLE=        19.5047  SC_DIHED   =         5.9220
 SC_14NB=         0.0470  SC_14EEL=        -2.7351  SC_VDW     =         0.0437
 SC_EEL =        -4.3024
 SC_RES_DIST=     0.0000  SC_RES_ANG=       0.0000  SC_RES_TORS=         0.0000
 SC_EEL_DER=     -7.8412  SC_VDW_DER=       1.5650  SC_DERIV   =        -6.2763
 ------------------------------------------------------------------------------


| TI region  1


 NSTEP =     2500   TIME(PS) =       2.500  TEMP(K) =   312.53  PRESS =     0.0
 Etot   =    -23787.4365  EKtot   =      6190.7524  EPtot      =    -29978.1889
 BOND   =         5.5788  ANGLE   =         6.6467  DIHED      =         1.6013
 1-4 NB =         4.9797  1-4 EEL =        21.5162  VDWAALS    =      4518.7178
 EELEC  =    -34537.2296  EHBOND  =         0.0000  RESTRAINT  =         0.0000
 EKCMT  =         0.0000  VIRIAL  =         0.0000  VOLUME     =    123456.7579
                                                    Density    =         0.8066
 DV/DL  =         3.2279
 ------------------------------------------------------------------------------

  Softcore part of the system:      10 atoms,       TEMP(K)    =         395.11
 SC_Etot=        94.7059  SC_EKtot=        11.7775  SC_EPtot   =        82.9284
 SC_BOND=         5.9703  SC_ANGLE=         8.5452  SC_DIHED   =         5.8233
 SC_14NB=         5.1986  SC_14EEL=        54.1084  SC_VDW     =        -0.3440
 SC_EEL =         3.6267
 SC_RES_DIST=     0.0000  SC_RES_ANG=       0.0000  SC_RES_TORS=         0.0000
 SC_EEL_DER=     -7.6117  SC_VDW_DER=       5.1974  SC_DERIV   =        -2.4143
 ------------------------------------------------------------------------------


| TI region  2


 NSTEP =     2500   TIME(PS) =       2.500  TEMP(K) =   312.58  PRESS =     0.0
 Etot   =    -23786.5618  EKtot   =      6191.6272  EPtot      =    -29978.1889
 BOND   =         5.5788  ANGLE   =         6.6467  DIHED      =         1.6013
 1-4 NB =         4.9797  1-4 EEL =        21.5162  VDWAALS    =      4518.7178
 EELEC  =    -34537.2296  EHBOND  =         0.0000  RESTRAINT  =         0.0000
 EKCMT  =         0.0000  VIRIAL  =         0.0000  VOLUME     =    123456.7579
                                                    Density    =         0.8062
 DV/DL  =         3.2279
 ------------------------------------------------------------------------------

  Softcore part of the system:      10 atoms,       TEMP(K)    =         424.46
 SC_Etot=        30.3851  SC_EKtot=        12.6522  SC_EPtot   =        17.7329
 SC_BOND=         3.2011  SC_ANGLE=        12.7456  SC_DIHED   =         8.5945
 SC_14NB=        -0.0317  SC_14EEL=        -2.7166  SC_VDW     =        -0.0295
 SC_EEL =        -4.0304
 SC_RES_DIST=     0.0000  SC_RES_ANG=       0.0000  SC_RES_TORS=         0.0000
 SC_EEL_DER=     -7.6117  SC_VDW_DER=       5.1974  SC_DERIV   =        -2.4143
 ------------------------------------------------------------------------------


| TI region  1


 NSTEP =     3000   TIME(PS) =       3.000  TEMP(K) =   312.85  PRESS =     0.0
 Etot   =    -23859.7272  EKtot   =      6197.0443  EPtot      =    -30056.7716
 BOND   =         8.7973  ANGLE   =         6.2397  DIHED      =         3.5493
 1-4 NB =         3.7756  1-4 EEL =        21.1022  VDWAALS    =      4343.1025
 EELEC  =    -34443.3382  EHBOND  =         0.0000  RESTRAINT  =         0.0000
 EKCMT  =         0.0000  VIRIAL  =         0.0000  VOLUME     =    121968.6417
                                                    Density    =         0.8165
 DV/DL  =         4.7211
 ------------------------------------------------------------------------------

  Softcore part of the system:      10 atoms,       TEMP(K)    =         383.00
 SC_Etot=        90.2661  SC_EKtot=        11.4165  SC_EPtot   =        78.8496
 SC_BOND=         2.8193  SC_ANGLE=        10.7009  SC_DIHED   =         3.4403
 SC_14NB=         5.2428  SC_14EEL=        53.3791  SC_VDW     =        -0.3468
 SC_EEL =         3.6141
 SC_RES_DIST=     0.0000  SC_RES_ANG=       0.0000  SC_RES_TORS=         0.0000
 SC_EEL_DER=     -2.4262  SC_VDW_DER=       1.3499  SC_DERIV   =        -1.0763
 ------------------------------------------------------------------------------


| TI region  2


 NSTEP =     3000   TIME(PS) =       3.000  TEMP(K) =   312.83  PRESS =     0.0
 Etot   =    -23860.1107  EKtot   =      6196.6608  EPtot      =    -30056.7716
 BOND   =         8.7973  ANGLE   =         6.2397  DIHED      =         3.5493
 1-4 NB =         3.7756  1-4 EEL =        21.1022  VDWAALS    =      4343.1025
 EELEC  =    -34443.3382  EHBOND  =         0.0000  RESTRAINT  =         0.0000
 EKCMT  =         0.0000  VIRIAL  =         0.0000  VOLUME     =    121968.6417
                                                    Density    =         0.8161
 DV/DL  =         4.7211
 ------------------------------------------------------------------------------

  Softcore part of the system:      10 atoms,       TEMP(K)    =         370.14
 SC_Etot=        28.0874  SC_EKtot=        11.0330  SC_EPtot   =        17.0544
 SC_BOND=         1.7791  SC_ANGLE=        18.5616  SC_DIHED   =         3.4937
 SC_14NB=         0.0469  SC_14EEL=        -2.6807  SC_VDW     =         0.0415
 SC_EEL =        -4.1877
 SC_RES_DIST=     0.0000  SC_RES_ANG=       0.0000  SC_RES_TORS=         0.0000
 SC_EEL_DER=     -2.4262  SC_VDW_DER=       1.3499  SC_DERIV   =        -1.0763
 ------------------------------------------------------------------------------


| TI region  1


 NSTEP =     3500   TIME(PS) =       3.500  TEMP(K) =   307.61  PRESS =     0.0
 Etot   =    -24014.4890  EKtot   =      6093.2354  EPtot      =    -30107.7243
 BOND   =         5.9472  ANGLE   =         4.4235  DIHED      =         6.1509
 1-4 NB =         3.9572  1-4 EEL =        20.6569  VDWAALS    =      4387.5343
 EELEC  =    -34536.3944  EHBOND  =         0.0000  RESTRAINT  =         0.0000
 EKCMT  =         0.0000  VIRIAL  =         0.0000  VOLUME     =    121848.1505
                                                    Density    =         0.8173
 DV/DL  =        -0.9866
 ------------------------------------------------------------------------------

  Softcore part of the system:      10 atoms,       TEMP(K)    =         305.03
 SC_Etot=        89.7483  SC_EKtot=         9.0923  SC_EPtot   =        80.6560
 SC_BOND=         5.4223  SC_ANGLE=        10.1417  SC_DIHED   =         3.2287
 SC_14NB=         5.5637  SC_14EEL=        53.0942  SC_VDW     =        -0.3704
 SC_EEL =         3.5760
 SC_RES_DIST=     0.0000  SC_RES_ANG=       0.0000  SC_RES_TORS=         0.0000
 SC_EEL_DER=     -5.4059  SC_VDW_DER=       1.4728  SC_DERIV   =        -3.9331
 ------------------------------------------------------------------------------


| TI region  2


 NSTEP =     3500   TIME(PS) =       3.500  TEMP(K) =   307.43  PRESS =     0.0
 Etot   =    -24017.9540  EKtot   =      6089.7704  EPtot      =    -30107.7243
 BOND   =         5.9472  ANGLE   =         4.4235  DIHED      =         6.1509
 1-4 NB =         3.9572  1-4 EEL =        20.6569  VDWAALS    =      4387.5343
 EELEC  =    -34536.3944  EHBOND  =         0.0000  RESTRAINT  =         0.0000
 EKCMT  =         0.0000  VIRIAL  =         0.0000  VOLUME     =    121848.1505
                                                    Density    =         0.8169
 DV/DL  =        -0.9866
 ------------------------------------------------------------------------------

  Softcore part of the system:      10 atoms,       TEMP(K)    =         188.79
 SC_Etot=        19.4055  SC_EKtot=         5.6273  SC_EPtot   =        13.7782
 SC_BOND=         1.9481  SC_ANGLE=        16.8857  SC_DIHED   =         1.7165
 SC_14NB=        -0.0019  SC_14EEL=        -2.6603  SC_VDW     =        -0.0185
 SC_EEL =        -4.0913
 SC_RES_DIST=     0.0000  SC_RES_ANG=       0.0000  SC_RES_TORS=         0.0000
 SC_EEL_DER=     -5.4059  SC_VDW_DER=       1.4728  SC_DERIV   =        -3.9331
 ------------------------------------------------------------------------------


| TI region  1


 NSTEP =     4000   TIME(PS) =       4.000  TEMP(K) =   314.98  PRESS =     0.0
 Etot   =    -23973.7276  EKtot   =      6239.2809  EPtot      =    -30213.0086
 BOND   =         6.0799  ANGLE   =         5.7081  DIHED      =         4.5897
 1-4 NB =         4.0606  1-4 EEL =        20.7681  VDWAALS    =      4879.5259
 EELEC  =    -35133.7409  EHBOND  =         0.0000  RESTRAINT  =         0.0000
 EKCMT  =         0.0000  VIRIAL  =         0.0000  VOLUME     =    120369.0691
                                                    Density    =         0.8273
 DV/DL  =        -2.4381
 ------------------------------------------------------------------------------

  Softcore part of the system:      10 atoms,       TEMP(K)    =         331.25
 SC_Etot=        89.9482  SC_EKtot=         9.8740  SC_EPtot   =        80.0742
 SC_BOND=         4.7190  SC_ANGLE=         8.0243  SC_DIHED   =         4.7460
 SC_14NB=         5.1612  SC_14EEL=        54.1821  SC_VDW     =        -0.3586
 SC_EEL =         3.6003
 SC_RES_DIST=     0.0000  SC_RES_ANG=       0.0000  SC_RES_TORS=         0.0000
 SC_EEL_DER=     -8.5104  SC_VDW_DER=       4.0312  SC_DERIV   =        -4.4792
 ------------------------------------------------------------------------------


| TI region  2


 NSTEP =     4000   TIME(PS) =       4.000  TEMP(K) =   314.98  PRESS =     0.0
 Etot   =    -23973.8774  EKtot   =      6239.1312  EPtot      =    -30213.0086
 BOND   =         6.0799  ANGLE   =         5.7081  DIHED      =         4.5897
 1-4 NB =         4.0606  1-4 EEL =        20.7681  VDWAALS    =      4879.5259
 EELEC  =    -35133.7409  EHBOND  =         0.0000  RESTRAINT  =         0.0000
 EKCMT  =         0.0000  VIRIAL  =         0.0000  VOLUME     =    120369.0691
                                                    Density    =         0.8269
 DV/DL  =        -2.4381
 ------------------------------------------------------------------------------

  Softcore part of the system:      10 atoms,       TEMP(K)    =         326.23
 SC_Etot=        30.3009  SC_EKtot=         9.7242  SC_EPtot   =        20.5767
 SC_BOND=         3.6717  SC_ANGLE=        17.2342  SC_DIHED   =         6.2650
 SC_14NB=         0.0317  SC_14EEL=        -2.5986  SC_VDW     =        -0.0695
 SC_EEL =        -3.9577
 SC_RES_DIST=     0.0000  SC_RES_ANG=       0.0000  SC_RES_TORS=         0.0000
 SC_EEL_DER=     -8.5104  SC_VDW_DER=       4.0312  SC_DERIV   =        -4.4792
 ------------------------------------------------------------------------------


| TI region  1


 NSTEP =     4500   TIME(PS) =       4.500  TEMP(K) =   311.42  PRESS =     0.0
 Etot   =    -24112.0517  EKtot   =      6168.8042  EPtot      =    -30280.8559
 BOND   =         4.6659  ANGLE   =         2.5774  DIHED      =         3.7480
 1-4 NB =         5.3676  1-4 EEL =        20.7710  VDWAALS    =      4469.8269
 EELEC  =    -34787.8127  EHBOND  =         0.0000  RESTRAINT  =         0.0000
 EKCMT  =         0.0000  VIRIAL  =         0.0000  VOLUME     =    117990.3351
                                                    Density    =         0.8440
 DV/DL  =        -2.9552
 ------------------------------------------------------------------------------

  Softcore part of the system:      10 atoms,       TEMP(K)    =         303.82
 SC_Etot=        86.4202  SC_EKtot=         9.0562  SC_EPtot   =        77.3640
 SC_BOND=         4.2791  SC_ANGLE=         9.5222  SC_DIHED   =         2.8158
 SC_14NB=         4.8131  SC_14EEL=        52.6307  SC_VDW     =        -0.3326
 SC_EEL =         3.6357
 SC_RES_DIST=     0.0000  SC_RES_ANG=       0.0000  SC_RES_TORS=         0.0000
 SC_EEL_DER=    -14.2086  SC_VDW_DER=      10.8064  SC_DERIV   =        -3.4022
 ------------------------------------------------------------------------------


| TI region  2


 NSTEP =     4500   TIME(PS) =       4.500  TEMP(K) =   311.40  PRESS =     0.0
 Etot   =    -24112.5099  EKtot   =      6168.3460  EPtot      =    -30280.8559
 BOND   =         4.6659  ANGLE   =         2.5774  DIHED      =         3.7480
 1-4 NB =         5.3676  1-4 EEL =        20.7710  VDWAALS    =      4469.8269
 EELEC  =    -34787.8127  EHBOND  =         0.0000  RESTRAINT  =         0.0000
 EKCMT  =         0.0000  VIRIAL  =         0.0000  VOLUME     =    117990.3351
                                                    Density    =         0.8436
 DV/DL  =        -2.9552
 ------------------------------------------------------------------------------

  Softcore part of the system:      10 atoms,       TEMP(K)    =         288.45
 SC_Etot=        33.9931  SC_EKtot=         8.5980  SC_EPtot   =        25.3951
 SC_BOND=         7.6936  SC_ANGLE=        20.7677  SC_DIHED   =         3.1377
 SC_14NB=        -0.1522  SC_14EEL=        -2.5279  SC_VDW     =        -0.1046
 SC_EEL =        -3.4193
 SC_RES_DIST=     0.0000  SC_RES_ANG=       0.0000  SC_RES_TORS=         0.0000
 SC_EEL_DER=    -14.2086  SC_VDW_DER=      10.8064  SC_DERIV   =        -3.4022
 ------------------------------------------------------------------------------


| TI region  1


 NSTEP =     5000   TIME(PS) =       5.000  TEMP(K) =   316.00  PRESS =     0.0
 Etot   =    -23958.0045  EKtot   =      6259.3487  EPtot      =    -30217.3532
 BOND   =         4.4494  ANGLE   =         6.4164  DIHED      =         3.4504
 1-4 NB =         5.3108  1-4 EEL =        21.1304  VDWAALS    =      4599.5686
 EELEC  =    -34857.6791  EHBOND  =         0.0000  RESTRAINT  =         0.0000
 EKCMT  =         0.0000  VIRIAL  =         0.0000  VOLUME     =    117990.3351
                                                    Density    =         0.8440
 DV/DL  =         3.4284
 ------------------------------------------------------------------------------

  Softcore part of the system:      10 atoms,       TEMP(K)    =         706.57
 SC_Etot=       101.8780  SC_EKtot=        21.0613  SC_EPtot   =        80.8167
 SC_BOND=         5.2716  SC_ANGLE=        12.0356  SC_DIHED   =         2.0696
 SC_14NB=         5.1170  SC_14EEL=        53.0145  SC_VDW     =        -0.3412
 SC_EEL =         3.6496
 SC_RES_DIST=     0.0000  SC_RES_ANG=       0.0000  SC_RES_TORS=         0.0000
 SC_EEL_DER=     -6.8472  SC_VDW_DER=       3.8683  SC_DERIV   =        -2.9789
 ------------------------------------------------------------------------------


| TI region  2


 NSTEP =     5000   TIME(PS) =       5.000  TEMP(K) =   315.56  PRESS =     0.0
 Etot   =    -23966.7127  EKtot   =      6250.6405  EPtot      =    -30217.3532
 BOND   =         4.4494  ANGLE   =         6.4164  DIHED      =         3.4504
 1-4 NB =         5.3108  1-4 EEL =        21.1304  VDWAALS    =      4599.5686
 EELEC  =    -34857.6791  EHBOND  =         0.0000  RESTRAINT  =         0.0000
 EKCMT  =         0.0000  VIRIAL  =         0.0000  VOLUME     =    117990.3351
                                                    Density    =         0.8436
 DV/DL  =         3.4284
 ------------------------------------------------------------------------------

  Softcore part of the system:      10 atoms,       TEMP(K)    =         414.42
 SC_Etot=        34.9560  SC_EKtot=        12.3531  SC_EPtot   =        22.6028
 SC_BOND=         2.4441  SC_ANGLE=        20.2684  SC_DIHED   =         6.8916
 SC_14NB=        -0.1526  SC_14EEL=        -3.0626  SC_VDW     =        -0.1043
 SC_EEL =        -3.6818
 SC_RES_DIST=     0.0000  SC_RES_ANG=       0.0000  SC_RES_TORS=         0.0000
 SC_EEL_DER=     -6.8472  SC_VDW_DER=       3.8683  SC_DERIV   =        -2.9789
 ------------------------------------------------------------------------------


| TI region  1


      A V E R A G E S   O V E R      10 S T E P S


 NSTEP =     5000   TIME(PS) =       5.000  TEMP(K) =   310.03  PRESS =     0.0
 Etot   =    -23932.5652  EKtot   =      6141.1382  EPtot      =    -30073.7033
 BOND   =         5.8313  ANGLE   =         5.2047  DIHED      =         3.6458
 1-4 NB =         4.2862  1-4 EEL =        21.0122  VDWAALS    =      4564.3669
 EELEC  =    -34678.0504  EHBOND  =         0.0000  RESTRAINT  =         0.0000
 EKCMT  =         0.0000  VIRIAL  =         0.0000  VOLUME     =    122818.5389
                                                    Density    =         0.8114
 DV/DL  =        -1.4682
 ------------------------------------------------------------------------------

  Softcore part of the system:      10 atoms,       TEMP(K)    =         389.79
 SC_Etot=        93.5141  SC_EKtot=        11.6188  SC_EPtot   =        81.8953
 SC_BOND=         5.7979  SC_ANGLE=        10.3604  SC_DIHED   =         4.3534
 SC_14NB=         4.9747  SC_14EEL=        53.1443  SC_VDW     =        -0.3533
 SC_EEL =         3.6179
 SC_RES_DIST=     0.0000  SC_RES_ANG=       0.0000  SC_RES_TORS=         0.0000
 SC_EEL_DER=     -7.3477  SC_VDW_DER=       3.1949  SC_DERIV   =        -4.1529
 ------------------------------------------------------------------------------


      R M S  F L U C T U A T I O N S


 NSTEP =     5000   TIME(PS) =       5.000  TEMP(K) =     5.22  PRESS =     0.0
 Etot   =       185.5222  EKtot   =       103.3677  EPtot      =       151.5886
 BOND   =         1.2020  ANGLE   =         1.2688  DIHED      =         1.1479
 1-4 NB =         0.7119  1-4 EEL =         0.2868  VDWAALS    =       179.3749
 EELEC  =       270.5237  EHBOND  =         0.0000  RESTRAINT  =         0.0000
 EKCMT  =         0.0000  VIRIAL  =         0.0000  VOLUME     =      3225.4240
                                                    Density    =         0.0214
 DV/DL  =         4.1970
 ------------------------------------------------------------------------------

  Softcore part of the system:      10 atoms,       TEMP(K)    =         112.27
 SC_Etot=         5.0180  SC_EKtot=         3.3466  SC_EPtot   =         3.9307
 SC_BOND=         2.1012  SC_ANGLE=         2.0209  SC_DIHED   =         2.1943
 SC_14NB=         0.5096  SC_14EEL=         0.5954  SC_VDW     =         0.0205
 SC_EEL =         0.0221
 SC_RES_DIST=     0.0000  SC_RES_ANG=       0.0000  SC_RES_TORS=         0.0000
 SC_EEL_DER=      3.1593  SC_VDW_DER=       2.9720  SC_DERIV   =         2.1857
 ------------------------------------------------------------------------------


| TI region  2


      A V E R A G E S   O V E R      10 S T E P S


 NSTEP =     5000   TIME(PS) =       5.000  TEMP(K) =   309.96  PRESS =     0.0
 Etot   =    -23933.9333  EKtot   =      6139.7700  EPtot      =    -30073.7033
 BOND   =         5.8313  ANGLE   =         5.2047  DIHED      =         3.6458
 1-4 NB =         4.2862  1-4 EEL =        21.0122  VDWAALS    =      4564.3669
 EELEC  =    -34678.0504  EHBOND  =         0.0000  RESTRAINT  =         0.0000
 EKCMT  =         0.0000  VIRIAL  =         0.0000  VOLUME     =    122818.5389
                                                    Density    =         0.8110
 DV/DL  =        -1.4682
 ------------------------------------------------------------------------------

  Softcore part of the system:      10 atoms,       TEMP(K)    =         343.89
 SC_Etot=        31.0193  SC_EKtot=        10.2506  SC_EPtot   =        20.7686
 SC_BOND=         4.3193  SC_ANGLE=        18.3528  SC_DIHED   =         4.8513
 SC_14NB=        -0.0093  SC_14EEL=        -2.7665  SC_VDW     =        -0.0051
 SC_EEL =        -3.9740
 SC_RES_DIST=     0.0000  SC_RES_ANG=       0.0000  SC_RES_TORS=         0.0000
 SC_EEL_DER=     -7.3477  SC_VDW_DER=       3.1949  SC_DERIV   =        -4.1529
 ------------------------------------------------------------------------------


      R M S  F L U C T U A T I O N S


 NSTEP =     5000   TIME(PS) =       5.000  TEMP(K) =     5.18  PRESS =     0.0
 Etot   =       185.7341  EKtot   =       102.6065  EPtot      =       151.5886
 BOND   =         1.2020  ANGLE   =         1.2688  DIHED      =         1.1479
 1-4 NB =         0.7119  1-4 EEL =         0.2868  VDWAALS    =       179.3749
 EELEC  =       270.5237  EHBOND  =         0.0000  RESTRAINT  =         0.0000
 EKCMT  =         0.0000  VIRIAL  =         0.0000  VOLUME     =      3225.4240
                                                    Density    =         0.0214
 DV/DL  =         4.1970
 ------------------------------------------------------------------------------

  Softcore part of the system:      10 atoms,       TEMP(K)    =          84.50
 SC_Etot=         4.6787  SC_EKtot=         2.5186  SC_EPtot   =         3.5524
 SC_BOND=         2.1512  SC_ANGLE=         2.4950  SC_DIHED   =         2.0948
 SC_14NB=         0.0995  SC_14EEL=         0.2202  SC_VDW     =         0.0875
 SC_EEL =         0.2924
 SC_RES_DIST=     0.0000  SC_RES_ANG=       0.0000  SC_RES_TORS=         0.0000
 SC_EEL_DER=      3.1593  SC_VDW_DER=       2.9720  SC_DERIV   =         2.1857
 ------------------------------------------------------------------------------


      DV/DL, AVERAGES OVER      10 STEPS


 NSTEP =     5000   TIME(PS) =       5.000  TEMP(K) =     5.18  PRESS =     0.0
 Etot   =         0.0000  EKtot   =         0.0000  EPtot      =         0.0000
 BOND   =         0.0000  ANGLE   =         0.0000  DIHED      =        -0.0002
 1-4 NB =        -0.5739  1-4 EEL =        17.4844  VDWAALS    =         2.0876
 EELEC  =       -16.3132  EHBOND  =         0.0000  RESTRAINT  =         0.0000
 EKCMT  =         0.0000  VIRIAL  =         0.0000  VOLUME     =         0.0000
                                                    Density    =         0.0000
 ------------------------------------------------------------------------------

| MC Barostat:         50 volume changes attempted.
| MC Barostat:         23 changes successful ( 46.00%)
 ------------------------------------------------------------------------------

--------------------------------------------------------------------------------
   5.  TIMINGS
--------------------------------------------------------------------------------

|  NonSetup CPU Time in Major Routines:
|
|     Routine           Sec        %
|     ------------------------------
|     Nonbond           0.81   32.09
|     Bond              0.00    0.00
|     Angle             0.00    0.00
|     Dihedral          0.00    0.00
|     Shake             0.02    0.91
|     RunMD             1.65   65.31
|     Other             0.04    1.69
|     ------------------------------
|     Total             2.53

|  PME Nonbond Pairlist CPU Time:
|
|     Routine              Sec        %
|     ---------------------------------
|     Set Up Cit           0.00    0.00
|     Build List           0.00    0.00
|     ---------------------------------
|     Total                0.00    0.00

|  PME Direct Force CPU Time:
|
|     Routine              Sec        %
|     ---------------------------------
|     NonBonded Calc       0.00    0.00
|     Exclude Masked       0.00    0.00
|     Other                0.01    0.34
|     ---------------------------------
|     Total                0.01    0.34

|  PME Reciprocal Force CPU Time:
|
|     Routine              Sec        %
|     ---------------------------------
|     1D bspline           0.00    0.00
|     Grid Charges         0.00    0.00
|     Scalar Sum           0.00    0.00
|     Gradient Sum         0.00    0.00
|     FFT                  0.00    0.00
|     ---------------------------------
|     Total                0.00    0.00

|  Final Performance Info:
|     -----------------------------------------------------
|     Average timings for last    5000 steps:
|     Elapsed(s) =       2.55 Per Step(ms) =       0.51
|         ns/day =     169.23   seconds/ns =     510.56
|
|     Average timings for all steps:
|     Elapsed(s) =       2.55 Per Step(ms) =       0.51
|         ns/day =     169.23   seconds/ns =     510.56
|     -----------------------------------------------------

|  Setup CPU time:            0.98 seconds
|  NonSetup CPU time:         2.53 seconds
|  Total CPU time:            3.51 seconds     0.00 hours

|  Setup wall time:           1    seconds
|  NonSetup wall time:        3    seconds
|  Total wall time:           4    seconds     0.00 hours
