
          -------------------------------------------------------
          Amber 20 PMEMD                              2020
          -------------------------------------------------------

| PMEMD implementation of SANDER, Release 18

|  Compiled date/time: Mon Apr 27 18:19:54 2020
| Run on 01/25/2022 at 16:20:13

|   Executable path: /cm/shared/apps/amber20/bin/pmemd.cuda
| Working directory: /data/bella/piezo/charmm-gui-4149384590/TI/1-dooku/ligand/concerted/t02/0.0000
|          Hostname: node001

  [-O]verwriting output

File Assignments:
|   MDIN: ti001.eq.in                                                           
|  MDOUT: ti001.eq.out                                                          
| INPCRD: ti001.min.rst7                                                        
|   PARM: ../concerted.parm7                                                    
| RESTRT: ti001.eq.rst7                                                         
|   REFC: refc                                                                  
|  MDVEL: mdvel                                                                 
|   MDEN: ti001.eq.en                                                           
|  MDCRD: ti001.eq.nc                                                           
| MDINFO: ti001.eq.info                                                         
|  MDFRC: mdfrc                                                                 


 Here is the input file:

Heating                                                                        
 &cntrl                                                                        
                                                                               
! simulation                                                                   
imin = 0,                 ! flag to run minization (0=false)                   
ntmin = 2,                ! mini algorithm. 2=steepest                         
nstlim = 5000,            ! number of MD steps                                 
irest = 0,                ! flag to restart simulation                         
ntx = 1,                  ! option to read from inpcrd file                    
ntxo = 1,                 ! read/write rst as formatted file                   
dt = 0.001,               ! timestep (1fs)                                     
ntb = 2,              ! specify PBC type                                       
                                                                               
! thermostate                                                                  
ntt = 3,                  ! switch for time scaling (3=Langevin)               
tempi = 1.0,                                                                   
temp0 = 310,            ! reference temperature (if ntt>0)                     
gamma_ln = 5.0,           ! collision frequency for ntt=3                      
ig = -1,                  ! seed for Random Number Generator (RNG) (use -1 with
! barostate                                                                    
ntp = 1,                  ! constant pressure dynamics (1=do scaling)          
barostat = 2,             ! barostat to use (2=Monte Carlo)                    
mcbarint = 100,           ! volume change attempt every n steps                
pres0 = 1.01325,          ! referenve pressure (in bars)                       
taup = 2.0,               ! pressure relation time (in ps)                     
                                                                               
! output                                                                       
ioutfm = 1,               ! film fromat (1=binary NetCDF)                      
iwrap = 0,                ! wrap coordination into primary box (1=do)          
ntwe = 1000,              ! write to .mden every n steps                       
ntwx = 1000,              ! write to .mdcrd every n steps                      
ntpr = 500,               ! write energies to .mdout/.mdinfo every n steps     
ntwr = 1000,              ! write rstrt file every n steps                     
                                                                               
! alchemical free energy                                                       
cut = 10.0                                                                     
ntc = 2,                  ! SHAKE bond length constraints (2=H-atom)           
ntf = 1,                  ! force evaluation (1=evalute all)                   
noshakemask = ':L0, L1',     ! remove SHAKE from perturbed regions             
                                                                               
icfe = 1,                 ! turn on free energy calculation                    
ifsc = 1,                 ! use softcore parameters (0=undo)                   
clambda = 0.0000,           ! current lambda                                   
timask1 = ':L0',           ! specify atoms unique to V_0                       
timask2 = ':L1',           ! specify atoms unique to V_1                       
scmask1 = ':L0@S2, C10, C11, H6, N3, C12, H7, C13, H8, N4',                    
                      ! specify the unique atoms for V0                        
scmask2 = ':L1@O, C11, C10, H11, C12, H13, C13, H14, N3, H12',                 
                      ! specify the unique atoms for V1                        
vlimit = 20                                                                    
 /                                                                             
 &ewald                                                                        
 /                                                                             
                                                                               
&wt type='TEMP0', istep1=1, istep2=5000, value1=1.0, value2=300 &end           
&wt type='END' &end                                                            


Note: ig = -1. Setting random seed to   544049 based on wallclock time in 
      microseconds.
| irandom = 1, using AMBER's internal random number generator (default).
 
|--------------------- INFORMATION ----------------------
| GPU (CUDA) Version of PMEMD in use: NVIDIA GPU IN USE.
|                    Version 18.0.0
| 
|                      03/25/2018
| 
| Implementation by:
|                    Ross C. Walker     (SDSC)
|                    Scott Le Grand     (nVIDIA)
| 
| Version 18 performance extensions by:
|                    David Cerutti     (Rutgers)
| 
| Precision model in use:
|      [SPFP] - Single Precision Forces, 64-bit Fixed Point
|               Accumulation. (Default)
| 
|--------------------------------------------------------
 
|----------------- CITATION INFORMATION -----------------
|
|    When publishing work that utilized the CUDA version
|    of AMBER, please cite the following in addition to
|    the regular AMBER citations:
|
|  - Romelia Salomon-Ferrer; Andreas W. Goetz; Duncan
|    Poole; Scott Le Grand; Ross C. Walker "Routine
|    microsecond molecular dynamics simulations with
|    AMBER - Part II: Particle Mesh Ewald", J. Chem.
|    Theory Comput., 2013, 9 (9), pp3878-3888,
|    DOI: 10.1021/ct400314y.
|
|  - Andreas W. Goetz; Mark J. Williamson; Dong Xu;
|    Duncan Poole; Scott Le Grand; Ross C. Walker
|    "Routine microsecond molecular dynamics simulations
|    with AMBER - Part I: Generalized Born", J. Chem.
|    Theory Comput., 2012, 8 (5), pp1542-1555.
|
|  - Scott Le Grand; Andreas W. Goetz; Ross C. Walker
|    "SPFP: Speed without compromise - a mixed precision
|    model for GPU accelerated molecular dynamics
|    simulations.", Comp. Phys. Comm., 2013, 184
|    pp374-380, DOI: 10.1016/j.cpc.2012.09.022
|
|    When publishing work that utilized the CUDA version
|    of TI, BAR, MBAR or FEP please cite the following 
|    publications in addition to the regular AMBER 
|    GPU citations:
|
|  - Daniel J. Mermelstein; Charles Lin; Gard Nelson; 
|    Rachael Kretsch; J. Andrew McCammon; Ross C. Walker
|    "Fast and Flexible GPU Accelerated Binding 
|    Free Energy Calculations within the AMBER Molecular
|    Dynamics Package" J. Comp. Chem., 2018,
|    DOI: 10.1002/jcc.25187
|
|  - Tai-Sung Lee; Yuan Hu; Brad Sherborne; Zhuyan Guo;
|    Darrin M. York
|    "Toward Fast and Accurate Binding Affinity Prediction with
|    pmemdGTI: An Efficient Implementation of GPU-Accelerated
|    Thermodynamic Integration"
|    J. Chem. Theory Comput., 2017, 13 (7), 3077
|
|
|--------------------------------------------------------
 
|------------------- GPU DEVICE INFO --------------------
|
|            CUDA_VISIBLE_DEVICES: 4
|   CUDA Capable Devices Detected:      1
|           CUDA Device ID in use:      0
|                CUDA Device Name: GeForce RTX 2080 Ti
|     CUDA Device Global Mem Size:  11019 MB
| CUDA Device Num Multiprocessors:     68
|           CUDA Device Core Freq:   1.54 GHz
|
|--------------------------------------------------------
 
 
| Conditional Compilation Defines Used:
| PUBFFT
| BINTRAJ
| CUDA
| EMIL

| Largest sphere to fit in unit cell has radius =    25.062

| New format PARM file being parsed.
| Version =    1.000 Date = 01/24/22 Time = 21:43:14

| Note: 1-4 EEL scale factors are being read from the topology file.

| Note: 1-4 VDW scale factors are being read from the topology file.
| Duplicated    0 dihedrals

| Duplicated    0 dihedrals

--------------------------------------------------------------------------------
   1.  RESOURCE   USE: 
--------------------------------------------------------------------------------

 getting new box info from bottom of inpcrd
 NATOM  =    9985 NTYPES =      13 NBONH =    9944 MBONA  =      45
 NTHETH =      36 MTHETA =      61 NPHIH =      66 MPHIA  =      91
 NHPARM =       0 NPARM  =       0 NNB   =   13505 NRES   =    3311
 NBONA  =      45 NTHETA =      61 NPHIA =      91 NUMBND =      22
 NUMANG =      36 NPTRA  =      11 NATYP =      16 NPHB   =       0
 IFBOX  =       1 NMXRS  =      29 IFCAP =       0 NEXTRA =       0
 NCOPY  =       0

| Coordinate Index Table dimensions:     9    9    9
| Direct force subcell size =     5.6395    5.6592    5.5693

     BOX TYPE: RECTILINEAR

--------------------------------------------------------------------------------
   2.  CONTROL  DATA  FOR  THE  RUN
--------------------------------------------------------------------------------

default_name                                                                    

General flags:
     imin    =       0, nmropt  =       0

Nature and format of input:
     ntx     =       1, irest   =       0, ntrx    =       1

Nature and format of output:
     ntxo    =       1, ntpr    =     500, ntrx    =       1, ntwr    =    1000
     iwrap   =       0, ntwx    =    1000, ntwv    =       0, ntwe    =    1000
     ioutfm  =       1, ntwprt  =       0, idecomp =       0, rbornstat=      0

Potential function:
     ntf     =       1, ntb     =       2, igb     =       0, nsnb    =      25
     ipol    =       0, gbsa    =       0, iesp    =       0
     dielc   =   1.00000, cut     =  10.00000, intdiel =   1.00000

Frozen or restrained atoms:
     ibelly  =       0, ntr     =       0

Molecular dynamics:
     nstlim  =      5000, nscm    =      1000, nrespa  =         1
     t       =   0.00000, dt      =   0.00100, vlimit  =  20.00000

Langevin dynamics temperature regulation:
     ig      =  544049
     temp0   = 310.00000, tempi   =   1.00000, gamma_ln=   5.00000

Pressure regulation:
     ntp     =       1
     pres0   =   1.01325, comp    =  44.60000, taup    =   2.00000
     Monte-Carlo Barostat:
     mcbarint  =     100

SHAKE:
     ntc     =       2, jfastw  =       0
     tol     =   0.00001

Free energy options:
     icfe    =       1, ifsc    =       1, klambda =       1
     clambda =  0.0000, scalpha =  0.5000, scbeta  = 12.0000
     sceeorder =       2
     dynlmb =  0.0000 logdvdl =       0

| Intermolecular bonds treatment:
|     no_intermolecular_bonds =       1

| Energy averages sample interval:
|     ene_avg_sampling =     500

Ewald parameters:
     verbose =       0, ew_type =       0, nbflag  =       1, use_pme =       1
     vdwmeth =       1, eedmeth =       1, netfrc  =       1
     Box X =   50.755   Box Y =   50.932   Box Z =   50.124
     Alpha =   90.000   Beta  =   90.000   Gamma =   90.000
     NFFT1 =   56       NFFT2 =   56       NFFT3 =   56
     Cutoff=   10.000   Tol   =0.100E-04
     Ewald Coefficient =  0.27511
     Interpolation order =    4
     TI Mask 1 :L0; matches     29 atoms
     TI Mask 2 :L1; matches     29 atoms
     TI region 1:    9956 atoms
     TI region 2:    9956 atoms
     SC Mask 1 :L0@S2, C10, C11, H6, N3, C12, H7, C13, H8, N4; matches     10 atoms
     SC Mask 2 :L1@O, C11, C10, H11, C12, H13, C13, H14, N3, H12; matches     10 atoms
 Noshake mask :L0, L1; matches      58 atoms.
| MONTE CARLO BAROSTAT IMPORTANT NOTE:
|   The Monte-Carlo barostat does not require the virial to adjust the system volume.
|   Since it is an expensive calculation, it is skipped for efficiency. A side-effect
|   is that the reported pressure is always 0 because it is not calculated.

--------------------------------------------------------------------------------
   3.  ATOMIC COORDINATES AND VELOCITIES
--------------------------------------------------------------------------------

default_name                                                                    
 begin time read from input coords =     0.000 ps

 
     Molecule     1 is partially softcore
     Molecule     2 is partially softcore
 Number of triangulated 3-point waters found:     3309
   Removing shake constraints from C13   L0    1 -- H8    L0    1
   Removing shake constraints from C12   L0    1 -- H7    L0    1
   Removing shake constraints from C11   L0    1 -- H6    L0    1
   Removing shake constraints from C7    L0    1 -- H4    L0    1
   Removing shake constraints from C7    L0    1 -- H5    L0    1
   Removing shake constraints from C4    L0    1 -- H3    L0    1
   Removing shake constraints from C3    L0    1 -- H2    L0    1
   Removing shake constraints from C2    L0    1 -- H1    L0    1
   Removing shake constraints from N3    L1    2 -- H12   L1    2
   Removing shake constraints from C13   L1    2 -- H14   L1    2
   Removing shake constraints from C12   L1    2 -- H13   L1    2
   Removing shake constraints from C10   L1    2 -- H11   L1    2
   Removing shake constraints from C7    L1    2 -- H4    L1    2
   Removing shake constraints from C7    L1    2 -- H5    L1    2
   Removing shake constraints from C4    L1    2 -- H3    L1    2
   Removing shake constraints from C3    L1    2 -- H2    L1    2
   Removing shake constraints from C2    L1    2 -- H1    L1    2
 Number of shake restraints removed in TI region  1 :        8
 Number of shake restraints removed in TI region  2 :        9

     Sum of charges for TI region  1 =   0.00200000
     Skip neutralizing charges...


     Sum of charges for TI region  2 =   0.00100000
     Skip neutralizing charges...

| Dynamic Memory, Types Used:
| Reals              653248
| Integers           420398

| Nonbonded Pairs Initial Allocation:     3020212

| GPU memory information (estimate):
| KB of GPU memory in use:     79398
| KB of CPU memory in use:     25158

--------------------------------------------------------------------------------
   4.  RESULTS
--------------------------------------------------------------------------------

   DOF for the SC part  1 of the system:   30
   DOF for the SC part  2 of the system:   30

| TI region  1


 NSTEP =        0   TIME(PS) =       0.000  TEMP(K) =     1.50  PRESS =     0.0
 Etot   =    -29225.4139  EKtot   =        29.6782  EPtot      =    -29255.0921
 BOND   =         0.2897  ANGLE   =         0.9145  DIHED      =         4.6263
 1-4 NB =         3.8973  1-4 EEL =         6.1752  VDWAALS    =      2063.9668
 EELEC  =    -31334.9619  EHBOND  =         0.0000  RESTRAINT  =         0.0000
 EKCMT  =         0.0000  VIRIAL  =         0.0000  VOLUME     =    129573.7139
                                                    Density    =         0.7686
 DV/DL  =         8.5777
 ------------------------------------------------------------------------------

  Softcore part of the system:      10 atoms,       TEMP(K)    =           2.85
 SC_Etot=        74.2138  SC_EKtot=         0.0851  SC_EPtot   =        74.1287
 SC_BOND=         3.2856  SC_ANGLE=         6.6664  SC_DIHED   =         2.5916
 SC_14NB=         4.9795  SC_14EEL=        53.3659  SC_VDW     =        -0.3638
 SC_EEL =         3.6035
 SC_RES_DIST=     0.0000  SC_RES_ANG=       0.0000  SC_RES_TORS=         0.0000
 SC_EEL_DER=     -0.0453  SC_VDW_DER=      -0.2893  SC_DERIV   =        -0.3346
 ------------------------------------------------------------------------------


| TI region  2


 NSTEP =        0   TIME(PS) =       0.000  TEMP(K) =     1.50  PRESS =     0.0
 Etot   =    -29225.4130  EKtot   =        29.6790  EPtot      =    -29255.0921
 BOND   =         0.2897  ANGLE   =         0.9145  DIHED      =         4.6263
 1-4 NB =         3.8973  1-4 EEL =         6.1752  VDWAALS    =      2063.9668
 EELEC  =    -31334.9619  EHBOND  =         0.0000  RESTRAINT  =         0.0000
 EKCMT  =         0.0000  VIRIAL  =         0.0000  VOLUME     =    129573.7139
                                                    Density    =         0.7682
 DV/DL  =         8.5777
 ------------------------------------------------------------------------------

  Softcore part of the system:      10 atoms,       TEMP(K)    =           2.87
 SC_Etot=        19.0746  SC_EKtot=         0.0854  SC_EPtot   =        18.9892
 SC_BOND=         1.4729  SC_ANGLE=        17.3600  SC_DIHED   =         7.1033
 SC_14NB=        -0.1756  SC_14EEL=        -2.9979  SC_VDW     =        -0.1054
 SC_EEL =        -3.6682
 SC_RES_DIST=     0.0000  SC_RES_ANG=       0.0000  SC_RES_TORS=         0.0000
 SC_EEL_DER=     -0.0453  SC_VDW_DER=      -0.2893  SC_DERIV   =        -0.3346
 ------------------------------------------------------------------------------


| TI region  1


 NSTEP =      500   TIME(PS) =       0.500  TEMP(K) =   294.31  PRESS =     0.0
 Etot   =    -24345.1837  EKtot   =      5829.8596  EPtot      =    -30175.0433
 BOND   =         5.3553  ANGLE   =         6.7125  DIHED      =         2.1829
 1-4 NB =         4.6127  1-4 EEL =         5.6812  VDWAALS    =      4635.5002
 EELEC  =    -34835.0881  EHBOND  =         0.0000  RESTRAINT  =         0.0000
 EKCMT  =         0.0000  VIRIAL  =         0.0000  VOLUME     =    127738.5789
                                                    Density    =         0.7796
 DV/DL  =        10.2441
 ------------------------------------------------------------------------------

  Softcore part of the system:      10 atoms,       TEMP(K)    =         322.96
 SC_Etot=        96.9707  SC_EKtot=         9.6267  SC_EPtot   =        87.3440
 SC_BOND=        13.0752  SC_ANGLE=         9.5263  SC_DIHED   =         4.9055
 SC_14NB=         4.2057  SC_14EEL=        52.3706  SC_VDW     =        -0.3372
 SC_EEL =         3.5978
 SC_RES_DIST=     0.0000  SC_RES_ANG=       0.0000  SC_RES_TORS=         0.0000
 SC_EEL_DER=      0.1059  SC_VDW_DER=      -0.3106  SC_DERIV   =        -0.2047
 ------------------------------------------------------------------------------


| TI region  2


 NSTEP =      500   TIME(PS) =       0.500  TEMP(K) =   294.38  PRESS =     0.0
 Etot   =    -24343.8599  EKtot   =      5831.1834  EPtot      =    -30175.0433
 BOND   =         5.3553  ANGLE   =         6.7125  DIHED      =         2.1829
 1-4 NB =         4.6127  1-4 EEL =         5.6812  VDWAALS    =      4635.5002
 EELEC  =    -34835.0881  EHBOND  =         0.0000  RESTRAINT  =         0.0000
 EKCMT  =         0.0000  VIRIAL  =         0.0000  VOLUME     =    127738.5789
                                                    Density    =         0.7792
 DV/DL  =        10.2441
 ------------------------------------------------------------------------------

  Softcore part of the system:      10 atoms,       TEMP(K)    =         367.37
 SC_Etot=        31.4178  SC_EKtot=        10.9505  SC_EPtot   =        20.4673
 SC_BOND=         5.1266  SC_ANGLE=        19.6796  SC_DIHED   =         2.5639
 SC_14NB=        -0.1205  SC_14EEL=        -3.0575  SC_VDW     =        -0.0895
 SC_EEL =        -3.6354
 SC_RES_DIST=     0.0000  SC_RES_ANG=       0.0000  SC_RES_TORS=         0.0000
 SC_EEL_DER=      0.1059  SC_VDW_DER=      -0.3106  SC_DERIV   =        -0.2047
 ------------------------------------------------------------------------------


| TI region  1


 NSTEP =     1000   TIME(PS) =       1.000  TEMP(K) =   310.57  PRESS =     0.0
 Etot   =    -23922.7462  EKtot   =      6151.8423  EPtot      =    -30074.5885
 BOND   =         8.3703  ANGLE   =         9.7199  DIHED      =         2.5247
 1-4 NB =         5.1808  1-4 EEL =         5.8317  VDWAALS    =      4666.5867
 EELEC  =    -34772.8026  EHBOND  =         0.0000  RESTRAINT  =         0.0000
 EKCMT  =         0.0000  VIRIAL  =         0.0000  VOLUME     =    125896.8596
                                                    Density    =         0.7910
 DV/DL  =        16.9396
 ------------------------------------------------------------------------------

  Softcore part of the system:      10 atoms,       TEMP(K)    =         293.24
 SC_Etot=        88.6114  SC_EKtot=         8.7407  SC_EPtot   =        79.8706
 SC_BOND=         8.0292  SC_ANGLE=         5.7613  SC_DIHED   =         4.6682
 SC_14NB=         5.0085  SC_14EEL=        53.1531  SC_VDW     =        -0.3434
 SC_EEL =         3.5937
 SC_RES_DIST=     0.0000  SC_RES_ANG=       0.0000  SC_RES_TORS=         0.0000
 SC_EEL_DER=      6.6765  SC_VDW_DER=      -2.3456  SC_DERIV   =         4.3310
 ------------------------------------------------------------------------------


| TI region  2


 NSTEP =     1000   TIME(PS) =       1.000  TEMP(K) =   310.53  PRESS =     0.0
 Etot   =    -23923.5963  EKtot   =      6150.9922  EPtot      =    -30074.5885
 BOND   =         8.3703  ANGLE   =         9.7199  DIHED      =         2.5247
 1-4 NB =         5.1808  1-4 EEL =         5.8317  VDWAALS    =      4666.5867
 EELEC  =    -34772.8026  EHBOND  =         0.0000  RESTRAINT  =         0.0000
 EKCMT  =         0.0000  VIRIAL  =         0.0000  VOLUME     =    125896.8596
                                                    Density    =         0.7906
 DV/DL  =        16.9396
 ------------------------------------------------------------------------------

  Softcore part of the system:      10 atoms,       TEMP(K)    =         264.71
 SC_Etot=        24.6892  SC_EKtot=         7.8906  SC_EPtot   =        16.7987
 SC_BOND=         3.5396  SC_ANGLE=        16.0539  SC_DIHED   =         3.9914
 SC_14NB=        -0.1642  SC_14EEL=        -3.1163  SC_VDW     =        -0.1016
 SC_EEL =        -3.4042
 SC_RES_DIST=     0.0000  SC_RES_ANG=       0.0000  SC_RES_TORS=         0.0000
 SC_EEL_DER=      6.6765  SC_VDW_DER=      -2.3456  SC_DERIV   =         4.3310
 ------------------------------------------------------------------------------


| TI region  1


 NSTEP =     1500   TIME(PS) =       1.500  TEMP(K) =   307.31  PRESS =     0.0
 Etot   =    -24027.5462  EKtot   =      6087.2140  EPtot      =    -30114.7601
 BOND   =         6.4051  ANGLE   =         4.4168  DIHED      =         3.3496
 1-4 NB =         5.4594  1-4 EEL =         6.0460  VDWAALS    =      4462.7532
 EELEC  =    -34603.1903  EHBOND  =         0.0000  RESTRAINT  =         0.0000
 EKCMT  =         0.0000  VIRIAL  =         0.0000  VOLUME     =    123621.6753
                                                    Density    =         0.8056
 DV/DL  =        34.5654
 ------------------------------------------------------------------------------

  Softcore part of the system:      10 atoms,       TEMP(K)    =         448.23
 SC_Etot=        93.0080  SC_EKtot=        13.3607  SC_EPtot   =        79.6473
 SC_BOND=         2.1348  SC_ANGLE=        10.4670  SC_DIHED   =         3.9807
 SC_14NB=         5.5126  SC_14EEL=        54.2270  SC_VDW     =        -0.3528
 SC_EEL =         3.6780
 SC_RES_DIST=     0.0000  SC_RES_ANG=       0.0000  SC_RES_TORS=         0.0000
 SC_EEL_DER=     26.2496  SC_VDW_DER=      -7.8146  SC_DERIV   =        18.4350
 ------------------------------------------------------------------------------


| TI region  2


 NSTEP =     1500   TIME(PS) =       1.500  TEMP(K) =   307.19  PRESS =     0.0
 Etot   =    -24029.8288  EKtot   =      6084.9313  EPtot      =    -30114.7601
 BOND   =         6.4051  ANGLE   =         4.4168  DIHED      =         3.3496
 1-4 NB =         5.4594  1-4 EEL =         6.0460  VDWAALS    =      4462.7532
 EELEC  =    -34603.1903  EHBOND  =         0.0000  RESTRAINT  =         0.0000
 EKCMT  =         0.0000  VIRIAL  =         0.0000  VOLUME     =    123621.6753
                                                    Density    =         0.8052
 DV/DL  =        34.5654
 ------------------------------------------------------------------------------

  Softcore part of the system:      10 atoms,       TEMP(K)    =         371.65
 SC_Etot=        33.8098  SC_EKtot=        11.0780  SC_EPtot   =        22.7318
 SC_BOND=         8.2589  SC_ANGLE=        18.5209  SC_DIHED   =         2.1249
 SC_14NB=        -0.0537  SC_14EEL=        -2.4255  SC_VDW     =        -0.1027
 SC_EEL =        -3.5910
 SC_RES_DIST=     0.0000  SC_RES_ANG=       0.0000  SC_RES_TORS=         0.0000
 SC_EEL_DER=     26.2496  SC_VDW_DER=      -7.8146  SC_DERIV   =        18.4350
 ------------------------------------------------------------------------------

| MC Barostat: Increasing size of volume moves

| TI region  1


 NSTEP =     2000   TIME(PS) =       2.000  TEMP(K) =   310.20  PRESS =     0.0
 Etot   =    -23956.8742  EKtot   =      6144.6215  EPtot      =    -30101.4956
 BOND   =         7.6294  ANGLE   =         6.9552  DIHED      =         2.0882
 1-4 NB =         3.5086  1-4 EEL =         6.6215  VDWAALS    =      4545.7440
 EELEC  =    -34674.0426  EHBOND  =         0.0000  RESTRAINT  =         0.0000
 EKCMT  =         0.0000  VIRIAL  =         0.0000  VOLUME     =    121581.9518
                                                    Density    =         0.8191
 DV/DL  =        36.7750
 ------------------------------------------------------------------------------

  Softcore part of the system:      10 atoms,       TEMP(K)    =         285.54
 SC_Etot=        95.7714  SC_EKtot=         8.5112  SC_EPtot   =        87.2602
 SC_BOND=         2.1124  SC_ANGLE=        18.9343  SC_DIHED   =         2.5616
 SC_14NB=         6.9834  SC_14EEL=        53.3778  SC_VDW     =        -0.3756
 SC_EEL =         3.6663
 SC_RES_DIST=     0.0000  SC_RES_ANG=       0.0000  SC_RES_TORS=         0.0000
 SC_EEL_DER=     19.4204  SC_VDW_DER=      -2.5127  SC_DERIV   =        16.9078
 ------------------------------------------------------------------------------


| TI region  2


 NSTEP =     2000   TIME(PS) =       2.000  TEMP(K) =   310.33  PRESS =     0.0
 Etot   =    -23954.3669  EKtot   =      6147.1287  EPtot      =    -30101.4956
 BOND   =         7.6294  ANGLE   =         6.9552  DIHED      =         2.0882
 1-4 NB =         3.5086  1-4 EEL =         6.6215  VDWAALS    =      4545.7440
 EELEC  =    -34674.0426  EHBOND  =         0.0000  RESTRAINT  =         0.0000
 EKCMT  =         0.0000  VIRIAL  =         0.0000  VOLUME     =    121581.9518
                                                    Density    =         0.8187
 DV/DL  =        36.7750
 ------------------------------------------------------------------------------

  Softcore part of the system:      10 atoms,       TEMP(K)    =         369.65
 SC_Etot=        28.2544  SC_EKtot=        11.0185  SC_EPtot   =        17.2359
 SC_BOND=         2.9540  SC_ANGLE=        17.0367  SC_DIHED   =         3.9411
 SC_14NB=        -0.0608  SC_14EEL=        -2.5900  SC_VDW     =        -0.0260
 SC_EEL =        -4.0189
 SC_RES_DIST=     0.0000  SC_RES_ANG=       0.0000  SC_RES_TORS=         0.0000
 SC_EEL_DER=     19.4204  SC_VDW_DER=      -2.5127  SC_DERIV   =        16.9078
 ------------------------------------------------------------------------------


| TI region  1


 NSTEP =     2500   TIME(PS) =       2.500  TEMP(K) =   308.48  PRESS =     0.0
 Etot   =    -23879.5306  EKtot   =      6110.4528  EPtot      =    -29989.9834
 BOND   =        14.7012  ANGLE   =         4.5766  DIHED      =         3.8018
 1-4 NB =         2.8340  1-4 EEL =         6.4217  VDWAALS    =      4322.3868
 EELEC  =    -34344.7054  EHBOND  =         0.0000  RESTRAINT  =         0.0000
 EKCMT  =         0.0000  VIRIAL  =         0.0000  VOLUME     =    120913.2592
                                                    Density    =         0.8236
 DV/DL  =        40.5870
 ------------------------------------------------------------------------------

  Softcore part of the system:      10 atoms,       TEMP(K)    =         258.20
 SC_Etot=        91.3246  SC_EKtot=         7.6964  SC_EPtot   =        83.6282
 SC_BOND=        10.4710  SC_ANGLE=        10.0889  SC_DIHED   =         3.4321
 SC_14NB=         3.8668  SC_14EEL=        52.5205  SC_VDW     =        -0.3234
 SC_EEL =         3.5722
 SC_RES_DIST=     0.0000  SC_RES_ANG=       0.0000  SC_RES_TORS=         0.0000
 SC_EEL_DER=     37.1820  SC_VDW_DER=     -17.4103  SC_DERIV   =        19.7717
 ------------------------------------------------------------------------------


| TI region  2


 NSTEP =     2500   TIME(PS) =       2.500  TEMP(K) =   308.55  PRESS =     0.0
 Etot   =    -23878.2125  EKtot   =      6111.7709  EPtot      =    -29989.9834
 BOND   =        14.7012  ANGLE   =         4.5766  DIHED      =         3.8018
 1-4 NB =         2.8340  1-4 EEL =         6.4217  VDWAALS    =      4322.3868
 EELEC  =    -34344.7054  EHBOND  =         0.0000  RESTRAINT  =         0.0000
 EKCMT  =         0.0000  VIRIAL  =         0.0000  VOLUME     =    120913.2592
                                                    Density    =         0.8232
 DV/DL  =        40.5870
 ------------------------------------------------------------------------------

  Softcore part of the system:      10 atoms,       TEMP(K)    =         302.42
 SC_Etot=        29.2389  SC_EKtot=         9.0146  SC_EPtot   =        20.2243
 SC_BOND=         3.1699  SC_ANGLE=        19.4711  SC_DIHED   =         4.7659
 SC_14NB=        -0.0278  SC_14EEL=        -3.0464  SC_VDW     =        -0.0258
 SC_EEL =        -4.0826
 SC_RES_DIST=     0.0000  SC_RES_ANG=       0.0000  SC_RES_TORS=         0.0000
 SC_EEL_DER=     37.1820  SC_VDW_DER=     -17.4103  SC_DERIV   =        19.7717
 ------------------------------------------------------------------------------


| TI region  1


 NSTEP =     3000   TIME(PS) =       3.000  TEMP(K) =   310.00  PRESS =     0.0
 Etot   =    -24058.6822  EKtot   =      6140.6469  EPtot      =    -30199.3291
 BOND   =         6.2123  ANGLE   =         4.7579  DIHED      =         2.2325
 1-4 NB =         5.1639  1-4 EEL =         6.2360  VDWAALS    =      4547.4767
 EELEC  =    -34771.4084  EHBOND  =         0.0000  RESTRAINT  =         0.0000
 EKCMT  =         0.0000  VIRIAL  =         0.0000  VOLUME     =    120163.4464
                                                    Density    =         0.8287
 DV/DL  =        34.8325
 ------------------------------------------------------------------------------

  Softcore part of the system:      10 atoms,       TEMP(K)    =         167.92
 SC_Etot=        84.2882  SC_EKtot=         5.0053  SC_EPtot   =        79.2829
 SC_BOND=         2.7935  SC_ANGLE=         5.9149  SC_DIHED   =         8.7339
 SC_14NB=         5.7972  SC_14EEL=        52.7511  SC_VDW     =        -0.3533
 SC_EEL =         3.6457
 SC_RES_DIST=     0.0000  SC_RES_ANG=       0.0000  SC_RES_TORS=         0.0000
 SC_EEL_DER=     23.7593  SC_VDW_DER=      -9.8715  SC_DERIV   =        13.8878
 ------------------------------------------------------------------------------


| TI region  2


 NSTEP =     3000   TIME(PS) =       3.000  TEMP(K) =   310.26  PRESS =     0.0
 Etot   =    -24053.5775  EKtot   =      6145.7516  EPtot      =    -30199.3291
 BOND   =         6.2123  ANGLE   =         4.7579  DIHED      =         2.2325
 1-4 NB =         5.1639  1-4 EEL =         6.2360  VDWAALS    =      4547.4767
 EELEC  =    -34771.4084  EHBOND  =         0.0000  RESTRAINT  =         0.0000
 EKCMT  =         0.0000  VIRIAL  =         0.0000  VOLUME     =    120163.4464
                                                    Density    =         0.8283
 DV/DL  =        34.8325
 ------------------------------------------------------------------------------

  Softcore part of the system:      10 atoms,       TEMP(K)    =         339.17
 SC_Etot=        30.9169  SC_EKtot=        10.1100  SC_EPtot   =        20.8069
 SC_BOND=         8.2630  SC_ANGLE=        17.6027  SC_DIHED   =         2.0435
 SC_14NB=         0.0260  SC_14EEL=        -3.0628  SC_VDW     =         0.1231
 SC_EEL =        -4.1887
 SC_RES_DIST=     0.0000  SC_RES_ANG=       0.0000  SC_RES_TORS=         0.0000
 SC_EEL_DER=     23.7593  SC_VDW_DER=      -9.8715  SC_DERIV   =        13.8878
 ------------------------------------------------------------------------------


| TI region  1


 NSTEP =     3500   TIME(PS) =       3.500  TEMP(K) =   313.16  PRESS =     0.0
 Etot   =    -24083.3014  EKtot   =      6203.2035  EPtot      =    -30286.5049
 BOND   =         9.8727  ANGLE   =         4.1493  DIHED      =         2.0304
 1-4 NB =         3.1521  1-4 EEL =         6.1293  VDWAALS    =      4392.0539
 EELEC  =    -34703.8926  EHBOND  =         0.0000  RESTRAINT  =         0.0000
 EKCMT  =         0.0000  VIRIAL  =         0.0000  VOLUME     =    118796.6996
                                                    Density    =         0.8383
 DV/DL  =        28.7480
 ------------------------------------------------------------------------------

  Softcore part of the system:      10 atoms,       TEMP(K)    =         173.83
 SC_Etot=        83.3344  SC_EKtot=         5.1816  SC_EPtot   =        78.1528
 SC_BOND=         2.7134  SC_ANGLE=         8.8547  SC_DIHED   =         4.4448
 SC_14NB=         5.8308  SC_14EEL=        53.0730  SC_VDW     =        -0.3909
 SC_EEL =         3.6269
 SC_RES_DIST=     0.0000  SC_RES_ANG=       0.0000  SC_RES_TORS=         0.0000
 SC_EEL_DER=     21.0608  SC_VDW_DER=     -10.0468  SC_DERIV   =        11.0140
 ------------------------------------------------------------------------------


| TI region  2


 NSTEP =     3500   TIME(PS) =       3.500  TEMP(K) =   313.43  PRESS =     0.0
 Etot   =    -24078.0340  EKtot   =      6208.4708  EPtot      =    -30286.5049
 BOND   =         9.8727  ANGLE   =         4.1493  DIHED      =         2.0304
 1-4 NB =         3.1521  1-4 EEL =         6.1293  VDWAALS    =      4392.0539
 EELEC  =    -34703.8926  EHBOND  =         0.0000  RESTRAINT  =         0.0000
 EKCMT  =         0.0000  VIRIAL  =         0.0000  VOLUME     =    118796.6996
                                                    Density    =         0.8379
 DV/DL  =        28.7480
 ------------------------------------------------------------------------------

  Softcore part of the system:      10 atoms,       TEMP(K)    =         350.54
 SC_Etot=        32.5427  SC_EKtot=        10.4489  SC_EPtot   =        22.0938
 SC_BOND=         1.8435  SC_ANGLE=        23.3272  SC_DIHED   =         3.6756
 SC_14NB=        -0.1360  SC_14EEL=        -2.7949  SC_VDW     =        -0.1025
 SC_EEL =        -3.7190
 SC_RES_DIST=     0.0000  SC_RES_ANG=       0.0000  SC_RES_TORS=         0.0000
 SC_EEL_DER=     21.0608  SC_VDW_DER=     -10.0468  SC_DERIV   =        11.0140
 ------------------------------------------------------------------------------


| TI region  1


 NSTEP =     4000   TIME(PS) =       4.000  TEMP(K) =   313.62  PRESS =     0.0
 Etot   =    -24313.7147  EKtot   =      6212.1895  EPtot      =    -30525.9042
 BOND   =         8.4924  ANGLE   =         3.9806  DIHED      =         2.0409
 1-4 NB =         3.9146  1-4 EEL =         7.6665  VDWAALS    =      4906.7024
 EELEC  =    -35458.7016  EHBOND  =         0.0000  RESTRAINT  =         0.0000
 EKCMT  =         0.0000  VIRIAL  =         0.0000  VOLUME     =    116509.5289
                                                    Density    =         0.8547
 DV/DL  =        39.3361
 ------------------------------------------------------------------------------

  Softcore part of the system:      10 atoms,       TEMP(K)    =         316.71
 SC_Etot=        95.1373  SC_EKtot=         9.4405  SC_EPtot   =        85.6968
 SC_BOND=         3.9801  SC_ANGLE=        11.1226  SC_DIHED   =         9.8481
 SC_14NB=         4.2162  SC_14EEL=        53.2424  SC_VDW     =        -0.3551
 SC_EEL =         3.6426
 SC_RES_DIST=     0.0000  SC_RES_ANG=       0.0000  SC_RES_TORS=         0.0000
 SC_EEL_DER=     46.6521  SC_VDW_DER=     -23.4769  SC_DERIV   =        23.1751
 ------------------------------------------------------------------------------


| TI region  2


 NSTEP =     4000   TIME(PS) =       4.000  TEMP(K) =   313.85  PRESS =     0.0
 Etot   =    -24309.1296  EKtot   =      6216.7746  EPtot      =    -30525.9042
 BOND   =         8.4924  ANGLE   =         3.9806  DIHED      =         2.0409
 1-4 NB =         3.9146  1-4 EEL =         7.6665  VDWAALS    =      4906.7024
 EELEC  =    -35458.7016  EHBOND  =         0.0000  RESTRAINT  =         0.0000
 EKCMT  =         0.0000  VIRIAL  =         0.0000  VOLUME     =    116509.5289
                                                    Density    =         0.8543
 DV/DL  =        39.3361
 ------------------------------------------------------------------------------

  Softcore part of the system:      10 atoms,       TEMP(K)    =         470.53
 SC_Etot=        27.6039  SC_EKtot=        14.0256  SC_EPtot   =        13.5783
 SC_BOND=         3.6185  SC_ANGLE=        13.2732  SC_DIHED   =         3.4503
 SC_14NB=        -0.0231  SC_14EEL=        -2.7901  SC_VDW     =        -0.0626
 SC_EEL =        -3.8878
 SC_RES_DIST=     0.0000  SC_RES_ANG=       0.0000  SC_RES_TORS=         0.0000
 SC_EEL_DER=     46.6521  SC_VDW_DER=     -23.4769  SC_DERIV   =        23.1751
 ------------------------------------------------------------------------------


| TI region  1


 NSTEP =     4500   TIME(PS) =       4.500  TEMP(K) =   310.54  PRESS =     0.0
 Etot   =    -24408.9508  EKtot   =      6151.3591  EPtot      =    -30560.3100
 BOND   =         5.9062  ANGLE   =         5.5885  DIHED      =         4.7109
 1-4 NB =         3.2081  1-4 EEL =         6.3455  VDWAALS    =      4350.2695
 EELEC  =    -34936.3386  EHBOND  =         0.0000  RESTRAINT  =         0.0000
 EKCMT  =         0.0000  VIRIAL  =         0.0000  VOLUME     =    116509.5289
                                                    Density    =         0.8547
 DV/DL  =        45.1386
 ------------------------------------------------------------------------------

  Softcore part of the system:      10 atoms,       TEMP(K)    =         264.38
 SC_Etot=        89.6217  SC_EKtot=         7.8806  SC_EPtot   =        81.7411
 SC_BOND=         3.2692  SC_ANGLE=        11.5004  SC_DIHED   =         6.0383
 SC_14NB=         4.1906  SC_14EEL=        53.5104  SC_VDW     =        -0.3827
 SC_EEL =         3.6149
 SC_RES_DIST=     0.0000  SC_RES_ANG=       0.0000  SC_RES_TORS=         0.0000
 SC_EEL_DER=     36.3175  SC_VDW_DER=      -8.4256  SC_DERIV   =        27.8918
 ------------------------------------------------------------------------------


| TI region  2


 NSTEP =     4500   TIME(PS) =       4.500  TEMP(K) =   310.54  PRESS =     0.0
 Etot   =    -24408.9384  EKtot   =      6151.3716  EPtot      =    -30560.3100
 BOND   =         5.9062  ANGLE   =         5.5885  DIHED      =         4.7109
 1-4 NB =         3.2081  1-4 EEL =         6.3455  VDWAALS    =      4350.2695
 EELEC  =    -34936.3386  EHBOND  =         0.0000  RESTRAINT  =         0.0000
 EKCMT  =         0.0000  VIRIAL  =         0.0000  VOLUME     =    116509.5289
                                                    Density    =         0.8543
 DV/DL  =        45.1386
 ------------------------------------------------------------------------------

  Softcore part of the system:      10 atoms,       TEMP(K)    =         264.80
 SC_Etot=        31.4288  SC_EKtot=         7.8930  SC_EPtot   =        23.5357
 SC_BOND=         5.5081  SC_ANGLE=        17.1373  SC_DIHED   =         7.6082
 SC_14NB=        -0.1288  SC_14EEL=        -2.8712  SC_VDW     =        -0.0955
 SC_EEL =        -3.6224
 SC_RES_DIST=     0.0000  SC_RES_ANG=       0.0000  SC_RES_TORS=         0.0000
 SC_EEL_DER=     36.3175  SC_VDW_DER=      -8.4256  SC_DERIV   =        27.8918
 ------------------------------------------------------------------------------


| TI region  1


 NSTEP =     5000   TIME(PS) =       5.000  TEMP(K) =   312.31  PRESS =     0.0
 Etot   =    -24234.0927  EKtot   =      6186.3454  EPtot      =    -30420.4380
 BOND   =         7.8903  ANGLE   =         3.8673  DIHED      =         2.9087
 1-4 NB =         4.0696  1-4 EEL =         6.7868  VDWAALS    =      4400.0945
 EELEC  =    -34846.0552  EHBOND  =         0.0000  RESTRAINT  =         0.0000
 EKCMT  =         0.0000  VIRIAL  =         0.0000  VOLUME     =    116133.4979
                                                    Density    =         0.8575
 DV/DL  =        36.2810
 ------------------------------------------------------------------------------

  Softcore part of the system:      10 atoms,       TEMP(K)    =         292.96
 SC_Etot=        93.5211  SC_EKtot=         8.7324  SC_EPtot   =        84.7887
 SC_BOND=         3.5737  SC_ANGLE=         8.2686  SC_DIHED   =        12.1053
 SC_14NB=         4.3790  SC_14EEL=        53.1958  SC_VDW     =        -0.3298
 SC_EEL =         3.5960
 SC_RES_DIST=     0.0000  SC_RES_ANG=       0.0000  SC_RES_TORS=         0.0000
 SC_EEL_DER=     24.2642  SC_VDW_DER=      -8.6636  SC_DERIV   =        15.6005
 ------------------------------------------------------------------------------


| TI region  2


 NSTEP =     5000   TIME(PS) =       5.000  TEMP(K) =   312.20  PRESS =     0.0
 Etot   =    -24236.2797  EKtot   =      6184.1584  EPtot      =    -30420.4380
 BOND   =         7.8903  ANGLE   =         3.8673  DIHED      =         2.9087
 1-4 NB =         4.0696  1-4 EEL =         6.7868  VDWAALS    =      4400.0945
 EELEC  =    -34846.0552  EHBOND  =         0.0000  RESTRAINT  =         0.0000
 EKCMT  =         0.0000  VIRIAL  =         0.0000  VOLUME     =    116133.4979
                                                    Density    =         0.8571
 DV/DL  =        36.2810
 ------------------------------------------------------------------------------

  Softcore part of the system:      10 atoms,       TEMP(K)    =         219.59
 SC_Etot=        26.0697  SC_EKtot=         6.5454  SC_EPtot   =        19.5243
 SC_BOND=         4.6153  SC_ANGLE=        18.2291  SC_DIHED   =         3.6220
 SC_14NB=        -0.1703  SC_14EEL=        -3.0297  SC_VDW     =        -0.1073
 SC_EEL =        -3.6348
 SC_RES_DIST=     0.0000  SC_RES_ANG=       0.0000  SC_RES_TORS=         0.0000
 SC_EEL_DER=     24.2642  SC_VDW_DER=      -8.6636  SC_DERIV   =        15.6005
 ------------------------------------------------------------------------------


| TI region  1


      A V E R A G E S   O V E R      10 S T E P S


 NSTEP =     5000   TIME(PS) =       5.000  TEMP(K) =   309.05  PRESS =     0.0
 Etot   =    -24123.0623  EKtot   =      6121.7735  EPtot      =    -30244.8357
 BOND   =         8.0835  ANGLE   =         5.4725  DIHED      =         2.7871
 1-4 NB =         4.1104  1-4 EEL =         6.3766  VDWAALS    =      4522.9568
 EELEC  =    -34794.6225  EHBOND  =         0.0000  RESTRAINT  =         0.0000
 EKCMT  =         0.0000  VIRIAL  =         0.0000  VOLUME     =    120786.5026
                                                    Density    =         0.8253
 DV/DL  =        32.3447
 ------------------------------------------------------------------------------

  Softcore part of the system:      10 atoms,       TEMP(K)    =         282.40
 SC_Etot=        91.1589  SC_EKtot=         8.4176  SC_EPtot   =        82.7413
 SC_BOND=         5.2153  SC_ANGLE=        10.0439  SC_DIHED   =         6.0719
 SC_14NB=         4.9991  SC_14EEL=        53.1422  SC_VDW     =        -0.3544
 SC_EEL =         3.6234
 SC_RES_DIST=     0.0000  SC_RES_ANG=       0.0000  SC_RES_TORS=         0.0000
 SC_EEL_DER=     24.1688  SC_VDW_DER=      -9.0878  SC_DERIV   =        15.0810
 ------------------------------------------------------------------------------


      R M S  F L U C T U A T I O N S


 NSTEP =     5000   TIME(PS) =       5.000  TEMP(K) =     5.25  PRESS =     0.0
 Etot   =       179.3455  EKtot   =       104.0045  EPtot      =       186.9325
 BOND   =         2.5689  ANGLE   =         1.7541  DIHED      =         0.8615
 1-4 NB =         0.8995  1-4 EEL =         0.5353  VDWAALS    =       169.5822
 EELEC  =       269.8565  EHBOND  =         0.0000  RESTRAINT  =         0.0000
 EKCMT  =         0.0000  VIRIAL  =         0.0000  VOLUME     =      3817.2909
                                                    Density    =         0.0258
 DV/DL  =        10.3220
 ------------------------------------------------------------------------------

  Softcore part of the system:      10 atoms,       TEMP(K)    =          75.08
 SC_Etot=         4.4406  SC_EKtot=         2.2378  SC_EPtot   =         3.2733
 SC_BOND=         3.6955  SC_ANGLE=         3.5033  SC_DIHED   =         2.9562
 SC_14NB=         0.9535  SC_14EEL=         0.5020  SC_VDW     =         0.0214
 SC_EEL =         0.0327
 SC_RES_DIST=     0.0000  SC_RES_ANG=       0.0000  SC_RES_TORS=         0.0000
 SC_EEL_DER=     13.2066  SC_VDW_DER=       6.6769  SC_DERIV   =         7.9603
 ------------------------------------------------------------------------------


| TI region  2


      A V E R A G E S   O V E R      10 S T E P S


 NSTEP =     5000   TIME(PS) =       5.000  TEMP(K) =   309.13  PRESS =     0.0
 Etot   =    -24121.5824  EKtot   =      6123.2534  EPtot      =    -30244.8357
 BOND   =         8.0835  ANGLE   =         5.4725  DIHED      =         2.7871
 1-4 NB =         4.1104  1-4 EEL =         6.3766  VDWAALS    =      4522.9568
 EELEC  =    -34794.6225  EHBOND  =         0.0000  RESTRAINT  =         0.0000
 EKCMT  =         0.0000  VIRIAL  =         0.0000  VOLUME     =    120786.5026
                                                    Density    =         0.8249
 DV/DL  =        32.3447
 ------------------------------------------------------------------------------

  Softcore part of the system:      10 atoms,       TEMP(K)    =         332.04
 SC_Etot=        29.5972  SC_EKtot=         9.8975  SC_EPtot   =        19.6997
 SC_BOND=         4.6897  SC_ANGLE=        18.0332  SC_DIHED   =         3.7787
 SC_14NB=        -0.0859  SC_14EEL=        -2.8784  SC_VDW     =        -0.0590
 SC_EEL =        -3.7785
 SC_RES_DIST=     0.0000  SC_RES_ANG=       0.0000  SC_RES_TORS=         0.0000
 SC_EEL_DER=     24.1688  SC_VDW_DER=      -9.0878  SC_DERIV   =        15.0810
 ------------------------------------------------------------------------------


      R M S  F L U C T U A T I O N S


 NSTEP =     5000   TIME(PS) =       5.000  TEMP(K) =     5.28  PRESS =     0.0
 Etot   =       179.3428  EKtot   =       104.5271  EPtot      =       186.9325
 BOND   =         2.5689  ANGLE   =         1.7541  DIHED      =         0.8615
 1-4 NB =         0.8995  1-4 EEL =         0.5353  VDWAALS    =       169.5822
 EELEC  =       269.8565  EHBOND  =         0.0000  RESTRAINT  =         0.0000
 EKCMT  =         0.0000  VIRIAL  =         0.0000  VOLUME     =      3817.2909
                                                    Density    =         0.0258
 DV/DL  =        10.3220
 ------------------------------------------------------------------------------

  Softcore part of the system:      10 atoms,       TEMP(K)    =          68.10
 SC_Etot=         2.7797  SC_EKtot=         2.0300  SC_EPtot   =         2.8934
 SC_BOND=         2.0559  SC_ANGLE=         2.4827  SC_DIHED   =         1.5191
 SC_14NB=         0.0635  SC_14EEL=         0.2184  SC_VDW     =         0.0675
 SC_EEL =         0.2397
 SC_RES_DIST=     0.0000  SC_RES_ANG=       0.0000  SC_RES_TORS=         0.0000
 SC_EEL_DER=     13.2066  SC_VDW_DER=       6.6769  SC_DERIV   =         7.9603
 ------------------------------------------------------------------------------


      DV/DL, AVERAGES OVER      10 STEPS


 NSTEP =     5000   TIME(PS) =       5.000  TEMP(K) =     5.28  PRESS =     0.0
 Etot   =         0.0000  EKtot   =         0.0000  EPtot      =         0.0000
 BOND   =         0.0000  ANGLE   =         0.0000  DIHED      =         0.0015
 1-4 NB =         0.3817  1-4 EEL =        16.9120  VDWAALS    =         0.7546
 EELEC  =        -0.7862  EHBOND  =         0.0000  RESTRAINT  =         0.0000
 EKCMT  =         0.0000  VIRIAL  =         0.0000  VOLUME     =         0.0000
                                                    Density    =         0.0000
 ------------------------------------------------------------------------------

| MC Barostat:         50 volume changes attempted.
| MC Barostat:         28 changes successful ( 56.00%)
 ------------------------------------------------------------------------------

--------------------------------------------------------------------------------
   5.  TIMINGS
--------------------------------------------------------------------------------

|  NonSetup CPU Time in Major Routines:
|
|     Routine           Sec        %
|     ------------------------------
|     Nonbond           0.89   36.49
|     Bond              0.00    0.00
|     Angle             0.00    0.00
|     Dihedral          0.00    0.00
|     Shake             0.02    1.00
|     RunMD             1.49   60.85
|     Other             0.04    1.66
|     ------------------------------
|     Total             2.45

|  PME Nonbond Pairlist CPU Time:
|
|     Routine              Sec        %
|     ---------------------------------
|     Set Up Cit           0.00    0.00
|     Build List           0.00    0.00
|     ---------------------------------
|     Total                0.00    0.00

|  PME Direct Force CPU Time:
|
|     Routine              Sec        %
|     ---------------------------------
|     NonBonded Calc       0.00    0.00
|     Exclude Masked       0.00    0.00
|     Other                0.01    0.31
|     ---------------------------------
|     Total                0.01    0.31

|  PME Reciprocal Force CPU Time:
|
|     Routine              Sec        %
|     ---------------------------------
|     1D bspline           0.00    0.00
|     Grid Charges         0.00    0.00
|     Scalar Sum           0.00    0.00
|     Gradient Sum         0.00    0.00
|     FFT                  0.00    0.00
|     ---------------------------------
|     Total                0.00    0.00

|  Final Performance Info:
|     -----------------------------------------------------
|     Average timings for last    5000 steps:
|     Elapsed(s) =       2.48 Per Step(ms) =       0.50
|         ns/day =     174.43   seconds/ns =     495.32
|
|     Average timings for all steps:
|     Elapsed(s) =       2.48 Per Step(ms) =       0.50
|         ns/day =     174.43   seconds/ns =     495.32
|     -----------------------------------------------------

|  Setup CPU time:            0.97 seconds
|  NonSetup CPU time:         2.45 seconds
|  Total CPU time:            3.42 seconds     0.00 hours

|  Setup wall time:           1    seconds
|  NonSetup wall time:        2    seconds
|  Total wall time:           3    seconds     0.00 hours
