
          -------------------------------------------------------
          Amber 20 PMEMD                              2020
          -------------------------------------------------------

| PMEMD implementation of SANDER, Release 18

|  Compiled date/time: Mon Apr 27 18:19:54 2020
| Run on 01/25/2022 at 16:40:39

|   Executable path: /cm/shared/apps/amber20/bin/pmemd.cuda
| Working directory: /data/bella/piezo/charmm-gui-4149384590/TI/1-dooku/ligand/concerted/t04/0.7937
|          Hostname: node002

  [-O]verwriting output

File Assignments:
|   MDIN: ti001.eq.in                                                           
|  MDOUT: ti001.eq.out                                                          
| INPCRD: ti001.min.rst7                                                        
|   PARM: ../concerted.parm7                                                    
| RESTRT: ti001.eq.rst7                                                         
|   REFC: refc                                                                  
|  MDVEL: mdvel                                                                 
|   MDEN: ti001.eq.en                                                           
|  MDCRD: ti001.eq.nc                                                           
| MDINFO: ti001.eq.info                                                         
|  MDFRC: mdfrc                                                                 


 Here is the input file:

Heating                                                                        
 &cntrl                                                                        
                                                                               
! simulation                                                                   
imin = 0,                 ! flag to run minization (0=false)                   
ntmin = 2,                ! mini algorithm. 2=steepest                         
nstlim = 5000,            ! number of MD steps                                 
irest = 0,                ! flag to restart simulation                         
ntx = 1,                  ! option to read from inpcrd file                    
ntxo = 1,                 ! read/write rst as formatted file                   
dt = 0.001,               ! timestep (1fs)                                     
ntb = 2,              ! specify PBC type                                       
                                                                               
! thermostate                                                                  
ntt = 3,                  ! switch for time scaling (3=Langevin)               
tempi = 1.0,                                                                   
temp0 = 310,            ! reference temperature (if ntt>0)                     
gamma_ln = 5.0,           ! collision frequency for ntt=3                      
ig = -1,                  ! seed for Random Number Generator (RNG) (use -1 with
! barostate                                                                    
ntp = 1,                  ! constant pressure dynamics (1=do scaling)          
barostat = 2,             ! barostat to use (2=Monte Carlo)                    
mcbarint = 100,           ! volume change attempt every n steps                
pres0 = 1.01325,          ! referenve pressure (in bars)                       
taup = 2.0,               ! pressure relation time (in ps)                     
                                                                               
! output                                                                       
ioutfm = 1,               ! film fromat (1=binary NetCDF)                      
iwrap = 0,                ! wrap coordination into primary box (1=do)          
ntwe = 1000,              ! write to .mden every n steps                       
ntwx = 1000,              ! write to .mdcrd every n steps                      
ntpr = 500,               ! write energies to .mdout/.mdinfo every n steps     
ntwr = 1000,              ! write rstrt file every n steps                     
                                                                               
! alchemical free energy                                                       
cut = 10.0                                                                     
ntc = 2,                  ! SHAKE bond length constraints (2=H-atom)           
ntf = 1,                  ! force evaluation (1=evalute all)                   
noshakemask = ':L0, L1',     ! remove SHAKE from perturbed regions             
                                                                               
icfe = 1,                 ! turn on free energy calculation                    
ifsc = 1,                 ! use softcore parameters (0=undo)                   
clambda = 0.7937,           ! current lambda                                   
timask1 = ':L0',           ! specify atoms unique to V_0                       
timask2 = ':L1',           ! specify atoms unique to V_1                       
scmask1 = ':L0@S2, C10, C11, H6, N3, C12, H7, C13, H8, N4',                    
                      ! specify the unique atoms for V0                        
scmask2 = ':L1@O, C11, C10, H11, C12, H13, C13, H14, N3, H12',                 
                      ! specify the unique atoms for V1                        
vlimit = 20                                                                    
 /                                                                             
 &ewald                                                                        
 /                                                                             
                                                                               
&wt type='TEMP0', istep1=1, istep2=5000, value1=1.0, value2=300 &end           
&wt type='END' &end                                                            


Note: ig = -1. Setting random seed to   124730 based on wallclock time in 
      microseconds.
| irandom = 1, using AMBER's internal random number generator (default).
 
|--------------------- INFORMATION ----------------------
| GPU (CUDA) Version of PMEMD in use: NVIDIA GPU IN USE.
|                    Version 18.0.0
| 
|                      03/25/2018
| 
| Implementation by:
|                    Ross C. Walker     (SDSC)
|                    Scott Le Grand     (nVIDIA)
| 
| Version 18 performance extensions by:
|                    David Cerutti     (Rutgers)
| 
| Precision model in use:
|      [SPFP] - Single Precision Forces, 64-bit Fixed Point
|               Accumulation. (Default)
| 
|--------------------------------------------------------
 
|----------------- CITATION INFORMATION -----------------
|
|    When publishing work that utilized the CUDA version
|    of AMBER, please cite the following in addition to
|    the regular AMBER citations:
|
|  - Romelia Salomon-Ferrer; Andreas W. Goetz; Duncan
|    Poole; Scott Le Grand; Ross C. Walker "Routine
|    microsecond molecular dynamics simulations with
|    AMBER - Part II: Particle Mesh Ewald", J. Chem.
|    Theory Comput., 2013, 9 (9), pp3878-3888,
|    DOI: 10.1021/ct400314y.
|
|  - Andreas W. Goetz; Mark J. Williamson; Dong Xu;
|    Duncan Poole; Scott Le Grand; Ross C. Walker
|    "Routine microsecond molecular dynamics simulations
|    with AMBER - Part I: Generalized Born", J. Chem.
|    Theory Comput., 2012, 8 (5), pp1542-1555.
|
|  - Scott Le Grand; Andreas W. Goetz; Ross C. Walker
|    "SPFP: Speed without compromise - a mixed precision
|    model for GPU accelerated molecular dynamics
|    simulations.", Comp. Phys. Comm., 2013, 184
|    pp374-380, DOI: 10.1016/j.cpc.2012.09.022
|
|    When publishing work that utilized the CUDA version
|    of TI, BAR, MBAR or FEP please cite the following 
|    publications in addition to the regular AMBER 
|    GPU citations:
|
|  - Daniel J. Mermelstein; Charles Lin; Gard Nelson; 
|    Rachael Kretsch; J. Andrew McCammon; Ross C. Walker
|    "Fast and Flexible GPU Accelerated Binding 
|    Free Energy Calculations within the AMBER Molecular
|    Dynamics Package" J. Comp. Chem., 2018,
|    DOI: 10.1002/jcc.25187
|
|  - Tai-Sung Lee; Yuan Hu; Brad Sherborne; Zhuyan Guo;
|    Darrin M. York
|    "Toward Fast and Accurate Binding Affinity Prediction with
|    pmemdGTI: An Efficient Implementation of GPU-Accelerated
|    Thermodynamic Integration"
|    J. Chem. Theory Comput., 2017, 13 (7), 3077
|
|
|--------------------------------------------------------
 
|------------------- GPU DEVICE INFO --------------------
|
|            CUDA_VISIBLE_DEVICES: 7
|   CUDA Capable Devices Detected:      1
|           CUDA Device ID in use:      0
|                CUDA Device Name: GeForce RTX 2080 Ti
|     CUDA Device Global Mem Size:  11019 MB
| CUDA Device Num Multiprocessors:     68
|           CUDA Device Core Freq:   1.54 GHz
|
|--------------------------------------------------------
 
 
| Conditional Compilation Defines Used:
| PUBFFT
| BINTRAJ
| CUDA
| EMIL

| Largest sphere to fit in unit cell has radius =    25.062

| New format PARM file being parsed.
| Version =    1.000 Date = 01/24/22 Time = 21:43:14

| Note: 1-4 EEL scale factors are being read from the topology file.

| Note: 1-4 VDW scale factors are being read from the topology file.
| Duplicated    0 dihedrals

| Duplicated    0 dihedrals

--------------------------------------------------------------------------------
   1.  RESOURCE   USE: 
--------------------------------------------------------------------------------

 getting new box info from bottom of inpcrd
 NATOM  =    9985 NTYPES =      13 NBONH =    9944 MBONA  =      45
 NTHETH =      36 MTHETA =      61 NPHIH =      66 MPHIA  =      91
 NHPARM =       0 NPARM  =       0 NNB   =   13505 NRES   =    3311
 NBONA  =      45 NTHETA =      61 NPHIA =      91 NUMBND =      22
 NUMANG =      36 NPTRA  =      11 NATYP =      16 NPHB   =       0
 IFBOX  =       1 NMXRS  =      29 IFCAP =       0 NEXTRA =       0
 NCOPY  =       0

| Coordinate Index Table dimensions:     9    9    9
| Direct force subcell size =     5.6395    5.6592    5.5693

     BOX TYPE: RECTILINEAR

--------------------------------------------------------------------------------
   2.  CONTROL  DATA  FOR  THE  RUN
--------------------------------------------------------------------------------

default_name                                                                    

General flags:
     imin    =       0, nmropt  =       0

Nature and format of input:
     ntx     =       1, irest   =       0, ntrx    =       1

Nature and format of output:
     ntxo    =       1, ntpr    =     500, ntrx    =       1, ntwr    =    1000
     iwrap   =       0, ntwx    =    1000, ntwv    =       0, ntwe    =    1000
     ioutfm  =       1, ntwprt  =       0, idecomp =       0, rbornstat=      0

Potential function:
     ntf     =       1, ntb     =       2, igb     =       0, nsnb    =      25
     ipol    =       0, gbsa    =       0, iesp    =       0
     dielc   =   1.00000, cut     =  10.00000, intdiel =   1.00000

Frozen or restrained atoms:
     ibelly  =       0, ntr     =       0

Molecular dynamics:
     nstlim  =      5000, nscm    =      1000, nrespa  =         1
     t       =   0.00000, dt      =   0.00100, vlimit  =  20.00000

Langevin dynamics temperature regulation:
     ig      =  124730
     temp0   = 310.00000, tempi   =   1.00000, gamma_ln=   5.00000

Pressure regulation:
     ntp     =       1
     pres0   =   1.01325, comp    =  44.60000, taup    =   2.00000
     Monte-Carlo Barostat:
     mcbarint  =     100

SHAKE:
     ntc     =       2, jfastw  =       0
     tol     =   0.00001

Free energy options:
     icfe    =       1, ifsc    =       1, klambda =       1
     clambda =  0.7937, scalpha =  0.5000, scbeta  = 12.0000
     sceeorder =       2
     dynlmb =  0.0000 logdvdl =       0

| Intermolecular bonds treatment:
|     no_intermolecular_bonds =       1

| Energy averages sample interval:
|     ene_avg_sampling =     500

Ewald parameters:
     verbose =       0, ew_type =       0, nbflag  =       1, use_pme =       1
     vdwmeth =       1, eedmeth =       1, netfrc  =       1
     Box X =   50.755   Box Y =   50.932   Box Z =   50.124
     Alpha =   90.000   Beta  =   90.000   Gamma =   90.000
     NFFT1 =   56       NFFT2 =   56       NFFT3 =   56
     Cutoff=   10.000   Tol   =0.100E-04
     Ewald Coefficient =  0.27511
     Interpolation order =    4
     TI Mask 1 :L0; matches     29 atoms
     TI Mask 2 :L1; matches     29 atoms
     TI region 1:    9956 atoms
     TI region 2:    9956 atoms
     SC Mask 1 :L0@S2, C10, C11, H6, N3, C12, H7, C13, H8, N4; matches     10 atoms
     SC Mask 2 :L1@O, C11, C10, H11, C12, H13, C13, H14, N3, H12; matches     10 atoms
 Noshake mask :L0, L1; matches      58 atoms.
| MONTE CARLO BAROSTAT IMPORTANT NOTE:
|   The Monte-Carlo barostat does not require the virial to adjust the system volume.
|   Since it is an expensive calculation, it is skipped for efficiency. A side-effect
|   is that the reported pressure is always 0 because it is not calculated.

--------------------------------------------------------------------------------
   3.  ATOMIC COORDINATES AND VELOCITIES
--------------------------------------------------------------------------------

default_name                                                                    
 begin time read from input coords =     0.000 ps

 
     Molecule     1 is partially softcore
     Molecule     2 is partially softcore
 Number of triangulated 3-point waters found:     3309
   Removing shake constraints from C13   L0    1 -- H8    L0    1
   Removing shake constraints from C12   L0    1 -- H7    L0    1
   Removing shake constraints from C11   L0    1 -- H6    L0    1
   Removing shake constraints from C7    L0    1 -- H4    L0    1
   Removing shake constraints from C7    L0    1 -- H5    L0    1
   Removing shake constraints from C4    L0    1 -- H3    L0    1
   Removing shake constraints from C3    L0    1 -- H2    L0    1
   Removing shake constraints from C2    L0    1 -- H1    L0    1
   Removing shake constraints from N3    L1    2 -- H12   L1    2
   Removing shake constraints from C13   L1    2 -- H14   L1    2
   Removing shake constraints from C12   L1    2 -- H13   L1    2
   Removing shake constraints from C10   L1    2 -- H11   L1    2
   Removing shake constraints from C7    L1    2 -- H4    L1    2
   Removing shake constraints from C7    L1    2 -- H5    L1    2
   Removing shake constraints from C4    L1    2 -- H3    L1    2
   Removing shake constraints from C3    L1    2 -- H2    L1    2
   Removing shake constraints from C2    L1    2 -- H1    L1    2
 Number of shake restraints removed in TI region  1 :        8
 Number of shake restraints removed in TI region  2 :        9

     Sum of charges for TI region  1 =   0.00200000
     Skip neutralizing charges...


     Sum of charges for TI region  2 =   0.00100000
     Skip neutralizing charges...

| Dynamic Memory, Types Used:
| Reals              653248
| Integers           420398

| Nonbonded Pairs Initial Allocation:     3020212

| GPU memory information (estimate):
| KB of GPU memory in use:     79398
| KB of CPU memory in use:     25158

--------------------------------------------------------------------------------
   4.  RESULTS
--------------------------------------------------------------------------------

   DOF for the SC part  1 of the system:   30
   DOF for the SC part  2 of the system:   30

| TI region  1


 NSTEP =        0   TIME(PS) =       0.000  TEMP(K) =     1.47  PRESS =     0.0
 Etot   =    -29220.4053  EKtot   =        29.1798  EPtot      =    -29249.5851
 BOND   =         0.2942  ANGLE   =         0.9325  DIHED      =         4.5774
 1-4 NB =         4.1335  1-4 EEL =        19.9099  VDWAALS    =      2065.2370
 EELEC  =    -31344.6696  EHBOND  =         0.0000  RESTRAINT  =         0.0000
 EKCMT  =         0.0000  VIRIAL  =         0.0000  VOLUME     =    129573.7139
                                                    Density    =         0.7686
 DV/DL  =         4.3073
 ------------------------------------------------------------------------------

  Softcore part of the system:      10 atoms,       TEMP(K)    =           2.83
 SC_Etot=        74.3181  SC_EKtot=         0.0844  SC_EPtot   =        74.2337
 SC_BOND=         3.2835  SC_ANGLE=         6.7470  SC_DIHED   =         2.5886
 SC_14NB=         5.0360  SC_14EEL=        53.3336  SC_VDW     =        -0.3642
 SC_EEL =         3.6091
 SC_RES_DIST=     0.0000  SC_RES_ANG=       0.0000  SC_RES_TORS=         0.0000
 SC_EEL_DER=     -2.3030  SC_VDW_DER=      -0.0825  SC_DERIV   =        -2.3856
 ------------------------------------------------------------------------------


| TI region  2


 NSTEP =        0   TIME(PS) =       0.000  TEMP(K) =     1.47  PRESS =     0.0
 Etot   =    -29220.3935  EKtot   =        29.1915  EPtot      =    -29249.5851
 BOND   =         0.2942  ANGLE   =         0.9325  DIHED      =         4.5774
 1-4 NB =         4.1335  1-4 EEL =        19.9099  VDWAALS    =      2065.2370
 EELEC  =    -31344.6696  EHBOND  =         0.0000  RESTRAINT  =         0.0000
 EKCMT  =         0.0000  VIRIAL  =         0.0000  VOLUME     =    129573.7139
                                                    Density    =         0.7682
 DV/DL  =         4.3073
 ------------------------------------------------------------------------------

  Softcore part of the system:      10 atoms,       TEMP(K)    =           3.39
 SC_Etot=        18.9837  SC_EKtot=         0.1012  SC_EPtot   =        18.8825
 SC_BOND=         1.4194  SC_ANGLE=        17.2366  SC_DIHED   =         7.1443
 SC_14NB=        -0.1784  SC_14EEL=        -2.9888  SC_VDW     =        -0.1069
 SC_EEL =        -3.6437
 SC_RES_DIST=     0.0000  SC_RES_ANG=       0.0000  SC_RES_TORS=         0.0000
 SC_EEL_DER=     -2.3030  SC_VDW_DER=      -0.0825  SC_DERIV   =        -2.3856
 ------------------------------------------------------------------------------


| TI region  1


 NSTEP =      500   TIME(PS) =       0.500  TEMP(K) =   298.56  PRESS =     0.0
 Etot   =    -24196.1259  EKtot   =      5913.9524  EPtot      =    -30110.0782
 BOND   =         3.9989  ANGLE   =         5.5547  DIHED      =         2.1360
 1-4 NB =         4.3282  1-4 EEL =        19.2969  VDWAALS    =      4694.0441
 EELEC  =    -34839.4370  EHBOND  =         0.0000  RESTRAINT  =         0.0000
 EKCMT  =         0.0000  VIRIAL  =         0.0000  VOLUME     =    128369.8528
                                                    Density    =         0.7758
 DV/DL  =         6.9873
 ------------------------------------------------------------------------------

  Softcore part of the system:      10 atoms,       TEMP(K)    =         276.83
 SC_Etot=        83.6974  SC_EKtot=         8.2518  SC_EPtot   =        75.4456
 SC_BOND=         2.3364  SC_ANGLE=         7.2056  SC_DIHED   =         2.9218
 SC_14NB=         6.0297  SC_14EEL=        53.6784  SC_VDW     =        -0.3650
 SC_EEL =         3.6386
 SC_RES_DIST=     0.0000  SC_RES_ANG=       0.0000  SC_RES_TORS=         0.0000
 SC_EEL_DER=     -0.8518  SC_VDW_DER=      -0.0816  SC_DERIV   =        -0.9334
 ------------------------------------------------------------------------------


| TI region  2


 NSTEP =      500   TIME(PS) =       0.500  TEMP(K) =   298.50  PRESS =     0.0
 Etot   =    -24197.3077  EKtot   =      5912.7706  EPtot      =    -30110.0782
 BOND   =         3.9989  ANGLE   =         5.5547  DIHED      =         2.1360
 1-4 NB =         4.3282  1-4 EEL =        19.2969  VDWAALS    =      4694.0441
 EELEC  =    -34839.4370  EHBOND  =         0.0000  RESTRAINT  =         0.0000
 EKCMT  =         0.0000  VIRIAL  =         0.0000  VOLUME     =    128369.8528
                                                    Density    =         0.7754
 DV/DL  =         6.9873
 ------------------------------------------------------------------------------

  Softcore part of the system:      10 atoms,       TEMP(K)    =         237.18
 SC_Etot=        26.3782  SC_EKtot=         7.0700  SC_EPtot   =        19.3082
 SC_BOND=         6.1113  SC_ANGLE=        17.4098  SC_DIHED   =         2.5256
 SC_14NB=        -0.1266  SC_14EEL=        -2.9244  SC_VDW     =        -0.0952
 SC_EEL =        -3.5924
 SC_RES_DIST=     0.0000  SC_RES_ANG=       0.0000  SC_RES_TORS=         0.0000
 SC_EEL_DER=     -0.8518  SC_VDW_DER=      -0.0816  SC_DERIV   =        -0.9334
 ------------------------------------------------------------------------------


| TI region  1


 NSTEP =     1000   TIME(PS) =       1.000  TEMP(K) =   313.78  PRESS =     0.0
 Etot   =    -23711.7278  EKtot   =      6215.5361  EPtot      =    -29927.2639
 BOND   =        10.1938  ANGLE   =         7.1034  DIHED      =         2.1561
 1-4 NB =         3.2259  1-4 EEL =        19.3309  VDWAALS    =      4649.4992
 EELEC  =    -34618.7732  EHBOND  =         0.0000  RESTRAINT  =         0.0000
 EKCMT  =         0.0000  VIRIAL  =         0.0000  VOLUME     =    126310.3552
                                                    Density    =         0.7884
 DV/DL  =         6.5308
 ------------------------------------------------------------------------------

  Softcore part of the system:      10 atoms,       TEMP(K)    =         251.69
 SC_Etot=        89.0888  SC_EKtot=         7.5024  SC_EPtot   =        81.5864
 SC_BOND=         7.0960  SC_ANGLE=         8.2419  SC_DIHED   =         4.5963
 SC_14NB=         4.8735  SC_14EEL=        53.5273  SC_VDW     =        -0.3783
 SC_EEL =         3.6298
 SC_RES_DIST=     0.0000  SC_RES_ANG=       0.0000  SC_RES_TORS=         0.0000
 SC_EEL_DER=     -1.9520  SC_VDW_DER=       0.6737  SC_DERIV   =        -1.2783
 ------------------------------------------------------------------------------


| TI region  2


 NSTEP =     1000   TIME(PS) =       1.000  TEMP(K) =   313.97  PRESS =     0.0
 Etot   =    -23707.9644  EKtot   =      6219.2995  EPtot      =    -29927.2639
 BOND   =        10.1938  ANGLE   =         7.1034  DIHED      =         2.1561
 1-4 NB =         3.2259  1-4 EEL =        19.3309  VDWAALS    =      4649.4992
 EELEC  =    -34618.7732  EHBOND  =         0.0000  RESTRAINT  =         0.0000
 EKCMT  =         0.0000  VIRIAL  =         0.0000  VOLUME     =    126310.3552
                                                    Density    =         0.7880
 DV/DL  =         6.5308
 ------------------------------------------------------------------------------

  Softcore part of the system:      10 atoms,       TEMP(K)    =         377.95
 SC_Etot=        33.2603  SC_EKtot=        11.2658  SC_EPtot   =        21.9945
 SC_BOND=         4.0963  SC_ANGLE=        19.1204  SC_DIHED   =         5.5013
 SC_14NB=         0.0021  SC_14EEL=        -2.6404  SC_VDW     =        -0.0191
 SC_EEL =        -4.0661
 SC_RES_DIST=     0.0000  SC_RES_ANG=       0.0000  SC_RES_TORS=         0.0000
 SC_EEL_DER=     -1.9520  SC_VDW_DER=       0.6737  SC_DERIV   =        -1.2783
 ------------------------------------------------------------------------------


| TI region  1


 NSTEP =     1500   TIME(PS) =       1.500  TEMP(K) =   310.13  PRESS =     0.0
 Etot   =    -23797.4856  EKtot   =      6143.1662  EPtot      =    -29940.6518
 BOND   =         6.8506  ANGLE   =         3.9278  DIHED      =         2.7253
 1-4 NB =         3.7591  1-4 EEL =        20.1651  VDWAALS    =      4735.3964
 EELEC  =    -34713.4761  EHBOND  =         0.0000  RESTRAINT  =         0.0000
 EKCMT  =         0.0000  VIRIAL  =         0.0000  VOLUME     =    123256.5455
                                                    Density    =         0.8079
 DV/DL  =         4.2706
 ------------------------------------------------------------------------------

  Softcore part of the system:      10 atoms,       TEMP(K)    =         325.18
 SC_Etot=        88.3933  SC_EKtot=         9.6930  SC_EPtot   =        78.7004
 SC_BOND=         9.6050  SC_ANGLE=         5.8720  SC_DIHED   =         2.4594
 SC_14NB=         4.3308  SC_14EEL=        53.2131  SC_VDW     =        -0.3383
 SC_EEL =         3.5583
 SC_RES_DIST=     0.0000  SC_RES_ANG=       0.0000  SC_RES_TORS=         0.0000
 SC_EEL_DER=     -5.3279  SC_VDW_DER=       4.3910  SC_DERIV   =        -0.9368
 ------------------------------------------------------------------------------


| TI region  2


 NSTEP =     1500   TIME(PS) =       1.500  TEMP(K) =   310.32  PRESS =     0.0
 Etot   =    -23793.7206  EKtot   =      6146.9313  EPtot      =    -29940.6518
 BOND   =         6.8506  ANGLE   =         3.9278  DIHED      =         2.7253
 1-4 NB =         3.7591  1-4 EEL =        20.1651  VDWAALS    =      4735.3964
 EELEC  =    -34713.4761  EHBOND  =         0.0000  RESTRAINT  =         0.0000
 EKCMT  =         0.0000  VIRIAL  =         0.0000  VOLUME     =    123256.5455
                                                    Density    =         0.8076
 DV/DL  =         4.2706
 ------------------------------------------------------------------------------

  Softcore part of the system:      10 atoms,       TEMP(K)    =         451.49
 SC_Etot=        33.4422  SC_EKtot=        13.4580  SC_EPtot   =        19.9842
 SC_BOND=         6.2984  SC_ANGLE=        17.9694  SC_DIHED   =         3.0815
 SC_14NB=        -0.1314  SC_14EEL=        -3.1807  SC_VDW     =        -0.0431
 SC_EEL =        -4.0099
 SC_RES_DIST=     0.0000  SC_RES_ANG=       0.0000  SC_RES_TORS=         0.0000
 SC_EEL_DER=     -5.3279  SC_VDW_DER=       4.3910  SC_DERIV   =        -0.9368
 ------------------------------------------------------------------------------


| TI region  1


 NSTEP =     2000   TIME(PS) =       2.000  TEMP(K) =   312.37  PRESS =     0.0
 Etot   =    -23947.1749  EKtot   =      6187.4541  EPtot      =    -30134.6291
 BOND   =         4.5305  ANGLE   =         5.9796  DIHED      =         4.7198
 1-4 NB =         4.0709  1-4 EEL =        19.6220  VDWAALS    =      4424.9366
 EELEC  =    -34598.4884  EHBOND  =         0.0000  RESTRAINT  =         0.0000
 EKCMT  =         0.0000  VIRIAL  =         0.0000  VOLUME     =    121821.0510
                                                    Density    =         0.8175
 DV/DL  =         3.9902
 ------------------------------------------------------------------------------

  Softcore part of the system:      10 atoms,       TEMP(K)    =         311.58
 SC_Etot=        84.4291  SC_EKtot=         9.2875  SC_EPtot   =        75.1416
 SC_BOND=         5.7974  SC_ANGLE=         5.9574  SC_DIHED   =         2.4194
 SC_14NB=         4.2765  SC_14EEL=        53.4290  SC_VDW     =        -0.3252
 SC_EEL =         3.5872
 SC_RES_DIST=     0.0000  SC_RES_ANG=       0.0000  SC_RES_TORS=         0.0000
 SC_EEL_DER=     -2.0579  SC_VDW_DER=       0.0206  SC_DERIV   =        -2.0373
 ------------------------------------------------------------------------------


| TI region  2


 NSTEP =     2000   TIME(PS) =       2.000  TEMP(K) =   312.31  PRESS =     0.0
 Etot   =    -23948.3672  EKtot   =      6186.2619  EPtot      =    -30134.6291
 BOND   =         4.5305  ANGLE   =         5.9796  DIHED      =         4.7198
 1-4 NB =         4.0709  1-4 EEL =        19.6220  VDWAALS    =      4424.9366
 EELEC  =    -34598.4884  EHBOND  =         0.0000  RESTRAINT  =         0.0000
 EKCMT  =         0.0000  VIRIAL  =         0.0000  VOLUME     =    121821.0510
                                                    Density    =         0.8171
 DV/DL  =         3.9902
 ------------------------------------------------------------------------------

  Softcore part of the system:      10 atoms,       TEMP(K)    =         271.58
 SC_Etot=        35.8235  SC_EKtot=         8.0953  SC_EPtot   =        27.7282
 SC_BOND=         6.4231  SC_ANGLE=        22.2746  SC_DIHED   =         5.8608
 SC_14NB=        -0.1573  SC_14EEL=        -3.0114  SC_VDW     =        -0.1059
 SC_EEL =        -3.5558
 SC_RES_DIST=     0.0000  SC_RES_ANG=       0.0000  SC_RES_TORS=         0.0000
 SC_EEL_DER=     -2.0579  SC_VDW_DER=       0.0206  SC_DERIV   =        -2.0373
 ------------------------------------------------------------------------------


| TI region  1


 NSTEP =     2500   TIME(PS) =       2.500  TEMP(K) =   307.56  PRESS =     0.0
 Etot   =    -24057.4843  EKtot   =      6092.3282  EPtot      =    -30149.8125
 BOND   =         5.3508  ANGLE   =         3.7407  DIHED      =         2.9038
 1-4 NB =         3.6664  1-4 EEL =        18.2849  VDWAALS    =      4385.7209
 EELEC  =    -34569.4800  EHBOND  =         0.0000  RESTRAINT  =         0.0000
 EKCMT  =         0.0000  VIRIAL  =         0.0000  VOLUME     =    121539.7615
                                                    Density    =         0.8194
 DV/DL  =         1.7605
 ------------------------------------------------------------------------------

  Softcore part of the system:      10 atoms,       TEMP(K)    =         228.54
 SC_Etot=        89.5726  SC_EKtot=         6.8122  SC_EPtot   =        82.7603
 SC_BOND=         6.4900  SC_ANGLE=         6.2590  SC_DIHED   =         7.3470
 SC_14NB=         5.0709  SC_14EEL=        54.2602  SC_VDW     =        -0.3342
 SC_EEL =         3.6673
 SC_RES_DIST=     0.0000  SC_RES_ANG=       0.0000  SC_RES_TORS=         0.0000
 SC_EEL_DER=     -2.3554  SC_VDW_DER=       0.7122  SC_DERIV   =        -1.6431
 ------------------------------------------------------------------------------


| TI region  2


 NSTEP =     2500   TIME(PS) =       2.500  TEMP(K) =   307.91  PRESS =     0.0
 Etot   =    -24050.7225  EKtot   =      6099.0900  EPtot      =    -30149.8125
 BOND   =         5.3508  ANGLE   =         3.7407  DIHED      =         2.9038
 1-4 NB =         3.6664  1-4 EEL =        18.2849  VDWAALS    =      4385.7209
 EELEC  =    -34569.4800  EHBOND  =         0.0000  RESTRAINT  =         0.0000
 EKCMT  =         0.0000  VIRIAL  =         0.0000  VOLUME     =    121539.7615
                                                    Density    =         0.8190
 DV/DL  =         1.7605
 ------------------------------------------------------------------------------

  Softcore part of the system:      10 atoms,       TEMP(K)    =         455.38
 SC_Etot=        36.2567  SC_EKtot=        13.5740  SC_EPtot   =        22.6826
 SC_BOND=         5.0381  SC_ANGLE=        17.7109  SC_DIHED   =         5.7727
 SC_14NB=        -0.0647  SC_14EEL=        -2.4513  SC_VDW     =        -0.1131
 SC_EEL =        -3.2100
 SC_RES_DIST=     0.0000  SC_RES_ANG=       0.0000  SC_RES_TORS=         0.0000
 SC_EEL_DER=     -2.3554  SC_VDW_DER=       0.7122  SC_DERIV   =        -1.6431
 ------------------------------------------------------------------------------


| TI region  1


 NSTEP =     3000   TIME(PS) =       3.000  TEMP(K) =   307.11  PRESS =     0.0
 Etot   =    -24127.7338  EKtot   =      6083.3866  EPtot      =    -30211.1203
 BOND   =         4.2473  ANGLE   =         6.9267  DIHED      =         4.3435
 1-4 NB =         5.4906  1-4 EEL =        18.9488  VDWAALS    =      4473.8155
 EELEC  =    -34724.8926  EHBOND  =         0.0000  RESTRAINT  =         0.0000
 EKCMT  =         0.0000  VIRIAL  =         0.0000  VOLUME     =    118970.3153
                                                    Density    =         0.8371
 DV/DL  =         1.8807
 ------------------------------------------------------------------------------

  Softcore part of the system:      10 atoms,       TEMP(K)    =         340.98
 SC_Etot=        89.1678  SC_EKtot=        10.1640  SC_EPtot   =        79.0038
 SC_BOND=         5.8423  SC_ANGLE=         8.9285  SC_DIHED   =         3.5532
 SC_14NB=         3.9463  SC_14EEL=        53.5179  SC_VDW     =        -0.3333
 SC_EEL =         3.5489
 SC_RES_DIST=     0.0000  SC_RES_ANG=       0.0000  SC_RES_TORS=         0.0000
 SC_EEL_DER=     -4.1531  SC_VDW_DER=       0.2842  SC_DERIV   =        -3.8689
 ------------------------------------------------------------------------------


| TI region  2


 NSTEP =     3000   TIME(PS) =       3.000  TEMP(K) =   306.84  PRESS =     0.0
 Etot   =    -24133.2250  EKtot   =      6077.8953  EPtot      =    -30211.1203
 BOND   =         4.2473  ANGLE   =         6.9267  DIHED      =         4.3435
 1-4 NB =         5.4906  1-4 EEL =        18.9488  VDWAALS    =      4473.8155
 EELEC  =    -34724.8926  EHBOND  =         0.0000  RESTRAINT  =         0.0000
 EKCMT  =         0.0000  VIRIAL  =         0.0000  VOLUME     =    118970.3153
                                                    Density    =         0.8366
 DV/DL  =         1.8807
 ------------------------------------------------------------------------------

  Softcore part of the system:      10 atoms,       TEMP(K)    =         156.76
 SC_Etot=        29.2000  SC_EKtot=         4.6727  SC_EPtot   =        24.5272
 SC_BOND=         2.6041  SC_ANGLE=        25.0855  SC_DIHED   =         3.4263
 SC_14NB=        -0.1496  SC_14EEL=        -2.8476  SC_VDW     =        -0.1091
 SC_EEL =        -3.4823
 SC_RES_DIST=     0.0000  SC_RES_ANG=       0.0000  SC_RES_TORS=         0.0000
 SC_EEL_DER=     -4.1531  SC_VDW_DER=       0.2842  SC_DERIV   =        -3.8689
 ------------------------------------------------------------------------------


| TI region  1


 NSTEP =     3500   TIME(PS) =       3.500  TEMP(K) =   308.85  PRESS =     0.0
 Etot   =    -24188.6974  EKtot   =      6117.7055  EPtot      =    -30306.4030
 BOND   =         5.5540  ANGLE   =         5.9050  DIHED      =         4.0894
 1-4 NB =         6.2554  1-4 EEL =        19.7190  VDWAALS    =      4585.5735
 EELEC  =    -34933.4993  EHBOND  =         0.0000  RESTRAINT  =         0.0000
 EKCMT  =         0.0000  VIRIAL  =         0.0000  VOLUME     =    117527.1753
                                                    Density    =         0.8473
 DV/DL  =         3.6844
 ------------------------------------------------------------------------------

  Softcore part of the system:      10 atoms,       TEMP(K)    =         379.00
 SC_Etot=        85.3469  SC_EKtot=        11.2971  SC_EPtot   =        74.0498
 SC_BOND=         5.2252  SC_ANGLE=         7.6278  SC_DIHED   =         0.7781
 SC_14NB=         4.6906  SC_14EEL=        52.4489  SC_VDW     =        -0.3437
 SC_EEL =         3.6229
 SC_RES_DIST=     0.0000  SC_RES_ANG=       0.0000  SC_RES_TORS=         0.0000
 SC_EEL_DER=     -3.4414  SC_VDW_DER=       0.5938  SC_DERIV   =        -2.8476
 ------------------------------------------------------------------------------


| TI region  2


 NSTEP =     3500   TIME(PS) =       3.500  TEMP(K) =   308.79  PRESS =     0.0
 Etot   =    -24189.7587  EKtot   =      6116.6443  EPtot      =    -30306.4030
 BOND   =         5.5540  ANGLE   =         5.9050  DIHED      =         4.0894
 1-4 NB =         6.2554  1-4 EEL =        19.7190  VDWAALS    =      4585.5735
 EELEC  =    -34933.4993  EHBOND  =         0.0000  RESTRAINT  =         0.0000
 EKCMT  =         0.0000  VIRIAL  =         0.0000  VOLUME     =    117527.1753
                                                    Density    =         0.8469
 DV/DL  =         3.6844
 ------------------------------------------------------------------------------

  Softcore part of the system:      10 atoms,       TEMP(K)    =         343.39
 SC_Etot=        33.0992  SC_EKtot=        10.2358  SC_EPtot   =        22.8633
 SC_BOND=         4.3226  SC_ANGLE=        23.4823  SC_DIHED   =         2.0961
 SC_14NB=        -0.1476  SC_14EEL=        -3.2579  SC_VDW     =        -0.0943
 SC_EEL =        -3.5379
 SC_RES_DIST=     0.0000  SC_RES_ANG=       0.0000  SC_RES_TORS=         0.0000
 SC_EEL_DER=     -3.4414  SC_VDW_DER=       0.5938  SC_DERIV   =        -2.8476
 ------------------------------------------------------------------------------


| TI region  1


 NSTEP =     4000   TIME(PS) =       4.000  TEMP(K) =   306.06  PRESS =     0.0
 Etot   =    -24173.3804  EKtot   =      6062.5479  EPtot      =    -30235.9282
 BOND   =         5.7402  ANGLE   =         5.1481  DIHED      =         5.3456
 1-4 NB =         4.9090  1-4 EEL =        18.5895  VDWAALS    =      4315.5016
 EELEC  =    -34591.1622  EHBOND  =         0.0000  RESTRAINT  =         0.0000
 EKCMT  =         0.0000  VIRIAL  =         0.0000  VOLUME     =    117267.8941
                                                    Density    =         0.8492
 DV/DL  =        -1.0272
 ------------------------------------------------------------------------------

  Softcore part of the system:      10 atoms,       TEMP(K)    =         317.26
 SC_Etot=        93.9879  SC_EKtot=         9.4569  SC_EPtot   =        84.5310
 SC_BOND=         7.6574  SC_ANGLE=        10.2769  SC_DIHED   =         2.9913
 SC_14NB=         6.2597  SC_14EEL=        54.0220  SC_VDW     =        -0.3818
 SC_EEL =         3.7055
 SC_RES_DIST=     0.0000  SC_RES_ANG=       0.0000  SC_RES_TORS=         0.0000
 SC_EEL_DER=     -5.6163  SC_VDW_DER=       2.1327  SC_DERIV   =        -3.4836
 ------------------------------------------------------------------------------


| TI region  2


 NSTEP =     4000   TIME(PS) =       4.000  TEMP(K) =   306.11  PRESS =     0.0
 Etot   =    -24172.4502  EKtot   =      6063.4781  EPtot      =    -30235.9282
 BOND   =         5.7402  ANGLE   =         5.1481  DIHED      =         5.3456
 1-4 NB =         4.9090  1-4 EEL =        18.5895  VDWAALS    =      4315.5016
 EELEC  =    -34591.1622  EHBOND  =         0.0000  RESTRAINT  =         0.0000
 EKCMT  =         0.0000  VIRIAL  =         0.0000  VOLUME     =    117267.8941
                                                    Density    =         0.8488
 DV/DL  =        -1.0272
 ------------------------------------------------------------------------------

  Softcore part of the system:      10 atoms,       TEMP(K)    =         348.47
 SC_Etot=        32.7781  SC_EKtot=        10.3871  SC_EPtot   =        22.3910
 SC_BOND=         7.7828  SC_ANGLE=        18.0853  SC_DIHED   =         3.6025
 SC_14NB=        -0.1043  SC_14EEL=        -3.2742  SC_VDW     =         0.0253
 SC_EEL =        -3.7266
 SC_RES_DIST=     0.0000  SC_RES_ANG=       0.0000  SC_RES_TORS=         0.0000
 SC_EEL_DER=     -5.6163  SC_VDW_DER=       2.1327  SC_DERIV   =        -3.4836
 ------------------------------------------------------------------------------


| TI region  1


 NSTEP =     4500   TIME(PS) =       4.500  TEMP(K) =   312.15  PRESS =     0.0
 Etot   =    -24235.9428  EKtot   =      6183.2251  EPtot      =    -30419.1679
 BOND   =         6.7378  ANGLE   =         6.9540  DIHED      =         4.7174
 1-4 NB =         3.9609  1-4 EEL =        20.0254  VDWAALS    =      4765.0276
 EELEC  =    -35226.5909  EHBOND  =         0.0000  RESTRAINT  =         0.0000
 EKCMT  =         0.0000  VIRIAL  =         0.0000  VOLUME     =    115569.2256
                                                    Density    =         0.8617
 DV/DL  =        -4.0916
 ------------------------------------------------------------------------------

  Softcore part of the system:      10 atoms,       TEMP(K)    =         236.91
 SC_Etot=        86.1383  SC_EKtot=         7.0619  SC_EPtot   =        79.0764
 SC_BOND=         6.1109  SC_ANGLE=         4.9854  SC_DIHED   =         4.6521
 SC_14NB=         6.3217  SC_14EEL=        53.7432  SC_VDW     =        -0.3706
 SC_EEL =         3.6336
 SC_RES_DIST=     0.0000  SC_RES_ANG=       0.0000  SC_RES_TORS=         0.0000
 SC_EEL_DER=     -6.0647  SC_VDW_DER=      -0.4175  SC_DERIV   =        -6.4822
 ------------------------------------------------------------------------------


| TI region  2


 NSTEP =     4500   TIME(PS) =       4.500  TEMP(K) =   312.33  PRESS =     0.0
 Etot   =    -24232.3631  EKtot   =      6186.8048  EPtot      =    -30419.1679
 BOND   =         6.7378  ANGLE   =         6.9540  DIHED      =         4.7174
 1-4 NB =         3.9609  1-4 EEL =        20.0254  VDWAALS    =      4765.0276
 EELEC  =    -35226.5909  EHBOND  =         0.0000  RESTRAINT  =         0.0000
 EKCMT  =         0.0000  VIRIAL  =         0.0000  VOLUME     =    115569.2256
                                                    Density    =         0.8613
 DV/DL  =        -4.0916
 ------------------------------------------------------------------------------

  Softcore part of the system:      10 atoms,       TEMP(K)    =         357.01
 SC_Etot=        32.7679  SC_EKtot=        10.6416  SC_EPtot   =        22.1263
 SC_BOND=         5.5163  SC_ANGLE=        19.3631  SC_DIHED   =         4.5238
 SC_14NB=        -0.0520  SC_14EEL=        -3.0642  SC_VDW     =        -0.0441
 SC_EEL =        -4.1166
 SC_RES_DIST=     0.0000  SC_RES_ANG=       0.0000  SC_RES_TORS=         0.0000
 SC_EEL_DER=     -6.0647  SC_VDW_DER=      -0.4175  SC_DERIV   =        -6.4822
 ------------------------------------------------------------------------------


| TI region  1


 NSTEP =     5000   TIME(PS) =       5.000  TEMP(K) =   310.39  PRESS =     0.0
 Etot   =    -24486.3741  EKtot   =      6148.2991  EPtot      =    -30634.6732
 BOND   =         7.1628  ANGLE   =        10.3441  DIHED      =         1.6722
 1-4 NB =         3.6875  1-4 EEL =        19.7199  VDWAALS    =      4514.0833
 EELEC  =    -35191.3430  EHBOND  =         0.0000  RESTRAINT  =         0.0000
 EKCMT  =         0.0000  VIRIAL  =         0.0000  VOLUME     =    114534.2137
                                                    Density    =         0.8695
 DV/DL  =         2.1798
 ------------------------------------------------------------------------------

  Softcore part of the system:      10 atoms,       TEMP(K)    =         288.19
 SC_Etot=        89.1379  SC_EKtot=         8.5904  SC_EPtot   =        80.5475
 SC_BOND=         4.3765  SC_ANGLE=         5.6817  SC_DIHED   =         7.9730
 SC_14NB=         5.0261  SC_14EEL=        54.2501  SC_VDW     =        -0.3598
 SC_EEL =         3.6000
 SC_RES_DIST=     0.0000  SC_RES_ANG=       0.0000  SC_RES_TORS=         0.0000
 SC_EEL_DER=     -4.3275  SC_VDW_DER=       1.3835  SC_DERIV   =        -2.9440
 ------------------------------------------------------------------------------


| TI region  2


 NSTEP =     5000   TIME(PS) =       5.000  TEMP(K) =   310.54  PRESS =     0.0
 Etot   =    -24483.4469  EKtot   =      6151.2263  EPtot      =    -30634.6732
 BOND   =         7.1628  ANGLE   =        10.3441  DIHED      =         1.6722
 1-4 NB =         3.6875  1-4 EEL =        19.7199  VDWAALS    =      4514.0833
 EELEC  =    -35191.3430  EHBOND  =         0.0000  RESTRAINT  =         0.0000
 EKCMT  =         0.0000  VIRIAL  =         0.0000  VOLUME     =    114534.2137
                                                    Density    =         0.8691
 DV/DL  =         2.1798
 ------------------------------------------------------------------------------

  Softcore part of the system:      10 atoms,       TEMP(K)    =         386.39
 SC_Etot=        31.5060  SC_EKtot=        11.5176  SC_EPtot   =        19.9884
 SC_BOND=         5.5862  SC_ANGLE=        16.4836  SC_DIHED   =         4.7822
 SC_14NB=        -0.1567  SC_14EEL=        -3.0460  SC_VDW     =        -0.0981
 SC_EEL =        -3.5629
 SC_RES_DIST=     0.0000  SC_RES_ANG=       0.0000  SC_RES_TORS=         0.0000
 SC_EEL_DER=     -4.3275  SC_VDW_DER=       1.3835  SC_DERIV   =        -2.9440
 ------------------------------------------------------------------------------


| TI region  1


      A V E R A G E S   O V E R      10 S T E P S


 NSTEP =     5000   TIME(PS) =       5.000  TEMP(K) =   308.70  PRESS =     0.0
 Etot   =    -24092.2127  EKtot   =      6114.7601  EPtot      =    -30206.9728
 BOND   =         6.0367  ANGLE   =         6.1584  DIHED      =         3.4809
 1-4 NB =         4.3354  1-4 EEL =        19.3702  VDWAALS    =      4554.3599
 EELEC  =    -34800.7143  EHBOND  =         0.0000  RESTRAINT  =         0.0000
 EKCMT  =         0.0000  VIRIAL  =         0.0000  VOLUME     =    120516.6390
                                                    Density    =         0.8274
 DV/DL  =         2.6166
 ------------------------------------------------------------------------------

  Softcore part of the system:      10 atoms,       TEMP(K)    =         295.62
 SC_Etot=        87.8960  SC_EKtot=         8.8117  SC_EPtot   =        79.0843
 SC_BOND=         6.0537  SC_ANGLE=         7.1036  SC_DIHED   =         3.9692
 SC_14NB=         5.0826  SC_14EEL=        53.6090  SC_VDW     =        -0.3530
 SC_EEL =         3.6192
 SC_RES_DIST=     0.0000  SC_RES_ANG=       0.0000  SC_RES_TORS=         0.0000
 SC_EEL_DER=     -3.6148  SC_VDW_DER=       0.9693  SC_DERIV   =        -2.6455
 ------------------------------------------------------------------------------


      R M S  F L U C T U A T I O N S


 NSTEP =     5000   TIME(PS) =       5.000  TEMP(K) =     4.12  PRESS =     0.0
 Etot   =       213.9751  EKtot   =        81.6122  EPtot      =       201.4323
 BOND   =         1.7355  ANGLE   =         1.7871  DIHED      =         1.2407
 1-4 NB =         0.8939  1-4 EEL =         0.5780  VDWAALS    =       147.3245
 EELEC  =       231.9120  EHBOND  =         0.0000  RESTRAINT  =         0.0000
 EKCMT  =         0.0000  VIRIAL  =         0.0000  VOLUME     =      4331.7910
                                                    Density    =         0.0294
 DV/DL  =         3.1612
 ------------------------------------------------------------------------------

  Softcore part of the system:      10 atoms,       TEMP(K)    =          45.71
 SC_Etot=         2.8981  SC_EKtot=         1.3624  SC_EPtot   =         3.2537
 SC_BOND=         1.8410  SC_ANGLE=         1.5822  SC_DIHED   =         2.1305
 SC_14NB=         0.8078  SC_14EEL=         0.5078  SC_VDW     =         0.0195
 SC_EEL =         0.0453
 SC_RES_DIST=     0.0000  SC_RES_ANG=       0.0000  SC_RES_TORS=         0.0000
 SC_EEL_DER=      1.6787  SC_VDW_DER=       1.3388  SC_DERIV   =         1.6169
 ------------------------------------------------------------------------------


| TI region  2


      A V E R A G E S   O V E R      10 S T E P S


 NSTEP =     5000   TIME(PS) =       5.000  TEMP(K) =   308.76  PRESS =     0.0
 Etot   =    -24090.9326  EKtot   =      6116.0402  EPtot      =    -30206.9728
 BOND   =         6.0367  ANGLE   =         6.1584  DIHED      =         3.4809
 1-4 NB =         4.3354  1-4 EEL =        19.3702  VDWAALS    =      4554.3599
 EELEC  =    -34800.7143  EHBOND  =         0.0000  RESTRAINT  =         0.0000
 EKCMT  =         0.0000  VIRIAL  =         0.0000  VOLUME     =    120516.6390
                                                    Density    =         0.8270
 DV/DL  =         2.6166
 ------------------------------------------------------------------------------

  Softcore part of the system:      10 atoms,       TEMP(K)    =         338.56
 SC_Etot=        32.4512  SC_EKtot=        10.0918  SC_EPtot   =        22.3594
 SC_BOND=         5.3780  SC_ANGLE=        19.6985  SC_DIHED   =         4.1173
 SC_14NB=        -0.1088  SC_14EEL=        -2.9698  SC_VDW     =        -0.0697
 SC_EEL =        -3.6861
 SC_RES_DIST=     0.0000  SC_RES_ANG=       0.0000  SC_RES_TORS=         0.0000
 SC_EEL_DER=     -3.6148  SC_VDW_DER=       0.9693  SC_DERIV   =        -2.6455
 ------------------------------------------------------------------------------


      R M S  F L U C T U A T I O N S


 NSTEP =     5000   TIME(PS) =       5.000  TEMP(K) =     4.18  PRESS =     0.0
 Etot   =       214.5990  EKtot   =        82.8357  EPtot      =       201.4323
 BOND   =         1.7355  ANGLE   =         1.7871  DIHED      =         1.2407
 1-4 NB =         0.8939  1-4 EEL =         0.5780  VDWAALS    =       147.3245
 EELEC  =       231.9120  EHBOND  =         0.0000  RESTRAINT  =         0.0000
 EKCMT  =         0.0000  VIRIAL  =         0.0000  VOLUME     =      4331.7910
                                                    Density    =         0.0294
 DV/DL  =         3.1612
 ------------------------------------------------------------------------------

  Softcore part of the system:      10 atoms,       TEMP(K)    =          88.61
 SC_Etot=         2.7652  SC_EKtot=         2.6413  SC_EPtot   =         2.3376
 SC_BOND=         1.3744  SC_ANGLE=         2.7484  SC_DIHED   =         1.2937
 SC_14NB=         0.0511  SC_14EEL=         0.2512  SC_VDW     =         0.0445
 SC_EEL =         0.2770
 SC_RES_DIST=     0.0000  SC_RES_ANG=       0.0000  SC_RES_TORS=         0.0000
 SC_EEL_DER=      1.6787  SC_VDW_DER=       1.3388  SC_DERIV   =         1.6169
 ------------------------------------------------------------------------------


      DV/DL, AVERAGES OVER      10 STEPS


 NSTEP =     5000   TIME(PS) =       5.000  TEMP(K) =     4.18  PRESS =     0.0
 Etot   =         0.0000  EKtot   =         0.0000  EPtot      =         0.0000
 BOND   =         0.0000  ANGLE   =         0.0000  DIHED      =        -0.0008
 1-4 NB =        -0.4941  1-4 EEL =        17.4192  VDWAALS    =         1.6381
 EELEC  =       -13.3003  EHBOND  =         0.0000  RESTRAINT  =         0.0000
 EKCMT  =         0.0000  VIRIAL  =         0.0000  VOLUME     =         0.0000
                                                    Density    =         0.0000
 ------------------------------------------------------------------------------

| MC Barostat:         50 volume changes attempted.
| MC Barostat:         27 changes successful ( 54.00%)
 ------------------------------------------------------------------------------

--------------------------------------------------------------------------------
   5.  TIMINGS
--------------------------------------------------------------------------------

|  NonSetup CPU Time in Major Routines:
|
|     Routine           Sec        %
|     ------------------------------
|     Nonbond           0.90   35.49
|     Bond              0.00    0.00
|     Angle             0.00    0.00
|     Dihedral          0.00    0.00
|     Shake             0.03    1.00
|     RunMD             1.57   61.71
|     Other             0.05    1.80
|     ------------------------------
|     Total             2.55

|  PME Nonbond Pairlist CPU Time:
|
|     Routine              Sec        %
|     ---------------------------------
|     Set Up Cit           0.00    0.00
|     Build List           0.00    0.00
|     ---------------------------------
|     Total                0.00    0.00

|  PME Direct Force CPU Time:
|
|     Routine              Sec        %
|     ---------------------------------
|     NonBonded Calc       0.00    0.00
|     Exclude Masked       0.00    0.00
|     Other                0.01    0.38
|     ---------------------------------
|     Total                0.01    0.38

|  PME Reciprocal Force CPU Time:
|
|     Routine              Sec        %
|     ---------------------------------
|     1D bspline           0.00    0.00
|     Grid Charges         0.00    0.00
|     Scalar Sum           0.00    0.00
|     Gradient Sum         0.00    0.00
|     FFT                  0.00    0.00
|     ---------------------------------
|     Total                0.00    0.00

|  Final Performance Info:
|     -----------------------------------------------------
|     Average timings for last    5000 steps:
|     Elapsed(s) =       2.58 Per Step(ms) =       0.52
|         ns/day =     167.68   seconds/ns =     515.26
|
|     Average timings for all steps:
|     Elapsed(s) =       2.58 Per Step(ms) =       0.52
|         ns/day =     167.68   seconds/ns =     515.26
|     -----------------------------------------------------

|  Setup CPU time:            0.93 seconds
|  NonSetup CPU time:         2.55 seconds
|  Total CPU time:            3.48 seconds     0.00 hours

|  Setup wall time:           1    seconds
|  NonSetup wall time:        3    seconds
|  Total wall time:           4    seconds     0.00 hours
