
          -------------------------------------------------------
          Amber 20 PMEMD                              2020
          -------------------------------------------------------

| PMEMD implementation of SANDER, Release 18

|  Compiled date/time: Mon Apr 27 18:19:54 2020
| Run on 01/25/2022 at 16:49:28

|   Executable path: /cm/shared/apps/amber20/bin/pmemd.cuda
| Working directory: /data/bella/piezo/charmm-gui-4149384590/TI/1-dooku/ligand/concerted/t03/1.0000
|          Hostname: node001

  [-O]verwriting output

File Assignments:
|   MDIN: ti001.eq.in                                                           
|  MDOUT: ti001.eq.out                                                          
| INPCRD: ti001.min.rst7                                                        
|   PARM: ../concerted.parm7                                                    
| RESTRT: ti001.eq.rst7                                                         
|   REFC: refc                                                                  
|  MDVEL: mdvel                                                                 
|   MDEN: ti001.eq.en                                                           
|  MDCRD: ti001.eq.nc                                                           
| MDINFO: ti001.eq.info                                                         
|  MDFRC: mdfrc                                                                 


 Here is the input file:

Heating                                                                        
 &cntrl                                                                        
                                                                               
! simulation                                                                   
imin = 0,                 ! flag to run minization (0=false)                   
ntmin = 2,                ! mini algorithm. 2=steepest                         
nstlim = 5000,            ! number of MD steps                                 
irest = 0,                ! flag to restart simulation                         
ntx = 1,                  ! option to read from inpcrd file                    
ntxo = 1,                 ! read/write rst as formatted file                   
dt = 0.001,               ! timestep (1fs)                                     
ntb = 2,              ! specify PBC type                                       
                                                                               
! thermostate                                                                  
ntt = 3,                  ! switch for time scaling (3=Langevin)               
tempi = 1.0,                                                                   
temp0 = 310,            ! reference temperature (if ntt>0)                     
gamma_ln = 5.0,           ! collision frequency for ntt=3                      
ig = -1,                  ! seed for Random Number Generator (RNG) (use -1 with
! barostate                                                                    
ntp = 1,                  ! constant pressure dynamics (1=do scaling)          
barostat = 2,             ! barostat to use (2=Monte Carlo)                    
mcbarint = 100,           ! volume change attempt every n steps                
pres0 = 1.01325,          ! referenve pressure (in bars)                       
taup = 2.0,               ! pressure relation time (in ps)                     
                                                                               
! output                                                                       
ioutfm = 1,               ! film fromat (1=binary NetCDF)                      
iwrap = 0,                ! wrap coordination into primary box (1=do)          
ntwe = 1000,              ! write to .mden every n steps                       
ntwx = 1000,              ! write to .mdcrd every n steps                      
ntpr = 500,               ! write energies to .mdout/.mdinfo every n steps     
ntwr = 1000,              ! write rstrt file every n steps                     
                                                                               
! alchemical free energy                                                       
cut = 10.0                                                                     
ntc = 2,                  ! SHAKE bond length constraints (2=H-atom)           
ntf = 1,                  ! force evaluation (1=evalute all)                   
noshakemask = ':L0, L1',     ! remove SHAKE from perturbed regions             
                                                                               
icfe = 1,                 ! turn on free energy calculation                    
ifsc = 1,                 ! use softcore parameters (0=undo)                   
clambda = 1.0000,           ! current lambda                                   
timask1 = ':L0',           ! specify atoms unique to V_0                       
timask2 = ':L1',           ! specify atoms unique to V_1                       
scmask1 = ':L0@S2, C10, C11, H6, N3, C12, H7, C13, H8, N4',                    
                      ! specify the unique atoms for V0                        
scmask2 = ':L1@O, C11, C10, H11, C12, H13, C13, H14, N3, H12',                 
                      ! specify the unique atoms for V1                        
vlimit = 20                                                                    
 /                                                                             
 &ewald                                                                        
 /                                                                             
                                                                               
&wt type='TEMP0', istep1=1, istep2=5000, value1=1.0, value2=300 &end           
&wt type='END' &end                                                            


Note: ig = -1. Setting random seed to   431303 based on wallclock time in 
      microseconds.
| irandom = 1, using AMBER's internal random number generator (default).
 
|--------------------- INFORMATION ----------------------
| GPU (CUDA) Version of PMEMD in use: NVIDIA GPU IN USE.
|                    Version 18.0.0
| 
|                      03/25/2018
| 
| Implementation by:
|                    Ross C. Walker     (SDSC)
|                    Scott Le Grand     (nVIDIA)
| 
| Version 18 performance extensions by:
|                    David Cerutti     (Rutgers)
| 
| Precision model in use:
|      [SPFP] - Single Precision Forces, 64-bit Fixed Point
|               Accumulation. (Default)
| 
|--------------------------------------------------------
 
|----------------- CITATION INFORMATION -----------------
|
|    When publishing work that utilized the CUDA version
|    of AMBER, please cite the following in addition to
|    the regular AMBER citations:
|
|  - Romelia Salomon-Ferrer; Andreas W. Goetz; Duncan
|    Poole; Scott Le Grand; Ross C. Walker "Routine
|    microsecond molecular dynamics simulations with
|    AMBER - Part II: Particle Mesh Ewald", J. Chem.
|    Theory Comput., 2013, 9 (9), pp3878-3888,
|    DOI: 10.1021/ct400314y.
|
|  - Andreas W. Goetz; Mark J. Williamson; Dong Xu;
|    Duncan Poole; Scott Le Grand; Ross C. Walker
|    "Routine microsecond molecular dynamics simulations
|    with AMBER - Part I: Generalized Born", J. Chem.
|    Theory Comput., 2012, 8 (5), pp1542-1555.
|
|  - Scott Le Grand; Andreas W. Goetz; Ross C. Walker
|    "SPFP: Speed without compromise - a mixed precision
|    model for GPU accelerated molecular dynamics
|    simulations.", Comp. Phys. Comm., 2013, 184
|    pp374-380, DOI: 10.1016/j.cpc.2012.09.022
|
|    When publishing work that utilized the CUDA version
|    of TI, BAR, MBAR or FEP please cite the following 
|    publications in addition to the regular AMBER 
|    GPU citations:
|
|  - Daniel J. Mermelstein; Charles Lin; Gard Nelson; 
|    Rachael Kretsch; J. Andrew McCammon; Ross C. Walker
|    "Fast and Flexible GPU Accelerated Binding 
|    Free Energy Calculations within the AMBER Molecular
|    Dynamics Package" J. Comp. Chem., 2018,
|    DOI: 10.1002/jcc.25187
|
|  - Tai-Sung Lee; Yuan Hu; Brad Sherborne; Zhuyan Guo;
|    Darrin M. York
|    "Toward Fast and Accurate Binding Affinity Prediction with
|    pmemdGTI: An Efficient Implementation of GPU-Accelerated
|    Thermodynamic Integration"
|    J. Chem. Theory Comput., 2017, 13 (7), 3077
|
|
|--------------------------------------------------------
 
|------------------- GPU DEVICE INFO --------------------
|
|            CUDA_VISIBLE_DEVICES: 3
|   CUDA Capable Devices Detected:      1
|           CUDA Device ID in use:      0
|                CUDA Device Name: GeForce RTX 2080 Ti
|     CUDA Device Global Mem Size:  11019 MB
| CUDA Device Num Multiprocessors:     68
|           CUDA Device Core Freq:   1.54 GHz
|
|--------------------------------------------------------
 
 
| Conditional Compilation Defines Used:
| PUBFFT
| BINTRAJ
| CUDA
| EMIL

| Largest sphere to fit in unit cell has radius =    25.062

| New format PARM file being parsed.
| Version =    1.000 Date = 01/24/22 Time = 21:43:14

| Note: 1-4 EEL scale factors are being read from the topology file.

| Note: 1-4 VDW scale factors are being read from the topology file.
| Duplicated    0 dihedrals

| Duplicated    0 dihedrals

--------------------------------------------------------------------------------
   1.  RESOURCE   USE: 
--------------------------------------------------------------------------------

 getting new box info from bottom of inpcrd
 NATOM  =    9985 NTYPES =      13 NBONH =    9944 MBONA  =      45
 NTHETH =      36 MTHETA =      61 NPHIH =      66 MPHIA  =      91
 NHPARM =       0 NPARM  =       0 NNB   =   13505 NRES   =    3311
 NBONA  =      45 NTHETA =      61 NPHIA =      91 NUMBND =      22
 NUMANG =      36 NPTRA  =      11 NATYP =      16 NPHB   =       0
 IFBOX  =       1 NMXRS  =      29 IFCAP =       0 NEXTRA =       0
 NCOPY  =       0

| Coordinate Index Table dimensions:     9    9    9
| Direct force subcell size =     5.6395    5.6592    5.5693

     BOX TYPE: RECTILINEAR

--------------------------------------------------------------------------------
   2.  CONTROL  DATA  FOR  THE  RUN
--------------------------------------------------------------------------------

default_name                                                                    

General flags:
     imin    =       0, nmropt  =       0

Nature and format of input:
     ntx     =       1, irest   =       0, ntrx    =       1

Nature and format of output:
     ntxo    =       1, ntpr    =     500, ntrx    =       1, ntwr    =    1000
     iwrap   =       0, ntwx    =    1000, ntwv    =       0, ntwe    =    1000
     ioutfm  =       1, ntwprt  =       0, idecomp =       0, rbornstat=      0

Potential function:
     ntf     =       1, ntb     =       2, igb     =       0, nsnb    =      25
     ipol    =       0, gbsa    =       0, iesp    =       0
     dielc   =   1.00000, cut     =  10.00000, intdiel =   1.00000

Frozen or restrained atoms:
     ibelly  =       0, ntr     =       0

Molecular dynamics:
     nstlim  =      5000, nscm    =      1000, nrespa  =         1
     t       =   0.00000, dt      =   0.00100, vlimit  =  20.00000

Langevin dynamics temperature regulation:
     ig      =  431303
     temp0   = 310.00000, tempi   =   1.00000, gamma_ln=   5.00000

Pressure regulation:
     ntp     =       1
     pres0   =   1.01325, comp    =  44.60000, taup    =   2.00000
     Monte-Carlo Barostat:
     mcbarint  =     100

SHAKE:
     ntc     =       2, jfastw  =       0
     tol     =   0.00001

Free energy options:
     icfe    =       1, ifsc    =       1, klambda =       1
     clambda =  1.0000, scalpha =  0.5000, scbeta  = 12.0000
     sceeorder =       2
     dynlmb =  0.0000 logdvdl =       0

| Intermolecular bonds treatment:
|     no_intermolecular_bonds =       1

| Energy averages sample interval:
|     ene_avg_sampling =     500

Ewald parameters:
     verbose =       0, ew_type =       0, nbflag  =       1, use_pme =       1
     vdwmeth =       1, eedmeth =       1, netfrc  =       1
     Box X =   50.755   Box Y =   50.932   Box Z =   50.124
     Alpha =   90.000   Beta  =   90.000   Gamma =   90.000
     NFFT1 =   56       NFFT2 =   56       NFFT3 =   56
     Cutoff=   10.000   Tol   =0.100E-04
     Ewald Coefficient =  0.27511
     Interpolation order =    4
     TI Mask 1 :L0; matches     29 atoms
     TI Mask 2 :L1; matches     29 atoms
     TI region 1:    9956 atoms
     TI region 2:    9956 atoms
     SC Mask 1 :L0@S2, C10, C11, H6, N3, C12, H7, C13, H8, N4; matches     10 atoms
     SC Mask 2 :L1@O, C11, C10, H11, C12, H13, C13, H14, N3, H12; matches     10 atoms
 Noshake mask :L0, L1; matches      58 atoms.
| MONTE CARLO BAROSTAT IMPORTANT NOTE:
|   The Monte-Carlo barostat does not require the virial to adjust the system volume.
|   Since it is an expensive calculation, it is skipped for efficiency. A side-effect
|   is that the reported pressure is always 0 because it is not calculated.

--------------------------------------------------------------------------------
   3.  ATOMIC COORDINATES AND VELOCITIES
--------------------------------------------------------------------------------

default_name                                                                    
 begin time read from input coords =     0.000 ps

 
     Molecule     1 is partially softcore
     Molecule     2 is partially softcore
 Number of triangulated 3-point waters found:     3309
   Removing shake constraints from C13   L0    1 -- H8    L0    1
   Removing shake constraints from C12   L0    1 -- H7    L0    1
   Removing shake constraints from C11   L0    1 -- H6    L0    1
   Removing shake constraints from C7    L0    1 -- H4    L0    1
   Removing shake constraints from C7    L0    1 -- H5    L0    1
   Removing shake constraints from C4    L0    1 -- H3    L0    1
   Removing shake constraints from C3    L0    1 -- H2    L0    1
   Removing shake constraints from C2    L0    1 -- H1    L0    1
   Removing shake constraints from N3    L1    2 -- H12   L1    2
   Removing shake constraints from C13   L1    2 -- H14   L1    2
   Removing shake constraints from C12   L1    2 -- H13   L1    2
   Removing shake constraints from C10   L1    2 -- H11   L1    2
   Removing shake constraints from C7    L1    2 -- H4    L1    2
   Removing shake constraints from C7    L1    2 -- H5    L1    2
   Removing shake constraints from C4    L1    2 -- H3    L1    2
   Removing shake constraints from C3    L1    2 -- H2    L1    2
   Removing shake constraints from C2    L1    2 -- H1    L1    2
 Number of shake restraints removed in TI region  1 :        8
 Number of shake restraints removed in TI region  2 :        9

     Sum of charges for TI region  1 =   0.00200000
     Skip neutralizing charges...


     Sum of charges for TI region  2 =   0.00100000
     Skip neutralizing charges...

| Dynamic Memory, Types Used:
| Reals              653248
| Integers           420398

| Nonbonded Pairs Initial Allocation:     3020212

| GPU memory information (estimate):
| KB of GPU memory in use:     79398
| KB of CPU memory in use:     25158

--------------------------------------------------------------------------------
   4.  RESULTS
--------------------------------------------------------------------------------

   DOF for the SC part  1 of the system:   30
   DOF for the SC part  2 of the system:   30

| TI region  1


 NSTEP =        0   TIME(PS) =       0.000  TEMP(K) =     1.50  PRESS =     0.0
 Etot   =    -29219.4019  EKtot   =        29.6399  EPtot      =    -29249.0418
 BOND   =         0.2963  ANGLE   =         0.9387  DIHED      =         4.5692
 1-4 NB =         4.1990  1-4 EEL =        23.4872  VDWAALS    =      2065.5363
 EELEC  =    -31348.0686  EHBOND  =         0.0000  RESTRAINT  =         0.0000
 EKCMT  =         0.0000  VIRIAL  =         0.0000  VOLUME     =    129573.7139
                                                    Density    =         0.7686
 DV/DL  =         1.2790
 ------------------------------------------------------------------------------

  Softcore part of the system:      10 atoms,       TEMP(K)    =           2.74
 SC_Etot=        74.3616  SC_EKtot=         0.0818  SC_EPtot   =        74.2798
 SC_BOND=         3.2821  SC_ANGLE=         6.7878  SC_DIHED   =         2.5892
 SC_14NB=         5.0493  SC_14EEL=        53.3253  SC_VDW     =        -0.3643
 SC_EEL =         3.6104
 SC_RES_DIST=     0.0000  SC_RES_ANG=       0.0000  SC_RES_TORS=         0.0000
 SC_EEL_DER=     -4.2786  SC_VDW_DER=      -0.1313  SC_DERIV   =        -4.4099
 ------------------------------------------------------------------------------


| TI region  2


 NSTEP =        0   TIME(PS) =       0.000  TEMP(K) =     1.50  PRESS =     0.0
 Etot   =    -29219.3936  EKtot   =        29.6483  EPtot      =    -29249.0418
 BOND   =         0.2963  ANGLE   =         0.9387  DIHED      =         4.5692
 1-4 NB =         4.1990  1-4 EEL =        23.4872  VDWAALS    =      2065.5363
 EELEC  =    -31348.0686  EHBOND  =         0.0000  RESTRAINT  =         0.0000
 EKCMT  =         0.0000  VIRIAL  =         0.0000  VOLUME     =    129573.7139
                                                    Density    =         0.7682
 DV/DL  =         1.2790
 ------------------------------------------------------------------------------

  Softcore part of the system:      10 atoms,       TEMP(K)    =           3.05
 SC_Etot=        18.9051  SC_EKtot=         0.0909  SC_EPtot   =        18.8142
 SC_BOND=         1.4136  SC_ANGLE=        17.1909  SC_DIHED   =         7.1372
 SC_14NB=        -0.1791  SC_14EEL=        -2.9929  SC_VDW     =        -0.1074
 SC_EEL =        -3.6480
 SC_RES_DIST=     0.0000  SC_RES_ANG=       0.0000  SC_RES_TORS=         0.0000
 SC_EEL_DER=     -4.2786  SC_VDW_DER=      -0.1313  SC_DERIV   =        -4.4099
 ------------------------------------------------------------------------------


| TI region  1


 NSTEP =      500   TIME(PS) =       0.500  TEMP(K) =   297.84  PRESS =     0.0
 Etot   =    -24155.2723  EKtot   =      5899.7940  EPtot      =    -30055.0663
 BOND   =         6.5431  ANGLE   =         5.3050  DIHED      =         1.5028
 1-4 NB =         5.0025  1-4 EEL =        23.1447  VDWAALS    =      4714.8303
 EELEC  =    -34811.3948  EHBOND  =         0.0000  RESTRAINT  =         0.0000
 EKCMT  =         0.0000  VIRIAL  =         0.0000  VOLUME     =    129301.9371
                                                    Density    =         0.7702
 DV/DL  =        -3.8468
 ------------------------------------------------------------------------------

  Softcore part of the system:      10 atoms,       TEMP(K)    =         237.47
 SC_Etot=        88.5450  SC_EKtot=         7.0785  SC_EPtot   =        81.4665
 SC_BOND=         4.0537  SC_ANGLE=        12.0345  SC_DIHED   =         3.0073
 SC_14NB=         5.2089  SC_14EEL=        53.9181  SC_VDW     =        -0.3527
 SC_EEL =         3.5967
 SC_RES_DIST=     0.0000  SC_RES_ANG=       0.0000  SC_RES_TORS=         0.0000
 SC_EEL_DER=     -7.4091  SC_VDW_DER=       0.6196  SC_DERIV   =        -6.7895
 ------------------------------------------------------------------------------


| TI region  2


 NSTEP =      500   TIME(PS) =       0.500  TEMP(K) =   297.92  PRESS =     0.0
 Etot   =    -24153.7403  EKtot   =      5901.3260  EPtot      =    -30055.0663
 BOND   =         6.5431  ANGLE   =         5.3050  DIHED      =         1.5028
 1-4 NB =         5.0025  1-4 EEL =        23.1447  VDWAALS    =      4714.8303
 EELEC  =    -34811.3948  EHBOND  =         0.0000  RESTRAINT  =         0.0000
 EKCMT  =         0.0000  VIRIAL  =         0.0000  VOLUME     =    129301.9371
                                                    Density    =         0.7698
 DV/DL  =        -3.8468
 ------------------------------------------------------------------------------

  Softcore part of the system:      10 atoms,       TEMP(K)    =         288.87
 SC_Etot=        27.9157  SC_EKtot=         8.6106  SC_EPtot   =        19.3051
 SC_BOND=         5.2229  SC_ANGLE=        16.0607  SC_DIHED   =         5.0336
 SC_14NB=        -0.0344  SC_14EEL=        -2.8566  SC_VDW     =        -0.0626
 SC_EEL =        -4.0584
 SC_RES_DIST=     0.0000  SC_RES_ANG=       0.0000  SC_RES_TORS=         0.0000
 SC_EEL_DER=     -7.4091  SC_VDW_DER=       0.6196  SC_DERIV   =        -6.7895
 ------------------------------------------------------------------------------


| TI region  1


 NSTEP =     1000   TIME(PS) =       1.000  TEMP(K) =   313.18  PRESS =     0.0
 Etot   =    -23642.6641  EKtot   =      6203.4879  EPtot      =    -29846.1520
 BOND   =         6.3537  ANGLE   =         5.3263  DIHED      =         3.8634
 1-4 NB =         4.7470  1-4 EEL =        23.0481  VDWAALS    =      4520.2402
 EELEC  =    -34409.7307  EHBOND  =         0.0000  RESTRAINT  =         0.0000
 EKCMT  =         0.0000  VIRIAL  =         0.0000  VOLUME     =    128685.8593
                                                    Density    =         0.7739
 DV/DL  =        -1.3388
 ------------------------------------------------------------------------------

  Softcore part of the system:      10 atoms,       TEMP(K)    =         251.41
 SC_Etot=        87.1069  SC_EKtot=         7.4939  SC_EPtot   =        79.6131
 SC_BOND=         3.2667  SC_ANGLE=         6.0248  SC_DIHED   =         7.3886
 SC_14NB=         5.9710  SC_14EEL=        53.6777  SC_VDW     =        -0.3799
 SC_EEL =         3.6642
 SC_RES_DIST=     0.0000  SC_RES_ANG=       0.0000  SC_RES_TORS=         0.0000
 SC_EEL_DER=     -7.7188  SC_VDW_DER=       0.3187  SC_DERIV   =        -7.4001
 ------------------------------------------------------------------------------


| TI region  2


 NSTEP =     1000   TIME(PS) =       1.000  TEMP(K) =   313.14  PRESS =     0.0
 Etot   =    -23643.4168  EKtot   =      6202.7352  EPtot      =    -29846.1520
 BOND   =         6.3537  ANGLE   =         5.3263  DIHED      =         3.8634
 1-4 NB =         4.7470  1-4 EEL =        23.0481  VDWAALS    =      4520.2402
 EELEC  =    -34409.7307  EHBOND  =         0.0000  RESTRAINT  =         0.0000
 EKCMT  =         0.0000  VIRIAL  =         0.0000  VOLUME     =    128685.8593
                                                    Density    =         0.7735
 DV/DL  =        -1.3388
 ------------------------------------------------------------------------------

  Softcore part of the system:      10 atoms,       TEMP(K)    =         226.15
 SC_Etot=        25.6417  SC_EKtot=         6.7412  SC_EPtot   =        18.9006
 SC_BOND=         1.8346  SC_ANGLE=        17.9285  SC_DIHED   =         5.7826
 SC_14NB=        -0.0010  SC_14EEL=        -2.7355  SC_VDW     =        -0.0764
 SC_EEL =        -3.8321
 SC_RES_DIST=     0.0000  SC_RES_ANG=       0.0000  SC_RES_TORS=         0.0000
 SC_EEL_DER=     -7.7188  SC_VDW_DER=       0.3187  SC_DERIV   =        -7.4001
 ------------------------------------------------------------------------------


| TI region  1


 NSTEP =     1500   TIME(PS) =       1.500  TEMP(K) =   307.65  PRESS =     0.0
 Etot   =    -23813.2222  EKtot   =      6093.9960  EPtot      =    -29907.2182
 BOND   =         6.0718  ANGLE   =         6.8623  DIHED      =         6.4880
 1-4 NB =         3.4337  1-4 EEL =        22.4886  VDWAALS    =      4495.1843
 EELEC  =    -34447.7471  EHBOND  =         0.0000  RESTRAINT  =         0.0000
 EKCMT  =         0.0000  VIRIAL  =         0.0000  VOLUME     =    127433.8138
                                                    Density    =         0.7815
 DV/DL  =       -25.2848
 ------------------------------------------------------------------------------

  Softcore part of the system:      10 atoms,       TEMP(K)    =         350.01
 SC_Etot=        93.5718  SC_EKtot=        10.4332  SC_EPtot   =        83.1386
 SC_BOND=         4.4027  SC_ANGLE=        11.0611  SC_DIHED   =         5.4827
 SC_14NB=         5.3050  SC_14EEL=        53.6659  SC_VDW     =        -0.3599
 SC_EEL =         3.5810
 SC_RES_DIST=     0.0000  SC_RES_ANG=       0.0000  SC_RES_TORS=         0.0000
 SC_EEL_DER=    -23.8189  SC_VDW_DER=       2.2545  SC_DERIV   =       -21.5644
 ------------------------------------------------------------------------------


| TI region  2


 NSTEP =     1500   TIME(PS) =       1.500  TEMP(K) =   307.59  PRESS =     0.0
 Etot   =    -23814.4454  EKtot   =      6092.7728  EPtot      =    -29907.2182
 BOND   =         6.0718  ANGLE   =         6.8623  DIHED      =         6.4880
 1-4 NB =         3.4337  1-4 EEL =        22.4886  VDWAALS    =      4495.1843
 EELEC  =    -34447.7471  EHBOND  =         0.0000  RESTRAINT  =         0.0000
 EKCMT  =         0.0000  VIRIAL  =         0.0000  VOLUME     =    127433.8138
                                                    Density    =         0.7811
 DV/DL  =       -25.2848
 ------------------------------------------------------------------------------

  Softcore part of the system:      10 atoms,       TEMP(K)    =         308.98
 SC_Etot=        31.5981  SC_EKtot=         9.2100  SC_EPtot   =        22.3881
 SC_BOND=         6.5404  SC_ANGLE=        17.6319  SC_DIHED   =         4.6849
 SC_14NB=        -0.1383  SC_14EEL=        -2.8761  SC_VDW     =        -0.0944
 SC_EEL =        -3.3602
 SC_RES_DIST=     0.0000  SC_RES_ANG=       0.0000  SC_RES_TORS=         0.0000
 SC_EEL_DER=    -23.8189  SC_VDW_DER=       2.2545  SC_DERIV   =       -21.5644
 ------------------------------------------------------------------------------


| TI region  1


 NSTEP =     2000   TIME(PS) =       2.000  TEMP(K) =   305.27  PRESS =     0.0
 Etot   =    -23695.6437  EKtot   =      6046.8064  EPtot      =    -29742.4501
 BOND   =         7.8431  ANGLE   =         6.3748  DIHED      =         6.3604
 1-4 NB =         3.5134  1-4 EEL =        23.0284  VDWAALS    =      4317.0466
 EELEC  =    -34106.6168  EHBOND  =         0.0000  RESTRAINT  =         0.0000
 EKCMT  =         0.0000  VIRIAL  =         0.0000  VOLUME     =    126493.4815
                                                    Density    =         0.7873
 DV/DL  =       -12.9917
 ------------------------------------------------------------------------------

  Softcore part of the system:      10 atoms,       TEMP(K)    =         407.25
 SC_Etot=        95.7296  SC_EKtot=        12.1393  SC_EPtot   =        83.5904
 SC_BOND=         5.2490  SC_ANGLE=        10.3861  SC_DIHED   =         5.6217
 SC_14NB=         6.2066  SC_14EEL=        52.9256  SC_VDW     =        -0.3793
 SC_EEL =         3.5807
 SC_RES_DIST=     0.0000  SC_RES_ANG=       0.0000  SC_RES_TORS=         0.0000
 SC_EEL_DER=    -12.0956  SC_VDW_DER=       2.3314  SC_DERIV   =        -9.7642
 ------------------------------------------------------------------------------


| TI region  2


 NSTEP =     2000   TIME(PS) =       2.000  TEMP(K) =   304.92  PRESS =     0.0
 Etot   =    -23702.4438  EKtot   =      6040.0063  EPtot      =    -29742.4501
 BOND   =         7.8431  ANGLE   =         6.3748  DIHED      =         6.3604
 1-4 NB =         3.5134  1-4 EEL =        23.0284  VDWAALS    =      4317.0466
 EELEC  =    -34106.6168  EHBOND  =         0.0000  RESTRAINT  =         0.0000
 EKCMT  =         0.0000  VIRIAL  =         0.0000  VOLUME     =    126493.4815
                                                    Density    =         0.7869
 DV/DL  =       -12.9917
 ------------------------------------------------------------------------------

  Softcore part of the system:      10 atoms,       TEMP(K)    =         179.12
 SC_Etot=        27.2633  SC_EKtot=         5.3392  SC_EPtot   =        21.9240
 SC_BOND=         5.0791  SC_ANGLE=        16.1372  SC_DIHED   =         6.8851
 SC_14NB=        -0.0698  SC_14EEL=        -2.4953  SC_VDW     =        -0.0990
 SC_EEL =        -3.5133
 SC_RES_DIST=     0.0000  SC_RES_ANG=       0.0000  SC_RES_TORS=         0.0000
 SC_EEL_DER=    -12.0956  SC_VDW_DER=       2.3314  SC_DERIV   =        -9.7642
 ------------------------------------------------------------------------------


| TI region  1


 NSTEP =     2500   TIME(PS) =       2.500  TEMP(K) =   310.06  PRESS =     0.0
 Etot   =    -23924.6521  EKtot   =      6141.7775  EPtot      =    -30066.4296
 BOND   =         5.2964  ANGLE   =        11.9770  DIHED      =         4.5204
 1-4 NB =         3.6349  1-4 EEL =        22.0839  VDWAALS    =      4458.8293
 EELEC  =    -34572.7715  EHBOND  =         0.0000  RESTRAINT  =         0.0000
 EKCMT  =         0.0000  VIRIAL  =         0.0000  VOLUME     =    124398.5306
                                                    Density    =         0.8005
 DV/DL  =       -18.9642
 ------------------------------------------------------------------------------

  Softcore part of the system:      10 atoms,       TEMP(K)    =         135.66
 SC_Etot=        87.8919  SC_EKtot=         4.0438  SC_EPtot   =        83.8481
 SC_BOND=         4.3888  SC_ANGLE=         8.6333  SC_DIHED   =         9.4104
 SC_14NB=         4.9786  SC_14EEL=        53.1938  SC_VDW     =        -0.3509
 SC_EEL =         3.5941
 SC_RES_DIST=     0.0000  SC_RES_ANG=       0.0000  SC_RES_TORS=         0.0000
 SC_EEL_DER=    -21.8675  SC_VDW_DER=       8.2787  SC_DERIV   =       -13.5887
 ------------------------------------------------------------------------------


| TI region  2


 NSTEP =     2500   TIME(PS) =       2.500  TEMP(K) =   310.31  PRESS =     0.0
 Etot   =    -23919.7166  EKtot   =      6146.7130  EPtot      =    -30066.4296
 BOND   =         5.2964  ANGLE   =        11.9770  DIHED      =         4.5204
 1-4 NB =         3.6349  1-4 EEL =        22.0839  VDWAALS    =      4458.8293
 EELEC  =    -34572.7715  EHBOND  =         0.0000  RESTRAINT  =         0.0000
 EKCMT  =         0.0000  VIRIAL  =         0.0000  VOLUME     =    124398.5306
                                                    Density    =         0.8001
 DV/DL  =       -18.9642
 ------------------------------------------------------------------------------

  Softcore part of the system:      10 atoms,       TEMP(K)    =         301.24
 SC_Etot=        30.1423  SC_EKtot=         8.9792  SC_EPtot   =        21.1630
 SC_BOND=         3.6249  SC_ANGLE=        15.1647  SC_DIHED   =         9.0194
 SC_14NB=        -0.0107  SC_14EEL=        -2.9902  SC_VDW     =        -0.0444
 SC_EEL =        -3.6006
 SC_RES_DIST=     0.0000  SC_RES_ANG=       0.0000  SC_RES_TORS=         0.0000
 SC_EEL_DER=    -21.8675  SC_VDW_DER=       8.2787  SC_DERIV   =       -13.5887
 ------------------------------------------------------------------------------


| TI region  1


 NSTEP =     3000   TIME(PS) =       3.000  TEMP(K) =   304.41  PRESS =     0.0
 Etot   =    -24195.3138  EKtot   =      6029.9056  EPtot      =    -30225.2195
 BOND   =         6.1154  ANGLE   =         6.3679  DIHED      =         2.2668
 1-4 NB =         3.9437  1-4 EEL =        22.5961  VDWAALS    =      4579.3558
 EELEC  =    -34845.8651  EHBOND  =         0.0000  RESTRAINT  =         0.0000
 EKCMT  =         0.0000  VIRIAL  =         0.0000  VOLUME     =    121940.5945
                                                    Density    =         0.8167
 DV/DL  =       -39.2055
 ------------------------------------------------------------------------------

  Softcore part of the system:      10 atoms,       TEMP(K)    =         387.73
 SC_Etot=        96.7845  SC_EKtot=        11.5575  SC_EPtot   =        85.2270
 SC_BOND=         5.9391  SC_ANGLE=        12.4411  SC_DIHED   =         4.4591
 SC_14NB=         5.4744  SC_14EEL=        53.6337  SC_VDW     =        -0.3521
 SC_EEL =         3.6318
 SC_RES_DIST=     0.0000  SC_RES_ANG=       0.0000  SC_RES_TORS=         0.0000
 SC_EEL_DER=    -42.6873  SC_VDW_DER=      13.9056  SC_DERIV   =       -28.7817
 ------------------------------------------------------------------------------


| TI region  2


 NSTEP =     3000   TIME(PS) =       3.000  TEMP(K) =   304.32  PRESS =     0.0
 Etot   =    -24197.1477  EKtot   =      6028.0718  EPtot      =    -30225.2195
 BOND   =         6.1154  ANGLE   =         6.3679  DIHED      =         2.2668
 1-4 NB =         3.9437  1-4 EEL =        22.5961  VDWAALS    =      4579.3558
 EELEC  =    -34845.8651  EHBOND  =         0.0000  RESTRAINT  =         0.0000
 EKCMT  =         0.0000  VIRIAL  =         0.0000  VOLUME     =    121940.5945
                                                    Density    =         0.8163
 DV/DL  =       -39.2055
 ------------------------------------------------------------------------------

  Softcore part of the system:      10 atoms,       TEMP(K)    =         326.21
 SC_Etot=        28.0191  SC_EKtot=         9.7237  SC_EPtot   =        18.2954
 SC_BOND=         3.2798  SC_ANGLE=        17.8543  SC_DIHED   =         3.7180
 SC_14NB=        -0.0689  SC_14EEL=        -2.8715  SC_VDW     =        -0.1012
 SC_EEL =        -3.5150
 SC_RES_DIST=     0.0000  SC_RES_ANG=       0.0000  SC_RES_TORS=         0.0000
 SC_EEL_DER=    -42.6873  SC_VDW_DER=      13.9056  SC_DERIV   =       -28.7817
 ------------------------------------------------------------------------------


| TI region  1


 NSTEP =     3500   TIME(PS) =       3.500  TEMP(K) =   306.28  PRESS =     0.0
 Etot   =    -24002.1237  EKtot   =      6066.9739  EPtot      =    -30069.0976
 BOND   =         8.1493  ANGLE   =         7.2274  DIHED      =         2.8810
 1-4 NB =         5.5275  1-4 EEL =        23.5658  VDWAALS    =      4384.2095
 EELEC  =    -34500.6582  EHBOND  =         0.0000  RESTRAINT  =         0.0000
 EKCMT  =         0.0000  VIRIAL  =         0.0000  VOLUME     =    121646.6177
                                                    Density    =         0.8186
 DV/DL  =       -26.0510
 ------------------------------------------------------------------------------

  Softcore part of the system:      10 atoms,       TEMP(K)    =         316.68
 SC_Etot=        96.0026  SC_EKtot=         9.4396  SC_EPtot   =        86.5629
 SC_BOND=        12.1990  SC_ANGLE=        12.3519  SC_DIHED   =         2.4200
 SC_14NB=         3.6571  SC_14EEL=        52.6760  SC_VDW     =        -0.3284
 SC_EEL =         3.5871
 SC_RES_DIST=     0.0000  SC_RES_ANG=       0.0000  SC_RES_TORS=         0.0000
 SC_EEL_DER=    -30.9472  SC_VDW_DER=       8.7794  SC_DERIV   =       -22.1678
 ------------------------------------------------------------------------------


| TI region  2


 NSTEP =     3500   TIME(PS) =       3.500  TEMP(K) =   306.17  PRESS =     0.0
 Etot   =    -24004.3811  EKtot   =      6064.7165  EPtot      =    -30069.0976
 BOND   =         8.1493  ANGLE   =         7.2274  DIHED      =         2.8810
 1-4 NB =         5.5275  1-4 EEL =        23.5658  VDWAALS    =      4384.2095
 EELEC  =    -34500.6582  EHBOND  =         0.0000  RESTRAINT  =         0.0000
 EKCMT  =         0.0000  VIRIAL  =         0.0000  VOLUME     =    121646.6177
                                                    Density    =         0.8182
 DV/DL  =       -26.0510
 ------------------------------------------------------------------------------

  Softcore part of the system:      10 atoms,       TEMP(K)    =         240.95
 SC_Etot=        25.4950  SC_EKtot=         7.1822  SC_EPtot   =        18.3128
 SC_BOND=         4.2695  SC_ANGLE=        16.3144  SC_DIHED   =         4.6804
 SC_14NB=        -0.0993  SC_14EEL=        -2.9450  SC_VDW     =        -0.1100
 SC_EEL =        -3.7973
 SC_RES_DIST=     0.0000  SC_RES_ANG=       0.0000  SC_RES_TORS=         0.0000
 SC_EEL_DER=    -30.9472  SC_VDW_DER=       8.7794  SC_DERIV   =       -22.1678
 ------------------------------------------------------------------------------


| TI region  1


 NSTEP =     4000   TIME(PS) =       4.000  TEMP(K) =   310.90  PRESS =     0.0
 Etot   =    -24054.1605  EKtot   =      6158.4481  EPtot      =    -30212.6086
 BOND   =         6.6925  ANGLE   =         2.7011  DIHED      =         5.5305
 1-4 NB =         4.0056  1-4 EEL =        22.2206  VDWAALS    =      4443.7325
 EELEC  =    -34697.4914  EHBOND  =         0.0000  RESTRAINT  =         0.0000
 EKCMT  =         0.0000  VIRIAL  =         0.0000  VOLUME     =    121370.6686
                                                    Density    =         0.8205
 DV/DL  =       -34.8839
 ------------------------------------------------------------------------------

  Softcore part of the system:      10 atoms,       TEMP(K)    =         266.69
 SC_Etot=        96.3572  SC_EKtot=         7.9495  SC_EPtot   =        88.4077
 SC_BOND=         7.6622  SC_ANGLE=        14.5332  SC_DIHED   =         4.8499
 SC_14NB=         4.9263  SC_14EEL=        53.1222  SC_VDW     =        -0.3251
 SC_EEL =         3.6389
 SC_RES_DIST=     0.0000  SC_RES_ANG=       0.0000  SC_RES_TORS=         0.0000
 SC_EEL_DER=    -29.9314  SC_VDW_DER=       2.0952  SC_DERIV   =       -27.8362
 ------------------------------------------------------------------------------


| TI region  2


 NSTEP =     4000   TIME(PS) =       4.000  TEMP(K) =   311.06  PRESS =     0.0
 Etot   =    -24050.9910  EKtot   =      6161.6176  EPtot      =    -30212.6086
 BOND   =         6.6925  ANGLE   =         2.7011  DIHED      =         5.5305
 1-4 NB =         4.0056  1-4 EEL =        22.2206  VDWAALS    =      4443.7325
 EELEC  =    -34697.4914  EHBOND  =         0.0000  RESTRAINT  =         0.0000
 EKCMT  =         0.0000  VIRIAL  =         0.0000  VOLUME     =    121370.6686
                                                    Density    =         0.8201
 DV/DL  =       -34.8839
 ------------------------------------------------------------------------------

  Softcore part of the system:      10 atoms,       TEMP(K)    =         373.02
 SC_Etot=        32.3102  SC_EKtot=        11.1190  SC_EPtot   =        21.1912
 SC_BOND=         3.5195  SC_ANGLE=        19.0295  SC_DIHED   =         5.0727
 SC_14NB=        -0.1595  SC_14EEL=        -2.6523  SC_VDW     =        -0.0997
 SC_EEL =        -3.5190
 SC_RES_DIST=     0.0000  SC_RES_ANG=       0.0000  SC_RES_TORS=         0.0000
 SC_EEL_DER=    -29.9314  SC_VDW_DER=       2.0952  SC_DERIV   =       -27.8362
 ------------------------------------------------------------------------------


| TI region  1


 NSTEP =     4500   TIME(PS) =       4.500  TEMP(K) =   308.86  PRESS =     0.0
 Etot   =    -24091.2461  EKtot   =      6117.9534  EPtot      =    -30209.1995
 BOND   =         7.8637  ANGLE   =         4.9283  DIHED      =         5.1720
 1-4 NB =         3.7618  1-4 EEL =        22.6557  VDWAALS    =      4465.3118
 EELEC  =    -34718.8927  EHBOND  =         0.0000  RESTRAINT  =         0.0000
 EKCMT  =         0.0000  VIRIAL  =         0.0000  VOLUME     =    120103.5022
                                                    Density    =         0.8292
 DV/DL  =        -9.9947
 ------------------------------------------------------------------------------

  Softcore part of the system:      10 atoms,       TEMP(K)    =         257.59
 SC_Etot=        89.8463  SC_EKtot=         7.6783  SC_EPtot   =        82.1680
 SC_BOND=         4.5901  SC_ANGLE=        10.1770  SC_DIHED   =         4.4640
 SC_14NB=         6.1776  SC_14EEL=        53.5430  SC_VDW     =        -0.4079
 SC_EEL =         3.6243
 SC_RES_DIST=     0.0000  SC_RES_ANG=       0.0000  SC_RES_TORS=         0.0000
 SC_EEL_DER=    -18.3207  SC_VDW_DER=       4.7927  SC_DERIV   =       -13.5281
 ------------------------------------------------------------------------------


| TI region  2


 NSTEP =     4500   TIME(PS) =       4.500  TEMP(K) =   309.06  PRESS =     0.0
 Etot   =    -24087.2389  EKtot   =      6121.9606  EPtot      =    -30209.1995
 BOND   =         7.8637  ANGLE   =         4.9283  DIHED      =         5.1720
 1-4 NB =         3.7618  1-4 EEL =        22.6557  VDWAALS    =      4465.3118
 EELEC  =    -34718.8927  EHBOND  =         0.0000  RESTRAINT  =         0.0000
 EKCMT  =         0.0000  VIRIAL  =         0.0000  VOLUME     =    120103.5022
                                                    Density    =         0.8288
 DV/DL  =        -9.9947
 ------------------------------------------------------------------------------

  Softcore part of the system:      10 atoms,       TEMP(K)    =         392.03
 SC_Etot=        30.3389  SC_EKtot=        11.6855  SC_EPtot   =        18.6534
 SC_BOND=         3.5686  SC_ANGLE=        18.2995  SC_DIHED   =         3.5050
 SC_14NB=         0.0077  SC_14EEL=        -2.8087  SC_VDW     =        -0.0440
 SC_EEL =        -3.8747
 SC_RES_DIST=     0.0000  SC_RES_ANG=       0.0000  SC_RES_TORS=         0.0000
 SC_EEL_DER=    -18.3207  SC_VDW_DER=       4.7927  SC_DERIV   =       -13.5281
 ------------------------------------------------------------------------------


| TI region  1


 NSTEP =     5000   TIME(PS) =       5.000  TEMP(K) =   306.53  PRESS =     0.0
 Etot   =    -24022.8128  EKtot   =      6071.9290  EPtot      =    -30094.7418
 BOND   =         6.7418  ANGLE   =         3.9106  DIHED      =         6.5826
 1-4 NB =         2.7897  1-4 EEL =        24.2898  VDWAALS    =      4426.0648
 EELEC  =    -34565.1210  EHBOND  =         0.0000  RESTRAINT  =         0.0000
 EKCMT  =         0.0000  VIRIAL  =         0.0000  VOLUME     =    118594.8875
                                                    Density    =         0.8397
 DV/DL  =       -14.5756
 ------------------------------------------------------------------------------

  Softcore part of the system:      10 atoms,       TEMP(K)    =         399.23
 SC_Etot=        93.9793  SC_EKtot=        11.9002  SC_EPtot   =        82.0791
 SC_BOND=         7.0141  SC_ANGLE=         6.7534  SC_DIHED   =         7.7962
 SC_14NB=         3.9660  SC_14EEL=        53.2596  SC_VDW     =        -0.3270
 SC_EEL =         3.6167
 SC_RES_DIST=     0.0000  SC_RES_ANG=       0.0000  SC_RES_TORS=         0.0000
 SC_EEL_DER=    -15.6868  SC_VDW_DER=       2.9621  SC_DERIV   =       -12.7247
 ------------------------------------------------------------------------------


| TI region  2


 NSTEP =     5000   TIME(PS) =       5.000  TEMP(K) =   306.44  PRESS =     0.0
 Etot   =    -24024.7408  EKtot   =      6070.0010  EPtot      =    -30094.7418
 BOND   =         6.7418  ANGLE   =         3.9106  DIHED      =         6.5826
 1-4 NB =         2.7897  1-4 EEL =        24.2898  VDWAALS    =      4426.0648
 EELEC  =    -34565.1210  EHBOND  =         0.0000  RESTRAINT  =         0.0000
 EKCMT  =         0.0000  VIRIAL  =         0.0000  VOLUME     =    118594.8875
                                                    Density    =         0.8393
 DV/DL  =       -14.5756
 ------------------------------------------------------------------------------

  Softcore part of the system:      10 atoms,       TEMP(K)    =         334.55
 SC_Etot=        33.5444  SC_EKtot=         9.9722  SC_EPtot   =        23.5723
 SC_BOND=         6.4085  SC_ANGLE=        20.3806  SC_DIHED   =         4.3365
 SC_14NB=        -0.0657  SC_14EEL=        -3.2709  SC_VDW     =         0.0144
 SC_EEL =        -4.2311
 SC_RES_DIST=     0.0000  SC_RES_ANG=       0.0000  SC_RES_TORS=         0.0000
 SC_EEL_DER=    -15.6868  SC_VDW_DER=       2.9621  SC_DERIV   =       -12.7247
 ------------------------------------------------------------------------------


| TI region  1


      A V E R A G E S   O V E R      10 S T E P S


 NSTEP =     5000   TIME(PS) =       5.000  TEMP(K) =   307.10  PRESS =     0.0
 Etot   =    -23959.7111  EKtot   =      6083.1072  EPtot      =    -30042.8183
 BOND   =         6.7671  ANGLE   =         6.0981  DIHED      =         4.5168
 1-4 NB =         4.0360  1-4 EEL =        22.9122  VDWAALS    =      4480.4805
 EELEC  =    -34567.6289  EHBOND  =         0.0000  RESTRAINT  =         0.0000
 EKCMT  =         0.0000  VIRIAL  =         0.0000  VOLUME     =    123996.9893
                                                    Density    =         0.8038
 DV/DL  =       -18.7137
 ------------------------------------------------------------------------------

  Softcore part of the system:      10 atoms,       TEMP(K)    =         300.97
 SC_Etot=        92.5815  SC_EKtot=         8.9714  SC_EPtot   =        83.6101
 SC_BOND=         5.8766  SC_ANGLE=        10.4396  SC_DIHED   =         5.4900
 SC_14NB=         5.1872  SC_14EEL=        53.3616  SC_VDW     =        -0.3563
 SC_EEL =         3.6115
 SC_RES_DIST=     0.0000  SC_RES_ANG=       0.0000  SC_RES_TORS=         0.0000
 SC_EEL_DER=    -21.0483  SC_VDW_DER=       4.6338  SC_DERIV   =       -16.4145
 ------------------------------------------------------------------------------


      R M S  F L U C T U A T I O N S


 NSTEP =     5000   TIME(PS) =       5.000  TEMP(K) =     4.01  PRESS =     0.0
 Etot   =       178.5201  EKtot   =        79.4229  EPtot      =       155.2939
 BOND   =         0.8700  ANGLE   =         2.3556  DIHED      =         1.7395
 1-4 NB =         0.7810  1-4 EEL =         0.6262  VDWAALS    =       103.6737
 EELEC  =       208.0711  EHBOND  =         0.0000  RESTRAINT  =         0.0000
 EKCMT  =         0.0000  VIRIAL  =         0.0000  VOLUME     =      3596.1918
                                                    Density    =         0.0233
 DV/DL  =        11.9468
 ------------------------------------------------------------------------------

  Softcore part of the system:      10 atoms,       TEMP(K)    =          82.46
 SC_Etot=         3.6360  SC_EKtot=         2.4581  SC_EPtot   =         2.4418
 SC_BOND=         2.4704  SC_ANGLE=         2.5252  SC_DIHED   =         2.0597
 SC_14NB=         0.8170  SC_14EEL=         0.3695  SC_VDW     =         0.0254
 SC_EEL =         0.0267
 SC_RES_DIST=     0.0000  SC_RES_ANG=       0.0000  SC_RES_TORS=         0.0000
 SC_EEL_DER=     10.6467  SC_VDW_DER=       4.1400  SC_DERIV   =         7.6882
 ------------------------------------------------------------------------------


| TI region  2


      A V E R A G E S   O V E R      10 S T E P S


 NSTEP =     5000   TIME(PS) =       5.000  TEMP(K) =   307.09  PRESS =     0.0
 Etot   =    -23959.8262  EKtot   =      6082.9921  EPtot      =    -30042.8183
 BOND   =         6.7671  ANGLE   =         6.0981  DIHED      =         4.5168
 1-4 NB =         4.0360  1-4 EEL =        22.9122  VDWAALS    =      4480.4805
 EELEC  =    -34567.6289  EHBOND  =         0.0000  RESTRAINT  =         0.0000
 EKCMT  =         0.0000  VIRIAL  =         0.0000  VOLUME     =    123996.9893
                                                    Density    =         0.8034
 DV/DL  =       -18.7137
 ------------------------------------------------------------------------------

  Softcore part of the system:      10 atoms,       TEMP(K)    =         297.11
 SC_Etot=        29.2269  SC_EKtot=         8.8563  SC_EPtot   =        20.3706
 SC_BOND=         4.3348  SC_ANGLE=        17.4801  SC_DIHED   =         5.2718
 SC_14NB=        -0.0640  SC_14EEL=        -2.8502  SC_VDW     =        -0.0717
 SC_EEL =        -3.7302
 SC_RES_DIST=     0.0000  SC_RES_ANG=       0.0000  SC_RES_TORS=         0.0000
 SC_EEL_DER=    -21.0483  SC_VDW_DER=       4.6338  SC_DERIV   =       -16.4145
 ------------------------------------------------------------------------------


      R M S  F L U C T U A T I O N S


 NSTEP =     5000   TIME(PS) =       5.000  TEMP(K) =     4.06  PRESS =     0.0
 Etot   =       177.1364  EKtot   =        80.3519  EPtot      =       155.2939
 BOND   =         0.8700  ANGLE   =         2.3556  DIHED      =         1.7395
 1-4 NB =         0.7810  1-4 EEL =         0.6262  VDWAALS    =       103.6737
 EELEC  =       208.0711  EHBOND  =         0.0000  RESTRAINT  =         0.0000
 EKCMT  =         0.0000  VIRIAL  =         0.0000  VOLUME     =      3596.1918
                                                    Density    =         0.0232
 DV/DL  =        11.9468
 ------------------------------------------------------------------------------

  Softcore part of the system:      10 atoms,       TEMP(K)    =          62.73
 SC_Etot=         2.6393  SC_EKtot=         1.8700  SC_EPtot   =         1.8117
 SC_BOND=         1.4011  SC_ANGLE=         1.4962  SC_DIHED   =         1.5527
 SC_14NB=         0.0536  SC_14EEL=         0.1966  SC_VDW     =         0.0366
 SC_EEL =         0.2619
 SC_RES_DIST=     0.0000  SC_RES_ANG=       0.0000  SC_RES_TORS=         0.0000
 SC_EEL_DER=     10.6467  SC_VDW_DER=       4.1400  SC_DERIV   =         7.6882
 ------------------------------------------------------------------------------


      DV/DL, AVERAGES OVER      10 STEPS


 NSTEP =     5000   TIME(PS) =       5.000  TEMP(K) =     4.06  PRESS =     0.0
 Etot   =         0.0000  EKtot   =         0.0000  EPtot      =         0.0000
 BOND   =         0.0000  ANGLE   =         0.0000  DIHED      =        -0.0001
 1-4 NB =        -0.3546  1-4 EEL =        17.0780  VDWAALS    =         1.5337
 EELEC  =       -20.5562  EHBOND  =         0.0000  RESTRAINT  =         0.0000
 EKCMT  =         0.0000  VIRIAL  =         0.0000  VOLUME     =         0.0000
                                                    Density    =         0.0000
 ------------------------------------------------------------------------------

| MC Barostat:         50 volume changes attempted.
| MC Barostat:         19 changes successful ( 38.00%)
 ------------------------------------------------------------------------------

--------------------------------------------------------------------------------
   5.  TIMINGS
--------------------------------------------------------------------------------

|  NonSetup CPU Time in Major Routines:
|
|     Routine           Sec        %
|     ------------------------------
|     Nonbond           0.71   30.54
|     Bond              0.00    0.00
|     Angle             0.00    0.00
|     Dihedral          0.00    0.00
|     Shake             0.02    0.86
|     RunMD             1.56   66.97
|     Other             0.04    1.64
|     ------------------------------
|     Total             2.34

|  PME Nonbond Pairlist CPU Time:
|
|     Routine              Sec        %
|     ---------------------------------
|     Set Up Cit           0.00    0.00
|     Build List           0.00    0.00
|     ---------------------------------
|     Total                0.00    0.00

|  PME Direct Force CPU Time:
|
|     Routine              Sec        %
|     ---------------------------------
|     NonBonded Calc       0.00    0.00
|     Exclude Masked       0.00    0.00
|     Other                0.01    0.31
|     ---------------------------------
|     Total                0.01    0.31

|  PME Reciprocal Force CPU Time:
|
|     Routine              Sec        %
|     ---------------------------------
|     1D bspline           0.00    0.00
|     Grid Charges         0.00    0.00
|     Scalar Sum           0.00    0.00
|     Gradient Sum         0.00    0.00
|     FFT                  0.00    0.00
|     ---------------------------------
|     Total                0.00    0.00

|  Final Performance Info:
|     -----------------------------------------------------
|     Average timings for last    5000 steps:
|     Elapsed(s) =       2.36 Per Step(ms) =       0.47
|         ns/day =     183.02   seconds/ns =     472.07
|
|     Average timings for all steps:
|     Elapsed(s) =       2.36 Per Step(ms) =       0.47
|         ns/day =     183.02   seconds/ns =     472.07
|     -----------------------------------------------------

|  Setup CPU time:            0.92 seconds
|  NonSetup CPU time:         2.34 seconds
|  Total CPU time:            3.25 seconds     0.00 hours

|  Setup wall time:           1    seconds
|  NonSetup wall time:        3    seconds
|  Total wall time:           4    seconds     0.00 hours
