
          -------------------------------------------------------
          Amber 20 PMEMD                              2020
          -------------------------------------------------------

| PMEMD implementation of SANDER, Release 18

|  Compiled date/time: Mon Apr 27 18:19:54 2020
| Run on 01/25/2022 at 16:49:25

|   Executable path: /cm/shared/apps/amber20/bin/pmemd.cuda
| Working directory: /data/bella/piezo/charmm-gui-4149384590/TI/1-dooku/ligand/concerted/t03/1.0000
|          Hostname: node001

  [-O]verwriting output

File Assignments:
|   MDIN: ti001.min.in                                                          
|  MDOUT: ti001.min.out                                                         
| INPCRD: ../concerted.rst7                                                     
|   PARM: ../concerted.parm7                                                    
| RESTRT: ti001.min.rst7                                                        
|   REFC: refc                                                                  
|  MDVEL: mdvel                                                                 
|   MDEN: ti001.min.en                                                          
|  MDCRD: ti001.min.nc                                                          
| MDINFO: ti001.min.info                                                        
|  MDFRC: mdfrc                                                                 


 Here is the input file:

Minimization input file for TI                                                 
 &cntrl                                                                        
                                                                               
! simulation                                                                   
imin = 1,                 ! flag to run minization (0=false)                   
irest = 0,                ! flag to restart simulation                         
ntx = 1,                  ! option to read from inpcrd file                    
ntxo = 1,                 ! read/write rst as formatted file                   
dt = 0.001,               ! timestep (1fs)                                     
maxcyc = 1000                                                                  
ntmin = 2                                                                      
                                                                               
! thermostate                                                                  
ntt = 3,                  ! switch for time scaling (3=Langevin)               
temp0 = 310,              ! reference temperature (if ntt>0)                   
gamma_ln = 5.0,           ! collision frequency for ntt=3                      
ig = -1,                  ! seed for Random Number Generator (RNG) (use -1 with
                                                                               
! output                                                                       
ioutfm = 1,               ! film fromat (1=binary NetCDF)                      
iwrap = 0,                ! wrap coordination into primary box (1=do)          
ntwx = 1000,              ! write to .mdcrd every n steps                      
ntpr = 100,               ! write energies to .mdout/.mdinfo every n steps     
ntwr = 1000,              ! write rstrt file every n steps                     
                                                                               
! alchemical free energy                                                       
cut = 10.0                                                                     
ntc = 2,                  ! SHAKE bond length constraints (2=H-atom)           
ntf = 1,                  ! force evaluation (1=evalute all)                   
noshakemask = ':L0,L1',     ! remove SHAKE from perturbed regions              
                                                                               
icfe = 1,                 ! turn on free energy calculation                    
ifsc = 1,                 ! use softcore parameters (0=undo)                   
clambda = 1.0000,            ! current lambda                                  
timask1 = ':L0',           ! specify atoms unique to V_0                       
timask2 = ':L1',           ! specify atoms unique to V_1                       
                                                                               
                                                                               
scmask1 = ':L0@S2, C10, C11, H6, N3, C12, H7, C13, H8, N4',                    
                      ! specify the unique atoms for V0                        
scmask2 = ':L1@O, C11, C10, H11, C12, H13, C13, H14, N3, H12',                 
                      ! specify the unique atoms for V1                        
                                                                               
vlimit = 20                                                                    
 /                                                                             
 &ewald                                                                        
 /                                                                             
                                                                               


Note: ig = -1. Setting random seed to   908826 based on wallclock time in 
      microseconds.
| irandom = 1, using AMBER's internal random number generator (default).
 
|--------------------- INFORMATION ----------------------
| GPU (CUDA) Version of PMEMD in use: NVIDIA GPU IN USE.
|                    Version 18.0.0
| 
|                      03/25/2018
| 
| Implementation by:
|                    Ross C. Walker     (SDSC)
|                    Scott Le Grand     (nVIDIA)
| 
| Version 18 performance extensions by:
|                    David Cerutti     (Rutgers)
| 
| Precision model in use:
|      [SPFP] - Single Precision Forces, 64-bit Fixed Point
|               Accumulation. (Default)
| 
|--------------------------------------------------------
 
|----------------- CITATION INFORMATION -----------------
|
|    When publishing work that utilized the CUDA version
|    of AMBER, please cite the following in addition to
|    the regular AMBER citations:
|
|  - Romelia Salomon-Ferrer; Andreas W. Goetz; Duncan
|    Poole; Scott Le Grand; Ross C. Walker "Routine
|    microsecond molecular dynamics simulations with
|    AMBER - Part II: Particle Mesh Ewald", J. Chem.
|    Theory Comput., 2013, 9 (9), pp3878-3888,
|    DOI: 10.1021/ct400314y.
|
|  - Andreas W. Goetz; Mark J. Williamson; Dong Xu;
|    Duncan Poole; Scott Le Grand; Ross C. Walker
|    "Routine microsecond molecular dynamics simulations
|    with AMBER - Part I: Generalized Born", J. Chem.
|    Theory Comput., 2012, 8 (5), pp1542-1555.
|
|  - Scott Le Grand; Andreas W. Goetz; Ross C. Walker
|    "SPFP: Speed without compromise - a mixed precision
|    model for GPU accelerated molecular dynamics
|    simulations.", Comp. Phys. Comm., 2013, 184
|    pp374-380, DOI: 10.1016/j.cpc.2012.09.022
|
|    When publishing work that utilized the CUDA version
|    of TI, BAR, MBAR or FEP please cite the following 
|    publications in addition to the regular AMBER 
|    GPU citations:
|
|  - Daniel J. Mermelstein; Charles Lin; Gard Nelson; 
|    Rachael Kretsch; J. Andrew McCammon; Ross C. Walker
|    "Fast and Flexible GPU Accelerated Binding 
|    Free Energy Calculations within the AMBER Molecular
|    Dynamics Package" J. Comp. Chem., 2018,
|    DOI: 10.1002/jcc.25187
|
|  - Tai-Sung Lee; Yuan Hu; Brad Sherborne; Zhuyan Guo;
|    Darrin M. York
|    "Toward Fast and Accurate Binding Affinity Prediction with
|    pmemdGTI: An Efficient Implementation of GPU-Accelerated
|    Thermodynamic Integration"
|    J. Chem. Theory Comput., 2017, 13 (7), 3077
|
|
|--------------------------------------------------------
 
|------------------- GPU DEVICE INFO --------------------
|
|            CUDA_VISIBLE_DEVICES: 3
|   CUDA Capable Devices Detected:      1
|           CUDA Device ID in use:      0
|                CUDA Device Name: GeForce RTX 2080 Ti
|     CUDA Device Global Mem Size:  11019 MB
| CUDA Device Num Multiprocessors:     68
|           CUDA Device Core Freq:   1.54 GHz
|
|--------------------------------------------------------
 
 
| Conditional Compilation Defines Used:
| PUBFFT
| BINTRAJ
| CUDA
| EMIL

| Largest sphere to fit in unit cell has radius =    25.062

| New format PARM file being parsed.
| Version =    1.000 Date = 01/24/22 Time = 21:43:14

| Note: 1-4 EEL scale factors are being read from the topology file.

| Note: 1-4 VDW scale factors are being read from the topology file.
| Duplicated    0 dihedrals

| Duplicated    0 dihedrals

--------------------------------------------------------------------------------
   1.  RESOURCE   USE: 
--------------------------------------------------------------------------------

 getting new box info from bottom of inpcrd
 NATOM  =    9985 NTYPES =      13 NBONH =    9944 MBONA  =      45
 NTHETH =      36 MTHETA =      61 NPHIH =      66 MPHIA  =      91
 NHPARM =       0 NPARM  =       0 NNB   =   13505 NRES   =    3311
 NBONA  =      45 NTHETA =      61 NPHIA =      91 NUMBND =      22
 NUMANG =      36 NPTRA  =      11 NATYP =      16 NPHB   =       0
 IFBOX  =       1 NMXRS  =      29 IFCAP =       0 NEXTRA =       0
 NCOPY  =       0

| Coordinate Index Table dimensions:     9    9    9
| Direct force subcell size =     5.6395    5.6592    5.5693

     BOX TYPE: RECTILINEAR

--------------------------------------------------------------------------------
   2.  CONTROL  DATA  FOR  THE  RUN
--------------------------------------------------------------------------------

default_name                                                                    

General flags:
     imin    =       1, nmropt  =       0

Nature and format of input:
     ntx     =       1, irest   =       0, ntrx    =       1

Nature and format of output:
     ntxo    =       1, ntpr    =     100, ntrx    =       1, ntwr    =    1000
     iwrap   =       0, ntwx    =    1000, ntwv    =       0, ntwe    =       0
     ioutfm  =       1, ntwprt  =       0, idecomp =       0, rbornstat=      0

Potential function:
     ntf     =       1, ntb     =       1, igb     =       0, nsnb    =      25
     ipol    =       0, gbsa    =       0, iesp    =       0
     dielc   =   1.00000, cut     =  10.00000, intdiel =   1.00000

Frozen or restrained atoms:
     ibelly  =       0, ntr     =       0

Energy minimization:
     maxcyc  =    1000, ncyc    =      10, ntmin   =       2
     dx0     =   0.01000, drms    =   0.00010

SHAKE:
     ntc     =       2, jfastw  =       0
     tol     =   0.00001

Free energy options:
     icfe    =       1, ifsc    =       1, klambda =       1
     clambda =  1.0000, scalpha =  0.5000, scbeta  = 12.0000
     sceeorder =       2
     dynlmb =  0.0000 logdvdl =       0

| Intermolecular bonds treatment:
|     no_intermolecular_bonds =       1

| Energy averages sample interval:
|     ene_avg_sampling =       1

Ewald parameters:
     verbose =       0, ew_type =       0, nbflag  =       1, use_pme =       1
     vdwmeth =       1, eedmeth =       1, netfrc  =       0
     Box X =   50.755   Box Y =   50.932   Box Z =   50.124
     Alpha =   90.000   Beta  =   90.000   Gamma =   90.000
     NFFT1 =   56       NFFT2 =   56       NFFT3 =   56
     Cutoff=   10.000   Tol   =0.100E-04
     Ewald Coefficient =  0.27511
     Interpolation order =    4
     TI Mask 1 :L0; matches     29 atoms
     TI Mask 2 :L1; matches     29 atoms
     TI region 1:    9956 atoms
     TI region 2:    9956 atoms
     SC Mask 1 :L0@S2, C10, C11, H6, N3, C12, H7, C13, H8, N4; matches     10 atoms
     SC Mask 2 :L1@O, C11, C10, H11, C12, H13, C13, H14, N3, H12; matches     10 atoms
 Noshake mask :L0,L1; matches      58 atoms.

--------------------------------------------------------------------------------
   3.  ATOMIC COORDINATES AND VELOCITIES
--------------------------------------------------------------------------------

default_name                                                                    
 begin time read from input coords =     0.000 ps

 
 Number of triangulated 3-point waters found:     3309
   Removing shake constraints from C13   L0    1 -- H8    L0    1
   Removing shake constraints from C12   L0    1 -- H7    L0    1
   Removing shake constraints from C11   L0    1 -- H6    L0    1
   Removing shake constraints from C7    L0    1 -- H4    L0    1
   Removing shake constraints from C7    L0    1 -- H5    L0    1
   Removing shake constraints from C4    L0    1 -- H3    L0    1
   Removing shake constraints from C3    L0    1 -- H2    L0    1
   Removing shake constraints from C2    L0    1 -- H1    L0    1
   Removing shake constraints from N3    L1    2 -- H12   L1    2
   Removing shake constraints from C13   L1    2 -- H14   L1    2
   Removing shake constraints from C12   L1    2 -- H13   L1    2
   Removing shake constraints from C10   L1    2 -- H11   L1    2
   Removing shake constraints from C7    L1    2 -- H4    L1    2
   Removing shake constraints from C7    L1    2 -- H5    L1    2
   Removing shake constraints from C4    L1    2 -- H3    L1    2
   Removing shake constraints from C3    L1    2 -- H2    L1    2
   Removing shake constraints from C2    L1    2 -- H1    L1    2
 Number of shake restraints removed in TI region  1 :        8
 Number of shake restraints removed in TI region  2 :        9

     Sum of charges for TI region  1 =   0.00200000
     Skip neutralizing charges...


     Sum of charges for TI region  2 =   0.00100000
     Skip neutralizing charges...

| Dynamic Memory, Types Used:
| Reals              483763
| Integers           393855

| Nonbonded Pairs Initial Allocation:     3020212

| GPU memory information (estimate):
| KB of GPU memory in use:     79083
| KB of CPU memory in use:     24843

--------------------------------------------------------------------------------
   4.  RESULTS
--------------------------------------------------------------------------------


| TI region  1



   NSTEP       ENERGY          RMS            GMAX         NAME    NUMBER
      1      -2.8097E+04     1.5999E+01     3.2849E+02     O          48

 BOND    =        3.5382  ANGLE   =        5.2328  DIHED      =        7.4411
 VDWAALS =     3292.4882  EEL     =   -31433.9871  HBOND      =        0.0000
 1-4 VDW =        4.5406  1-4 EEL =       23.3919  RESTRAINT  =        0.0000
 DV/DL  =         5.0135
  Softcore part of the system:      10 atoms,       TEMP(K)    =           0.00
 SC_Etot=         0.0000  SC_EKtot=         0.0000  SC_EPtot   =        76.8838
 SC_BOND=         4.0652  SC_ANGLE=         3.8270  SC_DIHED   =         6.3045
 SC_14NB=         5.1764  SC_14EEL=        54.2477  SC_VDW     =        -0.3615
 SC_EEL =         3.6246
 SC_RES_DIST=     0.0000  SC_RES_ANG=       0.0000  SC_RES_TORS=         0.0000
 SC_EEL_DER=     -2.4737  SC_VDW_DER=      -0.1237  SC_DERIV   =        -2.5974
 ------------------------------------------------------------------------------


| TI region  2



   NSTEP       ENERGY          RMS            GMAX         NAME    NUMBER
      1      -2.8097E+04     1.5999E+01     3.2849E+02     O          48

 BOND    =        3.5382  ANGLE   =        5.2328  DIHED      =        7.4411
 VDWAALS =     3292.4882  EEL     =   -31433.9871  HBOND      =        0.0000
 1-4 VDW =        4.5406  1-4 EEL =       23.3919  RESTRAINT  =        0.0000
 DV/DL  =         5.0135
  Softcore part of the system:      10 atoms,       TEMP(K)    =           0.00
 SC_Etot=         0.0000  SC_EKtot=         0.0000  SC_EPtot   =       155.4270
 SC_BOND=        96.4727  SC_ANGLE=        43.7255  SC_DIHED   =        21.5212
 SC_14NB=        -0.0794  SC_14EEL=        -2.4271  SC_VDW     =        -0.0448
 SC_EEL =        -3.7411
 SC_RES_DIST=     0.0000  SC_RES_ANG=       0.0000  SC_RES_TORS=         0.0000
 SC_EEL_DER=     -2.4737  SC_VDW_DER=      -0.1237  SC_DERIV   =        -2.5974
 ------------------------------------------------------------------------------


| TI region  1



   NSTEP       ENERGY          RMS            GMAX         NAME    NUMBER
    100      -2.9249E+04     1.4344E+01     3.9411E+01     O        7289

 BOND    =        0.2963  ANGLE   =        0.9386  DIHED      =        4.5694
 VDWAALS =     2065.6234  EEL     =   -31348.2433  HBOND      =        0.0000
 1-4 VDW =        4.1990  1-4 EEL =       23.4871  RESTRAINT  =        0.0000
 DV/DL  =         1.2793
  Softcore part of the system:      10 atoms,       TEMP(K)    =           0.00
 SC_Etot=         0.0000  SC_EKtot=         0.0000  SC_EPtot   =        74.2799
 SC_BOND=         3.2822  SC_ANGLE=         6.7878  SC_DIHED   =         2.5892
 SC_14NB=         5.0492  SC_14EEL=        53.3253  SC_VDW     =        -0.3643
 SC_EEL =         3.6104
 SC_RES_DIST=     0.0000  SC_RES_ANG=       0.0000  SC_RES_TORS=         0.0000
 SC_EEL_DER=     -4.2784  SC_VDW_DER=      -0.1313  SC_DERIV   =        -4.4098
 ------------------------------------------------------------------------------


| TI region  2



   NSTEP       ENERGY          RMS            GMAX         NAME    NUMBER
    100      -2.9249E+04     1.4344E+01     3.9411E+01     O        7289

 BOND    =        0.2963  ANGLE   =        0.9386  DIHED      =        4.5694
 VDWAALS =     2065.6234  EEL     =   -31348.2433  HBOND      =        0.0000
 1-4 VDW =        4.1990  1-4 EEL =       23.4871  RESTRAINT  =        0.0000
 DV/DL  =         1.2793
  Softcore part of the system:      10 atoms,       TEMP(K)    =           0.00
 SC_Etot=         0.0000  SC_EKtot=         0.0000  SC_EPtot   =        18.8147
 SC_BOND=         1.4136  SC_ANGLE=        17.1911  SC_DIHED   =         7.1374
 SC_14NB=        -0.1791  SC_14EEL=        -2.9929  SC_VDW     =        -0.1074
 SC_EEL =        -3.6480
 SC_RES_DIST=     0.0000  SC_RES_ANG=       0.0000  SC_RES_TORS=         0.0000
 SC_EEL_DER=     -4.2784  SC_VDW_DER=      -0.1313  SC_DERIV   =        -4.4098
 ------------------------------------------------------------------------------


| TI region  1



   NSTEP       ENERGY          RMS            GMAX         NAME    NUMBER
    200      -2.9249E+04     1.4344E+01     3.9411E+01     O        7289

 BOND    =        0.2963  ANGLE   =        0.9387  DIHED      =        4.5694
 VDWAALS =     2065.6133  EEL     =   -31348.2228  HBOND      =        0.0000
 1-4 VDW =        4.1990  1-4 EEL =       23.4871  RESTRAINT  =        0.0000
 DV/DL  =         1.2793
  Softcore part of the system:      10 atoms,       TEMP(K)    =           0.00
 SC_Etot=         0.0000  SC_EKtot=         0.0000  SC_EPtot   =        74.2799
 SC_BOND=         3.2822  SC_ANGLE=         6.7878  SC_DIHED   =         2.5892
 SC_14NB=         5.0492  SC_14EEL=        53.3253  SC_VDW     =        -0.3643
 SC_EEL =         3.6104
 SC_RES_DIST=     0.0000  SC_RES_ANG=       0.0000  SC_RES_TORS=         0.0000
 SC_EEL_DER=     -4.2785  SC_VDW_DER=      -0.1313  SC_DERIV   =        -4.4098
 ------------------------------------------------------------------------------


| TI region  2



   NSTEP       ENERGY          RMS            GMAX         NAME    NUMBER
    200      -2.9249E+04     1.4344E+01     3.9411E+01     O        7289

 BOND    =        0.2963  ANGLE   =        0.9387  DIHED      =        4.5694
 VDWAALS =     2065.6133  EEL     =   -31348.2228  HBOND      =        0.0000
 1-4 VDW =        4.1990  1-4 EEL =       23.4871  RESTRAINT  =        0.0000
 DV/DL  =         1.2793
  Softcore part of the system:      10 atoms,       TEMP(K)    =           0.00
 SC_Etot=         0.0000  SC_EKtot=         0.0000  SC_EPtot   =        18.8146
 SC_BOND=         1.4136  SC_ANGLE=        17.1911  SC_DIHED   =         7.1374
 SC_14NB=        -0.1791  SC_14EEL=        -2.9929  SC_VDW     =        -0.1074
 SC_EEL =        -3.6480
 SC_RES_DIST=     0.0000  SC_RES_ANG=       0.0000  SC_RES_TORS=         0.0000
 SC_EEL_DER=     -4.2785  SC_VDW_DER=      -0.1313  SC_DERIV   =        -4.4098
 ------------------------------------------------------------------------------


| TI region  1



   NSTEP       ENERGY          RMS            GMAX         NAME    NUMBER
    300      -2.9249E+04     1.4344E+01     3.9411E+01     O        7289

 BOND    =        0.2963  ANGLE   =        0.9387  DIHED      =        4.5693
 VDWAALS =     2065.6034  EEL     =   -31348.2025  HBOND      =        0.0000
 1-4 VDW =        4.1990  1-4 EEL =       23.4871  RESTRAINT  =        0.0000
 DV/DL  =         1.2793
  Softcore part of the system:      10 atoms,       TEMP(K)    =           0.00
 SC_Etot=         0.0000  SC_EKtot=         0.0000  SC_EPtot   =        74.2799
 SC_BOND=         3.2822  SC_ANGLE=         6.7878  SC_DIHED   =         2.5892
 SC_14NB=         5.0493  SC_14EEL=        53.3253  SC_VDW     =        -0.3643
 SC_EEL =         3.6104
 SC_RES_DIST=     0.0000  SC_RES_ANG=       0.0000  SC_RES_TORS=         0.0000
 SC_EEL_DER=     -4.2785  SC_VDW_DER=      -0.1313  SC_DERIV   =        -4.4098
 ------------------------------------------------------------------------------


| TI region  2



   NSTEP       ENERGY          RMS            GMAX         NAME    NUMBER
    300      -2.9249E+04     1.4344E+01     3.9411E+01     O        7289

 BOND    =        0.2963  ANGLE   =        0.9387  DIHED      =        4.5693
 VDWAALS =     2065.6034  EEL     =   -31348.2025  HBOND      =        0.0000
 1-4 VDW =        4.1990  1-4 EEL =       23.4871  RESTRAINT  =        0.0000
 DV/DL  =         1.2793
  Softcore part of the system:      10 atoms,       TEMP(K)    =           0.00
 SC_Etot=         0.0000  SC_EKtot=         0.0000  SC_EPtot   =        18.8146
 SC_BOND=         1.4136  SC_ANGLE=        17.1911  SC_DIHED   =         7.1373
 SC_14NB=        -0.1791  SC_14EEL=        -2.9929  SC_VDW     =        -0.1074
 SC_EEL =        -3.6480
 SC_RES_DIST=     0.0000  SC_RES_ANG=       0.0000  SC_RES_TORS=         0.0000
 SC_EEL_DER=     -4.2785  SC_VDW_DER=      -0.1313  SC_DERIV   =        -4.4098
 ------------------------------------------------------------------------------


| TI region  1



   NSTEP       ENERGY          RMS            GMAX         NAME    NUMBER
    400      -2.9249E+04     1.4344E+01     3.9411E+01     O        7289

 BOND    =        0.2963  ANGLE   =        0.9387  DIHED      =        4.5693
 VDWAALS =     2065.5929  EEL     =   -31348.1813  HBOND      =        0.0000
 1-4 VDW =        4.1990  1-4 EEL =       23.4872  RESTRAINT  =        0.0000
 DV/DL  =         1.2792
  Softcore part of the system:      10 atoms,       TEMP(K)    =           0.00
 SC_Etot=         0.0000  SC_EKtot=         0.0000  SC_EPtot   =        74.2799
 SC_BOND=         3.2822  SC_ANGLE=         6.7878  SC_DIHED   =         2.5892
 SC_14NB=         5.0493  SC_14EEL=        53.3253  SC_VDW     =        -0.3643
 SC_EEL =         3.6104
 SC_RES_DIST=     0.0000  SC_RES_ANG=       0.0000  SC_RES_TORS=         0.0000
 SC_EEL_DER=     -4.2785  SC_VDW_DER=      -0.1313  SC_DERIV   =        -4.4098
 ------------------------------------------------------------------------------


| TI region  2



   NSTEP       ENERGY          RMS            GMAX         NAME    NUMBER
    400      -2.9249E+04     1.4344E+01     3.9411E+01     O        7289

 BOND    =        0.2963  ANGLE   =        0.9387  DIHED      =        4.5693
 VDWAALS =     2065.5929  EEL     =   -31348.1813  HBOND      =        0.0000
 1-4 VDW =        4.1990  1-4 EEL =       23.4872  RESTRAINT  =        0.0000
 DV/DL  =         1.2792
  Softcore part of the system:      10 atoms,       TEMP(K)    =           0.00
 SC_Etot=         0.0000  SC_EKtot=         0.0000  SC_EPtot   =        18.8145
 SC_BOND=         1.4136  SC_ANGLE=        17.1910  SC_DIHED   =         7.1373
 SC_14NB=        -0.1791  SC_14EEL=        -2.9929  SC_VDW     =        -0.1074
 SC_EEL =        -3.6480
 SC_RES_DIST=     0.0000  SC_RES_ANG=       0.0000  SC_RES_TORS=         0.0000
 SC_EEL_DER=     -4.2785  SC_VDW_DER=      -0.1313  SC_DERIV   =        -4.4098
 ------------------------------------------------------------------------------


| TI region  1



   NSTEP       ENERGY          RMS            GMAX         NAME    NUMBER
    500      -2.9249E+04     1.4344E+01     3.9411E+01     O        7289

 BOND    =        0.2963  ANGLE   =        0.9387  DIHED      =        4.5693
 VDWAALS =     2065.5821  EEL     =   -31348.1611  HBOND      =        0.0000
 1-4 VDW =        4.1990  1-4 EEL =       23.4872  RESTRAINT  =        0.0000
 DV/DL  =         1.2792
  Softcore part of the system:      10 atoms,       TEMP(K)    =           0.00
 SC_Etot=         0.0000  SC_EKtot=         0.0000  SC_EPtot   =        74.2799
 SC_BOND=         3.2822  SC_ANGLE=         6.7878  SC_DIHED   =         2.5892
 SC_14NB=         5.0493  SC_14EEL=        53.3253  SC_VDW     =        -0.3643
 SC_EEL =         3.6104
 SC_RES_DIST=     0.0000  SC_RES_ANG=       0.0000  SC_RES_TORS=         0.0000
 SC_EEL_DER=     -4.2785  SC_VDW_DER=      -0.1313  SC_DERIV   =        -4.4098
 ------------------------------------------------------------------------------


| TI region  2



   NSTEP       ENERGY          RMS            GMAX         NAME    NUMBER
    500      -2.9249E+04     1.4344E+01     3.9411E+01     O        7289

 BOND    =        0.2963  ANGLE   =        0.9387  DIHED      =        4.5693
 VDWAALS =     2065.5821  EEL     =   -31348.1611  HBOND      =        0.0000
 1-4 VDW =        4.1990  1-4 EEL =       23.4872  RESTRAINT  =        0.0000
 DV/DL  =         1.2792
  Softcore part of the system:      10 atoms,       TEMP(K)    =           0.00
 SC_Etot=         0.0000  SC_EKtot=         0.0000  SC_EPtot   =        18.8144
 SC_BOND=         1.4136  SC_ANGLE=        17.1910  SC_DIHED   =         7.1373
 SC_14NB=        -0.1791  SC_14EEL=        -2.9929  SC_VDW     =        -0.1074
 SC_EEL =        -3.6480
 SC_RES_DIST=     0.0000  SC_RES_ANG=       0.0000  SC_RES_TORS=         0.0000
 SC_EEL_DER=     -4.2785  SC_VDW_DER=      -0.1313  SC_DERIV   =        -4.4098
 ------------------------------------------------------------------------------


| TI region  1



   NSTEP       ENERGY          RMS            GMAX         NAME    NUMBER
    600      -2.9249E+04     1.4344E+01     3.9411E+01     O        7289

 BOND    =        0.2963  ANGLE   =        0.9387  DIHED      =        4.5693
 VDWAALS =     2065.5724  EEL     =   -31348.1380  HBOND      =        0.0000
 1-4 VDW =        4.1990  1-4 EEL =       23.4872  RESTRAINT  =        0.0000
 DV/DL  =         1.2792
  Softcore part of the system:      10 atoms,       TEMP(K)    =           0.00
 SC_Etot=         0.0000  SC_EKtot=         0.0000  SC_EPtot   =        74.2799
 SC_BOND=         3.2822  SC_ANGLE=         6.7878  SC_DIHED   =         2.5892
 SC_14NB=         5.0493  SC_14EEL=        53.3253  SC_VDW     =        -0.3643
 SC_EEL =         3.6104
 SC_RES_DIST=     0.0000  SC_RES_ANG=       0.0000  SC_RES_TORS=         0.0000
 SC_EEL_DER=     -4.2785  SC_VDW_DER=      -0.1313  SC_DERIV   =        -4.4099
 ------------------------------------------------------------------------------


| TI region  2



   NSTEP       ENERGY          RMS            GMAX         NAME    NUMBER
    600      -2.9249E+04     1.4344E+01     3.9411E+01     O        7289

 BOND    =        0.2963  ANGLE   =        0.9387  DIHED      =        4.5693
 VDWAALS =     2065.5724  EEL     =   -31348.1380  HBOND      =        0.0000
 1-4 VDW =        4.1990  1-4 EEL =       23.4872  RESTRAINT  =        0.0000
 DV/DL  =         1.2792
  Softcore part of the system:      10 atoms,       TEMP(K)    =           0.00
 SC_Etot=         0.0000  SC_EKtot=         0.0000  SC_EPtot   =        18.8144
 SC_BOND=         1.4136  SC_ANGLE=        17.1910  SC_DIHED   =         7.1373
 SC_14NB=        -0.1791  SC_14EEL=        -2.9929  SC_VDW     =        -0.1074
 SC_EEL =        -3.6480
 SC_RES_DIST=     0.0000  SC_RES_ANG=       0.0000  SC_RES_TORS=         0.0000
 SC_EEL_DER=     -4.2785  SC_VDW_DER=      -0.1313  SC_DERIV   =        -4.4099
 ------------------------------------------------------------------------------


| TI region  1



   NSTEP       ENERGY          RMS            GMAX         NAME    NUMBER
    700      -2.9249E+04     1.4344E+01     3.9411E+01     O        7289

 BOND    =        0.2963  ANGLE   =        0.9387  DIHED      =        4.5692
 VDWAALS =     2065.5636  EEL     =   -31348.1225  HBOND      =        0.0000
 1-4 VDW =        4.1990  1-4 EEL =       23.4872  RESTRAINT  =        0.0000
 DV/DL  =         1.2791
  Softcore part of the system:      10 atoms,       TEMP(K)    =           0.00
 SC_Etot=         0.0000  SC_EKtot=         0.0000  SC_EPtot   =        74.2799
 SC_BOND=         3.2821  SC_ANGLE=         6.7878  SC_DIHED   =         2.5892
 SC_14NB=         5.0493  SC_14EEL=        53.3253  SC_VDW     =        -0.3643
 SC_EEL =         3.6104
 SC_RES_DIST=     0.0000  SC_RES_ANG=       0.0000  SC_RES_TORS=         0.0000
 SC_EEL_DER=     -4.2786  SC_VDW_DER=      -0.1313  SC_DERIV   =        -4.4099
 ------------------------------------------------------------------------------


| TI region  2



   NSTEP       ENERGY          RMS            GMAX         NAME    NUMBER
    700      -2.9249E+04     1.4344E+01     3.9411E+01     O        7289

 BOND    =        0.2963  ANGLE   =        0.9387  DIHED      =        4.5692
 VDWAALS =     2065.5636  EEL     =   -31348.1225  HBOND      =        0.0000
 1-4 VDW =        4.1990  1-4 EEL =       23.4872  RESTRAINT  =        0.0000
 DV/DL  =         1.2791
  Softcore part of the system:      10 atoms,       TEMP(K)    =           0.00
 SC_Etot=         0.0000  SC_EKtot=         0.0000  SC_EPtot   =        18.8143
 SC_BOND=         1.4136  SC_ANGLE=        17.1910  SC_DIHED   =         7.1372
 SC_14NB=        -0.1791  SC_14EEL=        -2.9929  SC_VDW     =        -0.1074
 SC_EEL =        -3.6480
 SC_RES_DIST=     0.0000  SC_RES_ANG=       0.0000  SC_RES_TORS=         0.0000
 SC_EEL_DER=     -4.2786  SC_VDW_DER=      -0.1313  SC_DERIV   =        -4.4099
 ------------------------------------------------------------------------------


| TI region  1



   NSTEP       ENERGY          RMS            GMAX         NAME    NUMBER
    800      -2.9249E+04     1.4344E+01     3.9411E+01     O        7289

 BOND    =        0.2963  ANGLE   =        0.9387  DIHED      =        4.5692
 VDWAALS =     2065.5529  EEL     =   -31348.1013  HBOND      =        0.0000
 1-4 VDW =        4.1990  1-4 EEL =       23.4872  RESTRAINT  =        0.0000
 DV/DL  =         1.2791
  Softcore part of the system:      10 atoms,       TEMP(K)    =           0.00
 SC_Etot=         0.0000  SC_EKtot=         0.0000  SC_EPtot   =        74.2799
 SC_BOND=         3.2821  SC_ANGLE=         6.7878  SC_DIHED   =         2.5892
 SC_14NB=         5.0493  SC_14EEL=        53.3253  SC_VDW     =        -0.3643
 SC_EEL =         3.6104
 SC_RES_DIST=     0.0000  SC_RES_ANG=       0.0000  SC_RES_TORS=         0.0000
 SC_EEL_DER=     -4.2786  SC_VDW_DER=      -0.1313  SC_DERIV   =        -4.4099
 ------------------------------------------------------------------------------


| TI region  2



   NSTEP       ENERGY          RMS            GMAX         NAME    NUMBER
    800      -2.9249E+04     1.4344E+01     3.9411E+01     O        7289

 BOND    =        0.2963  ANGLE   =        0.9387  DIHED      =        4.5692
 VDWAALS =     2065.5529  EEL     =   -31348.1013  HBOND      =        0.0000
 1-4 VDW =        4.1990  1-4 EEL =       23.4872  RESTRAINT  =        0.0000
 DV/DL  =         1.2791
  Softcore part of the system:      10 atoms,       TEMP(K)    =           0.00
 SC_Etot=         0.0000  SC_EKtot=         0.0000  SC_EPtot   =        18.8143
 SC_BOND=         1.4136  SC_ANGLE=        17.1909  SC_DIHED   =         7.1372
 SC_14NB=        -0.1791  SC_14EEL=        -2.9929  SC_VDW     =        -0.1074
 SC_EEL =        -3.6480
 SC_RES_DIST=     0.0000  SC_RES_ANG=       0.0000  SC_RES_TORS=         0.0000
 SC_EEL_DER=     -4.2786  SC_VDW_DER=      -0.1313  SC_DERIV   =        -4.4099
 ------------------------------------------------------------------------------


| TI region  1



   NSTEP       ENERGY          RMS            GMAX         NAME    NUMBER
    900      -2.9249E+04     1.4344E+01     3.9410E+01     O        7289

 BOND    =        0.2963  ANGLE   =        0.9387  DIHED      =        4.5692
 VDWAALS =     2065.5453  EEL     =   -31348.0868  HBOND      =        0.0000
 1-4 VDW =        4.1990  1-4 EEL =       23.4872  RESTRAINT  =        0.0000
 DV/DL  =         1.2790
  Softcore part of the system:      10 atoms,       TEMP(K)    =           0.00
 SC_Etot=         0.0000  SC_EKtot=         0.0000  SC_EPtot   =        74.2799
 SC_BOND=         3.2821  SC_ANGLE=         6.7878  SC_DIHED   =         2.5892
 SC_14NB=         5.0493  SC_14EEL=        53.3253  SC_VDW     =        -0.3643
 SC_EEL =         3.6104
 SC_RES_DIST=     0.0000  SC_RES_ANG=       0.0000  SC_RES_TORS=         0.0000
 SC_EEL_DER=     -4.2786  SC_VDW_DER=      -0.1313  SC_DERIV   =        -4.4099
 ------------------------------------------------------------------------------


| TI region  2



   NSTEP       ENERGY          RMS            GMAX         NAME    NUMBER
    900      -2.9249E+04     1.4344E+01     3.9410E+01     O        7289

 BOND    =        0.2963  ANGLE   =        0.9387  DIHED      =        4.5692
 VDWAALS =     2065.5453  EEL     =   -31348.0868  HBOND      =        0.0000
 1-4 VDW =        4.1990  1-4 EEL =       23.4872  RESTRAINT  =        0.0000
 DV/DL  =         1.2790
  Softcore part of the system:      10 atoms,       TEMP(K)    =           0.00
 SC_Etot=         0.0000  SC_EKtot=         0.0000  SC_EPtot   =        18.8143
 SC_BOND=         1.4136  SC_ANGLE=        17.1909  SC_DIHED   =         7.1372
 SC_14NB=        -0.1791  SC_14EEL=        -2.9929  SC_VDW     =        -0.1074
 SC_EEL =        -3.6480
 SC_RES_DIST=     0.0000  SC_RES_ANG=       0.0000  SC_RES_TORS=         0.0000
 SC_EEL_DER=     -4.2786  SC_VDW_DER=      -0.1313  SC_DERIV   =        -4.4099
 ------------------------------------------------------------------------------


| TI region  1



   NSTEP       ENERGY          RMS            GMAX         NAME    NUMBER
   1000      -2.9249E+04     1.4344E+01     3.9410E+01     O        7289

 BOND    =        0.2963  ANGLE   =        0.9387  DIHED      =        4.5692
 VDWAALS =     2065.5363  EEL     =   -31348.0690  HBOND      =        0.0000
 1-4 VDW =        4.1990  1-4 EEL =       23.4872  RESTRAINT  =        0.0000
 DV/DL  =         1.2790
  Softcore part of the system:      10 atoms,       TEMP(K)    =           0.00
 SC_Etot=         0.0000  SC_EKtot=         0.0000  SC_EPtot   =        74.2799
 SC_BOND=         3.2821  SC_ANGLE=         6.7878  SC_DIHED   =         2.5892
 SC_14NB=         5.0493  SC_14EEL=        53.3253  SC_VDW     =        -0.3643
 SC_EEL =         3.6104
 SC_RES_DIST=     0.0000  SC_RES_ANG=       0.0000  SC_RES_TORS=         0.0000
 SC_EEL_DER=     -4.2786  SC_VDW_DER=      -0.1313  SC_DERIV   =        -4.4099
 ------------------------------------------------------------------------------


| TI region  2



   NSTEP       ENERGY          RMS            GMAX         NAME    NUMBER
   1000      -2.9249E+04     1.4344E+01     3.9410E+01     O        7289

 BOND    =        0.2963  ANGLE   =        0.9387  DIHED      =        4.5692
 VDWAALS =     2065.5363  EEL     =   -31348.0690  HBOND      =        0.0000
 1-4 VDW =        4.1990  1-4 EEL =       23.4872  RESTRAINT  =        0.0000
 DV/DL  =         1.2790
  Softcore part of the system:      10 atoms,       TEMP(K)    =           0.00
 SC_Etot=         0.0000  SC_EKtot=         0.0000  SC_EPtot   =        18.8142
 SC_BOND=         1.4136  SC_ANGLE=        17.1909  SC_DIHED   =         7.1372
 SC_14NB=        -0.1791  SC_14EEL=        -2.9929  SC_VDW     =        -0.1074
 SC_EEL =        -3.6480
 SC_RES_DIST=     0.0000  SC_RES_ANG=       0.0000  SC_RES_TORS=         0.0000
 SC_EEL_DER=     -4.2786  SC_VDW_DER=      -0.1313  SC_DERIV   =        -4.4099
 ------------------------------------------------------------------------------



  Maximum number of minimization cycles reached.


                    FINAL RESULTS


| TI region  1



   NSTEP       ENERGY          RMS            GMAX         NAME    NUMBER
   1000      -2.9249E+04     1.4344E+01     3.9410E+01     O        7289

 BOND    =        0.2963  ANGLE   =        0.9387  DIHED      =        4.5692
 VDWAALS =     2065.5363  EEL     =   -31348.0690  HBOND      =        0.0000
 1-4 VDW =        4.1990  1-4 EEL =       23.4872  RESTRAINT  =        0.0000
 DV/DL  =         1.2790
  Softcore part of the system:      10 atoms,       TEMP(K)    =           0.00
 SC_Etot=         0.0000  SC_EKtot=         0.0000  SC_EPtot   =        74.2799
 SC_BOND=         3.2821  SC_ANGLE=         6.7878  SC_DIHED   =         2.5892
 SC_14NB=         5.0493  SC_14EEL=        53.3253  SC_VDW     =        -0.3643
 SC_EEL =         3.6104
 SC_RES_DIST=     0.0000  SC_RES_ANG=       0.0000  SC_RES_TORS=         0.0000
 SC_EEL_DER=     -4.2786  SC_VDW_DER=      -0.1313  SC_DERIV   =        -4.4099
 ------------------------------------------------------------------------------


| TI region  2



   NSTEP       ENERGY          RMS            GMAX         NAME    NUMBER
   1000      -2.9249E+04     1.4344E+01     3.9410E+01     O        7289

 BOND    =        0.2963  ANGLE   =        0.9387  DIHED      =        4.5692
 VDWAALS =     2065.5363  EEL     =   -31348.0690  HBOND      =        0.0000
 1-4 VDW =        4.1990  1-4 EEL =       23.4872  RESTRAINT  =        0.0000
 DV/DL  =         1.2790
  Softcore part of the system:      10 atoms,       TEMP(K)    =           0.00
 SC_Etot=         0.0000  SC_EKtot=         0.0000  SC_EPtot   =        18.8142
 SC_BOND=         1.4136  SC_ANGLE=        17.1909  SC_DIHED   =         7.1372
 SC_14NB=        -0.1791  SC_14EEL=        -2.9929  SC_VDW     =        -0.1074
 SC_EEL =        -3.6480
 SC_RES_DIST=     0.0000  SC_RES_ANG=       0.0000  SC_RES_TORS=         0.0000
 SC_EEL_DER=     -4.2786  SC_VDW_DER=      -0.1313  SC_DERIV   =        -4.4099
 ------------------------------------------------------------------------------

--------------------------------------------------------------------------------
   5.  TIMINGS
--------------------------------------------------------------------------------

|  NonSetup CPU Time in Major Routines:
|
|     Routine           Sec        %
|     ------------------------------
|     Nonbond           0.38   25.16
|     Bond              0.00    0.00
|     Angle             0.00    0.00
|     Dihedral          0.00    0.00
|     Shake             0.39   25.44
|     Other             0.75   49.40
|     ------------------------------
|     Total             1.52

|  PME Nonbond Pairlist CPU Time:
|
|     Routine              Sec        %
|     ---------------------------------
|     Set Up Cit           0.00    0.00
|     Build List           0.00    0.00
|     ---------------------------------
|     Total                0.00    0.00

|  PME Direct Force CPU Time:
|
|     Routine              Sec        %
|     ---------------------------------
|     NonBonded Calc       0.00    0.00
|     Exclude Masked       0.00    0.00
|     Other                0.00    0.16
|     ---------------------------------
|     Total                0.00    0.16

|  PME Reciprocal Force CPU Time:
|
|     Routine              Sec        %
|     ---------------------------------
|     1D bspline           0.00    0.00
|     Grid Charges         0.00    0.00
|     Scalar Sum           0.00    0.00
|     Gradient Sum         0.00    0.00
|     FFT                  0.00    0.00
|     ---------------------------------
|     Total                0.00    0.00

|  Setup CPU time:            0.86 seconds
|  NonSetup CPU time:         1.52 seconds
|  Total CPU time:            2.39 seconds     0.00 hours

|  Setup wall time:           1    seconds
|  NonSetup wall time:        1    seconds
|  Total wall time:           2    seconds     0.00 hours
