
          -------------------------------------------------------
          Amber 20 PMEMD                              2020
          -------------------------------------------------------

| PMEMD implementation of SANDER, Release 18

|  Compiled date/time: Mon Apr 27 18:19:54 2020
| Run on 01/25/2022 at 16:37:47

|   Executable path: /cm/shared/apps/amber20/bin/pmemd.cuda
| Working directory: /data/bella/piezo/charmm-gui-4149384590/TI/1-dooku/ligand/concerted/t04/0.6839
|          Hostname: node002

  [-O]verwriting output

File Assignments:
|   MDIN: ti001.eq.in                                                           
|  MDOUT: ti001.eq.out                                                          
| INPCRD: ti001.min.rst7                                                        
|   PARM: ../concerted.parm7                                                    
| RESTRT: ti001.eq.rst7                                                         
|   REFC: refc                                                                  
|  MDVEL: mdvel                                                                 
|   MDEN: ti001.eq.en                                                           
|  MDCRD: ti001.eq.nc                                                           
| MDINFO: ti001.eq.info                                                         
|  MDFRC: mdfrc                                                                 


 Here is the input file:

Heating                                                                        
 &cntrl                                                                        
                                                                               
! simulation                                                                   
imin = 0,                 ! flag to run minization (0=false)                   
ntmin = 2,                ! mini algorithm. 2=steepest                         
nstlim = 5000,            ! number of MD steps                                 
irest = 0,                ! flag to restart simulation                         
ntx = 1,                  ! option to read from inpcrd file                    
ntxo = 1,                 ! read/write rst as formatted file                   
dt = 0.001,               ! timestep (1fs)                                     
ntb = 2,              ! specify PBC type                                       
                                                                               
! thermostate                                                                  
ntt = 3,                  ! switch for time scaling (3=Langevin)               
tempi = 1.0,                                                                   
temp0 = 310,            ! reference temperature (if ntt>0)                     
gamma_ln = 5.0,           ! collision frequency for ntt=3                      
ig = -1,                  ! seed for Random Number Generator (RNG) (use -1 with
! barostate                                                                    
ntp = 1,                  ! constant pressure dynamics (1=do scaling)          
barostat = 2,             ! barostat to use (2=Monte Carlo)                    
mcbarint = 100,           ! volume change attempt every n steps                
pres0 = 1.01325,          ! referenve pressure (in bars)                       
taup = 2.0,               ! pressure relation time (in ps)                     
                                                                               
! output                                                                       
ioutfm = 1,               ! film fromat (1=binary NetCDF)                      
iwrap = 0,                ! wrap coordination into primary box (1=do)          
ntwe = 1000,              ! write to .mden every n steps                       
ntwx = 1000,              ! write to .mdcrd every n steps                      
ntpr = 500,               ! write energies to .mdout/.mdinfo every n steps     
ntwr = 1000,              ! write rstrt file every n steps                     
                                                                               
! alchemical free energy                                                       
cut = 10.0                                                                     
ntc = 2,                  ! SHAKE bond length constraints (2=H-atom)           
ntf = 1,                  ! force evaluation (1=evalute all)                   
noshakemask = ':L0, L1',     ! remove SHAKE from perturbed regions             
                                                                               
icfe = 1,                 ! turn on free energy calculation                    
ifsc = 1,                 ! use softcore parameters (0=undo)                   
clambda = 0.6839,           ! current lambda                                   
timask1 = ':L0',           ! specify atoms unique to V_0                       
timask2 = ':L1',           ! specify atoms unique to V_1                       
scmask1 = ':L0@S2, C10, C11, H6, N3, C12, H7, C13, H8, N4',                    
                      ! specify the unique atoms for V0                        
scmask2 = ':L1@O, C11, C10, H11, C12, H13, C13, H14, N3, H12',                 
                      ! specify the unique atoms for V1                        
vlimit = 20                                                                    
 /                                                                             
 &ewald                                                                        
 /                                                                             
                                                                               
&wt type='TEMP0', istep1=1, istep2=5000, value1=1.0, value2=300 &end           
&wt type='END' &end                                                            


Note: ig = -1. Setting random seed to   217046 based on wallclock time in 
      microseconds.
| irandom = 1, using AMBER's internal random number generator (default).
 
|--------------------- INFORMATION ----------------------
| GPU (CUDA) Version of PMEMD in use: NVIDIA GPU IN USE.
|                    Version 18.0.0
| 
|                      03/25/2018
| 
| Implementation by:
|                    Ross C. Walker     (SDSC)
|                    Scott Le Grand     (nVIDIA)
| 
| Version 18 performance extensions by:
|                    David Cerutti     (Rutgers)
| 
| Precision model in use:
|      [SPFP] - Single Precision Forces, 64-bit Fixed Point
|               Accumulation. (Default)
| 
|--------------------------------------------------------
 
|----------------- CITATION INFORMATION -----------------
|
|    When publishing work that utilized the CUDA version
|    of AMBER, please cite the following in addition to
|    the regular AMBER citations:
|
|  - Romelia Salomon-Ferrer; Andreas W. Goetz; Duncan
|    Poole; Scott Le Grand; Ross C. Walker "Routine
|    microsecond molecular dynamics simulations with
|    AMBER - Part II: Particle Mesh Ewald", J. Chem.
|    Theory Comput., 2013, 9 (9), pp3878-3888,
|    DOI: 10.1021/ct400314y.
|
|  - Andreas W. Goetz; Mark J. Williamson; Dong Xu;
|    Duncan Poole; Scott Le Grand; Ross C. Walker
|    "Routine microsecond molecular dynamics simulations
|    with AMBER - Part I: Generalized Born", J. Chem.
|    Theory Comput., 2012, 8 (5), pp1542-1555.
|
|  - Scott Le Grand; Andreas W. Goetz; Ross C. Walker
|    "SPFP: Speed without compromise - a mixed precision
|    model for GPU accelerated molecular dynamics
|    simulations.", Comp. Phys. Comm., 2013, 184
|    pp374-380, DOI: 10.1016/j.cpc.2012.09.022
|
|    When publishing work that utilized the CUDA version
|    of TI, BAR, MBAR or FEP please cite the following 
|    publications in addition to the regular AMBER 
|    GPU citations:
|
|  - Daniel J. Mermelstein; Charles Lin; Gard Nelson; 
|    Rachael Kretsch; J. Andrew McCammon; Ross C. Walker
|    "Fast and Flexible GPU Accelerated Binding 
|    Free Energy Calculations within the AMBER Molecular
|    Dynamics Package" J. Comp. Chem., 2018,
|    DOI: 10.1002/jcc.25187
|
|  - Tai-Sung Lee; Yuan Hu; Brad Sherborne; Zhuyan Guo;
|    Darrin M. York
|    "Toward Fast and Accurate Binding Affinity Prediction with
|    pmemdGTI: An Efficient Implementation of GPU-Accelerated
|    Thermodynamic Integration"
|    J. Chem. Theory Comput., 2017, 13 (7), 3077
|
|
|--------------------------------------------------------
 
|------------------- GPU DEVICE INFO --------------------
|
|            CUDA_VISIBLE_DEVICES: 7
|   CUDA Capable Devices Detected:      1
|           CUDA Device ID in use:      0
|                CUDA Device Name: GeForce RTX 2080 Ti
|     CUDA Device Global Mem Size:  11019 MB
| CUDA Device Num Multiprocessors:     68
|           CUDA Device Core Freq:   1.54 GHz
|
|--------------------------------------------------------
 
 
| Conditional Compilation Defines Used:
| PUBFFT
| BINTRAJ
| CUDA
| EMIL

| Largest sphere to fit in unit cell has radius =    25.062

| New format PARM file being parsed.
| Version =    1.000 Date = 01/24/22 Time = 21:43:14

| Note: 1-4 EEL scale factors are being read from the topology file.

| Note: 1-4 VDW scale factors are being read from the topology file.
| Duplicated    0 dihedrals

| Duplicated    0 dihedrals

--------------------------------------------------------------------------------
   1.  RESOURCE   USE: 
--------------------------------------------------------------------------------

 getting new box info from bottom of inpcrd
 NATOM  =    9985 NTYPES =      13 NBONH =    9944 MBONA  =      45
 NTHETH =      36 MTHETA =      61 NPHIH =      66 MPHIA  =      91
 NHPARM =       0 NPARM  =       0 NNB   =   13505 NRES   =    3311
 NBONA  =      45 NTHETA =      61 NPHIA =      91 NUMBND =      22
 NUMANG =      36 NPTRA  =      11 NATYP =      16 NPHB   =       0
 IFBOX  =       1 NMXRS  =      29 IFCAP =       0 NEXTRA =       0
 NCOPY  =       0

| Coordinate Index Table dimensions:     9    9    9
| Direct force subcell size =     5.6395    5.6592    5.5693

     BOX TYPE: RECTILINEAR

--------------------------------------------------------------------------------
   2.  CONTROL  DATA  FOR  THE  RUN
--------------------------------------------------------------------------------

default_name                                                                    

General flags:
     imin    =       0, nmropt  =       0

Nature and format of input:
     ntx     =       1, irest   =       0, ntrx    =       1

Nature and format of output:
     ntxo    =       1, ntpr    =     500, ntrx    =       1, ntwr    =    1000
     iwrap   =       0, ntwx    =    1000, ntwv    =       0, ntwe    =    1000
     ioutfm  =       1, ntwprt  =       0, idecomp =       0, rbornstat=      0

Potential function:
     ntf     =       1, ntb     =       2, igb     =       0, nsnb    =      25
     ipol    =       0, gbsa    =       0, iesp    =       0
     dielc   =   1.00000, cut     =  10.00000, intdiel =   1.00000

Frozen or restrained atoms:
     ibelly  =       0, ntr     =       0

Molecular dynamics:
     nstlim  =      5000, nscm    =      1000, nrespa  =         1
     t       =   0.00000, dt      =   0.00100, vlimit  =  20.00000

Langevin dynamics temperature regulation:
     ig      =  217046
     temp0   = 310.00000, tempi   =   1.00000, gamma_ln=   5.00000

Pressure regulation:
     ntp     =       1
     pres0   =   1.01325, comp    =  44.60000, taup    =   2.00000
     Monte-Carlo Barostat:
     mcbarint  =     100

SHAKE:
     ntc     =       2, jfastw  =       0
     tol     =   0.00001

Free energy options:
     icfe    =       1, ifsc    =       1, klambda =       1
     clambda =  0.6839, scalpha =  0.5000, scbeta  = 12.0000
     sceeorder =       2
     dynlmb =  0.0000 logdvdl =       0

| Intermolecular bonds treatment:
|     no_intermolecular_bonds =       1

| Energy averages sample interval:
|     ene_avg_sampling =     500

Ewald parameters:
     verbose =       0, ew_type =       0, nbflag  =       1, use_pme =       1
     vdwmeth =       1, eedmeth =       1, netfrc  =       1
     Box X =   50.755   Box Y =   50.932   Box Z =   50.124
     Alpha =   90.000   Beta  =   90.000   Gamma =   90.000
     NFFT1 =   56       NFFT2 =   56       NFFT3 =   56
     Cutoff=   10.000   Tol   =0.100E-04
     Ewald Coefficient =  0.27511
     Interpolation order =    4
     TI Mask 1 :L0; matches     29 atoms
     TI Mask 2 :L1; matches     29 atoms
     TI region 1:    9956 atoms
     TI region 2:    9956 atoms
     SC Mask 1 :L0@S2, C10, C11, H6, N3, C12, H7, C13, H8, N4; matches     10 atoms
     SC Mask 2 :L1@O, C11, C10, H11, C12, H13, C13, H14, N3, H12; matches     10 atoms
 Noshake mask :L0, L1; matches      58 atoms.
| MONTE CARLO BAROSTAT IMPORTANT NOTE:
|   The Monte-Carlo barostat does not require the virial to adjust the system volume.
|   Since it is an expensive calculation, it is skipped for efficiency. A side-effect
|   is that the reported pressure is always 0 because it is not calculated.

--------------------------------------------------------------------------------
   3.  ATOMIC COORDINATES AND VELOCITIES
--------------------------------------------------------------------------------

default_name                                                                    
 begin time read from input coords =     0.000 ps

 
     Molecule     1 is partially softcore
     Molecule     2 is partially softcore
 Number of triangulated 3-point waters found:     3309
   Removing shake constraints from C13   L0    1 -- H8    L0    1
   Removing shake constraints from C12   L0    1 -- H7    L0    1
   Removing shake constraints from C11   L0    1 -- H6    L0    1
   Removing shake constraints from C7    L0    1 -- H4    L0    1
   Removing shake constraints from C7    L0    1 -- H5    L0    1
   Removing shake constraints from C4    L0    1 -- H3    L0    1
   Removing shake constraints from C3    L0    1 -- H2    L0    1
   Removing shake constraints from C2    L0    1 -- H1    L0    1
   Removing shake constraints from N3    L1    2 -- H12   L1    2
   Removing shake constraints from C13   L1    2 -- H14   L1    2
   Removing shake constraints from C12   L1    2 -- H13   L1    2
   Removing shake constraints from C10   L1    2 -- H11   L1    2
   Removing shake constraints from C7    L1    2 -- H4    L1    2
   Removing shake constraints from C7    L1    2 -- H5    L1    2
   Removing shake constraints from C4    L1    2 -- H3    L1    2
   Removing shake constraints from C3    L1    2 -- H2    L1    2
   Removing shake constraints from C2    L1    2 -- H1    L1    2
 Number of shake restraints removed in TI region  1 :        8
 Number of shake restraints removed in TI region  2 :        9

     Sum of charges for TI region  1 =   0.00200000
     Skip neutralizing charges...


     Sum of charges for TI region  2 =   0.00100000
     Skip neutralizing charges...

| Dynamic Memory, Types Used:
| Reals              653248
| Integers           420398

| Nonbonded Pairs Initial Allocation:     3020212

| GPU memory information (estimate):
| KB of GPU memory in use:     79398
| KB of CPU memory in use:     25158

--------------------------------------------------------------------------------
   4.  RESULTS
--------------------------------------------------------------------------------

   DOF for the SC part  1 of the system:   30
   DOF for the SC part  2 of the system:   30

| TI region  1


 NSTEP =        0   TIME(PS) =       0.000  TEMP(K) =     1.49  PRESS =     0.0
 Etot   =    -29220.4881  EKtot   =        29.5972  EPtot      =    -29250.0853
 BOND   =         0.2937  ANGLE   =         0.9300  DIHED      =         4.5836
 1-4 NB =         4.1012  1-4 EEL =        18.0142  VDWAALS    =      2065.0618
 EELEC  =    -31343.0696  EHBOND  =         0.0000  RESTRAINT  =         0.0000
 EKCMT  =         0.0000  VIRIAL  =         0.0000  VOLUME     =    129573.7139
                                                    Density    =         0.7686
 DV/DL  =         5.3870
 ------------------------------------------------------------------------------

  Softcore part of the system:      10 atoms,       TEMP(K)    =           3.39
 SC_Etot=        74.3131  SC_EKtot=         0.1010  SC_EPtot   =        74.2122
 SC_BOND=         3.2830  SC_ANGLE=         6.7298  SC_DIHED   =         2.5881
 SC_14NB=         5.0290  SC_14EEL=        53.3380  SC_VDW     =        -0.3641
 SC_EEL =         3.6084
 SC_RES_DIST=     0.0000  SC_RES_ANG=       0.0000  SC_RES_TORS=         0.0000
 SC_EEL_DER=     -1.6674  SC_VDW_DER=      -0.0620  SC_DERIV   =        -1.7294
 ------------------------------------------------------------------------------


| TI region  2


 NSTEP =        0   TIME(PS) =       0.000  TEMP(K) =     1.49  PRESS =     0.0
 Etot   =    -29220.4906  EKtot   =        29.5947  EPtot      =    -29250.0853
 BOND   =         0.2937  ANGLE   =         0.9300  DIHED      =         4.5836
 1-4 NB =         4.1012  1-4 EEL =        18.0142  VDWAALS    =      2065.0618
 EELEC  =    -31343.0696  EHBOND  =         0.0000  RESTRAINT  =         0.0000
 EKCMT  =         0.0000  VIRIAL  =         0.0000  VOLUME     =    129573.7139
                                                    Density    =         0.7682
 DV/DL  =         5.3870
 ------------------------------------------------------------------------------

  Softcore part of the system:      10 atoms,       TEMP(K)    =           3.44
 SC_Etot=        19.0070  SC_EKtot=         0.1026  SC_EPtot   =        18.9045
 SC_BOND=         1.4240  SC_ANGLE=        17.2565  SC_DIHED   =         7.1415
 SC_14NB=        -0.1780  SC_14EEL=        -2.9884  SC_VDW     =        -0.1067
 SC_EEL =        -3.6444
 SC_RES_DIST=     0.0000  SC_RES_ANG=       0.0000  SC_RES_TORS=         0.0000
 SC_EEL_DER=     -1.6674  SC_VDW_DER=      -0.0620  SC_DERIV   =        -1.7294
 ------------------------------------------------------------------------------


| TI region  1


 NSTEP =      500   TIME(PS) =       0.500  TEMP(K) =   298.72  PRESS =     0.0
 Etot   =    -24120.3787  EKtot   =      5917.2216  EPtot      =    -30037.6003
 BOND   =         8.7766  ANGLE   =         3.9217  DIHED      =         1.6736
 1-4 NB =         3.9780  1-4 EEL =        17.6594  VDWAALS    =      4512.3652
 EELEC  =    -34585.9748  EHBOND  =         0.0000  RESTRAINT  =         0.0000
 EKCMT  =         0.0000  VIRIAL  =         0.0000  VOLUME     =    127877.5232
                                                    Density    =         0.7787
 DV/DL  =         1.5082
 ------------------------------------------------------------------------------

  Softcore part of the system:      10 atoms,       TEMP(K)    =         214.56
 SC_Etot=        91.5887  SC_EKtot=         6.3954  SC_EPtot   =        85.1932
 SC_BOND=         9.7667  SC_ANGLE=         8.4844  SC_DIHED   =         5.8957
 SC_14NB=         4.2179  SC_14EEL=        53.5056  SC_VDW     =        -0.3191
 SC_EEL =         3.6421
 SC_RES_DIST=     0.0000  SC_RES_ANG=       0.0000  SC_RES_TORS=         0.0000
 SC_EEL_DER=     -3.1181  SC_VDW_DER=      -0.3253  SC_DERIV   =        -3.4434
 ------------------------------------------------------------------------------


| TI region  2


 NSTEP =      500   TIME(PS) =       0.500  TEMP(K) =   298.89  PRESS =     0.0
 Etot   =    -24117.0217  EKtot   =      5920.5786  EPtot      =    -30037.6003
 BOND   =         8.7766  ANGLE   =         3.9217  DIHED      =         1.6736
 1-4 NB =         3.9780  1-4 EEL =        17.6594  VDWAALS    =      4512.3652
 EELEC  =    -34585.9748  EHBOND  =         0.0000  RESTRAINT  =         0.0000
 EKCMT  =         0.0000  VIRIAL  =         0.0000  VOLUME     =    127877.5232
                                                    Density    =         0.7784
 DV/DL  =         1.5082
 ------------------------------------------------------------------------------

  Softcore part of the system:      10 atoms,       TEMP(K)    =         327.17
 SC_Etot=        29.1726  SC_EKtot=         9.7524  SC_EPtot   =        19.4202
 SC_BOND=         5.5297  SC_ANGLE=        15.2976  SC_DIHED   =         5.3429
 SC_14NB=         0.0027  SC_14EEL=        -2.7797  SC_VDW     =        -0.0458
 SC_EEL =        -3.9272
 SC_RES_DIST=     0.0000  SC_RES_ANG=       0.0000  SC_RES_TORS=         0.0000
 SC_EEL_DER=     -3.1181  SC_VDW_DER=      -0.3253  SC_DERIV   =        -3.4434
 ------------------------------------------------------------------------------

| MC Barostat: Increasing size of volume moves

| TI region  1


 NSTEP =     1000   TIME(PS) =       1.000  TEMP(K) =   306.98  PRESS =     0.0
 Etot   =    -23583.7441  EKtot   =      6080.6945  EPtot      =    -29664.4386
 BOND   =         6.8251  ANGLE   =         4.3838  DIHED      =         4.3413
 1-4 NB =         3.7738  1-4 EEL =        16.9398  VDWAALS    =      4459.1731
 EELEC  =    -34159.8755  EHBOND  =         0.0000  RESTRAINT  =         0.0000
 EKCMT  =         0.0000  VIRIAL  =         0.0000  VOLUME     =    126435.0574
                                                    Density    =         0.7876
 DV/DL  =         4.1234
 ------------------------------------------------------------------------------

  Softcore part of the system:      10 atoms,       TEMP(K)    =         347.63
 SC_Etot=        99.8455  SC_EKtot=        10.3620  SC_EPtot   =        89.4835
 SC_BOND=         7.3861  SC_ANGLE=        11.3600  SC_DIHED   =         7.7565
 SC_14NB=         5.8653  SC_14EEL=        53.8288  SC_VDW     =        -0.3623
 SC_EEL =         3.6492
 SC_RES_DIST=     0.0000  SC_RES_ANG=       0.0000  SC_RES_TORS=         0.0000
 SC_EEL_DER=     -1.3493  SC_VDW_DER=      -0.3006  SC_DERIV   =        -1.6499
 ------------------------------------------------------------------------------


| TI region  2


 NSTEP =     1000   TIME(PS) =       1.000  TEMP(K) =   306.89  PRESS =     0.0
 Etot   =    -23585.3752  EKtot   =      6079.0634  EPtot      =    -29664.4386
 BOND   =         6.8251  ANGLE   =         4.3838  DIHED      =         4.3413
 1-4 NB =         3.7738  1-4 EEL =        16.9398  VDWAALS    =      4459.1731
 EELEC  =    -34159.8755  EHBOND  =         0.0000  RESTRAINT  =         0.0000
 EKCMT  =         0.0000  VIRIAL  =         0.0000  VOLUME     =    126435.0574
                                                    Density    =         0.7873
 DV/DL  =         4.1234
 ------------------------------------------------------------------------------

  Softcore part of the system:      10 atoms,       TEMP(K)    =         292.91
 SC_Etot=        26.3777  SC_EKtot=         8.7309  SC_EPtot   =        17.6468
 SC_BOND=         2.4744  SC_ANGLE=        17.6612  SC_DIHED   =         4.0141
 SC_14NB=        -0.0622  SC_14EEL=        -2.6010  SC_VDW     =        -0.0650
 SC_EEL =        -3.7748
 SC_RES_DIST=     0.0000  SC_RES_ANG=       0.0000  SC_RES_TORS=         0.0000
 SC_EEL_DER=     -1.3493  SC_VDW_DER=      -0.3006  SC_DERIV   =        -1.6499
 ------------------------------------------------------------------------------


| TI region  1


 NSTEP =     1500   TIME(PS) =       1.500  TEMP(K) =   310.17  PRESS =     0.0
 Etot   =    -23670.3430  EKtot   =      6143.9854  EPtot      =    -29814.3284
 BOND   =        14.1771  ANGLE   =         5.2525  DIHED      =         3.6160
 1-4 NB =         3.8385  1-4 EEL =        16.8386  VDWAALS    =      4476.3817
 EELEC  =    -34334.4328  EHBOND  =         0.0000  RESTRAINT  =         0.0000
 EKCMT  =         0.0000  VIRIAL  =         0.0000  VOLUME     =    126233.0834
                                                    Density    =         0.7889
 DV/DL  =         3.4725
 ------------------------------------------------------------------------------

  Softcore part of the system:      10 atoms,       TEMP(K)    =         320.75
 SC_Etot=        91.4572  SC_EKtot=         9.5608  SC_EPtot   =        81.8965
 SC_BOND=         6.3909  SC_ANGLE=         6.2704  SC_DIHED   =         5.5729
 SC_14NB=         6.3460  SC_14EEL=        54.0665  SC_VDW     =        -0.3722
 SC_EEL =         3.6220
 SC_RES_DIST=     0.0000  SC_RES_ANG=       0.0000  SC_RES_TORS=         0.0000
 SC_EEL_DER=     -3.3278  SC_VDW_DER=       0.6398  SC_DERIV   =        -2.6880
 ------------------------------------------------------------------------------


| TI region  2


 NSTEP =     1500   TIME(PS) =       1.500  TEMP(K) =   310.14  PRESS =     0.0
 Etot   =    -23670.9102  EKtot   =      6143.4182  EPtot      =    -29814.3284
 BOND   =        14.1771  ANGLE   =         5.2525  DIHED      =         3.6160
 1-4 NB =         3.8385  1-4 EEL =        16.8386  VDWAALS    =      4476.3817
 EELEC  =    -34334.4328  EHBOND  =         0.0000  RESTRAINT  =         0.0000
 EKCMT  =         0.0000  VIRIAL  =         0.0000  VOLUME     =    126233.0834
                                                    Density    =         0.7885
 DV/DL  =         3.4725
 ------------------------------------------------------------------------------

  Softcore part of the system:      10 atoms,       TEMP(K)    =         301.72
 SC_Etot=        36.5630  SC_EKtot=         8.9936  SC_EPtot   =        27.5694
 SC_BOND=         6.0383  SC_ANGLE=        24.1754  SC_DIHED   =         3.6608
 SC_14NB=         0.1899  SC_14EEL=        -2.5269  SC_VDW     =        -0.0316
 SC_EEL =        -3.9366
 SC_RES_DIST=     0.0000  SC_RES_ANG=       0.0000  SC_RES_TORS=         0.0000
 SC_EEL_DER=     -3.3278  SC_VDW_DER=       0.6398  SC_DERIV   =        -2.6880
 ------------------------------------------------------------------------------


| TI region  1


 NSTEP =     2000   TIME(PS) =       2.000  TEMP(K) =   315.53  PRESS =     0.0
 Etot   =    -23510.3414  EKtot   =      6250.1373  EPtot      =    -29760.4787
 BOND   =         6.3964  ANGLE   =         5.1079  DIHED      =         2.1590
 1-4 NB =         4.5472  1-4 EEL =        17.5091  VDWAALS    =      4355.6464
 EELEC  =    -34151.8448  EHBOND  =         0.0000  RESTRAINT  =         0.0000
 EKCMT  =         0.0000  VIRIAL  =         0.0000  VOLUME     =    126164.8435
                                                    Density    =         0.7893
 DV/DL  =         0.2413
 ------------------------------------------------------------------------------

  Softcore part of the system:      10 atoms,       TEMP(K)    =         325.30
 SC_Etot=        91.8396  SC_EKtot=         9.6964  SC_EPtot   =        82.1432
 SC_BOND=         2.2346  SC_ANGLE=         9.1251  SC_DIHED   =         8.0379
 SC_14NB=         5.7500  SC_14EEL=        53.7140  SC_VDW     =        -0.3609
 SC_EEL =         3.6424
 SC_RES_DIST=     0.0000  SC_RES_ANG=       0.0000  SC_RES_TORS=         0.0000
 SC_EEL_DER=     -2.5432  SC_VDW_DER=       0.1543  SC_DERIV   =        -2.3888
 ------------------------------------------------------------------------------


| TI region  2


 NSTEP =     2000   TIME(PS) =       2.000  TEMP(K) =   315.49  PRESS =     0.0
 Etot   =    -23511.0574  EKtot   =      6249.4213  EPtot      =    -29760.4787
 BOND   =         6.3964  ANGLE   =         5.1079  DIHED      =         2.1590
 1-4 NB =         4.5472  1-4 EEL =        17.5091  VDWAALS    =      4355.6464
 EELEC  =    -34151.8448  EHBOND  =         0.0000  RESTRAINT  =         0.0000
 EKCMT  =         0.0000  VIRIAL  =         0.0000  VOLUME     =    126164.8435
                                                    Density    =         0.7889
 DV/DL  =         0.2413
 ------------------------------------------------------------------------------

  Softcore part of the system:      10 atoms,       TEMP(K)    =         301.28
 SC_Etot=        27.4902  SC_EKtot=         8.9804  SC_EPtot   =        18.5098
 SC_BOND=         3.3271  SC_ANGLE=        18.5011  SC_DIHED   =         3.4485
 SC_14NB=        -0.1419  SC_14EEL=        -2.8550  SC_VDW     =        -0.1106
 SC_EEL =        -3.6595
 SC_RES_DIST=     0.0000  SC_RES_ANG=       0.0000  SC_RES_TORS=         0.0000
 SC_EEL_DER=     -2.5432  SC_VDW_DER=       0.1543  SC_DERIV   =        -2.3888
 ------------------------------------------------------------------------------


| TI region  1


 NSTEP =     2500   TIME(PS) =       2.500  TEMP(K) =   311.43  PRESS =     0.0
 Etot   =    -23621.7405  EKtot   =      6168.8873  EPtot      =    -29790.6278
 BOND   =         4.0212  ANGLE   =         4.8350  DIHED      =         4.4992
 1-4 NB =         5.0634  1-4 EEL =        17.4745  VDWAALS    =      4401.4994
 EELEC  =    -34228.0205  EHBOND  =         0.0000  RESTRAINT  =         0.0000
 EKCMT  =         0.0000  VIRIAL  =         0.0000  VOLUME     =    125106.3594
                                                    Density    =         0.7960
 DV/DL  =         5.6003
 ------------------------------------------------------------------------------

  Softcore part of the system:      10 atoms,       TEMP(K)    =         289.01
 SC_Etot=        87.2806  SC_EKtot=         8.6147  SC_EPtot   =        78.6659
 SC_BOND=         2.9090  SC_ANGLE=         9.4107  SC_DIHED   =         2.3716
 SC_14NB=         7.2115  SC_14EEL=        53.5282  SC_VDW     =        -0.3980
 SC_EEL =         3.6330
 SC_RES_DIST=     0.0000  SC_RES_ANG=       0.0000  SC_RES_TORS=         0.0000
 SC_EEL_DER=     -2.4456  SC_VDW_DER=       0.7809  SC_DERIV   =        -1.6647
 ------------------------------------------------------------------------------


| TI region  2


 NSTEP =     2500   TIME(PS) =       2.500  TEMP(K) =   311.47  PRESS =     0.0
 Etot   =    -23620.9887  EKtot   =      6169.6391  EPtot      =    -29790.6278
 BOND   =         4.0212  ANGLE   =         4.8350  DIHED      =         4.4992
 1-4 NB =         5.0634  1-4 EEL =        17.4745  VDWAALS    =      4401.4994
 EELEC  =    -34228.0205  EHBOND  =         0.0000  RESTRAINT  =         0.0000
 EKCMT  =         0.0000  VIRIAL  =         0.0000  VOLUME     =    125106.3594
                                                    Density    =         0.7956
 DV/DL  =         5.6003
 ------------------------------------------------------------------------------

  Softcore part of the system:      10 atoms,       TEMP(K)    =         314.23
 SC_Etot=        32.4216  SC_EKtot=         9.3664  SC_EPtot   =        23.0552
 SC_BOND=         3.5634  SC_ANGLE=        22.4970  SC_DIHED   =         4.1117
 SC_14NB=        -0.1458  SC_14EEL=        -3.1224  SC_VDW     =        -0.0671
 SC_EEL =        -3.7817
 SC_RES_DIST=     0.0000  SC_RES_ANG=       0.0000  SC_RES_TORS=         0.0000
 SC_EEL_DER=     -2.4456  SC_VDW_DER=       0.7809  SC_DERIV   =        -1.6647
 ------------------------------------------------------------------------------


| TI region  1


 NSTEP =     3000   TIME(PS) =       3.000  TEMP(K) =   308.67  PRESS =     0.0
 Etot   =    -23759.8684  EKtot   =      6114.2409  EPtot      =    -29874.1092
 BOND   =         3.5311  ANGLE   =         6.3212  DIHED      =         4.5736
 1-4 NB =         4.4624  1-4 EEL =        18.0550  VDWAALS    =      4729.5246
 EELEC  =    -34640.5771  EHBOND  =         0.0000  RESTRAINT  =         0.0000
 EKCMT  =         0.0000  VIRIAL  =         0.0000  VOLUME     =    122380.3436
                                                    Density    =         0.8137
 DV/DL  =        10.9308
 ------------------------------------------------------------------------------

  Softcore part of the system:      10 atoms,       TEMP(K)    =         218.08
 SC_Etot=        87.1868  SC_EKtot=         6.5004  SC_EPtot   =        80.6864
 SC_BOND=         2.9031  SC_ANGLE=         9.8689  SC_DIHED   =         6.7382
 SC_14NB=         4.4091  SC_14EEL=        53.5263  SC_VDW     =        -0.3654
 SC_EEL =         3.6062
 SC_RES_DIST=     0.0000  SC_RES_ANG=       0.0000  SC_RES_TORS=         0.0000
 SC_EEL_DER=     -1.6934  SC_VDW_DER=       1.8712  SC_DERIV   =         0.1778
 ------------------------------------------------------------------------------


| TI region  2


 NSTEP =     3000   TIME(PS) =       3.000  TEMP(K) =   308.91  PRESS =     0.0
 Etot   =    -23755.0385  EKtot   =      6119.0708  EPtot      =    -29874.1092
 BOND   =         3.5311  ANGLE   =         6.3212  DIHED      =         4.5736
 1-4 NB =         4.4624  1-4 EEL =        18.0550  VDWAALS    =      4729.5246
 EELEC  =    -34640.5771  EHBOND  =         0.0000  RESTRAINT  =         0.0000
 EKCMT  =         0.0000  VIRIAL  =         0.0000  VOLUME     =    122380.3436
                                                    Density    =         0.8133
 DV/DL  =        10.9308
 ------------------------------------------------------------------------------

  Softcore part of the system:      10 atoms,       TEMP(K)    =         380.11
 SC_Etot=        33.8364  SC_EKtot=        11.3303  SC_EPtot   =        22.5061
 SC_BOND=         6.5126  SC_ANGLE=        15.9976  SC_DIHED   =         6.9813
 SC_14NB=        -0.0903  SC_14EEL=        -3.1469  SC_VDW     =        -0.0772
 SC_EEL =        -3.6709
 SC_RES_DIST=     0.0000  SC_RES_ANG=       0.0000  SC_RES_TORS=         0.0000
 SC_EEL_DER=     -1.6934  SC_VDW_DER=       1.8712  SC_DERIV   =         0.1778
 ------------------------------------------------------------------------------


| TI region  1


 NSTEP =     3500   TIME(PS) =       3.500  TEMP(K) =   308.62  PRESS =     0.0
 Etot   =    -23712.5211  EKtot   =      6113.3346  EPtot      =    -29825.8558
 BOND   =         5.9569  ANGLE   =         6.7201  DIHED      =         5.6859
 1-4 NB =         5.1201  1-4 EEL =        17.5466  VDWAALS    =      4348.0630
 EELEC  =    -34214.9484  EHBOND  =         0.0000  RESTRAINT  =         0.0000
 EKCMT  =         0.0000  VIRIAL  =         0.0000  VOLUME     =    121783.3380
                                                    Density    =         0.8177
 DV/DL  =         3.5972
 ------------------------------------------------------------------------------

  Softcore part of the system:      10 atoms,       TEMP(K)    =         226.41
 SC_Etot=        95.1588  SC_EKtot=         6.7487  SC_EPtot   =        88.4101
 SC_BOND=         9.1887  SC_ANGLE=        11.4499  SC_DIHED   =         6.5825
 SC_14NB=         5.1374  SC_14EEL=        52.7392  SC_VDW     =        -0.3517
 SC_EEL =         3.6642
 SC_RES_DIST=     0.0000  SC_RES_ANG=       0.0000  SC_RES_TORS=         0.0000
 SC_EEL_DER=     -1.0783  SC_VDW_DER=      -1.5984  SC_DERIV   =        -2.6766
 ------------------------------------------------------------------------------


| TI region  2


 NSTEP =     3500   TIME(PS) =       3.500  TEMP(K) =   308.60  PRESS =     0.0
 Etot   =    -23713.0935  EKtot   =      6112.7623  EPtot      =    -29825.8558
 BOND   =         5.9569  ANGLE   =         6.7201  DIHED      =         5.6859
 1-4 NB =         5.1201  1-4 EEL =        17.5466  VDWAALS    =      4348.0630
 EELEC  =    -34214.9484  EHBOND  =         0.0000  RESTRAINT  =         0.0000
 EKCMT  =         0.0000  VIRIAL  =         0.0000  VOLUME     =    121783.3380
                                                    Density    =         0.8173
 DV/DL  =         3.5972
 ------------------------------------------------------------------------------

  Softcore part of the system:      10 atoms,       TEMP(K)    =         207.20
 SC_Etot=        24.6823  SC_EKtot=         6.1763  SC_EPtot   =        18.5060
 SC_BOND=         5.1607  SC_ANGLE=        17.7721  SC_DIHED   =         2.2673
 SC_14NB=        -0.2039  SC_14EEL=        -3.1079  SC_VDW     =        -0.0955
 SC_EEL =        -3.2868
 SC_RES_DIST=     0.0000  SC_RES_ANG=       0.0000  SC_RES_TORS=         0.0000
 SC_EEL_DER=     -1.0783  SC_VDW_DER=      -1.5984  SC_DERIV   =        -2.6766
 ------------------------------------------------------------------------------


| TI region  1


 NSTEP =     4000   TIME(PS) =       4.000  TEMP(K) =   307.50  PRESS =     0.0
 Etot   =    -24048.1082  EKtot   =      6091.1090  EPtot      =    -30139.2173
 BOND   =         5.8929  ANGLE   =         4.3974  DIHED      =         2.3156
 1-4 NB =         4.3164  1-4 EEL =        16.9380  VDWAALS    =      4799.0719
 EELEC  =    -34972.1494  EHBOND  =         0.0000  RESTRAINT  =         0.0000
 EKCMT  =         0.0000  VIRIAL  =         0.0000  VOLUME     =    119974.9269
                                                    Density    =         0.8300
 DV/DL  =         0.8706
 ------------------------------------------------------------------------------

  Softcore part of the system:      10 atoms,       TEMP(K)    =         396.06
 SC_Etot=        94.8795  SC_EKtot=        11.8056  SC_EPtot   =        83.0739
 SC_BOND=         6.4737  SC_ANGLE=        12.5956  SC_DIHED   =         3.4908
 SC_14NB=         4.5879  SC_14EEL=        52.6122  SC_VDW     =        -0.3412
 SC_EEL =         3.6550
 SC_RES_DIST=     0.0000  SC_RES_ANG=       0.0000  SC_RES_TORS=         0.0000
 SC_EEL_DER=     -4.8647  SC_VDW_DER=       2.6893  SC_DERIV   =        -2.1755
 ------------------------------------------------------------------------------


| TI region  2


 NSTEP =     4000   TIME(PS) =       4.000  TEMP(K) =   307.43  PRESS =     0.0
 Etot   =    -24049.5958  EKtot   =      6089.6215  EPtot      =    -30139.2173
 BOND   =         5.8929  ANGLE   =         4.3974  DIHED      =         2.3156
 1-4 NB =         4.3164  1-4 EEL =        16.9380  VDWAALS    =      4799.0719
 EELEC  =    -34972.1494  EHBOND  =         0.0000  RESTRAINT  =         0.0000
 EKCMT  =         0.0000  VIRIAL  =         0.0000  VOLUME     =    119974.9269
                                                    Density    =         0.8296
 DV/DL  =         0.8706
 ------------------------------------------------------------------------------

  Softcore part of the system:      10 atoms,       TEMP(K)    =         346.15
 SC_Etot=        26.8356  SC_EKtot=        10.3181  SC_EPtot   =        16.5175
 SC_BOND=         4.2315  SC_ANGLE=        15.7003  SC_DIHED   =         3.1691
 SC_14NB=        -0.0025  SC_14EEL=        -2.6919  SC_VDW     =        -0.0270
 SC_EEL =        -3.8621
 SC_RES_DIST=     0.0000  SC_RES_ANG=       0.0000  SC_RES_TORS=         0.0000
 SC_EEL_DER=     -4.8647  SC_VDW_DER=       2.6893  SC_DERIV   =        -2.1755
 ------------------------------------------------------------------------------


| TI region  1


 NSTEP =     4500   TIME(PS) =       4.500  TEMP(K) =   307.95  PRESS =     0.0
 Etot   =    -24021.8483  EKtot   =      6099.9806  EPtot      =    -30121.8289
 BOND   =        10.6572  ANGLE   =         6.0665  DIHED      =         6.8944
 1-4 NB =         4.0276  1-4 EEL =        17.5168  VDWAALS    =      4349.1071
 EELEC  =    -34516.0986  EHBOND  =         0.0000  RESTRAINT  =         0.0000
 EKCMT  =         0.0000  VIRIAL  =         0.0000  VOLUME     =    118668.8369
                                                    Density    =         0.8392
 DV/DL  =        -3.1216
 ------------------------------------------------------------------------------

  Softcore part of the system:      10 atoms,       TEMP(K)    =         315.68
 SC_Etot=        91.4908  SC_EKtot=         9.4098  SC_EPtot   =        82.0810
 SC_BOND=         8.4291  SC_ANGLE=         6.9062  SC_DIHED   =         6.5674
 SC_14NB=         4.6974  SC_14EEL=        52.2657  SC_VDW     =        -0.3454
 SC_EEL =         3.5607
 SC_RES_DIST=     0.0000  SC_RES_ANG=       0.0000  SC_RES_TORS=         0.0000
 SC_EEL_DER=     -4.8478  SC_VDW_DER=      -0.7132  SC_DERIV   =        -5.5610
 ------------------------------------------------------------------------------


| TI region  2


 NSTEP =     4500   TIME(PS) =       4.500  TEMP(K) =   307.77  PRESS =     0.0
 Etot   =    -24025.4912  EKtot   =      6096.3377  EPtot      =    -30121.8289
 BOND   =        10.6572  ANGLE   =         6.0665  DIHED      =         6.8944
 1-4 NB =         4.0276  1-4 EEL =        17.5168  VDWAALS    =      4349.1071
 EELEC  =    -34516.0986  EHBOND  =         0.0000  RESTRAINT  =         0.0000
 EKCMT  =         0.0000  VIRIAL  =         0.0000  VOLUME     =    118668.8369
                                                    Density    =         0.8388
 DV/DL  =        -3.1216
 ------------------------------------------------------------------------------

  Softcore part of the system:      10 atoms,       TEMP(K)    =         193.47
 SC_Etot=        21.5928  SC_EKtot=         5.7668  SC_EPtot   =        15.8259
 SC_BOND=         5.8861  SC_ANGLE=        14.6782  SC_DIHED   =         2.1009
 SC_14NB=        -0.1187  SC_14EEL=        -2.8542  SC_VDW     =        -0.0688
 SC_EEL =        -3.7976
 SC_RES_DIST=     0.0000  SC_RES_ANG=       0.0000  SC_RES_TORS=         0.0000
 SC_EEL_DER=     -4.8478  SC_VDW_DER=      -0.7132  SC_DERIV   =        -5.5610
 ------------------------------------------------------------------------------


| TI region  1


 NSTEP =     5000   TIME(PS) =       5.000  TEMP(K) =   314.18  PRESS =     0.0
 Etot   =    -23942.3631  EKtot   =      6223.3488  EPtot      =    -30165.7119
 BOND   =         5.7841  ANGLE   =         8.5646  DIHED      =         1.7516
 1-4 NB =         3.8918  1-4 EEL =        18.0079  VDWAALS    =      4672.9005
 EELEC  =    -34876.6124  EHBOND  =         0.0000  RESTRAINT  =         0.0000
 EKCMT  =         0.0000  VIRIAL  =         0.0000  VOLUME     =    116481.8450
                                                    Density    =         0.8549
 DV/DL  =        11.8110
 ------------------------------------------------------------------------------

  Softcore part of the system:      10 atoms,       TEMP(K)    =         356.39
 SC_Etot=        93.8543  SC_EKtot=        10.6234  SC_EPtot   =        83.2310
 SC_BOND=         2.3579  SC_ANGLE=         7.9906  SC_DIHED   =         9.1840
 SC_14NB=         6.4542  SC_14EEL=        54.0057  SC_VDW     =        -0.3776
 SC_EEL =         3.6163
 SC_RES_DIST=     0.0000  SC_RES_ANG=       0.0000  SC_RES_TORS=         0.0000
 SC_EEL_DER=     -1.9619  SC_VDW_DER=       1.6944  SC_DERIV   =        -0.2675
 ------------------------------------------------------------------------------


| TI region  2


 NSTEP =     5000   TIME(PS) =       5.000  TEMP(K) =   314.06  PRESS =     0.0
 Etot   =    -23944.6476  EKtot   =      6221.0642  EPtot      =    -30165.7119
 BOND   =         5.7841  ANGLE   =         8.5646  DIHED      =         1.7516
 1-4 NB =         3.8918  1-4 EEL =        18.0079  VDWAALS    =      4672.9005
 EELEC  =    -34876.6124  EHBOND  =         0.0000  RESTRAINT  =         0.0000
 EKCMT  =         0.0000  VIRIAL  =         0.0000  VOLUME     =    116481.8450
                                                    Density    =         0.8545
 DV/DL  =        11.8110
 ------------------------------------------------------------------------------

  Softcore part of the system:      10 atoms,       TEMP(K)    =         279.75
 SC_Etot=        29.9173  SC_EKtot=         8.3388  SC_EPtot   =        21.5785
 SC_BOND=         6.6112  SC_ANGLE=        17.7417  SC_DIHED   =         4.3217
 SC_14NB=        -0.1862  SC_14EEL=        -3.2848  SC_VDW     =        -0.1016
 SC_EEL =        -3.5236
 SC_RES_DIST=     0.0000  SC_RES_ANG=       0.0000  SC_RES_TORS=         0.0000
 SC_EEL_DER=     -1.9619  SC_VDW_DER=       1.6944  SC_DERIV   =        -0.2675
 ------------------------------------------------------------------------------


| TI region  1


      A V E R A G E S   O V E R      10 S T E P S


 NSTEP =     5000   TIME(PS) =       5.000  TEMP(K) =   308.98  PRESS =     0.0
 Etot   =    -23799.1257  EKtot   =      6120.2940  EPtot      =    -29919.4197
 BOND   =         7.2019  ANGLE   =         5.5571  DIHED      =         3.7510
 1-4 NB =         4.3019  1-4 EEL =        17.4486  VDWAALS    =      4510.3733
 EELEC  =    -34468.0534  EHBOND  =         0.0000  RESTRAINT  =         0.0000
 EKCMT  =         0.0000  VIRIAL  =         0.0000  VOLUME     =    123110.6157
                                                    Density    =         0.8096
 DV/DL  =         3.9034
 ------------------------------------------------------------------------------

  Softcore part of the system:      10 atoms,       TEMP(K)    =         300.98
 SC_Etot=        92.4582  SC_EKtot=         8.9717  SC_EPtot   =        83.4865
 SC_BOND=         5.8040  SC_ANGLE=         9.3462  SC_DIHED   =         6.2197
 SC_14NB=         5.4676  SC_14EEL=        53.3792  SC_VDW     =        -0.3594
 SC_EEL =         3.6291
 SC_RES_DIST=     0.0000  SC_RES_ANG=       0.0000  SC_RES_TORS=         0.0000
 SC_EEL_DER=     -2.7230  SC_VDW_DER=       0.4892  SC_DERIV   =        -2.2338
 ------------------------------------------------------------------------------


      R M S  F L U C T U A T I O N S


 NSTEP =     5000   TIME(PS) =       5.000  TEMP(K) =     4.36  PRESS =     0.0
 Etot   =       205.4740  EKtot   =        86.3471  EPtot      =       171.0624
 BOND   =         3.0451  ANGLE   =         1.3211  DIHED      =         1.6774
 1-4 NB =         0.4666  1-4 EEL =         0.4044  VDWAALS    =       158.0239
 EELEC  =       283.1087  EHBOND  =         0.0000  RESTRAINT  =         0.0000
 EKCMT  =         0.0000  VIRIAL  =         0.0000  VOLUME     =      3641.8942
                                                    Density    =         0.0243
 DV/DL  =         4.3911
 ------------------------------------------------------------------------------

  Softcore part of the system:      10 atoms,       TEMP(K)    =          59.61
 SC_Etot=         3.5686  SC_EKtot=         1.7768  SC_EPtot   =         3.1740
 SC_BOND=         2.8064  SC_ANGLE=         1.9329  SC_DIHED   =         1.9430
 SC_14NB=         0.9582  SC_14EEL=         0.5896  SC_VDW     =         0.0206
 SC_EEL =         0.0284
 SC_RES_DIST=     0.0000  SC_RES_ANG=       0.0000  SC_RES_TORS=         0.0000
 SC_EEL_DER=      1.2635  SC_VDW_DER=       1.2455  SC_DERIV   =         1.5268
 ------------------------------------------------------------------------------


| TI region  2


      A V E R A G E S   O V E R      10 S T E P S


 NSTEP =     5000   TIME(PS) =       5.000  TEMP(K) =   308.97  PRESS =     0.0
 Etot   =    -23799.3220  EKtot   =      6120.0977  EPtot      =    -29919.4197
 BOND   =         7.2019  ANGLE   =         5.5571  DIHED      =         3.7510
 1-4 NB =         4.3019  1-4 EEL =        17.4486  VDWAALS    =      4510.3733
 EELEC  =    -34468.0534  EHBOND  =         0.0000  RESTRAINT  =         0.0000
 EKCMT  =         0.0000  VIRIAL  =         0.0000  VOLUME     =    123110.6157
                                                    Density    =         0.8092
 DV/DL  =         3.9034
 ------------------------------------------------------------------------------

  Softcore part of the system:      10 atoms,       TEMP(K)    =         294.40
 SC_Etot=        28.8890  SC_EKtot=         8.7754  SC_EPtot   =        20.1135
 SC_BOND=         4.9335  SC_ANGLE=        18.0022  SC_DIHED   =         3.9418
 SC_14NB=        -0.0759  SC_14EEL=        -2.8971  SC_VDW     =        -0.0690
 SC_EEL =        -3.7221
 SC_RES_DIST=     0.0000  SC_RES_ANG=       0.0000  SC_RES_TORS=         0.0000
 SC_EEL_DER=     -2.7230  SC_VDW_DER=       0.4892  SC_DERIV   =        -2.2338
 ------------------------------------------------------------------------------


      R M S  F L U C T U A T I O N S


 NSTEP =     5000   TIME(PS) =       5.000  TEMP(K) =     4.31  PRESS =     0.0
 Etot   =       205.5239  EKtot   =        85.4148  EPtot      =       171.0624
 BOND   =         3.0451  ANGLE   =         1.3211  DIHED      =         1.6774
 1-4 NB =         0.4666  1-4 EEL =         0.4044  VDWAALS    =       158.0239
 EELEC  =       283.1087  EHBOND  =         0.0000  RESTRAINT  =         0.0000
 EKCMT  =         0.0000  VIRIAL  =         0.0000  VOLUME     =      3641.8942
                                                    Density    =         0.0243
 DV/DL  =         4.3911
 ------------------------------------------------------------------------------

  Softcore part of the system:      10 atoms,       TEMP(K)    =          54.41
 SC_Etot=         4.2473  SC_EKtot=         1.6217  SC_EPtot   =         3.3934
 SC_BOND=         1.3726  SC_ANGLE=         2.9407  SC_DIHED   =         1.3598
 SC_14NB=         0.1106  SC_14EEL=         0.2434  SC_VDW     =         0.0270
 SC_EEL =         0.1884
 SC_RES_DIST=     0.0000  SC_RES_ANG=       0.0000  SC_RES_TORS=         0.0000
 SC_EEL_DER=      1.2635  SC_VDW_DER=       1.2455  SC_DERIV   =         1.5268
 ------------------------------------------------------------------------------


      DV/DL, AVERAGES OVER      10 STEPS


 NSTEP =     5000   TIME(PS) =       5.000  TEMP(K) =     4.31  PRESS =     0.0
 Etot   =         0.0000  EKtot   =         0.0000  EPtot      =         0.0000
 BOND   =         0.0000  ANGLE   =         0.0000  DIHED      =        -0.0033
 1-4 NB =        -0.1446  1-4 EEL =        16.7352  VDWAALS    =         1.3573
 EELEC  =       -11.8075  EHBOND  =         0.0000  RESTRAINT  =         0.0000
 EKCMT  =         0.0000  VIRIAL  =         0.0000  VOLUME     =         0.0000
                                                    Density    =         0.0000
 ------------------------------------------------------------------------------

| MC Barostat:         50 volume changes attempted.
| MC Barostat:         33 changes successful ( 66.00%)
 ------------------------------------------------------------------------------

--------------------------------------------------------------------------------
   5.  TIMINGS
--------------------------------------------------------------------------------

|  NonSetup CPU Time in Major Routines:
|
|     Routine           Sec        %
|     ------------------------------
|     Nonbond           0.97   37.24
|     Bond              0.00    0.00
|     Angle             0.00    0.00
|     Dihedral          0.00    0.00
|     Shake             0.03    1.05
|     RunMD             1.57   59.87
|     Other             0.05    1.85
|     ------------------------------
|     Total             2.62

|  PME Nonbond Pairlist CPU Time:
|
|     Routine              Sec        %
|     ---------------------------------
|     Set Up Cit           0.00    0.00
|     Build List           0.00    0.00
|     ---------------------------------
|     Total                0.00    0.00

|  PME Direct Force CPU Time:
|
|     Routine              Sec        %
|     ---------------------------------
|     NonBonded Calc       0.00    0.00
|     Exclude Masked       0.00    0.00
|     Other                0.01    0.40
|     ---------------------------------
|     Total                0.01    0.40

|  PME Reciprocal Force CPU Time:
|
|     Routine              Sec        %
|     ---------------------------------
|     1D bspline           0.00    0.00
|     Grid Charges         0.00    0.00
|     Scalar Sum           0.00    0.00
|     Gradient Sum         0.00    0.00
|     FFT                  0.00    0.00
|     ---------------------------------
|     Total                0.00    0.00

|  Final Performance Info:
|     -----------------------------------------------------
|     Average timings for last    5000 steps:
|     Elapsed(s) =       2.64 Per Step(ms) =       0.53
|         ns/day =     163.43   seconds/ns =     528.66
|
|     Average timings for all steps:
|     Elapsed(s) =       2.64 Per Step(ms) =       0.53
|         ns/day =     163.43   seconds/ns =     528.66
|     -----------------------------------------------------

|  Setup CPU time:            1.01 seconds
|  NonSetup CPU time:         2.62 seconds
|  Total CPU time:            3.62 seconds     0.00 hours

|  Setup wall time:           1    seconds
|  NonSetup wall time:        3    seconds
|  Total wall time:           4    seconds     0.00 hours
