
          -------------------------------------------------------
          Amber 20 PMEMD                              2020
          -------------------------------------------------------

| PMEMD implementation of SANDER, Release 18

|  Compiled date/time: Mon Apr 27 18:19:54 2020
| Run on 01/25/2022 at 16:25:42

|   Executable path: /cm/shared/apps/amber20/bin/pmemd.cuda
| Working directory: /data/bella/piezo/charmm-gui-4149384590/TI/1-dooku/ligand/concerted/t01/0.0479
|          Hostname: node002

  [-O]verwriting output

File Assignments:
|   MDIN: ti001.eq.in                                                           
|  MDOUT: ti001.eq.out                                                          
| INPCRD: ti001.min.rst7                                                        
|   PARM: ../concerted.parm7                                                    
| RESTRT: ti001.eq.rst7                                                         
|   REFC: refc                                                                  
|  MDVEL: mdvel                                                                 
|   MDEN: ti001.eq.en                                                           
|  MDCRD: ti001.eq.nc                                                           
| MDINFO: ti001.eq.info                                                         
|  MDFRC: mdfrc                                                                 


 Here is the input file:

Heating                                                                        
 &cntrl                                                                        
                                                                               
! simulation                                                                   
imin = 0,                 ! flag to run minization (0=false)                   
ntmin = 2,                ! mini algorithm. 2=steepest                         
nstlim = 5000,            ! number of MD steps                                 
irest = 0,                ! flag to restart simulation                         
ntx = 1,                  ! option to read from inpcrd file                    
ntxo = 1,                 ! read/write rst as formatted file                   
dt = 0.001,               ! timestep (1fs)                                     
ntb = 2,              ! specify PBC type                                       
                                                                               
! thermostate                                                                  
ntt = 3,                  ! switch for time scaling (3=Langevin)               
tempi = 1.0,                                                                   
temp0 = 310,            ! reference temperature (if ntt>0)                     
gamma_ln = 5.0,           ! collision frequency for ntt=3                      
ig = -1,                  ! seed for Random Number Generator (RNG) (use -1 with
! barostate                                                                    
ntp = 1,                  ! constant pressure dynamics (1=do scaling)          
barostat = 2,             ! barostat to use (2=Monte Carlo)                    
mcbarint = 100,           ! volume change attempt every n steps                
pres0 = 1.01325,          ! referenve pressure (in bars)                       
taup = 2.0,               ! pressure relation time (in ps)                     
                                                                               
! output                                                                       
ioutfm = 1,               ! film fromat (1=binary NetCDF)                      
iwrap = 0,                ! wrap coordination into primary box (1=do)          
ntwe = 1000,              ! write to .mden every n steps                       
ntwx = 1000,              ! write to .mdcrd every n steps                      
ntpr = 500,               ! write energies to .mdout/.mdinfo every n steps     
ntwr = 1000,              ! write rstrt file every n steps                     
                                                                               
! alchemical free energy                                                       
cut = 10.0                                                                     
ntc = 2,                  ! SHAKE bond length constraints (2=H-atom)           
ntf = 1,                  ! force evaluation (1=evalute all)                   
noshakemask = ':L0, L1',     ! remove SHAKE from perturbed regions             
                                                                               
icfe = 1,                 ! turn on free energy calculation                    
ifsc = 1,                 ! use softcore parameters (0=undo)                   
clambda = 0.0479,           ! current lambda                                   
timask1 = ':L0',           ! specify atoms unique to V_0                       
timask2 = ':L1',           ! specify atoms unique to V_1                       
scmask1 = ':L0@S2, C10, C11, H6, N3, C12, H7, C13, H8, N4',                    
                      ! specify the unique atoms for V0                        
scmask2 = ':L1@O, C11, C10, H11, C12, H13, C13, H14, N3, H12',                 
                      ! specify the unique atoms for V1                        
vlimit = 20                                                                    
 /                                                                             
 &ewald                                                                        
 /                                                                             
                                                                               
&wt type='TEMP0', istep1=1, istep2=5000, value1=1.0, value2=300 &end           
&wt type='END' &end                                                            


Note: ig = -1. Setting random seed to   952685 based on wallclock time in 
      microseconds.
| irandom = 1, using AMBER's internal random number generator (default).
 
|--------------------- INFORMATION ----------------------
| GPU (CUDA) Version of PMEMD in use: NVIDIA GPU IN USE.
|                    Version 18.0.0
| 
|                      03/25/2018
| 
| Implementation by:
|                    Ross C. Walker     (SDSC)
|                    Scott Le Grand     (nVIDIA)
| 
| Version 18 performance extensions by:
|                    David Cerutti     (Rutgers)
| 
| Precision model in use:
|      [SPFP] - Single Precision Forces, 64-bit Fixed Point
|               Accumulation. (Default)
| 
|--------------------------------------------------------
 
|----------------- CITATION INFORMATION -----------------
|
|    When publishing work that utilized the CUDA version
|    of AMBER, please cite the following in addition to
|    the regular AMBER citations:
|
|  - Romelia Salomon-Ferrer; Andreas W. Goetz; Duncan
|    Poole; Scott Le Grand; Ross C. Walker "Routine
|    microsecond molecular dynamics simulations with
|    AMBER - Part II: Particle Mesh Ewald", J. Chem.
|    Theory Comput., 2013, 9 (9), pp3878-3888,
|    DOI: 10.1021/ct400314y.
|
|  - Andreas W. Goetz; Mark J. Williamson; Dong Xu;
|    Duncan Poole; Scott Le Grand; Ross C. Walker
|    "Routine microsecond molecular dynamics simulations
|    with AMBER - Part I: Generalized Born", J. Chem.
|    Theory Comput., 2012, 8 (5), pp1542-1555.
|
|  - Scott Le Grand; Andreas W. Goetz; Ross C. Walker
|    "SPFP: Speed without compromise - a mixed precision
|    model for GPU accelerated molecular dynamics
|    simulations.", Comp. Phys. Comm., 2013, 184
|    pp374-380, DOI: 10.1016/j.cpc.2012.09.022
|
|    When publishing work that utilized the CUDA version
|    of TI, BAR, MBAR or FEP please cite the following 
|    publications in addition to the regular AMBER 
|    GPU citations:
|
|  - Daniel J. Mermelstein; Charles Lin; Gard Nelson; 
|    Rachael Kretsch; J. Andrew McCammon; Ross C. Walker
|    "Fast and Flexible GPU Accelerated Binding 
|    Free Energy Calculations within the AMBER Molecular
|    Dynamics Package" J. Comp. Chem., 2018,
|    DOI: 10.1002/jcc.25187
|
|  - Tai-Sung Lee; Yuan Hu; Brad Sherborne; Zhuyan Guo;
|    Darrin M. York
|    "Toward Fast and Accurate Binding Affinity Prediction with
|    pmemdGTI: An Efficient Implementation of GPU-Accelerated
|    Thermodynamic Integration"
|    J. Chem. Theory Comput., 2017, 13 (7), 3077
|
|
|--------------------------------------------------------
 
|------------------- GPU DEVICE INFO --------------------
|
|            CUDA_VISIBLE_DEVICES: 3
|   CUDA Capable Devices Detected:      1
|           CUDA Device ID in use:      0
|                CUDA Device Name: GeForce RTX 2080 Ti
|     CUDA Device Global Mem Size:  11019 MB
| CUDA Device Num Multiprocessors:     68
|           CUDA Device Core Freq:   1.54 GHz
|
|--------------------------------------------------------
 
 
| Conditional Compilation Defines Used:
| PUBFFT
| BINTRAJ
| CUDA
| EMIL

| Largest sphere to fit in unit cell has radius =    25.062

| New format PARM file being parsed.
| Version =    1.000 Date = 01/24/22 Time = 21:43:14

| Note: 1-4 EEL scale factors are being read from the topology file.

| Note: 1-4 VDW scale factors are being read from the topology file.
| Duplicated    0 dihedrals

| Duplicated    0 dihedrals

--------------------------------------------------------------------------------
   1.  RESOURCE   USE: 
--------------------------------------------------------------------------------

 getting new box info from bottom of inpcrd
 NATOM  =    9985 NTYPES =      13 NBONH =    9944 MBONA  =      45
 NTHETH =      36 MTHETA =      61 NPHIH =      66 MPHIA  =      91
 NHPARM =       0 NPARM  =       0 NNB   =   13505 NRES   =    3311
 NBONA  =      45 NTHETA =      61 NPHIA =      91 NUMBND =      22
 NUMANG =      36 NPTRA  =      11 NATYP =      16 NPHB   =       0
 IFBOX  =       1 NMXRS  =      29 IFCAP =       0 NEXTRA =       0
 NCOPY  =       0

| Coordinate Index Table dimensions:     9    9    9
| Direct force subcell size =     5.6395    5.6592    5.5693

     BOX TYPE: RECTILINEAR

--------------------------------------------------------------------------------
   2.  CONTROL  DATA  FOR  THE  RUN
--------------------------------------------------------------------------------

default_name                                                                    

General flags:
     imin    =       0, nmropt  =       0

Nature and format of input:
     ntx     =       1, irest   =       0, ntrx    =       1

Nature and format of output:
     ntxo    =       1, ntpr    =     500, ntrx    =       1, ntwr    =    1000
     iwrap   =       0, ntwx    =    1000, ntwv    =       0, ntwe    =    1000
     ioutfm  =       1, ntwprt  =       0, idecomp =       0, rbornstat=      0

Potential function:
     ntf     =       1, ntb     =       2, igb     =       0, nsnb    =      25
     ipol    =       0, gbsa    =       0, iesp    =       0
     dielc   =   1.00000, cut     =  10.00000, intdiel =   1.00000

Frozen or restrained atoms:
     ibelly  =       0, ntr     =       0

Molecular dynamics:
     nstlim  =      5000, nscm    =      1000, nrespa  =         1
     t       =   0.00000, dt      =   0.00100, vlimit  =  20.00000

Langevin dynamics temperature regulation:
     ig      =  952685
     temp0   = 310.00000, tempi   =   1.00000, gamma_ln=   5.00000

Pressure regulation:
     ntp     =       1
     pres0   =   1.01325, comp    =  44.60000, taup    =   2.00000
     Monte-Carlo Barostat:
     mcbarint  =     100

SHAKE:
     ntc     =       2, jfastw  =       0
     tol     =   0.00001

Free energy options:
     icfe    =       1, ifsc    =       1, klambda =       1
     clambda =  0.0479, scalpha =  0.5000, scbeta  = 12.0000
     sceeorder =       2
     dynlmb =  0.0000 logdvdl =       0

| Intermolecular bonds treatment:
|     no_intermolecular_bonds =       1

| Energy averages sample interval:
|     ene_avg_sampling =     500

Ewald parameters:
     verbose =       0, ew_type =       0, nbflag  =       1, use_pme =       1
     vdwmeth =       1, eedmeth =       1, netfrc  =       1
     Box X =   50.755   Box Y =   50.932   Box Z =   50.124
     Alpha =   90.000   Beta  =   90.000   Gamma =   90.000
     NFFT1 =   56       NFFT2 =   56       NFFT3 =   56
     Cutoff=   10.000   Tol   =0.100E-04
     Ewald Coefficient =  0.27511
     Interpolation order =    4
     TI Mask 1 :L0; matches     29 atoms
     TI Mask 2 :L1; matches     29 atoms
     TI region 1:    9956 atoms
     TI region 2:    9956 atoms
     SC Mask 1 :L0@S2, C10, C11, H6, N3, C12, H7, C13, H8, N4; matches     10 atoms
     SC Mask 2 :L1@O, C11, C10, H11, C12, H13, C13, H14, N3, H12; matches     10 atoms
 Noshake mask :L0, L1; matches      58 atoms.
| MONTE CARLO BAROSTAT IMPORTANT NOTE:
|   The Monte-Carlo barostat does not require the virial to adjust the system volume.
|   Since it is an expensive calculation, it is skipped for efficiency. A side-effect
|   is that the reported pressure is always 0 because it is not calculated.

--------------------------------------------------------------------------------
   3.  ATOMIC COORDINATES AND VELOCITIES
--------------------------------------------------------------------------------

default_name                                                                    
 begin time read from input coords =     0.000 ps

 
     Molecule     1 is partially softcore
     Molecule     2 is partially softcore
 Number of triangulated 3-point waters found:     3309
   Removing shake constraints from C13   L0    1 -- H8    L0    1
   Removing shake constraints from C12   L0    1 -- H7    L0    1
   Removing shake constraints from C11   L0    1 -- H6    L0    1
   Removing shake constraints from C7    L0    1 -- H4    L0    1
   Removing shake constraints from C7    L0    1 -- H5    L0    1
   Removing shake constraints from C4    L0    1 -- H3    L0    1
   Removing shake constraints from C3    L0    1 -- H2    L0    1
   Removing shake constraints from C2    L0    1 -- H1    L0    1
   Removing shake constraints from N3    L1    2 -- H12   L1    2
   Removing shake constraints from C13   L1    2 -- H14   L1    2
   Removing shake constraints from C12   L1    2 -- H13   L1    2
   Removing shake constraints from C10   L1    2 -- H11   L1    2
   Removing shake constraints from C7    L1    2 -- H4    L1    2
   Removing shake constraints from C7    L1    2 -- H5    L1    2
   Removing shake constraints from C4    L1    2 -- H3    L1    2
   Removing shake constraints from C3    L1    2 -- H2    L1    2
   Removing shake constraints from C2    L1    2 -- H1    L1    2
 Number of shake restraints removed in TI region  1 :        8
 Number of shake restraints removed in TI region  2 :        9

     Sum of charges for TI region  1 =   0.00200000
     Skip neutralizing charges...


     Sum of charges for TI region  2 =   0.00100000
     Skip neutralizing charges...

| Dynamic Memory, Types Used:
| Reals              653248
| Integers           420398

| Nonbonded Pairs Initial Allocation:     3020212

| GPU memory information (estimate):
| KB of GPU memory in use:     79398
| KB of CPU memory in use:     25158

--------------------------------------------------------------------------------
   4.  RESULTS
--------------------------------------------------------------------------------

   DOF for the SC part  1 of the system:   30
   DOF for the SC part  2 of the system:   30

| TI region  1


 NSTEP =        0   TIME(PS) =       0.000  TEMP(K) =     1.49  PRESS =     0.0
 Etot   =    -29225.1154  EKtot   =        29.5511  EPtot      =    -29254.6666
 BOND   =         0.2903  ANGLE   =         0.9159  DIHED      =         4.6239
 1-4 NB =         3.9125  1-4 EEL =         7.0083  VDWAALS    =      2064.0272
 EELEC  =    -31335.4447  EHBOND  =         0.0000  RESTRAINT  =         0.0000
 EKCMT  =         0.0000  VIRIAL  =         0.0000  VOLUME     =    129573.7139
                                                    Density    =         0.7686
 DV/DL  =         8.5325
 ------------------------------------------------------------------------------

  Softcore part of the system:      10 atoms,       TEMP(K)    =           2.47
 SC_Etot=        74.2040  SC_EKtot=         0.0737  SC_EPtot   =        74.1303
 SC_BOND=         3.2842  SC_ANGLE=         6.6684  SC_DIHED   =         2.5903
 SC_14NB=         4.9835  SC_14EEL=        53.3638  SC_VDW     =        -0.3639
 SC_EEL =         3.6039
 SC_RES_DIST=     0.0000  SC_RES_ANG=       0.0000  SC_RES_TORS=         0.0000
 SC_EEL_DER=     -0.0637  SC_VDW_DER=      -0.2264  SC_DERIV   =        -0.2901
 ------------------------------------------------------------------------------


| TI region  2


 NSTEP =        0   TIME(PS) =       0.000  TEMP(K) =     1.49  PRESS =     0.0
 Etot   =    -29225.1208  EKtot   =        29.5457  EPtot      =    -29254.6666
 BOND   =         0.2903  ANGLE   =         0.9159  DIHED      =         4.6239
 1-4 NB =         3.9125  1-4 EEL =         7.0083  VDWAALS    =      2064.0272
 EELEC  =    -31335.4447  EHBOND  =         0.0000  RESTRAINT  =         0.0000
 EKCMT  =         0.0000  VIRIAL  =         0.0000  VOLUME     =    129573.7139
                                                    Density    =         0.7682
 DV/DL  =         8.5325
 ------------------------------------------------------------------------------

  Softcore part of the system:      10 atoms,       TEMP(K)    =           2.29
 SC_Etot=        19.0489  SC_EKtot=         0.0682  SC_EPtot   =        18.9807
 SC_BOND=         1.4685  SC_ANGLE=        17.3518  SC_DIHED   =         7.1044
 SC_14NB=        -0.1758  SC_14EEL=        -2.9969  SC_VDW     =        -0.1055
 SC_EEL =        -3.6659
 SC_RES_DIST=     0.0000  SC_RES_ANG=       0.0000  SC_RES_TORS=         0.0000
 SC_EEL_DER=     -0.0637  SC_VDW_DER=      -0.2264  SC_DERIV   =        -0.2901
 ------------------------------------------------------------------------------


| TI region  1


 NSTEP =      500   TIME(PS) =       0.500  TEMP(K) =   298.20  PRESS =     0.0
 Etot   =    -24301.5831  EKtot   =      5906.9329  EPtot      =    -30208.5160
 BOND   =         5.2004  ANGLE   =         7.6665  DIHED      =         3.9563
 1-4 NB =         4.1474  1-4 EEL =         6.1429  VDWAALS    =      4964.9627
 EELEC  =    -35200.5922  EHBOND  =         0.0000  RESTRAINT  =         0.0000
 EKCMT  =         0.0000  VIRIAL  =         0.0000  VOLUME     =    127327.9093
                                                    Density    =         0.7821
 DV/DL  =        15.3645
 ------------------------------------------------------------------------------

  Softcore part of the system:      10 atoms,       TEMP(K)    =         330.61
 SC_Etot=        93.1734  SC_EKtot=         9.8547  SC_EPtot   =        83.3188
 SC_BOND=         8.7845  SC_ANGLE=        10.8869  SC_DIHED   =         3.5602
 SC_14NB=         4.3861  SC_14EEL=        52.4573  SC_VDW     =        -0.3485
 SC_EEL =         3.5923
 SC_RES_DIST=     0.0000  SC_RES_ANG=       0.0000  SC_RES_TORS=         0.0000
 SC_EEL_DER=     14.1501  SC_VDW_DER=     -12.3229  SC_DERIV   =         1.8271
 ------------------------------------------------------------------------------


| TI region  2


 NSTEP =      500   TIME(PS) =       0.500  TEMP(K) =   298.08  PRESS =     0.0
 Etot   =    -24304.0206  EKtot   =      5904.4954  EPtot      =    -30208.5160
 BOND   =         5.2004  ANGLE   =         7.6665  DIHED      =         3.9563
 1-4 NB =         4.1474  1-4 EEL =         6.1429  VDWAALS    =      4964.9627
 EELEC  =    -35200.5922  EHBOND  =         0.0000  RESTRAINT  =         0.0000
 EKCMT  =         0.0000  VIRIAL  =         0.0000  VOLUME     =    127327.9093
                                                    Density    =         0.7817
 DV/DL  =        15.3645
 ------------------------------------------------------------------------------

  Softcore part of the system:      10 atoms,       TEMP(K)    =         248.83
 SC_Etot=        30.1029  SC_EKtot=         7.4172  SC_EPtot   =        22.6857
 SC_BOND=         4.7411  SC_ANGLE=        18.2401  SC_DIHED   =         6.3025
 SC_14NB=        -0.1277  SC_14EEL=        -2.7492  SC_VDW     =        -0.0914
 SC_EEL =        -3.6298
 SC_RES_DIST=     0.0000  SC_RES_ANG=       0.0000  SC_RES_TORS=         0.0000
 SC_EEL_DER=     14.1501  SC_VDW_DER=     -12.3229  SC_DERIV   =         1.8271
 ------------------------------------------------------------------------------


| TI region  1


 NSTEP =     1000   TIME(PS) =       1.000  TEMP(K) =   306.26  PRESS =     0.0
 Etot   =    -24066.0589  EKtot   =      6066.4898  EPtot      =    -30132.5487
 BOND   =        10.6102  ANGLE   =         5.9684  DIHED      =         4.7834
 1-4 NB =         4.5390  1-4 EEL =         6.5648  VDWAALS    =      4442.9621
 EELEC  =    -34607.9766  EHBOND  =         0.0000  RESTRAINT  =         0.0000
 EKCMT  =         0.0000  VIRIAL  =         0.0000  VOLUME     =    125894.9322
                                                    Density    =         0.7910
 DV/DL  =        33.2926
 ------------------------------------------------------------------------------

  Softcore part of the system:      10 atoms,       TEMP(K)    =         307.83
 SC_Etot=        90.2672  SC_EKtot=         9.1759  SC_EPtot   =        81.0914
 SC_BOND=         4.5709  SC_ANGLE=        11.1450  SC_DIHED   =         3.8931
 SC_14NB=         5.1332  SC_14EEL=        53.1088  SC_VDW     =        -0.3523
 SC_EEL =         3.5928
 SC_RES_DIST=     0.0000  SC_RES_ANG=       0.0000  SC_RES_TORS=         0.0000
 SC_EEL_DER=     19.8316  SC_VDW_DER=      -5.3926  SC_DERIV   =        14.4390
 ------------------------------------------------------------------------------


| TI region  2


 NSTEP =     1000   TIME(PS) =       1.000  TEMP(K) =   306.13  PRESS =     0.0
 Etot   =    -24068.5504  EKtot   =      6063.9983  EPtot      =    -30132.5487
 BOND   =        10.6102  ANGLE   =         5.9684  DIHED      =         4.7834
 1-4 NB =         4.5390  1-4 EEL =         6.5648  VDWAALS    =      4442.9621
 EELEC  =    -34607.9766  EHBOND  =         0.0000  RESTRAINT  =         0.0000
 EKCMT  =         0.0000  VIRIAL  =         0.0000  VOLUME     =    125894.9322
                                                    Density    =         0.7906
 DV/DL  =        33.2926
 ------------------------------------------------------------------------------

  Softcore part of the system:      10 atoms,       TEMP(K)    =         224.25
 SC_Etot=        23.8790  SC_EKtot=         6.6843  SC_EPtot   =        17.1947
 SC_BOND=         5.3288  SC_ANGLE=        16.6231  SC_DIHED   =         2.0905
 SC_14NB=        -0.0769  SC_14EEL=        -2.9957  SC_VDW     =        -0.0676
 SC_EEL =        -3.7075
 SC_RES_DIST=     0.0000  SC_RES_ANG=       0.0000  SC_RES_TORS=         0.0000
 SC_EEL_DER=     19.8316  SC_VDW_DER=      -5.3926  SC_DERIV   =        14.4390
 ------------------------------------------------------------------------------


| TI region  1


 NSTEP =     1500   TIME(PS) =       1.500  TEMP(K) =   307.04  PRESS =     0.0
 Etot   =    -23943.1723  EKtot   =      6081.9962  EPtot      =    -30025.1685
 BOND   =         5.9994  ANGLE   =         6.5211  DIHED      =         3.5620
 1-4 NB =         3.8258  1-4 EEL =         6.0591  VDWAALS    =      4750.3833
 EELEC  =    -34801.5192  EHBOND  =         0.0000  RESTRAINT  =         0.0000
 EKCMT  =         0.0000  VIRIAL  =         0.0000  VOLUME     =    124009.2514
                                                    Density    =         0.8030
 DV/DL  =        20.1696
 ------------------------------------------------------------------------------

  Softcore part of the system:      10 atoms,       TEMP(K)    =         354.06
 SC_Etot=        91.8210  SC_EKtot=        10.5537  SC_EPtot   =        81.2673
 SC_BOND=         5.3365  SC_ANGLE=        10.7886  SC_DIHED   =         2.2437
 SC_14NB=         6.0484  SC_14EEL=        53.5981  SC_VDW     =        -0.3754
 SC_EEL =         3.6275
 SC_RES_DIST=     0.0000  SC_RES_ANG=       0.0000  SC_RES_TORS=         0.0000
 SC_EEL_DER=     13.1101  SC_VDW_DER=      -5.9899  SC_DERIV   =         7.1201
 ------------------------------------------------------------------------------


| TI region  2


 NSTEP =     1500   TIME(PS) =       1.500  TEMP(K) =   307.02  PRESS =     0.0
 Etot   =    -23943.6757  EKtot   =      6081.4928  EPtot      =    -30025.1685
 BOND   =         5.9994  ANGLE   =         6.5211  DIHED      =         3.5620
 1-4 NB =         3.8258  1-4 EEL =         6.0591  VDWAALS    =      4750.3833
 EELEC  =    -34801.5192  EHBOND  =         0.0000  RESTRAINT  =         0.0000
 EKCMT  =         0.0000  VIRIAL  =         0.0000  VOLUME     =    124009.2514
                                                    Density    =         0.8027
 DV/DL  =        20.1696
 ------------------------------------------------------------------------------

  Softcore part of the system:      10 atoms,       TEMP(K)    =         337.17
 SC_Etot=        30.8311  SC_EKtot=        10.0502  SC_EPtot   =        20.7809
 SC_BOND=         6.5204  SC_ANGLE=        17.3382  SC_DIHED   =         3.4606
 SC_14NB=        -0.1046  SC_14EEL=        -3.1294  SC_VDW     =        -0.1018
 SC_EEL =        -3.2026
 SC_RES_DIST=     0.0000  SC_RES_ANG=       0.0000  SC_RES_TORS=         0.0000
 SC_EEL_DER=     13.1101  SC_VDW_DER=      -5.9899  SC_DERIV   =         7.1201
 ------------------------------------------------------------------------------


| TI region  1


 NSTEP =     2000   TIME(PS) =       2.000  TEMP(K) =   313.01  PRESS =     0.0
 Etot   =    -23740.0224  EKtot   =      6200.3006  EPtot      =    -29940.3230
 BOND   =         7.0144  ANGLE   =         4.2713  DIHED      =         2.5409
 1-4 NB =         4.5134  1-4 EEL =         6.4838  VDWAALS    =      4391.8878
 EELEC  =    -34357.0346  EHBOND  =         0.0000  RESTRAINT  =         0.0000
 EKCMT  =         0.0000  VIRIAL  =         0.0000  VOLUME     =    122830.8121
                                                    Density    =         0.8107
 DV/DL  =        29.7471
 ------------------------------------------------------------------------------

  Softcore part of the system:      10 atoms,       TEMP(K)    =         117.91
 SC_Etot=        87.2234  SC_EKtot=         3.5145  SC_EPtot   =        83.7089
 SC_BOND=         8.8493  SC_ANGLE=         8.0018  SC_DIHED   =         6.5406
 SC_14NB=         4.3310  SC_14EEL=        52.7681  SC_VDW     =        -0.3501
 SC_EEL =         3.5682
 SC_RES_DIST=     0.0000  SC_RES_ANG=       0.0000  SC_RES_TORS=         0.0000
 SC_EEL_DER=     13.4152  SC_VDW_DER=      -4.7932  SC_DERIV   =         8.6219
 ------------------------------------------------------------------------------


| TI region  2


 NSTEP =     2000   TIME(PS) =       2.000  TEMP(K) =   313.35  PRESS =     0.0
 Etot   =    -23733.3311  EKtot   =      6206.9918  EPtot      =    -29940.3230
 BOND   =         7.0144  ANGLE   =         4.2713  DIHED      =         2.5409
 1-4 NB =         4.5134  1-4 EEL =         6.4838  VDWAALS    =      4391.8878
 EELEC  =    -34357.0346  EHBOND  =         0.0000  RESTRAINT  =         0.0000
 EKCMT  =         0.0000  VIRIAL  =         0.0000  VOLUME     =    122830.8121
                                                    Density    =         0.8104
 DV/DL  =        29.7471
 ------------------------------------------------------------------------------

  Softcore part of the system:      10 atoms,       TEMP(K)    =         342.38
 SC_Etot=        29.3553  SC_EKtot=        10.2057  SC_EPtot   =        19.1496
 SC_BOND=         3.0206  SC_ANGLE=        20.2101  SC_DIHED   =         3.4294
 SC_14NB=        -0.0987  SC_14EEL=        -3.1407  SC_VDW     =        -0.0583
 SC_EEL =        -4.2129
 SC_RES_DIST=     0.0000  SC_RES_ANG=       0.0000  SC_RES_TORS=         0.0000
 SC_EEL_DER=     13.4152  SC_VDW_DER=      -4.7932  SC_DERIV   =         8.6219
 ------------------------------------------------------------------------------


| TI region  1


 NSTEP =     2500   TIME(PS) =       2.500  TEMP(K) =   317.88  PRESS =     0.0
 Etot   =    -23858.9072  EKtot   =      6296.7545  EPtot      =    -30155.6618
 BOND   =         7.5557  ANGLE   =         6.7559  DIHED      =         2.8517
 1-4 NB =         4.2540  1-4 EEL =         6.8933  VDWAALS    =      4653.5818
 EELEC  =    -34837.5542  EHBOND  =         0.0000  RESTRAINT  =         0.0000
 EKCMT  =         0.0000  VIRIAL  =         0.0000  VOLUME     =    120771.9397
                                                    Density    =         0.8246
 DV/DL  =        32.3421
 ------------------------------------------------------------------------------

  Softcore part of the system:      10 atoms,       TEMP(K)    =         263.96
 SC_Etot=        91.2077  SC_EKtot=         7.8681  SC_EPtot   =        83.3396
 SC_BOND=         4.6819  SC_ANGLE=         8.5970  SC_DIHED   =         9.8369
 SC_14NB=         4.1771  SC_14EEL=        52.7928  SC_VDW     =        -0.3202
 SC_EEL =         3.5742
 SC_RES_DIST=     0.0000  SC_RES_ANG=       0.0000  SC_RES_TORS=         0.0000
 SC_EEL_DER=     19.1608  SC_VDW_DER=      -6.0025  SC_DERIV   =        13.1584
 ------------------------------------------------------------------------------


| TI region  2


 NSTEP =     2500   TIME(PS) =       2.500  TEMP(K) =   317.68  PRESS =     0.0
 Etot   =    -23862.9551  EKtot   =      6292.7067  EPtot      =    -30155.6618
 BOND   =         7.5557  ANGLE   =         6.7559  DIHED      =         2.8517
 1-4 NB =         4.2540  1-4 EEL =         6.8933  VDWAALS    =      4653.5818
 EELEC  =    -34837.5542  EHBOND  =         0.0000  RESTRAINT  =         0.0000
 EKCMT  =         0.0000  VIRIAL  =         0.0000  VOLUME     =    120771.9397
                                                    Density    =         0.8242
 DV/DL  =        32.3421
 ------------------------------------------------------------------------------

  Softcore part of the system:      10 atoms,       TEMP(K)    =         128.16
 SC_Etot=        20.0843  SC_EKtot=         3.8202  SC_EPtot   =        16.2641
 SC_BOND=         5.7683  SC_ANGLE=        14.8487  SC_DIHED   =         2.6399
 SC_14NB=        -0.1695  SC_14EEL=        -3.1021  SC_VDW     =        -0.0863
 SC_EEL =        -3.6350
 SC_RES_DIST=     0.0000  SC_RES_ANG=       0.0000  SC_RES_TORS=         0.0000
 SC_EEL_DER=     19.1608  SC_VDW_DER=      -6.0025  SC_DERIV   =        13.1584
 ------------------------------------------------------------------------------


| TI region  1


 NSTEP =     3000   TIME(PS) =       3.000  TEMP(K) =   311.38  PRESS =     0.0
 Etot   =    -24151.9783  EKtot   =      6168.0034  EPtot      =    -30319.9817
 BOND   =         3.9911  ANGLE   =         7.9987  DIHED      =         3.8664
 1-4 NB =         5.6166  1-4 EEL =         5.1773  VDWAALS    =      4514.2095
 EELEC  =    -34860.8412  EHBOND  =         0.0000  RESTRAINT  =         0.0000
 EKCMT  =         0.0000  VIRIAL  =         0.0000  VOLUME     =    118484.5542
                                                    Density    =         0.8405
 DV/DL  =        10.7331
 ------------------------------------------------------------------------------

  Softcore part of the system:      10 atoms,       TEMP(K)    =         358.91
 SC_Etot=        93.1787  SC_EKtot=        10.6985  SC_EPtot   =        82.4803
 SC_BOND=         5.9122  SC_ANGLE=        10.9347  SC_DIHED   =         3.8015
 SC_14NB=         5.4603  SC_14EEL=        53.1221  SC_VDW     =        -0.3639
 SC_EEL =         3.6133
 SC_RES_DIST=     0.0000  SC_RES_ANG=       0.0000  SC_RES_TORS=         0.0000
 SC_EEL_DER=     19.1864  SC_VDW_DER=     -20.4599  SC_DERIV   =        -1.2734
 ------------------------------------------------------------------------------


| TI region  2


 NSTEP =     3000   TIME(PS) =       3.000  TEMP(K) =   311.33  PRESS =     0.0
 Etot   =    -24153.0302  EKtot   =      6166.9515  EPtot      =    -30319.9817
 BOND   =         3.9911  ANGLE   =         7.9987  DIHED      =         3.8664
 1-4 NB =         5.6166  1-4 EEL =         5.1773  VDWAALS    =      4514.2095
 EELEC  =    -34860.8412  EHBOND  =         0.0000  RESTRAINT  =         0.0000
 EKCMT  =         0.0000  VIRIAL  =         0.0000  VOLUME     =    118484.5542
                                                    Density    =         0.8401
 DV/DL  =        10.7331
 ------------------------------------------------------------------------------

  Softcore part of the system:      10 atoms,       TEMP(K)    =         323.63
 SC_Etot=        26.2618  SC_EKtot=         9.6466  SC_EPtot   =        16.6152
 SC_BOND=         2.6371  SC_ANGLE=        16.4173  SC_DIHED   =         4.4562
 SC_14NB=         0.0287  SC_14EEL=        -2.6667  SC_VDW     =        -0.0675
 SC_EEL =        -4.1899
 SC_RES_DIST=     0.0000  SC_RES_ANG=       0.0000  SC_RES_TORS=         0.0000
 SC_EEL_DER=     19.1864  SC_VDW_DER=     -20.4599  SC_DERIV   =        -1.2734
 ------------------------------------------------------------------------------


| TI region  1


 NSTEP =     3500   TIME(PS) =       3.500  TEMP(K) =   309.59  PRESS =     0.0
 Etot   =    -24277.1759  EKtot   =      6132.5061  EPtot      =    -30409.6821
 BOND   =         9.0749  ANGLE   =         3.7714  DIHED      =         5.9928
 1-4 NB =         3.6476  1-4 EEL =         6.3813  VDWAALS    =      4701.9357
 EELEC  =    -35140.4856  EHBOND  =         0.0000  RESTRAINT  =         0.0000
 EKCMT  =         0.0000  VIRIAL  =         0.0000  VOLUME     =    114891.7358
                                                    Density    =         0.8668
 DV/DL  =        21.1429
 ------------------------------------------------------------------------------

  Softcore part of the system:      10 atoms,       TEMP(K)    =         283.22
 SC_Etot=        85.5072  SC_EKtot=         8.4423  SC_EPtot   =        77.0649
 SC_BOND=         4.8836  SC_ANGLE=         7.1117  SC_DIHED   =         2.8808
 SC_14NB=         5.3114  SC_14EEL=        53.7131  SC_VDW     =        -0.3772
 SC_EEL =         3.5417
 SC_RES_DIST=     0.0000  SC_RES_ANG=       0.0000  SC_RES_TORS=         0.0000
 SC_EEL_DER=     14.8431  SC_VDW_DER=      -8.0113  SC_DERIV   =         6.8318
 ------------------------------------------------------------------------------


| TI region  2


 NSTEP =     3500   TIME(PS) =       3.500  TEMP(K) =   309.73  PRESS =     0.0
 Etot   =    -24274.4698  EKtot   =      6135.2123  EPtot      =    -30409.6821
 BOND   =         9.0749  ANGLE   =         3.7714  DIHED      =         5.9928
 1-4 NB =         3.6476  1-4 EEL =         6.3813  VDWAALS    =      4701.9357
 EELEC  =    -35140.4856  EHBOND  =         0.0000  RESTRAINT  =         0.0000
 EKCMT  =         0.0000  VIRIAL  =         0.0000  VOLUME     =    114891.7358
                                                    Density    =         0.8663
 DV/DL  =        21.1429
 ------------------------------------------------------------------------------

  Softcore part of the system:      10 atoms,       TEMP(K)    =         374.01
 SC_Etot=        32.9496  SC_EKtot=        11.1484  SC_EPtot   =        21.8012
 SC_BOND=         4.0081  SC_ANGLE=        21.6690  SC_DIHED   =         2.5264
 SC_14NB=        -0.1731  SC_14EEL=        -2.8300  SC_VDW     =        -0.1092
 SC_EEL =        -3.2900
 SC_RES_DIST=     0.0000  SC_RES_ANG=       0.0000  SC_RES_TORS=         0.0000
 SC_EEL_DER=     14.8431  SC_VDW_DER=      -8.0113  SC_DERIV   =         6.8318
 ------------------------------------------------------------------------------


| TI region  1


 NSTEP =     4000   TIME(PS) =       4.000  TEMP(K) =   304.31  PRESS =     0.0
 Etot   =    -24406.1661  EKtot   =      6027.7790  EPtot      =    -30433.9450
 BOND   =         7.9929  ANGLE   =         6.0505  DIHED      =        10.4853
 1-4 NB =         4.3815  1-4 EEL =         5.2731  VDWAALS    =      4710.5274
 EELEC  =    -35178.6557  EHBOND  =         0.0000  RESTRAINT  =         0.0000
 EKCMT  =         0.0000  VIRIAL  =         0.0000  VOLUME     =    114467.7540
                                                    Density    =         0.8700
 DV/DL  =        27.4482
 ------------------------------------------------------------------------------

  Softcore part of the system:      10 atoms,       TEMP(K)    =         386.27
 SC_Etot=        90.0697  SC_EKtot=        11.5138  SC_EPtot   =        78.5559
 SC_BOND=         3.7017  SC_ANGLE=         5.8248  SC_DIHED   =         6.3613
 SC_14NB=         5.4112  SC_14EEL=        54.0186  SC_VDW     =        -0.3582
 SC_EEL =         3.5964
 SC_RES_DIST=     0.0000  SC_RES_ANG=       0.0000  SC_RES_TORS=         0.0000
 SC_EEL_DER=     21.0796  SC_VDW_DER=     -12.1302  SC_DERIV   =         8.9494
 ------------------------------------------------------------------------------


| TI region  2


 NSTEP =     4000   TIME(PS) =       4.000  TEMP(K) =   304.14  PRESS =     0.0
 Etot   =    -24409.4659  EKtot   =      6024.4791  EPtot      =    -30433.9450
 BOND   =         7.9929  ANGLE   =         6.0505  DIHED      =        10.4853
 1-4 NB =         4.3815  1-4 EEL =         5.2731  VDWAALS    =      4710.5274
 EELEC  =    -35178.6557  EHBOND  =         0.0000  RESTRAINT  =         0.0000
 EKCMT  =         0.0000  VIRIAL  =         0.0000  VOLUME     =    114467.7540
                                                    Density    =         0.8696
 DV/DL  =        27.4482
 ------------------------------------------------------------------------------

  Softcore part of the system:      10 atoms,       TEMP(K)    =         275.56
 SC_Etot=        27.9686  SC_EKtot=         8.2139  SC_EPtot   =        19.7547
 SC_BOND=         3.9892  SC_ANGLE=        17.9358  SC_DIHED   =         5.1117
 SC_14NB=        -0.1022  SC_14EEL=        -2.9929  SC_VDW     =        -0.0717
 SC_EEL =        -4.1153
 SC_RES_DIST=     0.0000  SC_RES_ANG=       0.0000  SC_RES_TORS=         0.0000
 SC_EEL_DER=     21.0796  SC_VDW_DER=     -12.1302  SC_DERIV   =         8.9494
 ------------------------------------------------------------------------------


| TI region  1


 NSTEP =     4500   TIME(PS) =       4.500  TEMP(K) =   310.66  PRESS =     0.0
 Etot   =    -24290.9644  EKtot   =      6153.6126  EPtot      =    -30444.5769
 BOND   =         4.7130  ANGLE   =         7.5728  DIHED      =         7.8848
 1-4 NB =         4.8956  1-4 EEL =         5.7845  VDWAALS    =      4592.4445
 EELEC  =    -35067.8720  EHBOND  =         0.0000  RESTRAINT  =         0.0000
 EKCMT  =         0.0000  VIRIAL  =         0.0000  VOLUME     =    113175.5517
                                                    Density    =         0.8799
 DV/DL  =        35.7799
 ------------------------------------------------------------------------------

  Softcore part of the system:      10 atoms,       TEMP(K)    =         362.68
 SC_Etot=        87.8871  SC_EKtot=        10.8107  SC_EPtot   =        77.0764
 SC_BOND=         7.1404  SC_ANGLE=         5.6250  SC_DIHED   =         2.2957
 SC_14NB=         5.3010  SC_14EEL=        53.4494  SC_VDW     =        -0.3667
 SC_EEL =         3.6318
 SC_RES_DIST=     0.0000  SC_RES_ANG=       0.0000  SC_RES_TORS=         0.0000
 SC_EEL_DER=     24.4503  SC_VDW_DER=      -7.6975  SC_DERIV   =        16.7529
 ------------------------------------------------------------------------------


| TI region  2


 NSTEP =     4500   TIME(PS) =       4.500  TEMP(K) =   310.50  PRESS =     0.0
 Etot   =    -24294.1828  EKtot   =      6150.3941  EPtot      =    -30444.5769
 BOND   =         4.7130  ANGLE   =         7.5728  DIHED      =         7.8848
 1-4 NB =         4.8956  1-4 EEL =         5.7845  VDWAALS    =      4592.4445
 EELEC  =    -35067.8720  EHBOND  =         0.0000  RESTRAINT  =         0.0000
 EKCMT  =         0.0000  VIRIAL  =         0.0000  VOLUME     =    113175.5517
                                                    Density    =         0.8795
 DV/DL  =        35.7799
 ------------------------------------------------------------------------------

  Softcore part of the system:      10 atoms,       TEMP(K)    =         254.71
 SC_Etot=        29.8336  SC_EKtot=         7.5923  SC_EPtot   =        22.2413
 SC_BOND=         7.4389  SC_ANGLE=        19.1765  SC_DIHED   =         2.1659
 SC_14NB=        -0.0836  SC_14EEL=        -2.4418  SC_VDW     =        -0.0901
 SC_EEL =        -3.9245
 SC_RES_DIST=     0.0000  SC_RES_ANG=       0.0000  SC_RES_TORS=         0.0000
 SC_EEL_DER=     24.4503  SC_VDW_DER=      -7.6975  SC_DERIV   =        16.7529
 ------------------------------------------------------------------------------


| TI region  1


 NSTEP =     5000   TIME(PS) =       5.000  TEMP(K) =   312.18  PRESS =     0.0
 Etot   =    -24426.8333  EKtot   =      6183.8424  EPtot      =    -30610.6757
 BOND   =         7.8672  ANGLE   =         6.1588  DIHED      =         4.3436
 1-4 NB =         4.0132  1-4 EEL =         5.5179  VDWAALS    =      4714.3899
 EELEC  =    -35352.9663  EHBOND  =         0.0000  RESTRAINT  =         0.0000
 EKCMT  =         0.0000  VIRIAL  =         0.0000  VOLUME     =    112626.4309
                                                    Density    =         0.8842
 DV/DL  =        39.4745
 ------------------------------------------------------------------------------

  Softcore part of the system:      10 atoms,       TEMP(K)    =         302.29
 SC_Etot=        87.0063  SC_EKtot=         9.0107  SC_EPtot   =        77.9956
 SC_BOND=         5.7714  SC_ANGLE=         7.2420  SC_DIHED   =         3.0118
 SC_14NB=         4.9431  SC_14EEL=        53.7561  SC_VDW     =        -0.3490
 SC_EEL =         3.6202
 SC_RES_DIST=     0.0000  SC_RES_ANG=       0.0000  SC_RES_TORS=         0.0000
 SC_EEL_DER=     26.0405  SC_VDW_DER=      -7.2004  SC_DERIV   =        18.8401
 ------------------------------------------------------------------------------


| TI region  2


 NSTEP =     5000   TIME(PS) =       5.000  TEMP(K) =   312.21  PRESS =     0.0
 Etot   =    -24426.3585  EKtot   =      6184.3172  EPtot      =    -30610.6757
 BOND   =         7.8672  ANGLE   =         6.1588  DIHED      =         4.3436
 1-4 NB =         4.0132  1-4 EEL =         5.5179  VDWAALS    =      4714.3899
 EELEC  =    -35352.9663  EHBOND  =         0.0000  RESTRAINT  =         0.0000
 EKCMT  =         0.0000  VIRIAL  =         0.0000  VOLUME     =    112626.4309
                                                    Density    =         0.8838
 DV/DL  =        39.4745
 ------------------------------------------------------------------------------

  Softcore part of the system:      10 atoms,       TEMP(K)    =         318.22
 SC_Etot=        26.1733  SC_EKtot=         9.4855  SC_EPtot   =        16.6878
 SC_BOND=         4.1097  SC_ANGLE=        17.5273  SC_DIHED   =         1.9145
 SC_14NB=        -0.1757  SC_14EEL=        -3.0605  SC_VDW     =        -0.1061
 SC_EEL =        -3.5214
 SC_RES_DIST=     0.0000  SC_RES_ANG=       0.0000  SC_RES_TORS=         0.0000
 SC_EEL_DER=     26.0405  SC_VDW_DER=      -7.2004  SC_DERIV   =        18.8401
 ------------------------------------------------------------------------------


| TI region  1


      A V E R A G E S   O V E R      10 S T E P S


 NSTEP =     5000   TIME(PS) =       5.000  TEMP(K) =   309.05  PRESS =     0.0
 Etot   =    -24146.2862  EKtot   =      6121.8217  EPtot      =    -30268.1079
 BOND   =         7.0019  ANGLE   =         6.2735  DIHED      =         5.0267
 1-4 NB =         4.3834  1-4 EEL =         6.0278  VDWAALS    =      4643.7285
 EELEC  =    -34940.5497  EHBOND  =         0.0000  RESTRAINT  =         0.0000
 EKCMT  =         0.0000  VIRIAL  =         0.0000  VOLUME     =    119448.0871
                                                    Density    =         0.8353
 DV/DL  =        26.5495
 ------------------------------------------------------------------------------

  Softcore part of the system:      10 atoms,       TEMP(K)    =         306.77
 SC_Etot=        89.7342  SC_EKtot=         9.1443  SC_EPtot   =        80.5899
 SC_BOND=         5.9632  SC_ANGLE=         8.6157  SC_DIHED   =         4.4426
 SC_14NB=         5.0503  SC_14EEL=        53.2784  SC_VDW     =        -0.3562
 SC_EEL =         3.5958
 SC_RES_DIST=     0.0000  SC_RES_ANG=       0.0000  SC_RES_TORS=         0.0000
 SC_EEL_DER=     18.5268  SC_VDW_DER=      -9.0000  SC_DERIV   =         9.5267
 ------------------------------------------------------------------------------


      R M S  F L U C T U A T I O N S


 NSTEP =     5000   TIME(PS) =       5.000  TEMP(K) =     5.14  PRESS =     0.0
 Etot   =       224.4519  EKtot   =       101.7514  EPtot      =       199.9411
 BOND   =         1.9470  ANGLE   =         1.3162  DIHED      =         2.3446
 1-4 NB =         0.5372  1-4 EEL =         0.5474  VDWAALS    =       158.3171
 EELEC  =       289.4780  EHBOND  =         0.0000  RESTRAINT  =         0.0000
 EKCMT  =         0.0000  VIRIAL  =         0.0000  VOLUME     =      5196.3948
                                                    Density    =         0.0363
 DV/DL  =         8.8742
 ------------------------------------------------------------------------------

  Softcore part of the system:      10 atoms,       TEMP(K)    =          72.83
 SC_Etot=         2.5620  SC_EKtot=         2.1710  SC_EPtot   =         2.5428
 SC_BOND=         1.6723  SC_ANGLE=         2.0716  SC_DIHED   =         2.2936
 SC_14NB=         0.5626  SC_14EEL=         0.4817  SC_VDW     =         0.0156
 SC_EEL =         0.0272
 SC_RES_DIST=     0.0000  SC_RES_ANG=       0.0000  SC_RES_TORS=         0.0000
 SC_EEL_DER=      4.3451  SC_VDW_DER=       4.5479  SC_DERIV   =         6.0532
 ------------------------------------------------------------------------------


| TI region  2


      A V E R A G E S   O V E R      10 S T E P S


 NSTEP =     5000   TIME(PS) =       5.000  TEMP(K) =   309.02  PRESS =     0.0
 Etot   =    -24147.0040  EKtot   =      6121.1039  EPtot      =    -30268.1079
 BOND   =         7.0019  ANGLE   =         6.2735  DIHED      =         5.0267
 1-4 NB =         4.3834  1-4 EEL =         6.0278  VDWAALS    =      4643.7285
 EELEC  =    -34940.5497  EHBOND  =         0.0000  RESTRAINT  =         0.0000
 EKCMT  =         0.0000  VIRIAL  =         0.0000  VOLUME     =    119448.0871
                                                    Density    =         0.8349
 DV/DL  =        26.5495
 ------------------------------------------------------------------------------

  Softcore part of the system:      10 atoms,       TEMP(K)    =         282.69
 SC_Etot=        27.7440  SC_EKtot=         8.4264  SC_EPtot   =        19.3175
 SC_BOND=         4.7562  SC_ANGLE=        17.9986  SC_DIHED   =         3.4098
 SC_14NB=        -0.1083  SC_14EEL=        -2.9109  SC_VDW     =        -0.0850
 SC_EEL =        -3.7429
 SC_RES_DIST=     0.0000  SC_RES_ANG=       0.0000  SC_RES_TORS=         0.0000
 SC_EEL_DER=     18.5268  SC_VDW_DER=      -9.0000  SC_DERIV   =         9.5267
 ------------------------------------------------------------------------------


      R M S  F L U C T U A T I O N S


 NSTEP =     5000   TIME(PS) =       5.000  TEMP(K) =     5.17  PRESS =     0.0
 Etot   =       225.5729  EKtot   =       102.5011  EPtot      =       199.9411
 BOND   =         1.9470  ANGLE   =         1.3162  DIHED      =         2.3446
 1-4 NB =         0.5372  1-4 EEL =         0.5474  VDWAALS    =       158.3171
 EELEC  =       289.4780  EHBOND  =         0.0000  RESTRAINT  =         0.0000
 EKCMT  =         0.0000  VIRIAL  =         0.0000  VOLUME     =      5196.3948
                                                    Density    =         0.0362
 DV/DL  =         8.8742
 ------------------------------------------------------------------------------

  Softcore part of the system:      10 atoms,       TEMP(K)    =          68.62
 SC_Etot=         3.5704  SC_EKtot=         2.0453  SC_EPtot   =         2.3763
 SC_BOND=         1.4398  SC_ANGLE=         1.8651  SC_DIHED   =         1.3878
 SC_14NB=         0.0578  SC_14EEL=         0.2204  SC_VDW     =         0.0170
 SC_EEL =         0.3412
 SC_RES_DIST=     0.0000  SC_RES_ANG=       0.0000  SC_RES_TORS=         0.0000
 SC_EEL_DER=      4.3451  SC_VDW_DER=       4.5479  SC_DERIV   =         6.0532
 ------------------------------------------------------------------------------


      DV/DL, AVERAGES OVER      10 STEPS


 NSTEP =     5000   TIME(PS) =       5.000  TEMP(K) =     5.17  PRESS =     0.0
 Etot   =         0.0000  EKtot   =         0.0000  EPtot      =         0.0000
 BOND   =         0.0000  ANGLE   =         0.0000  DIHED      =         0.0003
 1-4 NB =        -0.0033  1-4 EEL =        17.7738  VDWAALS    =         0.0411
 EELEC  =        -0.7892  EHBOND  =         0.0000  RESTRAINT  =         0.0000
 EKCMT  =         0.0000  VIRIAL  =         0.0000  VOLUME     =         0.0000
                                                    Density    =         0.0000
 ------------------------------------------------------------------------------

| MC Barostat:         50 volume changes attempted.
| MC Barostat:         30 changes successful ( 60.00%)
 ------------------------------------------------------------------------------

--------------------------------------------------------------------------------
   5.  TIMINGS
--------------------------------------------------------------------------------

|  NonSetup CPU Time in Major Routines:
|
|     Routine           Sec        %
|     ------------------------------
|     Nonbond           0.84   34.37
|     Bond              0.00    0.00
|     Angle             0.00    0.00
|     Dihedral          0.00    0.00
|     Shake             0.02    0.96
|     RunMD             1.53   62.88
|     Other             0.04    1.78
|     ------------------------------
|     Total             2.44

|  PME Nonbond Pairlist CPU Time:
|
|     Routine              Sec        %
|     ---------------------------------
|     Set Up Cit           0.00    0.00
|     Build List           0.00    0.00
|     ---------------------------------
|     Total                0.00    0.00

|  PME Direct Force CPU Time:
|
|     Routine              Sec        %
|     ---------------------------------
|     NonBonded Calc       0.00    0.00
|     Exclude Masked       0.00    0.00
|     Other                0.01    0.37
|     ---------------------------------
|     Total                0.01    0.37

|  PME Reciprocal Force CPU Time:
|
|     Routine              Sec        %
|     ---------------------------------
|     1D bspline           0.00    0.00
|     Grid Charges         0.00    0.00
|     Scalar Sum           0.00    0.00
|     Gradient Sum         0.00    0.00
|     FFT                  0.00    0.00
|     ---------------------------------
|     Total                0.00    0.00

|  Final Performance Info:
|     -----------------------------------------------------
|     Average timings for last    5000 steps:
|     Elapsed(s) =       2.46 Per Step(ms) =       0.49
|         ns/day =     175.50   seconds/ns =     492.32
|
|     Average timings for all steps:
|     Elapsed(s) =       2.46 Per Step(ms) =       0.49
|         ns/day =     175.50   seconds/ns =     492.32
|     -----------------------------------------------------

|  Setup CPU time:            0.93 seconds
|  NonSetup CPU time:         2.44 seconds
|  Total CPU time:            3.37 seconds     0.00 hours

|  Setup wall time:           1    seconds
|  NonSetup wall time:        2    seconds
|  Total wall time:           3    seconds     0.00 hours
