
          -------------------------------------------------------
          Amber 20 PMEMD                              2020
          -------------------------------------------------------

| PMEMD implementation of SANDER, Release 18

|  Compiled date/time: Mon Apr 27 18:19:54 2020
| Run on 01/25/2022 at 16:38:30

|   Executable path: /cm/shared/apps/amber20/bin/pmemd.cuda
| Working directory: /data/bella/piezo/charmm-gui-4149384590/TI/1-dooku/ligand/concerted/t03/0.6839
|          Hostname: node001

  [-O]verwriting output

File Assignments:
|   MDIN: ti001.eq.in                                                           
|  MDOUT: ti001.eq.out                                                          
| INPCRD: ti001.min.rst7                                                        
|   PARM: ../concerted.parm7                                                    
| RESTRT: ti001.eq.rst7                                                         
|   REFC: refc                                                                  
|  MDVEL: mdvel                                                                 
|   MDEN: ti001.eq.en                                                           
|  MDCRD: ti001.eq.nc                                                           
| MDINFO: ti001.eq.info                                                         
|  MDFRC: mdfrc                                                                 


 Here is the input file:

Heating                                                                        
 &cntrl                                                                        
                                                                               
! simulation                                                                   
imin = 0,                 ! flag to run minization (0=false)                   
ntmin = 2,                ! mini algorithm. 2=steepest                         
nstlim = 5000,            ! number of MD steps                                 
irest = 0,                ! flag to restart simulation                         
ntx = 1,                  ! option to read from inpcrd file                    
ntxo = 1,                 ! read/write rst as formatted file                   
dt = 0.001,               ! timestep (1fs)                                     
ntb = 2,              ! specify PBC type                                       
                                                                               
! thermostate                                                                  
ntt = 3,                  ! switch for time scaling (3=Langevin)               
tempi = 1.0,                                                                   
temp0 = 310,            ! reference temperature (if ntt>0)                     
gamma_ln = 5.0,           ! collision frequency for ntt=3                      
ig = -1,                  ! seed for Random Number Generator (RNG) (use -1 with
! barostate                                                                    
ntp = 1,                  ! constant pressure dynamics (1=do scaling)          
barostat = 2,             ! barostat to use (2=Monte Carlo)                    
mcbarint = 100,           ! volume change attempt every n steps                
pres0 = 1.01325,          ! referenve pressure (in bars)                       
taup = 2.0,               ! pressure relation time (in ps)                     
                                                                               
! output                                                                       
ioutfm = 1,               ! film fromat (1=binary NetCDF)                      
iwrap = 0,                ! wrap coordination into primary box (1=do)          
ntwe = 1000,              ! write to .mden every n steps                       
ntwx = 1000,              ! write to .mdcrd every n steps                      
ntpr = 500,               ! write energies to .mdout/.mdinfo every n steps     
ntwr = 1000,              ! write rstrt file every n steps                     
                                                                               
! alchemical free energy                                                       
cut = 10.0                                                                     
ntc = 2,                  ! SHAKE bond length constraints (2=H-atom)           
ntf = 1,                  ! force evaluation (1=evalute all)                   
noshakemask = ':L0, L1',     ! remove SHAKE from perturbed regions             
                                                                               
icfe = 1,                 ! turn on free energy calculation                    
ifsc = 1,                 ! use softcore parameters (0=undo)                   
clambda = 0.6839,           ! current lambda                                   
timask1 = ':L0',           ! specify atoms unique to V_0                       
timask2 = ':L1',           ! specify atoms unique to V_1                       
scmask1 = ':L0@S2, C10, C11, H6, N3, C12, H7, C13, H8, N4',                    
                      ! specify the unique atoms for V0                        
scmask2 = ':L1@O, C11, C10, H11, C12, H13, C13, H14, N3, H12',                 
                      ! specify the unique atoms for V1                        
vlimit = 20                                                                    
 /                                                                             
 &ewald                                                                        
 /                                                                             
                                                                               
&wt type='TEMP0', istep1=1, istep2=5000, value1=1.0, value2=300 &end           
&wt type='END' &end                                                            


Note: ig = -1. Setting random seed to   891247 based on wallclock time in 
      microseconds.
| irandom = 1, using AMBER's internal random number generator (default).
 
|--------------------- INFORMATION ----------------------
| GPU (CUDA) Version of PMEMD in use: NVIDIA GPU IN USE.
|                    Version 18.0.0
| 
|                      03/25/2018
| 
| Implementation by:
|                    Ross C. Walker     (SDSC)
|                    Scott Le Grand     (nVIDIA)
| 
| Version 18 performance extensions by:
|                    David Cerutti     (Rutgers)
| 
| Precision model in use:
|      [SPFP] - Single Precision Forces, 64-bit Fixed Point
|               Accumulation. (Default)
| 
|--------------------------------------------------------
 
|----------------- CITATION INFORMATION -----------------
|
|    When publishing work that utilized the CUDA version
|    of AMBER, please cite the following in addition to
|    the regular AMBER citations:
|
|  - Romelia Salomon-Ferrer; Andreas W. Goetz; Duncan
|    Poole; Scott Le Grand; Ross C. Walker "Routine
|    microsecond molecular dynamics simulations with
|    AMBER - Part II: Particle Mesh Ewald", J. Chem.
|    Theory Comput., 2013, 9 (9), pp3878-3888,
|    DOI: 10.1021/ct400314y.
|
|  - Andreas W. Goetz; Mark J. Williamson; Dong Xu;
|    Duncan Poole; Scott Le Grand; Ross C. Walker
|    "Routine microsecond molecular dynamics simulations
|    with AMBER - Part I: Generalized Born", J. Chem.
|    Theory Comput., 2012, 8 (5), pp1542-1555.
|
|  - Scott Le Grand; Andreas W. Goetz; Ross C. Walker
|    "SPFP: Speed without compromise - a mixed precision
|    model for GPU accelerated molecular dynamics
|    simulations.", Comp. Phys. Comm., 2013, 184
|    pp374-380, DOI: 10.1016/j.cpc.2012.09.022
|
|    When publishing work that utilized the CUDA version
|    of TI, BAR, MBAR or FEP please cite the following 
|    publications in addition to the regular AMBER 
|    GPU citations:
|
|  - Daniel J. Mermelstein; Charles Lin; Gard Nelson; 
|    Rachael Kretsch; J. Andrew McCammon; Ross C. Walker
|    "Fast and Flexible GPU Accelerated Binding 
|    Free Energy Calculations within the AMBER Molecular
|    Dynamics Package" J. Comp. Chem., 2018,
|    DOI: 10.1002/jcc.25187
|
|  - Tai-Sung Lee; Yuan Hu; Brad Sherborne; Zhuyan Guo;
|    Darrin M. York
|    "Toward Fast and Accurate Binding Affinity Prediction with
|    pmemdGTI: An Efficient Implementation of GPU-Accelerated
|    Thermodynamic Integration"
|    J. Chem. Theory Comput., 2017, 13 (7), 3077
|
|
|--------------------------------------------------------
 
|------------------- GPU DEVICE INFO --------------------
|
|            CUDA_VISIBLE_DEVICES: 3
|   CUDA Capable Devices Detected:      1
|           CUDA Device ID in use:      0
|                CUDA Device Name: GeForce RTX 2080 Ti
|     CUDA Device Global Mem Size:  11019 MB
| CUDA Device Num Multiprocessors:     68
|           CUDA Device Core Freq:   1.54 GHz
|
|--------------------------------------------------------
 
 
| Conditional Compilation Defines Used:
| PUBFFT
| BINTRAJ
| CUDA
| EMIL

| Largest sphere to fit in unit cell has radius =    25.062

| New format PARM file being parsed.
| Version =    1.000 Date = 01/24/22 Time = 21:43:14

| Note: 1-4 EEL scale factors are being read from the topology file.

| Note: 1-4 VDW scale factors are being read from the topology file.
| Duplicated    0 dihedrals

| Duplicated    0 dihedrals

--------------------------------------------------------------------------------
   1.  RESOURCE   USE: 
--------------------------------------------------------------------------------

 getting new box info from bottom of inpcrd
 NATOM  =    9985 NTYPES =      13 NBONH =    9944 MBONA  =      45
 NTHETH =      36 MTHETA =      61 NPHIH =      66 MPHIA  =      91
 NHPARM =       0 NPARM  =       0 NNB   =   13505 NRES   =    3311
 NBONA  =      45 NTHETA =      61 NPHIA =      91 NUMBND =      22
 NUMANG =      36 NPTRA  =      11 NATYP =      16 NPHB   =       0
 IFBOX  =       1 NMXRS  =      29 IFCAP =       0 NEXTRA =       0
 NCOPY  =       0

| Coordinate Index Table dimensions:     9    9    9
| Direct force subcell size =     5.6395    5.6592    5.5693

     BOX TYPE: RECTILINEAR

--------------------------------------------------------------------------------
   2.  CONTROL  DATA  FOR  THE  RUN
--------------------------------------------------------------------------------

default_name                                                                    

General flags:
     imin    =       0, nmropt  =       0

Nature and format of input:
     ntx     =       1, irest   =       0, ntrx    =       1

Nature and format of output:
     ntxo    =       1, ntpr    =     500, ntrx    =       1, ntwr    =    1000
     iwrap   =       0, ntwx    =    1000, ntwv    =       0, ntwe    =    1000
     ioutfm  =       1, ntwprt  =       0, idecomp =       0, rbornstat=      0

Potential function:
     ntf     =       1, ntb     =       2, igb     =       0, nsnb    =      25
     ipol    =       0, gbsa    =       0, iesp    =       0
     dielc   =   1.00000, cut     =  10.00000, intdiel =   1.00000

Frozen or restrained atoms:
     ibelly  =       0, ntr     =       0

Molecular dynamics:
     nstlim  =      5000, nscm    =      1000, nrespa  =         1
     t       =   0.00000, dt      =   0.00100, vlimit  =  20.00000

Langevin dynamics temperature regulation:
     ig      =  891247
     temp0   = 310.00000, tempi   =   1.00000, gamma_ln=   5.00000

Pressure regulation:
     ntp     =       1
     pres0   =   1.01325, comp    =  44.60000, taup    =   2.00000
     Monte-Carlo Barostat:
     mcbarint  =     100

SHAKE:
     ntc     =       2, jfastw  =       0
     tol     =   0.00001

Free energy options:
     icfe    =       1, ifsc    =       1, klambda =       1
     clambda =  0.6839, scalpha =  0.5000, scbeta  = 12.0000
     sceeorder =       2
     dynlmb =  0.0000 logdvdl =       0

| Intermolecular bonds treatment:
|     no_intermolecular_bonds =       1

| Energy averages sample interval:
|     ene_avg_sampling =     500

Ewald parameters:
     verbose =       0, ew_type =       0, nbflag  =       1, use_pme =       1
     vdwmeth =       1, eedmeth =       1, netfrc  =       1
     Box X =   50.755   Box Y =   50.932   Box Z =   50.124
     Alpha =   90.000   Beta  =   90.000   Gamma =   90.000
     NFFT1 =   56       NFFT2 =   56       NFFT3 =   56
     Cutoff=   10.000   Tol   =0.100E-04
     Ewald Coefficient =  0.27511
     Interpolation order =    4
     TI Mask 1 :L0; matches     29 atoms
     TI Mask 2 :L1; matches     29 atoms
     TI region 1:    9956 atoms
     TI region 2:    9956 atoms
     SC Mask 1 :L0@S2, C10, C11, H6, N3, C12, H7, C13, H8, N4; matches     10 atoms
     SC Mask 2 :L1@O, C11, C10, H11, C12, H13, C13, H14, N3, H12; matches     10 atoms
 Noshake mask :L0, L1; matches      58 atoms.
| MONTE CARLO BAROSTAT IMPORTANT NOTE:
|   The Monte-Carlo barostat does not require the virial to adjust the system volume.
|   Since it is an expensive calculation, it is skipped for efficiency. A side-effect
|   is that the reported pressure is always 0 because it is not calculated.

--------------------------------------------------------------------------------
   3.  ATOMIC COORDINATES AND VELOCITIES
--------------------------------------------------------------------------------

default_name                                                                    
 begin time read from input coords =     0.000 ps

 
     Molecule     1 is partially softcore
     Molecule     2 is partially softcore
 Number of triangulated 3-point waters found:     3309
   Removing shake constraints from C13   L0    1 -- H8    L0    1
   Removing shake constraints from C12   L0    1 -- H7    L0    1
   Removing shake constraints from C11   L0    1 -- H6    L0    1
   Removing shake constraints from C7    L0    1 -- H4    L0    1
   Removing shake constraints from C7    L0    1 -- H5    L0    1
   Removing shake constraints from C4    L0    1 -- H3    L0    1
   Removing shake constraints from C3    L0    1 -- H2    L0    1
   Removing shake constraints from C2    L0    1 -- H1    L0    1
   Removing shake constraints from N3    L1    2 -- H12   L1    2
   Removing shake constraints from C13   L1    2 -- H14   L1    2
   Removing shake constraints from C12   L1    2 -- H13   L1    2
   Removing shake constraints from C10   L1    2 -- H11   L1    2
   Removing shake constraints from C7    L1    2 -- H4    L1    2
   Removing shake constraints from C7    L1    2 -- H5    L1    2
   Removing shake constraints from C4    L1    2 -- H3    L1    2
   Removing shake constraints from C3    L1    2 -- H2    L1    2
   Removing shake constraints from C2    L1    2 -- H1    L1    2
 Number of shake restraints removed in TI region  1 :        8
 Number of shake restraints removed in TI region  2 :        9

     Sum of charges for TI region  1 =   0.00200000
     Skip neutralizing charges...


     Sum of charges for TI region  2 =   0.00100000
     Skip neutralizing charges...

| Dynamic Memory, Types Used:
| Reals              653248
| Integers           420398

| Nonbonded Pairs Initial Allocation:     3020212

| GPU memory information (estimate):
| KB of GPU memory in use:     79398
| KB of CPU memory in use:     25158

--------------------------------------------------------------------------------
   4.  RESULTS
--------------------------------------------------------------------------------

   DOF for the SC part  1 of the system:   30
   DOF for the SC part  2 of the system:   30

| TI region  1


 NSTEP =        0   TIME(PS) =       0.000  TEMP(K) =     1.49  PRESS =     0.0
 Etot   =    -29220.5618  EKtot   =        29.5235  EPtot      =    -29250.0853
 BOND   =         0.2937  ANGLE   =         0.9300  DIHED      =         4.5836
 1-4 NB =         4.1012  1-4 EEL =        18.0142  VDWAALS    =      2065.0618
 EELEC  =    -31343.0696  EHBOND  =         0.0000  RESTRAINT  =         0.0000
 EKCMT  =         0.0000  VIRIAL  =         0.0000  VOLUME     =    129573.7139
                                                    Density    =         0.7686
 DV/DL  =         5.3870
 ------------------------------------------------------------------------------

  Softcore part of the system:      10 atoms,       TEMP(K)    =           2.99
 SC_Etot=        74.3012  SC_EKtot=         0.0890  SC_EPtot   =        74.2122
 SC_BOND=         3.2830  SC_ANGLE=         6.7298  SC_DIHED   =         2.5881
 SC_14NB=         5.0290  SC_14EEL=        53.3380  SC_VDW     =        -0.3641
 SC_EEL =         3.6084
 SC_RES_DIST=     0.0000  SC_RES_ANG=       0.0000  SC_RES_TORS=         0.0000
 SC_EEL_DER=     -1.6674  SC_VDW_DER=      -0.0620  SC_DERIV   =        -1.7294
 ------------------------------------------------------------------------------


| TI region  2


 NSTEP =        0   TIME(PS) =       0.000  TEMP(K) =     1.49  PRESS =     0.0
 Etot   =    -29220.5801  EKtot   =        29.5052  EPtot      =    -29250.0853
 BOND   =         0.2937  ANGLE   =         0.9300  DIHED      =         4.5836
 1-4 NB =         4.1012  1-4 EEL =        18.0142  VDWAALS    =      2065.0618
 EELEC  =    -31343.0696  EHBOND  =         0.0000  RESTRAINT  =         0.0000
 EKCMT  =         0.0000  VIRIAL  =         0.0000  VOLUME     =    129573.7139
                                                    Density    =         0.7682
 DV/DL  =         5.3870
 ------------------------------------------------------------------------------

  Softcore part of the system:      10 atoms,       TEMP(K)    =           2.28
 SC_Etot=        18.9723  SC_EKtot=         0.0679  SC_EPtot   =        18.9045
 SC_BOND=         1.4240  SC_ANGLE=        17.2565  SC_DIHED   =         7.1415
 SC_14NB=        -0.1780  SC_14EEL=        -2.9884  SC_VDW     =        -0.1067
 SC_EEL =        -3.6444
 SC_RES_DIST=     0.0000  SC_RES_ANG=       0.0000  SC_RES_TORS=         0.0000
 SC_EEL_DER=     -1.6674  SC_VDW_DER=      -0.0620  SC_DERIV   =        -1.7294
 ------------------------------------------------------------------------------


| TI region  1


 NSTEP =      500   TIME(PS) =       0.500  TEMP(K) =   294.39  PRESS =     0.0
 Etot   =    -24297.4726  EKtot   =      5831.4338  EPtot      =    -30128.9065
 BOND   =         8.1132  ANGLE   =         4.2414  DIHED      =         2.2798
 1-4 NB =         5.0541  1-4 EEL =        17.1907  VDWAALS    =      4730.5675
 EELEC  =    -34896.3531  EHBOND  =         0.0000  RESTRAINT  =         0.0000
 EKCMT  =         0.0000  VIRIAL  =         0.0000  VOLUME     =    128646.1146
                                                    Density    =         0.7741
 DV/DL  =         5.5778
 ------------------------------------------------------------------------------

  Softcore part of the system:      10 atoms,       TEMP(K)    =         246.90
 SC_Etot=        86.3250  SC_EKtot=         7.3597  SC_EPtot   =        78.9653
 SC_BOND=         6.4696  SC_ANGLE=         9.0523  SC_DIHED   =         2.0966
 SC_14NB=         4.8502  SC_14EEL=        53.1894  SC_VDW     =        -0.3397
 SC_EEL =         3.6469
 SC_RES_DIST=     0.0000  SC_RES_ANG=       0.0000  SC_RES_TORS=         0.0000
 SC_EEL_DER=     -2.6840  SC_VDW_DER=       1.8213  SC_DERIV   =        -0.8626
 ------------------------------------------------------------------------------


| TI region  2


 NSTEP =      500   TIME(PS) =       0.500  TEMP(K) =   294.36  PRESS =     0.0
 Etot   =    -24298.1159  EKtot   =      5830.7905  EPtot      =    -30128.9065
 BOND   =         8.1132  ANGLE   =         4.2414  DIHED      =         2.2798
 1-4 NB =         5.0541  1-4 EEL =        17.1907  VDWAALS    =      4730.5675
 EELEC  =    -34896.3531  EHBOND  =         0.0000  RESTRAINT  =         0.0000
 EKCMT  =         0.0000  VIRIAL  =         0.0000  VOLUME     =    128646.1146
                                                    Density    =         0.7737
 DV/DL  =         5.5778
 ------------------------------------------------------------------------------

  Softcore part of the system:      10 atoms,       TEMP(K)    =         225.32
 SC_Etot=        29.9329  SC_EKtot=         6.7164  SC_EPtot   =        23.2165
 SC_BOND=         2.3740  SC_ANGLE=        25.3461  SC_DIHED   =         2.2619
 SC_14NB=        -0.0834  SC_14EEL=        -2.9294  SC_VDW     =         0.0439
 SC_EEL =        -3.7967
 SC_RES_DIST=     0.0000  SC_RES_ANG=       0.0000  SC_RES_TORS=         0.0000
 SC_EEL_DER=     -2.6840  SC_VDW_DER=       1.8213  SC_DERIV   =        -0.8626
 ------------------------------------------------------------------------------


| TI region  1


 NSTEP =     1000   TIME(PS) =       1.000  TEMP(K) =   303.18  PRESS =     0.0
 Etot   =    -24021.8475  EKtot   =      6005.5145  EPtot      =    -30027.3620
 BOND   =        13.6554  ANGLE   =         4.8370  DIHED      =         2.9043
 1-4 NB =         4.2224  1-4 EEL =        17.2829  VDWAALS    =      4590.2383
 EELEC  =    -34660.5022  EHBOND  =         0.0000  RESTRAINT  =         0.0000
 EKCMT  =         0.0000  VIRIAL  =         0.0000  VOLUME     =    126983.5774
                                                    Density    =         0.7842
 DV/DL  =        10.2726
 ------------------------------------------------------------------------------

  Softcore part of the system:      10 atoms,       TEMP(K)    =         339.91
 SC_Etot=        92.5439  SC_EKtot=        10.1321  SC_EPtot   =        82.4118
 SC_BOND=         7.1621  SC_ANGLE=         8.9569  SC_DIHED   =         4.9379
 SC_14NB=         5.1254  SC_14EEL=        52.9079  SC_VDW     =        -0.3364
 SC_EEL =         3.6580
 SC_RES_DIST=     0.0000  SC_RES_ANG=       0.0000  SC_RES_TORS=         0.0000
 SC_EEL_DER=     -4.4387  SC_VDW_DER=       6.9875  SC_DERIV   =         2.5488
 ------------------------------------------------------------------------------


| TI region  2


 NSTEP =     1000   TIME(PS) =       1.000  TEMP(K) =   303.24  PRESS =     0.0
 Etot   =    -24020.5869  EKtot   =      6006.7751  EPtot      =    -30027.3620
 BOND   =        13.6554  ANGLE   =         4.8370  DIHED      =         2.9043
 1-4 NB =         4.2224  1-4 EEL =        17.2829  VDWAALS    =      4590.2383
 EELEC  =    -34660.5022  EHBOND  =         0.0000  RESTRAINT  =         0.0000
 EKCMT  =         0.0000  VIRIAL  =         0.0000  VOLUME     =    126983.5774
                                                    Density    =         0.7839
 DV/DL  =        10.2726
 ------------------------------------------------------------------------------

  Softcore part of the system:      10 atoms,       TEMP(K)    =         382.20
 SC_Etot=        31.3451  SC_EKtot=        11.3927  SC_EPtot   =        19.9524
 SC_BOND=         6.0268  SC_ANGLE=        17.6048  SC_DIHED   =         2.6955
 SC_14NB=        -0.0713  SC_14EEL=        -2.6820  SC_VDW     =        -0.0845
 SC_EEL =        -3.5368
 SC_RES_DIST=     0.0000  SC_RES_ANG=       0.0000  SC_RES_TORS=         0.0000
 SC_EEL_DER=     -4.4387  SC_VDW_DER=       6.9875  SC_DERIV   =         2.5488
 ------------------------------------------------------------------------------


| TI region  1


 NSTEP =     1500   TIME(PS) =       1.500  TEMP(K) =   311.10  PRESS =     0.0
 Etot   =    -23606.9715  EKtot   =      6162.3549  EPtot      =    -29769.3264
 BOND   =         9.7326  ANGLE   =         8.2027  DIHED      =         5.5260
 1-4 NB =         3.2702  1-4 EEL =        17.6529  VDWAALS    =      4429.3521
 EELEC  =    -34243.0629  EHBOND  =         0.0000  RESTRAINT  =         0.0000
 EKCMT  =         0.0000  VIRIAL  =         0.0000  VOLUME     =    125613.4720
                                                    Density    =         0.7928
 DV/DL  =         0.6658
 ------------------------------------------------------------------------------

  Softcore part of the system:      10 atoms,       TEMP(K)    =         284.44
 SC_Etot=        92.3120  SC_EKtot=         8.4785  SC_EPtot   =        83.8335
 SC_BOND=         5.9554  SC_ANGLE=        10.4596  SC_DIHED   =         5.7246
 SC_14NB=         5.3197  SC_14EEL=        53.1044  SC_VDW     =        -0.3759
 SC_EEL =         3.6457
 SC_RES_DIST=     0.0000  SC_RES_ANG=       0.0000  SC_RES_TORS=         0.0000
 SC_EEL_DER=     -2.4024  SC_VDW_DER=      -1.3335  SC_DERIV   =        -3.7359
 ------------------------------------------------------------------------------


| TI region  2


 NSTEP =     1500   TIME(PS) =       1.500  TEMP(K) =   311.35  PRESS =     0.0
 Etot   =    -23601.9297  EKtot   =      6167.3967  EPtot      =    -29769.3264
 BOND   =         9.7326  ANGLE   =         8.2027  DIHED      =         5.5260
 1-4 NB =         3.2702  1-4 EEL =        17.6529  VDWAALS    =      4429.3521
 EELEC  =    -34243.0629  EHBOND  =         0.0000  RESTRAINT  =         0.0000
 EKCMT  =         0.0000  VIRIAL  =         0.0000  VOLUME     =    125613.4720
                                                    Density    =         0.7924
 DV/DL  =         0.6658
 ------------------------------------------------------------------------------

  Softcore part of the system:      10 atoms,       TEMP(K)    =         453.58
 SC_Etot=        32.7034  SC_EKtot=        13.5203  SC_EPtot   =        19.1831
 SC_BOND=         5.2067  SC_ANGLE=        16.4149  SC_DIHED   =         4.1027
 SC_14NB=        -0.0933  SC_14EEL=        -2.7622  SC_VDW     =        -0.0951
 SC_EEL =        -3.5906
 SC_RES_DIST=     0.0000  SC_RES_ANG=       0.0000  SC_RES_TORS=         0.0000
 SC_EEL_DER=     -2.4024  SC_VDW_DER=      -1.3335  SC_DERIV   =        -3.7359
 ------------------------------------------------------------------------------


| TI region  1


 NSTEP =     2000   TIME(PS) =       2.000  TEMP(K) =   310.13  PRESS =     0.0
 Etot   =    -23704.0060  EKtot   =      6143.1685  EPtot      =    -29847.1745
 BOND   =         6.9420  ANGLE   =         5.6288  DIHED      =         2.8971
 1-4 NB =         5.7534  1-4 EEL =        18.0348  VDWAALS    =      4481.5698
 EELEC  =    -34368.0004  EHBOND  =         0.0000  RESTRAINT  =         0.0000
 EKCMT  =         0.0000  VIRIAL  =         0.0000  VOLUME     =    124531.8217
                                                    Density    =         0.7997
 DV/DL  =         9.3596
 ------------------------------------------------------------------------------

  Softcore part of the system:      10 atoms,       TEMP(K)    =         187.56
 SC_Etot=        89.9453  SC_EKtot=         5.5908  SC_EPtot   =        84.3545
 SC_BOND=         4.5657  SC_ANGLE=        13.0345  SC_DIHED   =         5.1248
 SC_14NB=         5.2802  SC_14EEL=        53.0718  SC_VDW     =        -0.3486
 SC_EEL =         3.6261
 SC_RES_DIST=     0.0000  SC_RES_ANG=       0.0000  SC_RES_TORS=         0.0000
 SC_EEL_DER=     -0.0697  SC_VDW_DER=      -0.3876  SC_DERIV   =        -0.4573
 ------------------------------------------------------------------------------


| TI region  2


 NSTEP =     2000   TIME(PS) =       2.000  TEMP(K) =   310.32  PRESS =     0.0
 Etot   =    -23700.1686  EKtot   =      6147.0059  EPtot      =    -29847.1745
 BOND   =         6.9420  ANGLE   =         5.6288  DIHED      =         2.8971
 1-4 NB =         5.7534  1-4 EEL =        18.0348  VDWAALS    =      4481.5698
 EELEC  =    -34368.0004  EHBOND  =         0.0000  RESTRAINT  =         0.0000
 EKCMT  =         0.0000  VIRIAL  =         0.0000  VOLUME     =    124531.8217
                                                    Density    =         0.7993
 DV/DL  =         9.3596
 ------------------------------------------------------------------------------

  Softcore part of the system:      10 atoms,       TEMP(K)    =         316.30
 SC_Etot=        28.9661  SC_EKtot=         9.4281  SC_EPtot   =        19.5379
 SC_BOND=         5.4518  SC_ANGLE=        17.4697  SC_DIHED   =         3.9206
 SC_14NB=        -0.0021  SC_14EEL=        -3.1544  SC_VDW     =        -0.0742
 SC_EEL =        -4.0735
 SC_RES_DIST=     0.0000  SC_RES_ANG=       0.0000  SC_RES_TORS=         0.0000
 SC_EEL_DER=     -0.0697  SC_VDW_DER=      -0.3876  SC_DERIV   =        -0.4573
 ------------------------------------------------------------------------------


| TI region  1


 NSTEP =     2500   TIME(PS) =       2.500  TEMP(K) =   309.06  PRESS =     0.0
 Etot   =    -23730.8611  EKtot   =      6122.0448  EPtot      =    -29852.9059
 BOND   =         5.1309  ANGLE   =         6.3218  DIHED      =         3.0846
 1-4 NB =         4.3748  1-4 EEL =        16.9185  VDWAALS    =      4541.0461
 EELEC  =    -34429.7826  EHBOND  =         0.0000  RESTRAINT  =         0.0000
 EKCMT  =         0.0000  VIRIAL  =         0.0000  VOLUME     =    123285.0621
                                                    Density    =         0.8078
 DV/DL  =         8.8372
 ------------------------------------------------------------------------------

  Softcore part of the system:      10 atoms,       TEMP(K)    =         326.10
 SC_Etot=        90.8318  SC_EKtot=         9.7205  SC_EPtot   =        81.1113
 SC_BOND=         6.5207  SC_ANGLE=         8.9615  SC_DIHED   =         4.5209
 SC_14NB=         5.1659  SC_14EEL=        52.6877  SC_VDW     =        -0.3505
 SC_EEL =         3.6052
 SC_RES_DIST=     0.0000  SC_RES_ANG=       0.0000  SC_RES_TORS=         0.0000
 SC_EEL_DER=     -0.8997  SC_VDW_DER=       2.5992  SC_DERIV   =         1.6996
 ------------------------------------------------------------------------------


| TI region  2


 NSTEP =     2500   TIME(PS) =       2.500  TEMP(K) =   308.90  PRESS =     0.0
 Etot   =    -23734.0897  EKtot   =      6118.8162  EPtot      =    -29852.9059
 BOND   =         5.1309  ANGLE   =         6.3218  DIHED      =         3.0846
 1-4 NB =         4.3748  1-4 EEL =        16.9185  VDWAALS    =      4541.0461
 EELEC  =    -34429.7826  EHBOND  =         0.0000  RESTRAINT  =         0.0000
 EKCMT  =         0.0000  VIRIAL  =         0.0000  VOLUME     =    123285.0621
                                                    Density    =         0.8074
 DV/DL  =         8.8372
 ------------------------------------------------------------------------------

  Softcore part of the system:      10 atoms,       TEMP(K)    =         217.79
 SC_Etot=        26.4938  SC_EKtot=         6.4918  SC_EPtot   =        20.0020
 SC_BOND=         4.4743  SC_ANGLE=        19.7988  SC_DIHED   =         2.4188
 SC_14NB=         0.0097  SC_14EEL=        -2.6590  SC_VDW     =        -0.0076
 SC_EEL =        -4.0331
 SC_RES_DIST=     0.0000  SC_RES_ANG=       0.0000  SC_RES_TORS=         0.0000
 SC_EEL_DER=     -0.8997  SC_VDW_DER=       2.5992  SC_DERIV   =         1.6996
 ------------------------------------------------------------------------------


| TI region  1


 NSTEP =     3000   TIME(PS) =       3.000  TEMP(K) =   312.04  PRESS =     0.0
 Etot   =    -23806.4401  EKtot   =      6180.9958  EPtot      =    -29987.4359
 BOND   =         8.6810  ANGLE   =         4.3977  DIHED      =         4.9671
 1-4 NB =         4.0760  1-4 EEL =        17.0832  VDWAALS    =      4219.2213
 EELEC  =    -34245.8623  EHBOND  =         0.0000  RESTRAINT  =         0.0000
 EKCMT  =         0.0000  VIRIAL  =         0.0000  VOLUME     =    123235.8819
                                                    Density    =         0.8081
 DV/DL  =         2.9120
 ------------------------------------------------------------------------------

  Softcore part of the system:      10 atoms,       TEMP(K)    =         326.46
 SC_Etot=        94.2661  SC_EKtot=         9.7311  SC_EPtot   =        84.5349
 SC_BOND=         3.9325  SC_ANGLE=        12.2269  SC_DIHED   =         5.7596
 SC_14NB=         5.9360  SC_14EEL=        53.3895  SC_VDW     =        -0.3645
 SC_EEL =         3.6550
 SC_RES_DIST=     0.0000  SC_RES_ANG=       0.0000  SC_RES_TORS=         0.0000
 SC_EEL_DER=     -1.8980  SC_VDW_DER=      -0.4386  SC_DERIV   =        -2.3366
 ------------------------------------------------------------------------------


| TI region  2


 NSTEP =     3000   TIME(PS) =       3.000  TEMP(K) =   311.87  PRESS =     0.0
 Etot   =    -23809.7231  EKtot   =      6177.7128  EPtot      =    -29987.4359
 BOND   =         8.6810  ANGLE   =         4.3977  DIHED      =         4.9671
 1-4 NB =         4.0760  1-4 EEL =        17.0832  VDWAALS    =      4219.2213
 EELEC  =    -34245.8623  EHBOND  =         0.0000  RESTRAINT  =         0.0000
 EKCMT  =         0.0000  VIRIAL  =         0.0000  VOLUME     =    123235.8819
                                                    Density    =         0.8077
 DV/DL  =         2.9120
 ------------------------------------------------------------------------------

  Softcore part of the system:      10 atoms,       TEMP(K)    =         216.32
 SC_Etot=        22.8334  SC_EKtot=         6.4481  SC_EPtot   =        16.3852
 SC_BOND=         2.6045  SC_ANGLE=        18.0367  SC_DIHED   =         2.7605
 SC_14NB=        -0.0002  SC_14EEL=        -2.9644  SC_VDW     =        -0.0187
 SC_EEL =        -4.0332
 SC_RES_DIST=     0.0000  SC_RES_ANG=       0.0000  SC_RES_TORS=         0.0000
 SC_EEL_DER=     -1.8980  SC_VDW_DER=      -0.4386  SC_DERIV   =        -2.3366
 ------------------------------------------------------------------------------


| TI region  1


 NSTEP =     3500   TIME(PS) =       3.500  TEMP(K) =   310.64  PRESS =     0.0
 Etot   =    -23960.2539  EKtot   =      6153.2087  EPtot      =    -30113.4626
 BOND   =         5.1098  ANGLE   =         5.6472  DIHED      =         6.5568
 1-4 NB =         5.2087  1-4 EEL =        17.4525  VDWAALS    =      4455.9800
 EELEC  =    -34609.4177  EHBOND  =         0.0000  RESTRAINT  =         0.0000
 EKCMT  =         0.0000  VIRIAL  =         0.0000  VOLUME     =    122103.5001
                                                    Density    =         0.8156
 DV/DL  =        -0.4638
 ------------------------------------------------------------------------------

  Softcore part of the system:      10 atoms,       TEMP(K)    =         349.89
 SC_Etot=        96.1221  SC_EKtot=        10.4294  SC_EPtot   =        85.6927
 SC_BOND=        11.3985  SC_ANGLE=         5.9886  SC_DIHED   =         4.8732
 SC_14NB=         6.3978  SC_14EEL=        53.8255  SC_VDW     =        -0.3812
 SC_EEL =         3.5902
 SC_RES_DIST=     0.0000  SC_RES_ANG=       0.0000  SC_RES_TORS=         0.0000
 SC_EEL_DER=     -4.8316  SC_VDW_DER=      -0.1404  SC_DERIV   =        -4.9720
 ------------------------------------------------------------------------------


| TI region  2


 NSTEP =     3500   TIME(PS) =       3.500  TEMP(K) =   310.62  PRESS =     0.0
 Etot   =    -23960.6719  EKtot   =      6152.7907  EPtot      =    -30113.4626
 BOND   =         5.1098  ANGLE   =         5.6472  DIHED      =         6.5568
 1-4 NB =         5.2087  1-4 EEL =        17.4525  VDWAALS    =      4455.9800
 EELEC  =    -34609.4177  EHBOND  =         0.0000  RESTRAINT  =         0.0000
 EKCMT  =         0.0000  VIRIAL  =         0.0000  VOLUME     =    122103.5001
                                                    Density    =         0.8152
 DV/DL  =        -0.4638
 ------------------------------------------------------------------------------

  Softcore part of the system:      10 atoms,       TEMP(K)    =         335.86
 SC_Etot=        28.1037  SC_EKtot=        10.0114  SC_EPtot   =        18.0923
 SC_BOND=         3.2373  SC_ANGLE=        20.2470  SC_DIHED   =         1.6641
 SC_14NB=        -0.1291  SC_14EEL=        -2.9504  SC_VDW     =        -0.1048
 SC_EEL =        -3.8718
 SC_RES_DIST=     0.0000  SC_RES_ANG=       0.0000  SC_RES_TORS=         0.0000
 SC_EEL_DER=     -4.8316  SC_VDW_DER=      -0.1404  SC_DERIV   =        -4.9720
 ------------------------------------------------------------------------------


| TI region  1


 NSTEP =     4000   TIME(PS) =       4.000  TEMP(K) =   311.59  PRESS =     0.0
 Etot   =    -24188.7360  EKtot   =      6171.9847  EPtot      =    -30360.7208
 BOND   =         4.4229  ANGLE   =         3.1010  DIHED      =         4.4743
 1-4 NB =         5.2344  1-4 EEL =        17.5371  VDWAALS    =      4404.7829
 EELEC  =    -34800.2734  EHBOND  =         0.0000  RESTRAINT  =         0.0000
 EKCMT  =         0.0000  VIRIAL  =         0.0000  VOLUME     =    119386.5275
                                                    Density    =         0.8341
 DV/DL  =         1.0926
 ------------------------------------------------------------------------------

  Softcore part of the system:      10 atoms,       TEMP(K)    =         284.51
 SC_Etot=        90.3388  SC_EKtot=         8.4806  SC_EPtot   =        81.8582
 SC_BOND=         2.9566  SC_ANGLE=         9.6855  SC_DIHED   =         7.7903
 SC_14NB=         4.6689  SC_14EEL=        53.5181  SC_VDW     =        -0.3574
 SC_EEL =         3.5962
 SC_RES_DIST=     0.0000  SC_RES_ANG=       0.0000  SC_RES_TORS=         0.0000
 SC_EEL_DER=     -3.6722  SC_VDW_DER=       0.6504  SC_DERIV   =        -3.0219
 ------------------------------------------------------------------------------


| TI region  2


 NSTEP =     4000   TIME(PS) =       4.000  TEMP(K) =   311.56  PRESS =     0.0
 Etot   =    -24189.3063  EKtot   =      6171.4145  EPtot      =    -30360.7208
 BOND   =         4.4229  ANGLE   =         3.1010  DIHED      =         4.4743
 1-4 NB =         5.2344  1-4 EEL =        17.5371  VDWAALS    =      4404.7829
 EELEC  =    -34800.2734  EHBOND  =         0.0000  RESTRAINT  =         0.0000
 EKCMT  =         0.0000  VIRIAL  =         0.0000  VOLUME     =    119386.5275
                                                    Density    =         0.8337
 DV/DL  =         1.0926
 ------------------------------------------------------------------------------

  Softcore part of the system:      10 atoms,       TEMP(K)    =         265.37
 SC_Etot=        28.5609  SC_EKtot=         7.9103  SC_EPtot   =        20.6506
 SC_BOND=         5.3833  SC_ANGLE=        16.4596  SC_DIHED   =         5.0859
 SC_14NB=         0.1096  SC_14EEL=        -2.3146  SC_VDW     =        -0.0685
 SC_EEL =        -4.0046
 SC_RES_DIST=     0.0000  SC_RES_ANG=       0.0000  SC_RES_TORS=         0.0000
 SC_EEL_DER=     -3.6722  SC_VDW_DER=       0.6504  SC_DERIV   =        -3.0219
 ------------------------------------------------------------------------------


| TI region  1


 NSTEP =     4500   TIME(PS) =       4.500  TEMP(K) =   309.73  PRESS =     0.0
 Etot   =    -24143.6520  EKtot   =      6135.2928  EPtot      =    -30278.9448
 BOND   =         3.7093  ANGLE   =         4.8767  DIHED      =         1.9063
 1-4 NB =         5.2799  1-4 EEL =        17.3704  VDWAALS    =      4817.7304
 EELEC  =    -35129.8178  EHBOND  =         0.0000  RESTRAINT  =         0.0000
 EKCMT  =         0.0000  VIRIAL  =         0.0000  VOLUME     =    117872.8814
                                                    Density    =         0.8448
 DV/DL  =         6.1155
 ------------------------------------------------------------------------------

  Softcore part of the system:      10 atoms,       TEMP(K)    =         462.45
 SC_Etot=        91.8587  SC_EKtot=        13.7846  SC_EPtot   =        78.0741
 SC_BOND=         5.9186  SC_ANGLE=         6.7922  SC_DIHED   =         4.3270
 SC_14NB=         4.8533  SC_14EEL=        52.8627  SC_VDW     =        -0.3407
 SC_EEL =         3.6611
 SC_RES_DIST=     0.0000  SC_RES_ANG=       0.0000  SC_RES_TORS=         0.0000
 SC_EEL_DER=     -2.7183  SC_VDW_DER=       0.9324  SC_DERIV   =        -1.7859
 ------------------------------------------------------------------------------


| TI region  2


 NSTEP =     4500   TIME(PS) =       4.500  TEMP(K) =   309.60  PRESS =     0.0
 Etot   =    -24146.2886  EKtot   =      6132.6562  EPtot      =    -30278.9448
 BOND   =         3.7093  ANGLE   =         4.8767  DIHED      =         1.9063
 1-4 NB =         5.2799  1-4 EEL =        17.3704  VDWAALS    =      4817.7304
 EELEC  =    -35129.8178  EHBOND  =         0.0000  RESTRAINT  =         0.0000
 EKCMT  =         0.0000  VIRIAL  =         0.0000  VOLUME     =    117872.8814
                                                    Density    =         0.8444
 DV/DL  =         6.1155
 ------------------------------------------------------------------------------

  Softcore part of the system:      10 atoms,       TEMP(K)    =         374.00
 SC_Etot=        34.0861  SC_EKtot=        11.1480  SC_EPtot   =        22.9381
 SC_BOND=         5.3487  SC_ANGLE=        19.6228  SC_DIHED   =         4.4002
 SC_14NB=        -0.0735  SC_14EEL=        -2.7109  SC_VDW     =        -0.0481
 SC_EEL =        -3.6010
 SC_RES_DIST=     0.0000  SC_RES_ANG=       0.0000  SC_RES_TORS=         0.0000
 SC_EEL_DER=     -2.7183  SC_VDW_DER=       0.9324  SC_DERIV   =        -1.7859
 ------------------------------------------------------------------------------


| TI region  1


 NSTEP =     5000   TIME(PS) =       5.000  TEMP(K) =   309.71  PRESS =     0.0
 Etot   =    -24457.5503  EKtot   =      6134.7449  EPtot      =    -30592.2952
 BOND   =         4.1168  ANGLE   =         6.5795  DIHED      =         3.7627
 1-4 NB =         3.9891  1-4 EEL =        17.3051  VDWAALS    =      4815.4051
 EELEC  =    -35443.4535  EHBOND  =         0.0000  RESTRAINT  =         0.0000
 EKCMT  =         0.0000  VIRIAL  =         0.0000  VOLUME     =    115787.2061
                                                    Density    =         0.8601
 DV/DL  =        -2.7313
 ------------------------------------------------------------------------------

  Softcore part of the system:      10 atoms,       TEMP(K)    =         203.72
 SC_Etot=        85.4011  SC_EKtot=         6.0725  SC_EPtot   =        79.3285
 SC_BOND=         5.7378  SC_ANGLE=         6.2671  SC_DIHED   =         3.9889
 SC_14NB=         6.0760  SC_14EEL=        53.9998  SC_VDW     =        -0.3702
 SC_EEL =         3.6292
 SC_RES_DIST=     0.0000  SC_RES_ANG=       0.0000  SC_RES_TORS=         0.0000
 SC_EEL_DER=     -4.2068  SC_VDW_DER=      -1.7467  SC_DERIV   =        -5.9535
 ------------------------------------------------------------------------------


| TI region  2


 NSTEP =     5000   TIME(PS) =       5.000  TEMP(K) =   309.78  PRESS =     0.0
 Etot   =    -24456.1123  EKtot   =      6136.1829  EPtot      =    -30592.2952
 BOND   =         4.1168  ANGLE   =         6.5795  DIHED      =         3.7627
 1-4 NB =         3.9891  1-4 EEL =        17.3051  VDWAALS    =      4815.4051
 EELEC  =    -35443.4535  EHBOND  =         0.0000  RESTRAINT  =         0.0000
 EKCMT  =         0.0000  VIRIAL  =         0.0000  VOLUME     =    115787.2061
                                                    Density    =         0.8596
 DV/DL  =        -2.7313
 ------------------------------------------------------------------------------

  Softcore part of the system:      10 atoms,       TEMP(K)    =         251.97
 SC_Etot=        28.4044  SC_EKtot=         7.5106  SC_EPtot   =        20.8938
 SC_BOND=         5.6220  SC_ANGLE=        19.7583  SC_DIHED   =         2.1526
 SC_14NB=        -0.0636  SC_14EEL=        -2.9827  SC_VDW     =        -0.0789
 SC_EEL =        -3.5139
 SC_RES_DIST=     0.0000  SC_RES_ANG=       0.0000  SC_RES_TORS=         0.0000
 SC_EEL_DER=     -4.2068  SC_VDW_DER=      -1.7467  SC_DERIV   =        -5.9535
 ------------------------------------------------------------------------------


| TI region  1


      A V E R A G E S   O V E R      10 S T E P S


 NSTEP =     5000   TIME(PS) =       5.000  TEMP(K) =   308.16  PRESS =     0.0
 Etot   =    -23991.7791  EKtot   =      6104.0743  EPtot      =    -30095.8534
 BOND   =         6.9614  ANGLE   =         5.3834  DIHED      =         3.8359
 1-4 NB =         4.6463  1-4 EEL =        17.3828  VDWAALS    =      4548.5894
 EELEC  =    -34682.6526  EHBOND  =         0.0000  RESTRAINT  =         0.0000
 EKCMT  =         0.0000  VIRIAL  =         0.0000  VOLUME     =    122744.6045
                                                    Density    =         0.8121
 DV/DL  =         4.1638
 ------------------------------------------------------------------------------

  Softcore part of the system:      10 atoms,       TEMP(K)    =         301.19
 SC_Etot=        90.9945  SC_EKtot=         8.9780  SC_EPtot   =        82.0165
 SC_BOND=         6.0618  SC_ANGLE=         9.1425  SC_DIHED   =         4.9144
 SC_14NB=         5.3673  SC_14EEL=        53.2557  SC_VDW     =        -0.3565
 SC_EEL =         3.6314
 SC_RES_DIST=     0.0000  SC_RES_ANG=       0.0000  SC_RES_TORS=         0.0000
 SC_EEL_DER=     -2.7821  SC_VDW_DER=       0.8944  SC_DERIV   =        -1.8877
 ------------------------------------------------------------------------------


      R M S  F L U C T U A T I O N S


 NSTEP =     5000   TIME(PS) =       5.000  TEMP(K) =     5.15  PRESS =     0.0
 Etot   =       265.9823  EKtot   =       102.0554  EPtot      =       244.0214
 BOND   =         2.9777  ANGLE   =         1.3576  DIHED      =         1.4287
 1-4 NB =         0.7321  1-4 EEL =         0.2975  VDWAALS    =       183.0258
 EELEC  =       372.9753  EHBOND  =         0.0000  RESTRAINT  =         0.0000
 EKCMT  =         0.0000  VIRIAL  =         0.0000  VOLUME     =      3854.6269
                                                    Density    =         0.0258
 DV/DL  =         4.2913
 ------------------------------------------------------------------------------

  Softcore part of the system:      10 atoms,       TEMP(K)    =          75.53
 SC_Etot=         3.1069  SC_EKtot=         2.2515  SC_EPtot   =         2.4840
 SC_BOND=         2.1591  SC_ANGLE=         2.2473  SC_DIHED   =         1.3778
 SC_14NB=         0.5492  SC_14EEL=         0.4030  SC_VDW     =         0.0151
 SC_EEL =         0.0250
 SC_RES_DIST=     0.0000  SC_RES_ANG=       0.0000  SC_RES_TORS=         0.0000
 SC_EEL_DER=      1.4699  SC_VDW_DER=       2.3955  SC_DERIV   =         2.5808
 ------------------------------------------------------------------------------


| TI region  2


      A V E R A G E S   O V E R      10 S T E P S


 NSTEP =     5000   TIME(PS) =       5.000  TEMP(K) =   308.16  PRESS =     0.0
 Etot   =    -23991.6993  EKtot   =      6104.1541  EPtot      =    -30095.8534
 BOND   =         6.9614  ANGLE   =         5.3834  DIHED      =         3.8359
 1-4 NB =         4.6463  1-4 EEL =        17.3828  VDWAALS    =      4548.5894
 EELEC  =    -34682.6526  EHBOND  =         0.0000  RESTRAINT  =         0.0000
 EKCMT  =         0.0000  VIRIAL  =         0.0000  VOLUME     =    122744.6045
                                                    Density    =         0.8117
 DV/DL  =         4.1638
 ------------------------------------------------------------------------------

  Softcore part of the system:      10 atoms,       TEMP(K)    =         303.87
 SC_Etot=        29.1430  SC_EKtot=         9.0578  SC_EPtot   =        20.0852
 SC_BOND=         4.5730  SC_ANGLE=        19.0759  SC_DIHED   =         3.1463
 SC_14NB=        -0.0397  SC_14EEL=        -2.8110  SC_VDW     =        -0.0537
 SC_EEL =        -3.8055
 SC_RES_DIST=     0.0000  SC_RES_ANG=       0.0000  SC_RES_TORS=         0.0000
 SC_EEL_DER=     -2.7821  SC_VDW_DER=       0.8944  SC_DERIV   =        -1.8877
 ------------------------------------------------------------------------------


      R M S  F L U C T U A T I O N S


 NSTEP =     5000   TIME(PS) =       5.000  TEMP(K) =     5.16  PRESS =     0.0
 Etot   =       266.5901  EKtot   =       102.1762  EPtot      =       244.0214
 BOND   =         2.9777  ANGLE   =         1.3576  DIHED      =         1.4287
 1-4 NB =         0.7321  1-4 EEL =         0.2975  VDWAALS    =       183.0258
 EELEC  =       372.9753  EHBOND  =         0.0000  RESTRAINT  =         0.0000
 EKCMT  =         0.0000  VIRIAL  =         0.0000  VOLUME     =      3854.6269
                                                    Density    =         0.0258
 DV/DL  =         4.2913
 ------------------------------------------------------------------------------

  Softcore part of the system:      10 atoms,       TEMP(K)    =          77.50
 SC_Etot=         3.0234  SC_EKtot=         2.3102  SC_EPtot   =         1.9421
 SC_BOND=         1.2708  SC_ANGLE=         2.4844  SC_DIHED   =         1.0815
 SC_14NB=         0.0657  SC_14EEL=         0.2242  SC_VDW     =         0.0441
 SC_EEL =         0.2156
 SC_RES_DIST=     0.0000  SC_RES_ANG=       0.0000  SC_RES_TORS=         0.0000
 SC_EEL_DER=      1.4699  SC_VDW_DER=       2.3955  SC_DERIV   =         2.5808
 ------------------------------------------------------------------------------


      DV/DL, AVERAGES OVER      10 STEPS


 NSTEP =     5000   TIME(PS) =       5.000  TEMP(K) =     5.16  PRESS =     0.0
 Etot   =         0.0000  EKtot   =         0.0000  EPtot      =         0.0000
 BOND   =         0.0000  ANGLE   =         0.0000  DIHED      =        -0.0007
 1-4 NB =        -0.4742  1-4 EEL =        17.0613  VDWAALS    =         1.4934
 EELEC  =       -12.0283  EHBOND  =         0.0000  RESTRAINT  =         0.0000
 EKCMT  =         0.0000  VIRIAL  =         0.0000  VOLUME     =         0.0000
                                                    Density    =         0.0000
 ------------------------------------------------------------------------------

| MC Barostat:         50 volume changes attempted.
| MC Barostat:         23 changes successful ( 46.00%)
 ------------------------------------------------------------------------------

--------------------------------------------------------------------------------
   5.  TIMINGS
--------------------------------------------------------------------------------

|  NonSetup CPU Time in Major Routines:
|
|     Routine           Sec        %
|     ------------------------------
|     Nonbond           0.78   32.64
|     Bond              0.00    0.00
|     Angle             0.00    0.00
|     Dihedral          0.00    0.00
|     Shake             0.02    0.91
|     RunMD             1.54   64.77
|     Other             0.04    1.68
|     ------------------------------
|     Total             2.38

|  PME Nonbond Pairlist CPU Time:
|
|     Routine              Sec        %
|     ---------------------------------
|     Set Up Cit           0.00    0.00
|     Build List           0.00    0.00
|     ---------------------------------
|     Total                0.00    0.00

|  PME Direct Force CPU Time:
|
|     Routine              Sec        %
|     ---------------------------------
|     NonBonded Calc       0.00    0.00
|     Exclude Masked       0.00    0.00
|     Other                0.01    0.32
|     ---------------------------------
|     Total                0.01    0.32

|  PME Reciprocal Force CPU Time:
|
|     Routine              Sec        %
|     ---------------------------------
|     1D bspline           0.00    0.00
|     Grid Charges         0.00    0.00
|     Scalar Sum           0.00    0.00
|     Gradient Sum         0.00    0.00
|     FFT                  0.00    0.00
|     ---------------------------------
|     Total                0.00    0.00

|  Final Performance Info:
|     -----------------------------------------------------
|     Average timings for last    5000 steps:
|     Elapsed(s) =       2.40 Per Step(ms) =       0.48
|         ns/day =     180.05   seconds/ns =     479.88
|
|     Average timings for all steps:
|     Elapsed(s) =       2.40 Per Step(ms) =       0.48
|         ns/day =     180.05   seconds/ns =     479.88
|     -----------------------------------------------------

|  Setup CPU time:            1.03 seconds
|  NonSetup CPU time:         2.38 seconds
|  Total CPU time:            3.41 seconds     0.00 hours

|  Setup wall time:           1    seconds
|  NonSetup wall time:        2    seconds
|  Total wall time:           3    seconds     0.00 hours
