
          -------------------------------------------------------
          Amber 20 PMEMD                              2020
          -------------------------------------------------------

| PMEMD implementation of SANDER, Release 18

|  Compiled date/time: Mon Apr 27 18:19:54 2020
| Run on 01/25/2022 at 16:28:43

|   Executable path: /cm/shared/apps/amber20/bin/pmemd.cuda
| Working directory: /data/bella/piezo/charmm-gui-4149384590/TI/1-dooku/ligand/concerted/t02/0.2063
|          Hostname: node001

  [-O]verwriting output

File Assignments:
|   MDIN: ti001.eq.in                                                           
|  MDOUT: ti001.eq.out                                                          
| INPCRD: ti001.min.rst7                                                        
|   PARM: ../concerted.parm7                                                    
| RESTRT: ti001.eq.rst7                                                         
|   REFC: refc                                                                  
|  MDVEL: mdvel                                                                 
|   MDEN: ti001.eq.en                                                           
|  MDCRD: ti001.eq.nc                                                           
| MDINFO: ti001.eq.info                                                         
|  MDFRC: mdfrc                                                                 


 Here is the input file:

Heating                                                                        
 &cntrl                                                                        
                                                                               
! simulation                                                                   
imin = 0,                 ! flag to run minization (0=false)                   
ntmin = 2,                ! mini algorithm. 2=steepest                         
nstlim = 5000,            ! number of MD steps                                 
irest = 0,                ! flag to restart simulation                         
ntx = 1,                  ! option to read from inpcrd file                    
ntxo = 1,                 ! read/write rst as formatted file                   
dt = 0.001,               ! timestep (1fs)                                     
ntb = 2,              ! specify PBC type                                       
                                                                               
! thermostate                                                                  
ntt = 3,                  ! switch for time scaling (3=Langevin)               
tempi = 1.0,                                                                   
temp0 = 310,            ! reference temperature (if ntt>0)                     
gamma_ln = 5.0,           ! collision frequency for ntt=3                      
ig = -1,                  ! seed for Random Number Generator (RNG) (use -1 with
! barostate                                                                    
ntp = 1,                  ! constant pressure dynamics (1=do scaling)          
barostat = 2,             ! barostat to use (2=Monte Carlo)                    
mcbarint = 100,           ! volume change attempt every n steps                
pres0 = 1.01325,          ! referenve pressure (in bars)                       
taup = 2.0,               ! pressure relation time (in ps)                     
                                                                               
! output                                                                       
ioutfm = 1,               ! film fromat (1=binary NetCDF)                      
iwrap = 0,                ! wrap coordination into primary box (1=do)          
ntwe = 1000,              ! write to .mden every n steps                       
ntwx = 1000,              ! write to .mdcrd every n steps                      
ntpr = 500,               ! write energies to .mdout/.mdinfo every n steps     
ntwr = 1000,              ! write rstrt file every n steps                     
                                                                               
! alchemical free energy                                                       
cut = 10.0                                                                     
ntc = 2,                  ! SHAKE bond length constraints (2=H-atom)           
ntf = 1,                  ! force evaluation (1=evalute all)                   
noshakemask = ':L0, L1',     ! remove SHAKE from perturbed regions             
                                                                               
icfe = 1,                 ! turn on free energy calculation                    
ifsc = 1,                 ! use softcore parameters (0=undo)                   
clambda = 0.2063,           ! current lambda                                   
timask1 = ':L0',           ! specify atoms unique to V_0                       
timask2 = ':L1',           ! specify atoms unique to V_1                       
scmask1 = ':L0@S2, C10, C11, H6, N3, C12, H7, C13, H8, N4',                    
                      ! specify the unique atoms for V0                        
scmask2 = ':L1@O, C11, C10, H11, C12, H13, C13, H14, N3, H12',                 
                      ! specify the unique atoms for V1                        
vlimit = 20                                                                    
 /                                                                             
 &ewald                                                                        
 /                                                                             
                                                                               
&wt type='TEMP0', istep1=1, istep2=5000, value1=1.0, value2=300 &end           
&wt type='END' &end                                                            


Note: ig = -1. Setting random seed to   500305 based on wallclock time in 
      microseconds.
| irandom = 1, using AMBER's internal random number generator (default).
 
|--------------------- INFORMATION ----------------------
| GPU (CUDA) Version of PMEMD in use: NVIDIA GPU IN USE.
|                    Version 18.0.0
| 
|                      03/25/2018
| 
| Implementation by:
|                    Ross C. Walker     (SDSC)
|                    Scott Le Grand     (nVIDIA)
| 
| Version 18 performance extensions by:
|                    David Cerutti     (Rutgers)
| 
| Precision model in use:
|      [SPFP] - Single Precision Forces, 64-bit Fixed Point
|               Accumulation. (Default)
| 
|--------------------------------------------------------
 
|----------------- CITATION INFORMATION -----------------
|
|    When publishing work that utilized the CUDA version
|    of AMBER, please cite the following in addition to
|    the regular AMBER citations:
|
|  - Romelia Salomon-Ferrer; Andreas W. Goetz; Duncan
|    Poole; Scott Le Grand; Ross C. Walker "Routine
|    microsecond molecular dynamics simulations with
|    AMBER - Part II: Particle Mesh Ewald", J. Chem.
|    Theory Comput., 2013, 9 (9), pp3878-3888,
|    DOI: 10.1021/ct400314y.
|
|  - Andreas W. Goetz; Mark J. Williamson; Dong Xu;
|    Duncan Poole; Scott Le Grand; Ross C. Walker
|    "Routine microsecond molecular dynamics simulations
|    with AMBER - Part I: Generalized Born", J. Chem.
|    Theory Comput., 2012, 8 (5), pp1542-1555.
|
|  - Scott Le Grand; Andreas W. Goetz; Ross C. Walker
|    "SPFP: Speed without compromise - a mixed precision
|    model for GPU accelerated molecular dynamics
|    simulations.", Comp. Phys. Comm., 2013, 184
|    pp374-380, DOI: 10.1016/j.cpc.2012.09.022
|
|    When publishing work that utilized the CUDA version
|    of TI, BAR, MBAR or FEP please cite the following 
|    publications in addition to the regular AMBER 
|    GPU citations:
|
|  - Daniel J. Mermelstein; Charles Lin; Gard Nelson; 
|    Rachael Kretsch; J. Andrew McCammon; Ross C. Walker
|    "Fast and Flexible GPU Accelerated Binding 
|    Free Energy Calculations within the AMBER Molecular
|    Dynamics Package" J. Comp. Chem., 2018,
|    DOI: 10.1002/jcc.25187
|
|  - Tai-Sung Lee; Yuan Hu; Brad Sherborne; Zhuyan Guo;
|    Darrin M. York
|    "Toward Fast and Accurate Binding Affinity Prediction with
|    pmemdGTI: An Efficient Implementation of GPU-Accelerated
|    Thermodynamic Integration"
|    J. Chem. Theory Comput., 2017, 13 (7), 3077
|
|
|--------------------------------------------------------
 
|------------------- GPU DEVICE INFO --------------------
|
|            CUDA_VISIBLE_DEVICES: 4
|   CUDA Capable Devices Detected:      1
|           CUDA Device ID in use:      0
|                CUDA Device Name: GeForce RTX 2080 Ti
|     CUDA Device Global Mem Size:  11019 MB
| CUDA Device Num Multiprocessors:     68
|           CUDA Device Core Freq:   1.54 GHz
|
|--------------------------------------------------------
 
 
| Conditional Compilation Defines Used:
| PUBFFT
| BINTRAJ
| CUDA
| EMIL

| Largest sphere to fit in unit cell has radius =    25.062

| New format PARM file being parsed.
| Version =    1.000 Date = 01/24/22 Time = 21:43:14

| Note: 1-4 EEL scale factors are being read from the topology file.

| Note: 1-4 VDW scale factors are being read from the topology file.
| Duplicated    0 dihedrals

| Duplicated    0 dihedrals

--------------------------------------------------------------------------------
   1.  RESOURCE   USE: 
--------------------------------------------------------------------------------

 getting new box info from bottom of inpcrd
 NATOM  =    9985 NTYPES =      13 NBONH =    9944 MBONA  =      45
 NTHETH =      36 MTHETA =      61 NPHIH =      66 MPHIA  =      91
 NHPARM =       0 NPARM  =       0 NNB   =   13505 NRES   =    3311
 NBONA  =      45 NTHETA =      61 NPHIA =      91 NUMBND =      22
 NUMANG =      36 NPTRA  =      11 NATYP =      16 NPHB   =       0
 IFBOX  =       1 NMXRS  =      29 IFCAP =       0 NEXTRA =       0
 NCOPY  =       0

| Coordinate Index Table dimensions:     9    9    9
| Direct force subcell size =     5.6395    5.6592    5.5693

     BOX TYPE: RECTILINEAR

--------------------------------------------------------------------------------
   2.  CONTROL  DATA  FOR  THE  RUN
--------------------------------------------------------------------------------

default_name                                                                    

General flags:
     imin    =       0, nmropt  =       0

Nature and format of input:
     ntx     =       1, irest   =       0, ntrx    =       1

Nature and format of output:
     ntxo    =       1, ntpr    =     500, ntrx    =       1, ntwr    =    1000
     iwrap   =       0, ntwx    =    1000, ntwv    =       0, ntwe    =    1000
     ioutfm  =       1, ntwprt  =       0, idecomp =       0, rbornstat=      0

Potential function:
     ntf     =       1, ntb     =       2, igb     =       0, nsnb    =      25
     ipol    =       0, gbsa    =       0, iesp    =       0
     dielc   =   1.00000, cut     =  10.00000, intdiel =   1.00000

Frozen or restrained atoms:
     ibelly  =       0, ntr     =       0

Molecular dynamics:
     nstlim  =      5000, nscm    =      1000, nrespa  =         1
     t       =   0.00000, dt      =   0.00100, vlimit  =  20.00000

Langevin dynamics temperature regulation:
     ig      =  500305
     temp0   = 310.00000, tempi   =   1.00000, gamma_ln=   5.00000

Pressure regulation:
     ntp     =       1
     pres0   =   1.01325, comp    =  44.60000, taup    =   2.00000
     Monte-Carlo Barostat:
     mcbarint  =     100

SHAKE:
     ntc     =       2, jfastw  =       0
     tol     =   0.00001

Free energy options:
     icfe    =       1, ifsc    =       1, klambda =       1
     clambda =  0.2063, scalpha =  0.5000, scbeta  = 12.0000
     sceeorder =       2
     dynlmb =  0.0000 logdvdl =       0

| Intermolecular bonds treatment:
|     no_intermolecular_bonds =       1

| Energy averages sample interval:
|     ene_avg_sampling =     500

Ewald parameters:
     verbose =       0, ew_type =       0, nbflag  =       1, use_pme =       1
     vdwmeth =       1, eedmeth =       1, netfrc  =       1
     Box X =   50.755   Box Y =   50.932   Box Z =   50.124
     Alpha =   90.000   Beta  =   90.000   Gamma =   90.000
     NFFT1 =   56       NFFT2 =   56       NFFT3 =   56
     Cutoff=   10.000   Tol   =0.100E-04
     Ewald Coefficient =  0.27511
     Interpolation order =    4
     TI Mask 1 :L0; matches     29 atoms
     TI Mask 2 :L1; matches     29 atoms
     TI region 1:    9956 atoms
     TI region 2:    9956 atoms
     SC Mask 1 :L0@S2, C10, C11, H6, N3, C12, H7, C13, H8, N4; matches     10 atoms
     SC Mask 2 :L1@O, C11, C10, H11, C12, H13, C13, H14, N3, H12; matches     10 atoms
 Noshake mask :L0, L1; matches      58 atoms.
| MONTE CARLO BAROSTAT IMPORTANT NOTE:
|   The Monte-Carlo barostat does not require the virial to adjust the system volume.
|   Since it is an expensive calculation, it is skipped for efficiency. A side-effect
|   is that the reported pressure is always 0 because it is not calculated.

--------------------------------------------------------------------------------
   3.  ATOMIC COORDINATES AND VELOCITIES
--------------------------------------------------------------------------------

default_name                                                                    
 begin time read from input coords =     0.000 ps

 
     Molecule     1 is partially softcore
     Molecule     2 is partially softcore
 Number of triangulated 3-point waters found:     3309
   Removing shake constraints from C13   L0    1 -- H8    L0    1
   Removing shake constraints from C12   L0    1 -- H7    L0    1
   Removing shake constraints from C11   L0    1 -- H6    L0    1
   Removing shake constraints from C7    L0    1 -- H4    L0    1
   Removing shake constraints from C7    L0    1 -- H5    L0    1
   Removing shake constraints from C4    L0    1 -- H3    L0    1
   Removing shake constraints from C3    L0    1 -- H2    L0    1
   Removing shake constraints from C2    L0    1 -- H1    L0    1
   Removing shake constraints from N3    L1    2 -- H12   L1    2
   Removing shake constraints from C13   L1    2 -- H14   L1    2
   Removing shake constraints from C12   L1    2 -- H13   L1    2
   Removing shake constraints from C10   L1    2 -- H11   L1    2
   Removing shake constraints from C7    L1    2 -- H4    L1    2
   Removing shake constraints from C7    L1    2 -- H5    L1    2
   Removing shake constraints from C4    L1    2 -- H3    L1    2
   Removing shake constraints from C3    L1    2 -- H2    L1    2
   Removing shake constraints from C2    L1    2 -- H1    L1    2
 Number of shake restraints removed in TI region  1 :        8
 Number of shake restraints removed in TI region  2 :        9

     Sum of charges for TI region  1 =   0.00200000
     Skip neutralizing charges...


     Sum of charges for TI region  2 =   0.00100000
     Skip neutralizing charges...

| Dynamic Memory, Types Used:
| Reals              653248
| Integers           420398

| Nonbonded Pairs Initial Allocation:     3020212

| GPU memory information (estimate):
| KB of GPU memory in use:     79398
| KB of CPU memory in use:     25158

--------------------------------------------------------------------------------
   4.  RESULTS
--------------------------------------------------------------------------------

   DOF for the SC part  1 of the system:   30
   DOF for the SC part  2 of the system:   30

| TI region  1


 NSTEP =        0   TIME(PS) =       0.000  TEMP(K) =     1.50  PRESS =     0.0
 Etot   =    -29223.6532  EKtot   =        29.6819  EPtot      =    -29253.3351
 BOND   =         0.2918  ANGLE   =         0.9200  DIHED      =         4.6145
 1-4 NB =         3.9613  1-4 EEL =         9.7586  VDWAALS    =      2064.2698
 EELEC  =    -31337.1511  EHBOND  =         0.0000  RESTRAINT  =         0.0000
 EKCMT  =         0.0000  VIRIAL  =         0.0000  VOLUME     =    129573.7139
                                                    Density    =         0.7686
 DV/DL  =         8.1445
 ------------------------------------------------------------------------------

  Softcore part of the system:      10 atoms,       TEMP(K)    =           3.44
 SC_Etot=        74.2443  SC_EKtot=         0.1025  SC_EPtot   =        74.1418
 SC_BOND=         3.2816  SC_ANGLE=         6.6780  SC_DIHED   =         2.5880
 SC_14NB=         4.9959  SC_14EEL=        53.3571  SC_VDW     =        -0.3639
 SC_EEL =         3.6051
 SC_RES_DIST=     0.0000  SC_RES_ANG=       0.0000  SC_RES_TORS=         0.0000
 SC_EEL_DER=     -0.2429  SC_VDW_DER=      -0.0993  SC_DERIV   =        -0.3422
 ------------------------------------------------------------------------------


| TI region  2


 NSTEP =        0   TIME(PS) =       0.000  TEMP(K) =     1.50  PRESS =     0.0
 Etot   =    -29223.6553  EKtot   =        29.6798  EPtot      =    -29253.3351
 BOND   =         0.2918  ANGLE   =         0.9200  DIHED      =         4.6145
 1-4 NB =         3.9613  1-4 EEL =         9.7586  VDWAALS    =      2064.2698
 EELEC  =    -31337.1511  EHBOND  =         0.0000  RESTRAINT  =         0.0000
 EKCMT  =         0.0000  VIRIAL  =         0.0000  VOLUME     =    129573.7139
                                                    Density    =         0.7682
 DV/DL  =         8.1445
 ------------------------------------------------------------------------------

  Softcore part of the system:      10 atoms,       TEMP(K)    =           3.30
 SC_Etot=        19.0580  SC_EKtot=         0.0983  SC_EPtot   =        18.9597
 SC_BOND=         1.4548  SC_ANGLE=        17.3275  SC_DIHED   =         7.1119
 SC_14NB=        -0.1763  SC_14EEL=        -2.9937  SC_VDW     =        -0.1058
 SC_EEL =        -3.6587
 SC_RES_DIST=     0.0000  SC_RES_ANG=       0.0000  SC_RES_TORS=         0.0000
 SC_EEL_DER=     -0.2429  SC_VDW_DER=      -0.0993  SC_DERIV   =        -0.3422
 ------------------------------------------------------------------------------


| TI region  1


 NSTEP =      500   TIME(PS) =       0.500  TEMP(K) =   292.64  PRESS =     0.0
 Etot   =    -24327.2576  EKtot   =      5796.7531  EPtot      =    -30124.0108
 BOND   =         6.1463  ANGLE   =         4.1807  DIHED      =         4.4616
 1-4 NB =         4.4386  1-4 EEL =         8.9869  VDWAALS    =      4879.8795
 EELEC  =    -35032.1043  EHBOND  =         0.0000  RESTRAINT  =         0.0000
 EKCMT  =         0.0000  VIRIAL  =         0.0000  VOLUME     =    127668.6300
                                                    Density    =         0.7800
 DV/DL  =        14.5718
 ------------------------------------------------------------------------------

  Softcore part of the system:      10 atoms,       TEMP(K)    =         349.20
 SC_Etot=        91.3388  SC_EKtot=        10.4089  SC_EPtot   =        80.9299
 SC_BOND=         7.1991  SC_ANGLE=         8.0240  SC_DIHED   =         5.7289
 SC_14NB=         4.4443  SC_14EEL=        52.2508  SC_VDW     =        -0.3443
 SC_EEL =         3.6271
 SC_RES_DIST=     0.0000  SC_RES_ANG=       0.0000  SC_RES_TORS=         0.0000
 SC_EEL_DER=      7.4653  SC_VDW_DER=      -5.7631  SC_DERIV   =         1.7022
 ------------------------------------------------------------------------------


| TI region  2


 NSTEP =      500   TIME(PS) =       0.500  TEMP(K) =   292.54  PRESS =     0.0
 Etot   =    -24329.2105  EKtot   =      5794.8003  EPtot      =    -30124.0108
 BOND   =         6.1463  ANGLE   =         4.1807  DIHED      =         4.4616
 1-4 NB =         4.4386  1-4 EEL =         8.9869  VDWAALS    =      4879.8795
 EELEC  =    -35032.1043  EHBOND  =         0.0000  RESTRAINT  =         0.0000
 EKCMT  =         0.0000  VIRIAL  =         0.0000  VOLUME     =    127668.6300
                                                    Density    =         0.7796
 DV/DL  =        14.5718
 ------------------------------------------------------------------------------

  Softcore part of the system:      10 atoms,       TEMP(K)    =         283.68
 SC_Etot=        33.3658  SC_EKtot=         8.4560  SC_EPtot   =        24.9098
 SC_BOND=         8.5284  SC_ANGLE=        21.5465  SC_DIHED   =         1.9896
 SC_14NB=        -0.0931  SC_14EEL=        -2.8098  SC_VDW     =        -0.0659
 SC_EEL =        -4.1859
 SC_RES_DIST=     0.0000  SC_RES_ANG=       0.0000  SC_RES_TORS=         0.0000
 SC_EEL_DER=      7.4653  SC_VDW_DER=      -5.7631  SC_DERIV   =         1.7022
 ------------------------------------------------------------------------------


| TI region  1


 NSTEP =     1000   TIME(PS) =       1.000  TEMP(K) =   299.90  PRESS =     0.0
 Etot   =    -24150.1594  EKtot   =      5940.5960  EPtot      =    -30090.7554
 BOND   =         6.5276  ANGLE   =         6.6940  DIHED      =         2.7228
 1-4 NB =         3.2542  1-4 EEL =         9.4900  VDWAALS    =      4497.5848
 EELEC  =    -34617.0287  EHBOND  =         0.0000  RESTRAINT  =         0.0000
 EKCMT  =         0.0000  VIRIAL  =         0.0000  VOLUME     =    125400.2617
                                                    Density    =         0.7941
 DV/DL  =        17.0848
 ------------------------------------------------------------------------------

  Softcore part of the system:      10 atoms,       TEMP(K)    =         380.55
 SC_Etot=        87.1916  SC_EKtot=        11.3435  SC_EPtot   =        75.8482
 SC_BOND=         5.1023  SC_ANGLE=         4.2268  SC_DIHED   =         5.0122
 SC_14NB=         5.1338  SC_14EEL=        53.0968  SC_VDW     =        -0.3514
 SC_EEL =         3.6277
 SC_RES_DIST=     0.0000  SC_RES_ANG=       0.0000  SC_RES_TORS=         0.0000
 SC_EEL_DER=      3.5253  SC_VDW_DER=      -1.2598  SC_DERIV   =         2.2655
 ------------------------------------------------------------------------------


| TI region  2


 NSTEP =     1000   TIME(PS) =       1.000  TEMP(K) =   299.65  PRESS =     0.0
 Etot   =    -24155.0976  EKtot   =      5935.6578  EPtot      =    -30090.7554
 BOND   =         6.5276  ANGLE   =         6.6940  DIHED      =         2.7228
 1-4 NB =         3.2542  1-4 EEL =         9.4900  VDWAALS    =      4497.5848
 EELEC  =    -34617.0287  EHBOND  =         0.0000  RESTRAINT  =         0.0000
 EKCMT  =         0.0000  VIRIAL  =         0.0000  VOLUME     =    125400.2617
                                                    Density    =         0.7937
 DV/DL  =        17.0848
 ------------------------------------------------------------------------------

  Softcore part of the system:      10 atoms,       TEMP(K)    =         214.88
 SC_Etot=        30.0281  SC_EKtot=         6.4053  SC_EPtot   =        23.6228
 SC_BOND=         8.1039  SC_ANGLE=        17.5526  SC_DIHED   =         5.1686
 SC_14NB=        -0.1126  SC_14EEL=        -3.1465  SC_VDW     =        -0.0495
 SC_EEL =        -3.8937
 SC_RES_DIST=     0.0000  SC_RES_ANG=       0.0000  SC_RES_TORS=         0.0000
 SC_EEL_DER=      3.5253  SC_VDW_DER=      -1.2598  SC_DERIV   =         2.2655
 ------------------------------------------------------------------------------


| TI region  1


 NSTEP =     1500   TIME(PS) =       1.500  TEMP(K) =   305.10  PRESS =     0.0
 Etot   =    -23873.2023  EKtot   =      6043.4335  EPtot      =    -29916.6358
 BOND   =         5.3850  ANGLE   =         5.8205  DIHED      =         2.7114
 1-4 NB =         5.5988  1-4 EEL =         8.5966  VDWAALS    =      4328.4390
 EELEC  =    -34273.1870  EHBOND  =         0.0000  RESTRAINT  =         0.0000
 EKCMT  =         0.0000  VIRIAL  =         0.0000  VOLUME     =    125389.5742
                                                    Density    =         0.7942
 DV/DL  =        16.3337
 ------------------------------------------------------------------------------

  Softcore part of the system:      10 atoms,       TEMP(K)    =         261.59
 SC_Etot=        85.3461  SC_EKtot=         7.7975  SC_EPtot   =        77.5486
 SC_BOND=         4.8181  SC_ANGLE=         7.2763  SC_DIHED   =         3.2341
 SC_14NB=         4.7822  SC_14EEL=        54.1888  SC_VDW     =        -0.3366
 SC_EEL =         3.5857
 SC_RES_DIST=     0.0000  SC_RES_ANG=       0.0000  SC_RES_TORS=         0.0000
 SC_EEL_DER=      6.8647  SC_VDW_DER=      -5.2564  SC_DERIV   =         1.6084
 ------------------------------------------------------------------------------


| TI region  2


 NSTEP =     1500   TIME(PS) =       1.500  TEMP(K) =   305.35  PRESS =     0.0
 Etot   =    -23868.2171  EKtot   =      6048.4187  EPtot      =    -29916.6358
 BOND   =         5.3850  ANGLE   =         5.8205  DIHED      =         2.7114
 1-4 NB =         5.5988  1-4 EEL =         8.5966  VDWAALS    =      4328.4390
 EELEC  =    -34273.1870  EHBOND  =         0.0000  RESTRAINT  =         0.0000
 EKCMT  =         0.0000  VIRIAL  =         0.0000  VOLUME     =    125389.5742
                                                    Density    =         0.7938
 DV/DL  =        16.3337
 ------------------------------------------------------------------------------

  Softcore part of the system:      10 atoms,       TEMP(K)    =         428.84
 SC_Etot=        33.7832  SC_EKtot=        12.7827  SC_EPtot   =        21.0005
 SC_BOND=         3.8782  SC_ANGLE=        20.4100  SC_DIHED   =         3.7798
 SC_14NB=        -0.1560  SC_14EEL=        -3.1046  SC_VDW     =        -0.0875
 SC_EEL =        -3.7193
 SC_RES_DIST=     0.0000  SC_RES_ANG=       0.0000  SC_RES_TORS=         0.0000
 SC_EEL_DER=      6.8647  SC_VDW_DER=      -5.2564  SC_DERIV   =         1.6084
 ------------------------------------------------------------------------------


| TI region  1


 NSTEP =     2000   TIME(PS) =       2.000  TEMP(K) =   310.32  PRESS =     0.0
 Etot   =    -23853.7829  EKtot   =      6146.9655  EPtot      =    -30000.7484
 BOND   =         6.5683  ANGLE   =         7.5006  DIHED      =         5.8145
 1-4 NB =         4.0304  1-4 EEL =         8.4489  VDWAALS    =      4610.3215
 EELEC  =    -34643.4326  EHBOND  =         0.0000  RESTRAINT  =         0.0000
 EKCMT  =         0.0000  VIRIAL  =         0.0000  VOLUME     =    122572.4195
                                                    Density    =         0.8125
 DV/DL  =        11.6013
 ------------------------------------------------------------------------------

  Softcore part of the system:      10 atoms,       TEMP(K)    =         378.44
 SC_Etot=        90.5848  SC_EKtot=        11.2805  SC_EPtot   =        79.3042
 SC_BOND=         3.1238  SC_ANGLE=         9.8514  SC_DIHED   =         3.5698
 SC_14NB=         5.8379  SC_14EEL=        53.6782  SC_VDW     =        -0.3829
 SC_EEL =         3.6259
 SC_RES_DIST=     0.0000  SC_RES_ANG=       0.0000  SC_RES_TORS=         0.0000
 SC_EEL_DER=      2.9731  SC_VDW_DER=      -3.5782  SC_DERIV   =        -0.6052
 ------------------------------------------------------------------------------


| TI region  2


 NSTEP =     2000   TIME(PS) =       2.000  TEMP(K) =   310.06  PRESS =     0.0
 Etot   =    -23859.0725  EKtot   =      6141.6759  EPtot      =    -30000.7484
 BOND   =         6.5683  ANGLE   =         7.5006  DIHED      =         5.8145
 1-4 NB =         4.0304  1-4 EEL =         8.4489  VDWAALS    =      4610.3215
 EELEC  =    -34643.4326  EHBOND  =         0.0000  RESTRAINT  =         0.0000
 EKCMT  =         0.0000  VIRIAL  =         0.0000  VOLUME     =    122572.4195
                                                    Density    =         0.8121
 DV/DL  =        11.6013
 ------------------------------------------------------------------------------

  Softcore part of the system:      10 atoms,       TEMP(K)    =         200.99
 SC_Etot=        25.3621  SC_EKtot=         5.9910  SC_EPtot   =        19.3711
 SC_BOND=         3.0236  SC_ANGLE=        18.2014  SC_DIHED   =         5.1961
 SC_14NB=        -0.0814  SC_14EEL=        -2.9340  SC_VDW     =        -0.0599
 SC_EEL =        -3.9747
 SC_RES_DIST=     0.0000  SC_RES_ANG=       0.0000  SC_RES_TORS=         0.0000
 SC_EEL_DER=      2.9731  SC_VDW_DER=      -3.5782  SC_DERIV   =        -0.6052
 ------------------------------------------------------------------------------


| TI region  1


 NSTEP =     2500   TIME(PS) =       2.500  TEMP(K) =   310.25  PRESS =     0.0
 Etot   =    -24144.7891  EKtot   =      6145.5304  EPtot      =    -30290.3195
 BOND   =         5.8681  ANGLE   =         5.8046  DIHED      =         3.2044
 1-4 NB =         3.5995  1-4 EEL =         8.4819  VDWAALS    =      4353.0700
 EELEC  =    -34670.3480  EHBOND  =         0.0000  RESTRAINT  =         0.0000
 EKCMT  =         0.0000  VIRIAL  =         0.0000  VOLUME     =    120921.8244
                                                    Density    =         0.8235
 DV/DL  =        12.9709
 ------------------------------------------------------------------------------

  Softcore part of the system:      10 atoms,       TEMP(K)    =         247.02
 SC_Etot=        85.5645  SC_EKtot=         7.3633  SC_EPtot   =        78.2012
 SC_BOND=         3.9384  SC_ANGLE=         7.0187  SC_DIHED   =         5.2673
 SC_14NB=         5.1861  SC_14EEL=        53.4828  SC_VDW     =        -0.3352
 SC_EEL =         3.6431
 SC_RES_DIST=     0.0000  SC_RES_ANG=       0.0000  SC_RES_TORS=         0.0000
 SC_EEL_DER=      3.2629  SC_VDW_DER=      -2.5441  SC_DERIV   =         0.7188
 ------------------------------------------------------------------------------


| TI region  2


 NSTEP =     2500   TIME(PS) =       2.500  TEMP(K) =   310.32  PRESS =     0.0
 Etot   =    -24143.4336  EKtot   =      6146.8859  EPtot      =    -30290.3195
 BOND   =         5.8681  ANGLE   =         5.8046  DIHED      =         3.2044
 1-4 NB =         3.5995  1-4 EEL =         8.4819  VDWAALS    =      4353.0700
 EELEC  =    -34670.3480  EHBOND  =         0.0000  RESTRAINT  =         0.0000
 EKCMT  =         0.0000  VIRIAL  =         0.0000  VOLUME     =    120921.8244
                                                    Density    =         0.8231
 DV/DL  =        12.9709
 ------------------------------------------------------------------------------

  Softcore part of the system:      10 atoms,       TEMP(K)    =         292.50
 SC_Etot=        29.2771  SC_EKtot=         8.7188  SC_EPtot   =        20.5583
 SC_BOND=         8.6400  SC_ANGLE=        15.3457  SC_DIHED   =         3.1037
 SC_14NB=        -0.0416  SC_14EEL=        -2.5846  SC_VDW     =        -0.0581
 SC_EEL =        -3.8468
 SC_RES_DIST=     0.0000  SC_RES_ANG=       0.0000  SC_RES_TORS=         0.0000
 SC_EEL_DER=      3.2629  SC_VDW_DER=      -2.5441  SC_DERIV   =         0.7188
 ------------------------------------------------------------------------------


| TI region  1


 NSTEP =     3000   TIME(PS) =       3.000  TEMP(K) =   302.77  PRESS =     0.0
 Etot   =    -24314.6126  EKtot   =      5997.2691  EPtot      =    -30311.8817
 BOND   =         6.9236  ANGLE   =         4.2842  DIHED      =         6.3556
 1-4 NB =         3.4938  1-4 EEL =         9.2273  VDWAALS    =      4529.2768
 EELEC  =    -34871.4430  EHBOND  =         0.0000  RESTRAINT  =         0.0000
 EKCMT  =         0.0000  VIRIAL  =         0.0000  VOLUME     =    119396.2021
                                                    Density    =         0.8341
 DV/DL  =        15.2938
 ------------------------------------------------------------------------------

  Softcore part of the system:      10 atoms,       TEMP(K)    =         230.15
 SC_Etot=        86.7932  SC_EKtot=         6.8602  SC_EPtot   =        79.9330
 SC_BOND=         2.8828  SC_ANGLE=         8.7717  SC_DIHED   =         5.9414
 SC_14NB=         5.6886  SC_14EEL=        53.3802  SC_VDW     =        -0.3704
 SC_EEL =         3.6387
 SC_RES_DIST=     0.0000  SC_RES_ANG=       0.0000  SC_RES_TORS=         0.0000
 SC_EEL_DER=      4.9051  SC_VDW_DER=      -3.3933  SC_DERIV   =         1.5118
 ------------------------------------------------------------------------------


| TI region  2


 NSTEP =     3000   TIME(PS) =       3.000  TEMP(K) =   302.90  PRESS =     0.0
 Etot   =    -24311.8497  EKtot   =      6000.0320  EPtot      =    -30311.8817
 BOND   =         6.9236  ANGLE   =         4.2842  DIHED      =         6.3556
 1-4 NB =         3.4938  1-4 EEL =         9.2273  VDWAALS    =      4529.2768
 EELEC  =    -34871.4430  EHBOND  =         0.0000  RESTRAINT  =         0.0000
 EKCMT  =         0.0000  VIRIAL  =         0.0000  VOLUME     =    119396.2021
                                                    Density    =         0.8337
 DV/DL  =        15.2938
 ------------------------------------------------------------------------------

  Softcore part of the system:      10 atoms,       TEMP(K)    =         322.84
 SC_Etot=        35.6195  SC_EKtot=         9.6231  SC_EPtot   =        25.9964
 SC_BOND=         4.8028  SC_ANGLE=        18.9168  SC_DIHED   =         8.9546
 SC_14NB=        -0.1183  SC_14EEL=        -2.7535  SC_VDW     =        -0.0978
 SC_EEL =        -3.7081
 SC_RES_DIST=     0.0000  SC_RES_ANG=       0.0000  SC_RES_TORS=         0.0000
 SC_EEL_DER=      4.9051  SC_VDW_DER=      -3.3933  SC_DERIV   =         1.5118
 ------------------------------------------------------------------------------


| TI region  1


 NSTEP =     3500   TIME(PS) =       3.500  TEMP(K) =   304.48  PRESS =     0.0
 Etot   =    -24320.7770  EKtot   =      6031.3291  EPtot      =    -30352.1061
 BOND   =         6.3401  ANGLE   =         4.0418  DIHED      =         5.9303
 1-4 NB =         4.0327  1-4 EEL =         9.2708  VDWAALS    =      4677.0700
 EELEC  =    -35058.7918  EHBOND  =         0.0000  RESTRAINT  =         0.0000
 EKCMT  =         0.0000  VIRIAL  =         0.0000  VOLUME     =    118790.4592
                                                    Density    =         0.8383
 DV/DL  =         6.7937
 ------------------------------------------------------------------------------

  Softcore part of the system:      10 atoms,       TEMP(K)    =         327.67
 SC_Etot=        91.6375  SC_EKtot=         9.7672  SC_EPtot   =        81.8703
 SC_BOND=         9.5751  SC_ANGLE=         7.0135  SC_DIHED   =         2.4827
 SC_14NB=         6.3914  SC_14EEL=        53.1339  SC_VDW     =        -0.3667
 SC_EEL =         3.6403
 SC_RES_DIST=     0.0000  SC_RES_ANG=       0.0000  SC_RES_TORS=         0.0000
 SC_EEL_DER=      2.3946  SC_VDW_DER=      -6.8119  SC_DERIV   =        -4.4172
 ------------------------------------------------------------------------------


| TI region  2


 NSTEP =     3500   TIME(PS) =       3.500  TEMP(K) =   304.69  PRESS =     0.0
 Etot   =    -24316.7086  EKtot   =      6035.3976  EPtot      =    -30352.1061
 BOND   =         6.3401  ANGLE   =         4.0418  DIHED      =         5.9303
 1-4 NB =         4.0327  1-4 EEL =         9.2708  VDWAALS    =      4677.0700
 EELEC  =    -35058.7918  EHBOND  =         0.0000  RESTRAINT  =         0.0000
 EKCMT  =         0.0000  VIRIAL  =         0.0000  VOLUME     =    118790.4592
                                                    Density    =         0.8379
 DV/DL  =         6.7937
 ------------------------------------------------------------------------------

  Softcore part of the system:      10 atoms,       TEMP(K)    =         464.16
 SC_Etot=        34.9474  SC_EKtot=        13.8357  SC_EPtot   =        21.1118
 SC_BOND=         5.5702  SC_ANGLE=        15.6365  SC_DIHED   =         6.7608
 SC_14NB=        -0.1023  SC_14EEL=        -2.8599  SC_VDW     =        -0.0730
 SC_EEL =        -3.8206
 SC_RES_DIST=     0.0000  SC_RES_ANG=       0.0000  SC_RES_TORS=         0.0000
 SC_EEL_DER=      2.3946  SC_VDW_DER=      -6.8119  SC_DERIV   =        -4.4172
 ------------------------------------------------------------------------------


| TI region  1


 NSTEP =     4000   TIME(PS) =       4.000  TEMP(K) =   311.19  PRESS =     0.0
 Etot   =    -24206.8999  EKtot   =      6164.1113  EPtot      =    -30371.0112
 BOND   =         2.6177  ANGLE   =         5.0916  DIHED      =         4.5729
 1-4 NB =         4.8252  1-4 EEL =         9.3594  VDWAALS    =      4457.7441
 EELEC  =    -34855.2222  EHBOND  =         0.0000  RESTRAINT  =         0.0000
 EKCMT  =         0.0000  VIRIAL  =         0.0000  VOLUME     =    117784.0000
                                                    Density    =         0.8455
 DV/DL  =        19.5255
 ------------------------------------------------------------------------------

  Softcore part of the system:      10 atoms,       TEMP(K)    =         255.49
 SC_Etot=        90.5438  SC_EKtot=         7.6155  SC_EPtot   =        82.9282
 SC_BOND=         7.1724  SC_ANGLE=         5.9416  SC_DIHED   =         8.3678
 SC_14NB=         5.7767  SC_14EEL=        52.4572  SC_VDW     =        -0.3827
 SC_EEL =         3.5952
 SC_RES_DIST=     0.0000  SC_RES_ANG=       0.0000  SC_RES_TORS=         0.0000
 SC_EEL_DER=      4.1592  SC_VDW_DER=      -2.4441  SC_DERIV   =         1.7151
 ------------------------------------------------------------------------------


| TI region  2


 NSTEP =     4000   TIME(PS) =       4.000  TEMP(K) =   311.28  PRESS =     0.0
 Etot   =    -24205.1455  EKtot   =      6165.8657  EPtot      =    -30371.0112
 BOND   =         2.6177  ANGLE   =         5.0916  DIHED      =         4.5729
 1-4 NB =         4.8252  1-4 EEL =         9.3594  VDWAALS    =      4457.7441
 EELEC  =    -34855.2222  EHBOND  =         0.0000  RESTRAINT  =         0.0000
 EKCMT  =         0.0000  VIRIAL  =         0.0000  VOLUME     =    117784.0000
                                                    Density    =         0.8451
 DV/DL  =        19.5255
 ------------------------------------------------------------------------------

  Softcore part of the system:      10 atoms,       TEMP(K)    =         314.34
 SC_Etot=        37.2831  SC_EKtot=         9.3699  SC_EPtot   =        27.9132
 SC_BOND=         7.3429  SC_ANGLE=        23.5829  SC_DIHED   =         4.1648
 SC_14NB=        -0.1401  SC_14EEL=        -3.1049  SC_VDW     =        -0.0735
 SC_EEL =        -3.8589
 SC_RES_DIST=     0.0000  SC_RES_ANG=       0.0000  SC_RES_TORS=         0.0000
 SC_EEL_DER=      4.1592  SC_VDW_DER=      -2.4441  SC_DERIV   =         1.7151
 ------------------------------------------------------------------------------


| TI region  1


 NSTEP =     4500   TIME(PS) =       4.500  TEMP(K) =   312.56  PRESS =     0.0
 Etot   =    -24252.2590  EKtot   =      6191.3526  EPtot      =    -30443.6116
 BOND   =         5.5819  ANGLE   =         4.0661  DIHED      =         6.0418
 1-4 NB =         3.3314  1-4 EEL =         9.8955  VDWAALS    =      4379.2165
 EELEC  =    -34851.7447  EHBOND  =         0.0000  RESTRAINT  =         0.0000
 EKCMT  =         0.0000  VIRIAL  =         0.0000  VOLUME     =    117172.9484
                                                    Density    =         0.8499
 DV/DL  =         8.4895
 ------------------------------------------------------------------------------

  Softcore part of the system:      10 atoms,       TEMP(K)    =         300.32
 SC_Etot=        90.5731  SC_EKtot=         8.9518  SC_EPtot   =        81.6213
 SC_BOND=         6.7986  SC_ANGLE=         6.8548  SC_DIHED   =         4.3161
 SC_14NB=         6.5269  SC_14EEL=        53.8484  SC_VDW     =        -0.3715
 SC_EEL =         3.6480
 SC_RES_DIST=     0.0000  SC_RES_ANG=       0.0000  SC_RES_TORS=         0.0000
 SC_EEL_DER=      6.4789  SC_VDW_DER=     -10.3910  SC_DERIV   =        -3.9121
 ------------------------------------------------------------------------------


| TI region  2


 NSTEP =     4500   TIME(PS) =       4.500  TEMP(K) =   312.54  PRESS =     0.0
 Etot   =    -24252.6905  EKtot   =      6190.9211  EPtot      =    -30443.6116
 BOND   =         5.5819  ANGLE   =         4.0661  DIHED      =         6.0418
 1-4 NB =         3.3314  1-4 EEL =         9.8955  VDWAALS    =      4379.2165
 EELEC  =    -34851.7447  EHBOND  =         0.0000  RESTRAINT  =         0.0000
 EKCMT  =         0.0000  VIRIAL  =         0.0000  VOLUME     =    117172.9484
                                                    Density    =         0.8495
 DV/DL  =         8.4895
 ------------------------------------------------------------------------------

  Softcore part of the system:      10 atoms,       TEMP(K)    =         285.84
 SC_Etot=        29.8624  SC_EKtot=         8.5203  SC_EPtot   =        21.3421
 SC_BOND=         3.5156  SC_ANGLE=        18.3265  SC_DIHED   =         6.5527
 SC_14NB=         0.0152  SC_14EEL=        -3.0417  SC_VDW     =         0.2105
 SC_EEL =        -4.2366
 SC_RES_DIST=     0.0000  SC_RES_ANG=       0.0000  SC_RES_TORS=         0.0000
 SC_EEL_DER=      6.4789  SC_VDW_DER=     -10.3910  SC_DERIV   =        -3.9121
 ------------------------------------------------------------------------------


| TI region  1


 NSTEP =     5000   TIME(PS) =       5.000  TEMP(K) =   307.43  PRESS =     0.0
 Etot   =    -24519.8099  EKtot   =      6089.6459  EPtot      =    -30609.4558
 BOND   =         5.6808  ANGLE   =         5.9210  DIHED      =         5.6022
 1-4 NB =         5.3771  1-4 EEL =         9.0569  VDWAALS    =      4673.3080
 EELEC  =    -35314.4018  EHBOND  =         0.0000  RESTRAINT  =         0.0000
 EKCMT  =         0.0000  VIRIAL  =         0.0000  VOLUME     =    115974.0235
                                                    Density    =         0.8587
 DV/DL  =         7.3831
 ------------------------------------------------------------------------------

  Softcore part of the system:      10 atoms,       TEMP(K)    =         354.80
 SC_Etot=        91.2050  SC_EKtot=        10.5760  SC_EPtot   =        80.6290
 SC_BOND=         5.7219  SC_ANGLE=        10.6090  SC_DIHED   =         3.7632
 SC_14NB=         4.5832  SC_14EEL=        52.7030  SC_VDW     =        -0.3427
 SC_EEL =         3.5914
 SC_RES_DIST=     0.0000  SC_RES_ANG=       0.0000  SC_RES_TORS=         0.0000
 SC_EEL_DER=      1.7973  SC_VDW_DER=      -4.7885  SC_DERIV   =        -2.9912
 ------------------------------------------------------------------------------


| TI region  2


 NSTEP =     5000   TIME(PS) =       5.000  TEMP(K) =   307.53  PRESS =     0.0
 Etot   =    -24517.8275  EKtot   =      6091.6283  EPtot      =    -30609.4558
 BOND   =         5.6808  ANGLE   =         5.9210  DIHED      =         5.6022
 1-4 NB =         5.3771  1-4 EEL =         9.0569  VDWAALS    =      4673.3080
 EELEC  =    -35314.4018  EHBOND  =         0.0000  RESTRAINT  =         0.0000
 EKCMT  =         0.0000  VIRIAL  =         0.0000  VOLUME     =    115974.0235
                                                    Density    =         0.8583
 DV/DL  =         7.3831
 ------------------------------------------------------------------------------

  Softcore part of the system:      10 atoms,       TEMP(K)    =         421.31
 SC_Etot=        29.8924  SC_EKtot=        12.5584  SC_EPtot   =        17.3340
 SC_BOND=         4.5177  SC_ANGLE=        15.6329  SC_DIHED   =         4.1997
 SC_14NB=        -0.1026  SC_14EEL=        -2.8948  SC_VDW     =        -0.0707
 SC_EEL =        -3.9483
 SC_RES_DIST=     0.0000  SC_RES_ANG=       0.0000  SC_RES_TORS=         0.0000
 SC_EEL_DER=      1.7973  SC_VDW_DER=      -4.7885  SC_DERIV   =        -2.9912
 ------------------------------------------------------------------------------


| TI region  1


      A V E R A G E S   O V E R      10 S T E P S


 NSTEP =     5000   TIME(PS) =       5.000  TEMP(K) =   305.66  PRESS =     0.0
 Etot   =    -24196.3550  EKtot   =      6054.6987  EPtot      =    -30251.0536
 BOND   =         5.7639  ANGLE   =         5.3405  DIHED      =         4.7417
 1-4 NB =         4.1982  1-4 EEL =         9.0814  VDWAALS    =      4538.5910
 EELEC  =    -34818.7704  EHBOND  =         0.0000  RESTRAINT  =         0.0000
 EKCMT  =         0.0000  VIRIAL  =         0.0000  VOLUME     =    121107.0343
                                                    Density    =         0.8231
 DV/DL  =        13.0048
 ------------------------------------------------------------------------------

  Softcore part of the system:      10 atoms,       TEMP(K)    =         308.52
 SC_Etot=        89.0778  SC_EKtot=         9.1964  SC_EPtot   =        79.8814
 SC_BOND=         5.6333  SC_ANGLE=         7.5588  SC_DIHED   =         4.7684
 SC_14NB=         5.4351  SC_14EEL=        53.2220  SC_VDW     =        -0.3584
 SC_EEL =         3.6223
 SC_RES_DIST=     0.0000  SC_RES_ANG=       0.0000  SC_RES_TORS=         0.0000
 SC_EEL_DER=      4.3826  SC_VDW_DER=      -4.6230  SC_DERIV   =        -0.2404
 ------------------------------------------------------------------------------


      R M S  F L U C T U A T I O N S


 NSTEP =     5000   TIME(PS) =       5.000  TEMP(K) =     5.80  PRESS =     0.0
 Etot   =       195.2017  EKtot   =       114.9595  EPtot      =       202.9033
 BOND   =         1.1466  ANGLE   =         1.1452  DIHED      =         1.3516
 1-4 NB =         0.7972  1-4 EEL =         0.4436  VDWAALS    =       164.6921
 EELEC  =       272.9645  EHBOND  =         0.0000  RESTRAINT  =         0.0000
 EKCMT  =         0.0000  VIRIAL  =         0.0000  VOLUME     =      3783.7680
                                                    Density    =         0.0255
 DV/DL  =         4.1290
 ------------------------------------------------------------------------------

  Softcore part of the system:      10 atoms,       TEMP(K)    =          54.08
 SC_Etot=         2.4061  SC_EKtot=         1.6120  SC_EPtot   =         2.0686
 SC_BOND=         1.9851  SC_ANGLE=         1.7644  SC_DIHED   =         1.6060
 SC_14NB=         0.6882  SC_14EEL=         0.5873  SC_VDW     =         0.0176
 SC_EEL =         0.0219
 SC_RES_DIST=     0.0000  SC_RES_ANG=       0.0000  SC_RES_TORS=         0.0000
 SC_EEL_DER=      1.8706  SC_VDW_DER=       2.5055  SC_DERIV   =         2.4477
 ------------------------------------------------------------------------------


| TI region  2


      A V E R A G E S   O V E R      10 S T E P S


 NSTEP =     5000   TIME(PS) =       5.000  TEMP(K) =   305.69  PRESS =     0.0
 Etot   =    -24195.9253  EKtot   =      6055.1283  EPtot      =    -30251.0536
 BOND   =         5.7639  ANGLE   =         5.3405  DIHED      =         4.7417
 1-4 NB =         4.1982  1-4 EEL =         9.0814  VDWAALS    =      4538.5910
 EELEC  =    -34818.7704  EHBOND  =         0.0000  RESTRAINT  =         0.0000
 EKCMT  =         0.0000  VIRIAL  =         0.0000  VOLUME     =    121107.0343
                                                    Density    =         0.8227
 DV/DL  =        13.0048
 ------------------------------------------------------------------------------

  Softcore part of the system:      10 atoms,       TEMP(K)    =         322.94
 SC_Etot=        31.9421  SC_EKtot=         9.6261  SC_EPtot   =        22.3160
 SC_BOND=         5.7923  SC_ANGLE=        18.5152  SC_DIHED   =         4.9870
 SC_14NB=        -0.0933  SC_14EEL=        -2.9234  SC_VDW     =        -0.0425
 SC_EEL =        -3.9193
 SC_RES_DIST=     0.0000  SC_RES_ANG=       0.0000  SC_RES_TORS=         0.0000
 SC_EEL_DER=      4.3826  SC_VDW_DER=      -4.6230  SC_DERIV   =        -0.2404
 ------------------------------------------------------------------------------


      R M S  F L U C T U A T I O N S


 NSTEP =     5000   TIME(PS) =       5.000  TEMP(K) =     5.83  PRESS =     0.0
 Etot   =       194.4235  EKtot   =       115.5242  EPtot      =       202.9033
 BOND   =         1.1466  ANGLE   =         1.1452  DIHED      =         1.3516
 1-4 NB =         0.7972  1-4 EEL =         0.4436  VDWAALS    =       164.6921
 EELEC  =       272.9645  EHBOND  =         0.0000  RESTRAINT  =         0.0000
 EKCMT  =         0.0000  VIRIAL  =         0.0000  VOLUME     =      3783.7680
                                                    Density    =         0.0254
 DV/DL  =         4.1290
 ------------------------------------------------------------------------------

  Softcore part of the system:      10 atoms,       TEMP(K)    =          84.44
 SC_Etot=         3.4509  SC_EKtot=         2.5170  SC_EPtot   =         3.0663
 SC_BOND=         2.0618  SC_ANGLE=         2.5753  SC_DIHED   =         1.9157
 SC_14NB=         0.0468  SC_14EEL=         0.1706  SC_VDW     =         0.0854
 SC_EEL =         0.1672
 SC_RES_DIST=     0.0000  SC_RES_ANG=       0.0000  SC_RES_TORS=         0.0000
 SC_EEL_DER=      1.8706  SC_VDW_DER=       2.5055  SC_DERIV   =         2.4477
 ------------------------------------------------------------------------------


      DV/DL, AVERAGES OVER      10 STEPS


 NSTEP =     5000   TIME(PS) =       5.000  TEMP(K) =     5.83  PRESS =     0.0
 Etot   =         0.0000  EKtot   =         0.0000  EPtot      =         0.0000
 BOND   =         0.0000  ANGLE   =         0.0000  DIHED      =        -0.0009
 1-4 NB =        -0.4008  1-4 EEL =        17.5509  VDWAALS    =         0.9009
 EELEC  =        -4.8050  EHBOND  =         0.0000  RESTRAINT  =         0.0000
 EKCMT  =         0.0000  VIRIAL  =         0.0000  VOLUME     =         0.0000
                                                    Density    =         0.0000
 ------------------------------------------------------------------------------

| MC Barostat:         50 volume changes attempted.
| MC Barostat:         25 changes successful ( 50.00%)
 ------------------------------------------------------------------------------

--------------------------------------------------------------------------------
   5.  TIMINGS
--------------------------------------------------------------------------------

|  NonSetup CPU Time in Major Routines:
|
|     Routine           Sec        %
|     ------------------------------
|     Nonbond           0.90   36.62
|     Bond              0.00    0.00
|     Angle             0.00    0.00
|     Dihedral          0.00    0.00
|     Shake             0.02    1.00
|     RunMD             1.50   60.84
|     Other             0.04    1.54
|     ------------------------------
|     Total             2.47

|  PME Nonbond Pairlist CPU Time:
|
|     Routine              Sec        %
|     ---------------------------------
|     Set Up Cit           0.00    0.00
|     Build List           0.00    0.00
|     ---------------------------------
|     Total                0.00    0.00

|  PME Direct Force CPU Time:
|
|     Routine              Sec        %
|     ---------------------------------
|     NonBonded Calc       0.00    0.00
|     Exclude Masked       0.00    0.00
|     Other                0.01    0.29
|     ---------------------------------
|     Total                0.01    0.29

|  PME Reciprocal Force CPU Time:
|
|     Routine              Sec        %
|     ---------------------------------
|     1D bspline           0.00    0.00
|     Grid Charges         0.00    0.00
|     Scalar Sum           0.00    0.00
|     Gradient Sum         0.00    0.00
|     FFT                  0.00    0.00
|     ---------------------------------
|     Total                0.00    0.00

|  Final Performance Info:
|     -----------------------------------------------------
|     Average timings for last    5000 steps:
|     Elapsed(s) =       2.49 Per Step(ms) =       0.50
|         ns/day =     173.61   seconds/ns =     497.67
|
|     Average timings for all steps:
|     Elapsed(s) =       2.49 Per Step(ms) =       0.50
|         ns/day =     173.61   seconds/ns =     497.67
|     -----------------------------------------------------

|  Setup CPU time:            0.93 seconds
|  NonSetup CPU time:         2.47 seconds
|  Total CPU time:            3.40 seconds     0.00 hours

|  Setup wall time:           1    seconds
|  NonSetup wall time:        3    seconds
|  Total wall time:           4    seconds     0.00 hours
