
          -------------------------------------------------------
          Amber 20 PMEMD                              2020
          -------------------------------------------------------

| PMEMD implementation of SANDER, Release 18

|  Compiled date/time: Mon Apr 27 18:19:54 2020
| Run on 01/25/2022 at 16:17:20

|   Executable path: /cm/shared/apps/amber20/bin/pmemd.cuda
| Working directory: /data/bella/piezo/charmm-gui-4149384590/TI/1-dooku/ligand/concerted/t04/0.0000
|          Hostname: node002

  [-O]verwriting output

File Assignments:
|   MDIN: ti001.eq.in                                                           
|  MDOUT: ti001.eq.out                                                          
| INPCRD: ti001.min.rst7                                                        
|   PARM: ../concerted.parm7                                                    
| RESTRT: ti001.eq.rst7                                                         
|   REFC: refc                                                                  
|  MDVEL: mdvel                                                                 
|   MDEN: ti001.eq.en                                                           
|  MDCRD: ti001.eq.nc                                                           
| MDINFO: ti001.eq.info                                                         
|  MDFRC: mdfrc                                                                 


 Here is the input file:

Heating                                                                        
 &cntrl                                                                        
                                                                               
! simulation                                                                   
imin = 0,                 ! flag to run minization (0=false)                   
ntmin = 2,                ! mini algorithm. 2=steepest                         
nstlim = 5000,            ! number of MD steps                                 
irest = 0,                ! flag to restart simulation                         
ntx = 1,                  ! option to read from inpcrd file                    
ntxo = 1,                 ! read/write rst as formatted file                   
dt = 0.001,               ! timestep (1fs)                                     
ntb = 2,              ! specify PBC type                                       
                                                                               
! thermostate                                                                  
ntt = 3,                  ! switch for time scaling (3=Langevin)               
tempi = 1.0,                                                                   
temp0 = 310,            ! reference temperature (if ntt>0)                     
gamma_ln = 5.0,           ! collision frequency for ntt=3                      
ig = -1,                  ! seed for Random Number Generator (RNG) (use -1 with
! barostate                                                                    
ntp = 1,                  ! constant pressure dynamics (1=do scaling)          
barostat = 2,             ! barostat to use (2=Monte Carlo)                    
mcbarint = 100,           ! volume change attempt every n steps                
pres0 = 1.01325,          ! referenve pressure (in bars)                       
taup = 2.0,               ! pressure relation time (in ps)                     
                                                                               
! output                                                                       
ioutfm = 1,               ! film fromat (1=binary NetCDF)                      
iwrap = 0,                ! wrap coordination into primary box (1=do)          
ntwe = 1000,              ! write to .mden every n steps                       
ntwx = 1000,              ! write to .mdcrd every n steps                      
ntpr = 500,               ! write energies to .mdout/.mdinfo every n steps     
ntwr = 1000,              ! write rstrt file every n steps                     
                                                                               
! alchemical free energy                                                       
cut = 10.0                                                                     
ntc = 2,                  ! SHAKE bond length constraints (2=H-atom)           
ntf = 1,                  ! force evaluation (1=evalute all)                   
noshakemask = ':L0, L1',     ! remove SHAKE from perturbed regions             
                                                                               
icfe = 1,                 ! turn on free energy calculation                    
ifsc = 1,                 ! use softcore parameters (0=undo)                   
clambda = 0.0000,           ! current lambda                                   
timask1 = ':L0',           ! specify atoms unique to V_0                       
timask2 = ':L1',           ! specify atoms unique to V_1                       
scmask1 = ':L0@S2, C10, C11, H6, N3, C12, H7, C13, H8, N4',                    
                      ! specify the unique atoms for V0                        
scmask2 = ':L1@O, C11, C10, H11, C12, H13, C13, H14, N3, H12',                 
                      ! specify the unique atoms for V1                        
vlimit = 20                                                                    
 /                                                                             
 &ewald                                                                        
 /                                                                             
                                                                               
&wt type='TEMP0', istep1=1, istep2=5000, value1=1.0, value2=300 &end           
&wt type='END' &end                                                            


Note: ig = -1. Setting random seed to   149246 based on wallclock time in 
      microseconds.
| irandom = 1, using AMBER's internal random number generator (default).
 
|--------------------- INFORMATION ----------------------
| GPU (CUDA) Version of PMEMD in use: NVIDIA GPU IN USE.
|                    Version 18.0.0
| 
|                      03/25/2018
| 
| Implementation by:
|                    Ross C. Walker     (SDSC)
|                    Scott Le Grand     (nVIDIA)
| 
| Version 18 performance extensions by:
|                    David Cerutti     (Rutgers)
| 
| Precision model in use:
|      [SPFP] - Single Precision Forces, 64-bit Fixed Point
|               Accumulation. (Default)
| 
|--------------------------------------------------------
 
|----------------- CITATION INFORMATION -----------------
|
|    When publishing work that utilized the CUDA version
|    of AMBER, please cite the following in addition to
|    the regular AMBER citations:
|
|  - Romelia Salomon-Ferrer; Andreas W. Goetz; Duncan
|    Poole; Scott Le Grand; Ross C. Walker "Routine
|    microsecond molecular dynamics simulations with
|    AMBER - Part II: Particle Mesh Ewald", J. Chem.
|    Theory Comput., 2013, 9 (9), pp3878-3888,
|    DOI: 10.1021/ct400314y.
|
|  - Andreas W. Goetz; Mark J. Williamson; Dong Xu;
|    Duncan Poole; Scott Le Grand; Ross C. Walker
|    "Routine microsecond molecular dynamics simulations
|    with AMBER - Part I: Generalized Born", J. Chem.
|    Theory Comput., 2012, 8 (5), pp1542-1555.
|
|  - Scott Le Grand; Andreas W. Goetz; Ross C. Walker
|    "SPFP: Speed without compromise - a mixed precision
|    model for GPU accelerated molecular dynamics
|    simulations.", Comp. Phys. Comm., 2013, 184
|    pp374-380, DOI: 10.1016/j.cpc.2012.09.022
|
|    When publishing work that utilized the CUDA version
|    of TI, BAR, MBAR or FEP please cite the following 
|    publications in addition to the regular AMBER 
|    GPU citations:
|
|  - Daniel J. Mermelstein; Charles Lin; Gard Nelson; 
|    Rachael Kretsch; J. Andrew McCammon; Ross C. Walker
|    "Fast and Flexible GPU Accelerated Binding 
|    Free Energy Calculations within the AMBER Molecular
|    Dynamics Package" J. Comp. Chem., 2018,
|    DOI: 10.1002/jcc.25187
|
|  - Tai-Sung Lee; Yuan Hu; Brad Sherborne; Zhuyan Guo;
|    Darrin M. York
|    "Toward Fast and Accurate Binding Affinity Prediction with
|    pmemdGTI: An Efficient Implementation of GPU-Accelerated
|    Thermodynamic Integration"
|    J. Chem. Theory Comput., 2017, 13 (7), 3077
|
|
|--------------------------------------------------------
 
|------------------- GPU DEVICE INFO --------------------
|
|            CUDA_VISIBLE_DEVICES: 7
|   CUDA Capable Devices Detected:      1
|           CUDA Device ID in use:      0
|                CUDA Device Name: GeForce RTX 2080 Ti
|     CUDA Device Global Mem Size:  11019 MB
| CUDA Device Num Multiprocessors:     68
|           CUDA Device Core Freq:   1.54 GHz
|
|--------------------------------------------------------
 
 
| Conditional Compilation Defines Used:
| PUBFFT
| BINTRAJ
| CUDA
| EMIL

| Largest sphere to fit in unit cell has radius =    25.062

| New format PARM file being parsed.
| Version =    1.000 Date = 01/24/22 Time = 21:43:14

| Note: 1-4 EEL scale factors are being read from the topology file.

| Note: 1-4 VDW scale factors are being read from the topology file.
| Duplicated    0 dihedrals

| Duplicated    0 dihedrals

--------------------------------------------------------------------------------
   1.  RESOURCE   USE: 
--------------------------------------------------------------------------------

 getting new box info from bottom of inpcrd
 NATOM  =    9985 NTYPES =      13 NBONH =    9944 MBONA  =      45
 NTHETH =      36 MTHETA =      61 NPHIH =      66 MPHIA  =      91
 NHPARM =       0 NPARM  =       0 NNB   =   13505 NRES   =    3311
 NBONA  =      45 NTHETA =      61 NPHIA =      91 NUMBND =      22
 NUMANG =      36 NPTRA  =      11 NATYP =      16 NPHB   =       0
 IFBOX  =       1 NMXRS  =      29 IFCAP =       0 NEXTRA =       0
 NCOPY  =       0

| Coordinate Index Table dimensions:     9    9    9
| Direct force subcell size =     5.6395    5.6592    5.5693

     BOX TYPE: RECTILINEAR

--------------------------------------------------------------------------------
   2.  CONTROL  DATA  FOR  THE  RUN
--------------------------------------------------------------------------------

default_name                                                                    

General flags:
     imin    =       0, nmropt  =       0

Nature and format of input:
     ntx     =       1, irest   =       0, ntrx    =       1

Nature and format of output:
     ntxo    =       1, ntpr    =     500, ntrx    =       1, ntwr    =    1000
     iwrap   =       0, ntwx    =    1000, ntwv    =       0, ntwe    =    1000
     ioutfm  =       1, ntwprt  =       0, idecomp =       0, rbornstat=      0

Potential function:
     ntf     =       1, ntb     =       2, igb     =       0, nsnb    =      25
     ipol    =       0, gbsa    =       0, iesp    =       0
     dielc   =   1.00000, cut     =  10.00000, intdiel =   1.00000

Frozen or restrained atoms:
     ibelly  =       0, ntr     =       0

Molecular dynamics:
     nstlim  =      5000, nscm    =      1000, nrespa  =         1
     t       =   0.00000, dt      =   0.00100, vlimit  =  20.00000

Langevin dynamics temperature regulation:
     ig      =  149246
     temp0   = 310.00000, tempi   =   1.00000, gamma_ln=   5.00000

Pressure regulation:
     ntp     =       1
     pres0   =   1.01325, comp    =  44.60000, taup    =   2.00000
     Monte-Carlo Barostat:
     mcbarint  =     100

SHAKE:
     ntc     =       2, jfastw  =       0
     tol     =   0.00001

Free energy options:
     icfe    =       1, ifsc    =       1, klambda =       1
     clambda =  0.0000, scalpha =  0.5000, scbeta  = 12.0000
     sceeorder =       2
     dynlmb =  0.0000 logdvdl =       0

| Intermolecular bonds treatment:
|     no_intermolecular_bonds =       1

| Energy averages sample interval:
|     ene_avg_sampling =     500

Ewald parameters:
     verbose =       0, ew_type =       0, nbflag  =       1, use_pme =       1
     vdwmeth =       1, eedmeth =       1, netfrc  =       1
     Box X =   50.755   Box Y =   50.932   Box Z =   50.124
     Alpha =   90.000   Beta  =   90.000   Gamma =   90.000
     NFFT1 =   56       NFFT2 =   56       NFFT3 =   56
     Cutoff=   10.000   Tol   =0.100E-04
     Ewald Coefficient =  0.27511
     Interpolation order =    4
     TI Mask 1 :L0; matches     29 atoms
     TI Mask 2 :L1; matches     29 atoms
     TI region 1:    9956 atoms
     TI region 2:    9956 atoms
     SC Mask 1 :L0@S2, C10, C11, H6, N3, C12, H7, C13, H8, N4; matches     10 atoms
     SC Mask 2 :L1@O, C11, C10, H11, C12, H13, C13, H14, N3, H12; matches     10 atoms
 Noshake mask :L0, L1; matches      58 atoms.
| MONTE CARLO BAROSTAT IMPORTANT NOTE:
|   The Monte-Carlo barostat does not require the virial to adjust the system volume.
|   Since it is an expensive calculation, it is skipped for efficiency. A side-effect
|   is that the reported pressure is always 0 because it is not calculated.

--------------------------------------------------------------------------------
   3.  ATOMIC COORDINATES AND VELOCITIES
--------------------------------------------------------------------------------

default_name                                                                    
 begin time read from input coords =     0.000 ps

 
     Molecule     1 is partially softcore
     Molecule     2 is partially softcore
 Number of triangulated 3-point waters found:     3309
   Removing shake constraints from C13   L0    1 -- H8    L0    1
   Removing shake constraints from C12   L0    1 -- H7    L0    1
   Removing shake constraints from C11   L0    1 -- H6    L0    1
   Removing shake constraints from C7    L0    1 -- H4    L0    1
   Removing shake constraints from C7    L0    1 -- H5    L0    1
   Removing shake constraints from C4    L0    1 -- H3    L0    1
   Removing shake constraints from C3    L0    1 -- H2    L0    1
   Removing shake constraints from C2    L0    1 -- H1    L0    1
   Removing shake constraints from N3    L1    2 -- H12   L1    2
   Removing shake constraints from C13   L1    2 -- H14   L1    2
   Removing shake constraints from C12   L1    2 -- H13   L1    2
   Removing shake constraints from C10   L1    2 -- H11   L1    2
   Removing shake constraints from C7    L1    2 -- H4    L1    2
   Removing shake constraints from C7    L1    2 -- H5    L1    2
   Removing shake constraints from C4    L1    2 -- H3    L1    2
   Removing shake constraints from C3    L1    2 -- H2    L1    2
   Removing shake constraints from C2    L1    2 -- H1    L1    2
 Number of shake restraints removed in TI region  1 :        8
 Number of shake restraints removed in TI region  2 :        9

     Sum of charges for TI region  1 =   0.00200000
     Skip neutralizing charges...


     Sum of charges for TI region  2 =   0.00100000
     Skip neutralizing charges...

| Dynamic Memory, Types Used:
| Reals              653248
| Integers           420398

| Nonbonded Pairs Initial Allocation:     3020212

| GPU memory information (estimate):
| KB of GPU memory in use:     79398
| KB of CPU memory in use:     25158

--------------------------------------------------------------------------------
   4.  RESULTS
--------------------------------------------------------------------------------

   DOF for the SC part  1 of the system:   30
   DOF for the SC part  2 of the system:   30

| TI region  1


 NSTEP =        0   TIME(PS) =       0.000  TEMP(K) =     1.49  PRESS =     0.0
 Etot   =    -29225.5095  EKtot   =        29.5826  EPtot      =    -29255.0921
 BOND   =         0.2897  ANGLE   =         0.9145  DIHED      =         4.6263
 1-4 NB =         3.8973  1-4 EEL =         6.1752  VDWAALS    =      2063.9668
 EELEC  =    -31334.9619  EHBOND  =         0.0000  RESTRAINT  =         0.0000
 EKCMT  =         0.0000  VIRIAL  =         0.0000  VOLUME     =    129573.7139
                                                    Density    =         0.7686
 DV/DL  =         8.5777
 ------------------------------------------------------------------------------

  Softcore part of the system:      10 atoms,       TEMP(K)    =           2.27
 SC_Etot=        74.1963  SC_EKtot=         0.0676  SC_EPtot   =        74.1287
 SC_BOND=         3.2856  SC_ANGLE=         6.6664  SC_DIHED   =         2.5916
 SC_14NB=         4.9795  SC_14EEL=        53.3659  SC_VDW     =        -0.3638
 SC_EEL =         3.6035
 SC_RES_DIST=     0.0000  SC_RES_ANG=       0.0000  SC_RES_TORS=         0.0000
 SC_EEL_DER=     -0.0453  SC_VDW_DER=      -0.2893  SC_DERIV   =        -0.3346
 ------------------------------------------------------------------------------


| TI region  2


 NSTEP =        0   TIME(PS) =       0.000  TEMP(K) =     1.49  PRESS =     0.0
 Etot   =    -29225.4996  EKtot   =        29.5925  EPtot      =    -29255.0921
 BOND   =         0.2897  ANGLE   =         0.9145  DIHED      =         4.6263
 1-4 NB =         3.8973  1-4 EEL =         6.1752  VDWAALS    =      2063.9668
 EELEC  =    -31334.9619  EHBOND  =         0.0000  RESTRAINT  =         0.0000
 EKCMT  =         0.0000  VIRIAL  =         0.0000  VOLUME     =    129573.7139
                                                    Density    =         0.7682
 DV/DL  =         8.5777
 ------------------------------------------------------------------------------

  Softcore part of the system:      10 atoms,       TEMP(K)    =           2.52
 SC_Etot=        19.0642  SC_EKtot=         0.0750  SC_EPtot   =        18.9892
 SC_BOND=         1.4729  SC_ANGLE=        17.3600  SC_DIHED   =         7.1033
 SC_14NB=        -0.1756  SC_14EEL=        -2.9979  SC_VDW     =        -0.1054
 SC_EEL =        -3.6682
 SC_RES_DIST=     0.0000  SC_RES_ANG=       0.0000  SC_RES_TORS=         0.0000
 SC_EEL_DER=     -0.0453  SC_VDW_DER=      -0.2893  SC_DERIV   =        -0.3346
 ------------------------------------------------------------------------------


| TI region  1


 NSTEP =      500   TIME(PS) =       0.500  TEMP(K) =   300.49  PRESS =     0.0
 Etot   =    -24179.7936  EKtot   =      5952.1161  EPtot      =    -30131.9097
 BOND   =         6.7678  ANGLE   =         6.7669  DIHED      =         4.4698
 1-4 NB =         4.5204  1-4 EEL =         6.6045  VDWAALS    =      4698.8619
 EELEC  =    -34859.9011  EHBOND  =         0.0000  RESTRAINT  =         0.0000
 EKCMT  =         0.0000  VIRIAL  =         0.0000  VOLUME     =    128873.0580
                                                    Density    =         0.7727
 DV/DL  =        24.7260
 ------------------------------------------------------------------------------

  Softcore part of the system:      10 atoms,       TEMP(K)    =         264.56
 SC_Etot=        92.2707  SC_EKtot=         7.8860  SC_EPtot   =        84.3847
 SC_BOND=         7.9137  SC_ANGLE=         8.9115  SC_DIHED   =         8.1333
 SC_14NB=         3.6803  SC_14EEL=        52.4211  SC_VDW     =        -0.3510
 SC_EEL =         3.6757
 SC_RES_DIST=     0.0000  SC_RES_ANG=       0.0000  SC_RES_TORS=         0.0000
 SC_EEL_DER=     11.8246  SC_VDW_DER=      -2.2391  SC_DERIV   =         9.5854
 ------------------------------------------------------------------------------


| TI region  2


 NSTEP =      500   TIME(PS) =       0.500  TEMP(K) =   300.39  PRESS =     0.0
 Etot   =    -24181.6242  EKtot   =      5950.2855  EPtot      =    -30131.9097
 BOND   =         6.7678  ANGLE   =         6.7669  DIHED      =         4.4698
 1-4 NB =         4.5204  1-4 EEL =         6.6045  VDWAALS    =      4698.8619
 EELEC  =    -34859.9011  EHBOND  =         0.0000  RESTRAINT  =         0.0000
 EKCMT  =         0.0000  VIRIAL  =         0.0000  VOLUME     =    128873.0580
                                                    Density    =         0.7724
 DV/DL  =        24.7260
 ------------------------------------------------------------------------------

  Softcore part of the system:      10 atoms,       TEMP(K)    =         203.15
 SC_Etot=        28.2837  SC_EKtot=         6.0554  SC_EPtot   =        22.2284
 SC_BOND=         4.3938  SC_ANGLE=        18.9045  SC_DIHED   =         5.4587
 SC_14NB=        -0.0965  SC_14EEL=        -2.4813  SC_VDW     =        -0.1026
 SC_EEL =        -3.8483
 SC_RES_DIST=     0.0000  SC_RES_ANG=       0.0000  SC_RES_TORS=         0.0000
 SC_EEL_DER=     11.8246  SC_VDW_DER=      -2.2391  SC_DERIV   =         9.5854
 ------------------------------------------------------------------------------


| TI region  1


 NSTEP =     1000   TIME(PS) =       1.000  TEMP(K) =   309.69  PRESS =     0.0
 Etot   =    -23791.1177  EKtot   =      6134.4344  EPtot      =    -29925.5521
 BOND   =         5.0493  ANGLE   =         6.8190  DIHED      =         3.1372
 1-4 NB =         4.0091  1-4 EEL =         5.4536  VDWAALS    =      4671.9714
 EELEC  =    -34621.9917  EHBOND  =         0.0000  RESTRAINT  =         0.0000
 EKCMT  =         0.0000  VIRIAL  =         0.0000  VOLUME     =    126964.4558
                                                    Density    =         0.7843
 DV/DL  =        33.5443
 ------------------------------------------------------------------------------

  Softcore part of the system:      10 atoms,       TEMP(K)    =         471.55
 SC_Etot=        95.6420  SC_EKtot=        14.0560  SC_EPtot   =        81.5860
 SC_BOND=         6.1262  SC_ANGLE=         8.7257  SC_DIHED   =         4.4956
 SC_14NB=         5.1362  SC_14EEL=        53.8772  SC_VDW     =        -0.3487
 SC_EEL =         3.5739
 SC_RES_DIST=     0.0000  SC_RES_ANG=       0.0000  SC_RES_TORS=         0.0000
 SC_EEL_DER=     21.9042  SC_VDW_DER=      -6.7834  SC_DERIV   =        15.1208
 ------------------------------------------------------------------------------


| TI region  2


 NSTEP =     1000   TIME(PS) =       1.000  TEMP(K) =   309.33  PRESS =     0.0
 Etot   =    -23798.3127  EKtot   =      6127.2394  EPtot      =    -29925.5521
 BOND   =         5.0493  ANGLE   =         6.8190  DIHED      =         3.1372
 1-4 NB =         4.0091  1-4 EEL =         5.4536  VDWAALS    =      4671.9714
 EELEC  =    -34621.9917  EHBOND  =         0.0000  RESTRAINT  =         0.0000
 EKCMT  =         0.0000  VIRIAL  =         0.0000  VOLUME     =    126964.4558
                                                    Density    =         0.7840
 DV/DL  =        33.5443
 ------------------------------------------------------------------------------

  Softcore part of the system:      10 atoms,       TEMP(K)    =         230.17
 SC_Etot=        23.6606  SC_EKtot=         6.8610  SC_EPtot   =        16.7996
 SC_BOND=         2.1271  SC_ANGLE=        17.7900  SC_DIHED   =         3.4553
 SC_14NB=         0.1256  SC_14EEL=        -2.5928  SC_VDW     =         0.0392
 SC_EEL =        -4.1448
 SC_RES_DIST=     0.0000  SC_RES_ANG=       0.0000  SC_RES_TORS=         0.0000
 SC_EEL_DER=     21.9042  SC_VDW_DER=      -6.7834  SC_DERIV   =        15.1208
 ------------------------------------------------------------------------------


| TI region  1


 NSTEP =     1500   TIME(PS) =       1.500  TEMP(K) =   309.23  PRESS =     0.0
 Etot   =    -23718.7995  EKtot   =      6125.2714  EPtot      =    -29844.0709
 BOND   =         6.0985  ANGLE   =         8.0739  DIHED      =         1.3758
 1-4 NB =         4.1212  1-4 EEL =         5.7155  VDWAALS    =      4716.5459
 EELEC  =    -34586.0016  EHBOND  =         0.0000  RESTRAINT  =         0.0000
 EKCMT  =         0.0000  VIRIAL  =         0.0000  VOLUME     =    125717.9850
                                                    Density    =         0.7921
 DV/DL  =        37.5770
 ------------------------------------------------------------------------------

  Softcore part of the system:      10 atoms,       TEMP(K)    =         424.22
 SC_Etot=        98.1845  SC_EKtot=        12.6452  SC_EPtot   =        85.5393
 SC_BOND=         9.4114  SC_ANGLE=         8.6741  SC_DIHED   =         5.8302
 SC_14NB=         5.2200  SC_14EEL=        53.2017  SC_VDW     =        -0.3608
 SC_EEL =         3.5628
 SC_RES_DIST=     0.0000  SC_RES_ANG=       0.0000  SC_RES_TORS=         0.0000
 SC_EEL_DER=     24.4351  SC_VDW_DER=      -6.1601  SC_DERIV   =        18.2750
 ------------------------------------------------------------------------------


| TI region  2


 NSTEP =     1500   TIME(PS) =       1.500  TEMP(K) =   309.06  PRESS =     0.0
 Etot   =    -23722.1289  EKtot   =      6121.9420  EPtot      =    -29844.0709
 BOND   =         6.0985  ANGLE   =         8.0739  DIHED      =         1.3758
 1-4 NB =         4.1212  1-4 EEL =         5.7155  VDWAALS    =      4716.5459
 EELEC  =    -34586.0016  EHBOND  =         0.0000  RESTRAINT  =         0.0000
 EKCMT  =         0.0000  VIRIAL  =         0.0000  VOLUME     =    125717.9850
                                                    Density    =         0.7917
 DV/DL  =        37.5770
 ------------------------------------------------------------------------------

  Softcore part of the system:      10 atoms,       TEMP(K)    =         312.53
 SC_Etot=        23.9619  SC_EKtot=         9.3158  SC_EPtot   =        14.6462
 SC_BOND=         3.3794  SC_ANGLE=        13.9519  SC_DIHED   =         4.1744
 SC_14NB=        -0.0177  SC_14EEL=        -2.7853  SC_VDW     =        -0.0556
 SC_EEL =        -4.0010
 SC_RES_DIST=     0.0000  SC_RES_ANG=       0.0000  SC_RES_TORS=         0.0000
 SC_EEL_DER=     24.4351  SC_VDW_DER=      -6.1601  SC_DERIV   =        18.2750
 ------------------------------------------------------------------------------


| TI region  1


 NSTEP =     2000   TIME(PS) =       2.000  TEMP(K) =   304.73  PRESS =     0.0
 Etot   =    -24006.2459  EKtot   =      6036.1353  EPtot      =    -30042.3813
 BOND   =         5.0095  ANGLE   =         4.4701  DIHED      =         3.0595
 1-4 NB =         4.3521  1-4 EEL =         4.9503  VDWAALS    =      4887.1153
 EELEC  =    -34951.3380  EHBOND  =         0.0000  RESTRAINT  =         0.0000
 EKCMT  =         0.0000  VIRIAL  =         0.0000  VOLUME     =    124589.8904
                                                    Density    =         0.7993
 DV/DL  =        42.3703
 ------------------------------------------------------------------------------

  Softcore part of the system:      10 atoms,       TEMP(K)    =         395.83
 SC_Etot=        93.8858  SC_EKtot=        11.7988  SC_EPtot   =        82.0871
 SC_BOND=         5.8068  SC_ANGLE=         7.9226  SC_DIHED   =         7.0076
 SC_14NB=         4.7240  SC_14EEL=        53.3678  SC_VDW     =        -0.3529
 SC_EEL =         3.6113
 SC_RES_DIST=     0.0000  SC_RES_ANG=       0.0000  SC_RES_TORS=         0.0000
 SC_EEL_DER=     38.9369  SC_VDW_DER=     -18.2330  SC_DERIV   =        20.7039
 ------------------------------------------------------------------------------


| TI region  2


 NSTEP =     2000   TIME(PS) =       2.000  TEMP(K) =   304.50  PRESS =     0.0
 Etot   =    -24010.7241  EKtot   =      6031.6571  EPtot      =    -30042.3813
 BOND   =         5.0095  ANGLE   =         4.4701  DIHED      =         3.0595
 1-4 NB =         4.3521  1-4 EEL =         4.9503  VDWAALS    =      4887.1153
 EELEC  =    -34951.3380  EHBOND  =         0.0000  RESTRAINT  =         0.0000
 EKCMT  =         0.0000  VIRIAL  =         0.0000  VOLUME     =    124589.8904
                                                    Density    =         0.7989
 DV/DL  =        42.3703
 ------------------------------------------------------------------------------

  Softcore part of the system:      10 atoms,       TEMP(K)    =         245.59
 SC_Etot=        32.7061  SC_EKtot=         7.3205  SC_EPtot   =        25.3856
 SC_BOND=         9.1312  SC_ANGLE=        19.2862  SC_DIHED   =         3.7376
 SC_14NB=        -0.0516  SC_14EEL=        -2.7841  SC_VDW     =        -0.0497
 SC_EEL =        -3.8839
 SC_RES_DIST=     0.0000  SC_RES_ANG=       0.0000  SC_RES_TORS=         0.0000
 SC_EEL_DER=     38.9369  SC_VDW_DER=     -18.2330  SC_DERIV   =        20.7039
 ------------------------------------------------------------------------------


| TI region  1


 NSTEP =     2500   TIME(PS) =       2.500  TEMP(K) =   307.81  PRESS =     0.0
 Etot   =    -23952.8655  EKtot   =      6097.1632  EPtot      =    -30050.0287
 BOND   =         6.4908  ANGLE   =         8.9948  DIHED      =         3.5966
 1-4 NB =         3.7251  1-4 EEL =         5.9597  VDWAALS    =      4515.4969
 EELEC  =    -34594.2926  EHBOND  =         0.0000  RESTRAINT  =         0.0000
 EKCMT  =         0.0000  VIRIAL  =         0.0000  VOLUME     =    122006.7533
                                                    Density    =         0.8162
 DV/DL  =        44.0368
 ------------------------------------------------------------------------------

  Softcore part of the system:      10 atoms,       TEMP(K)    =         210.59
 SC_Etot=        90.4497  SC_EKtot=         6.2771  SC_EPtot   =        84.1726
 SC_BOND=         7.7019  SC_ANGLE=         7.9423  SC_DIHED   =         7.0752
 SC_14NB=         5.1445  SC_14EEL=        53.0728  SC_VDW     =        -0.3809
 SC_EEL =         3.6168
 SC_RES_DIST=     0.0000  SC_RES_ANG=       0.0000  SC_RES_TORS=         0.0000
 SC_EEL_DER=     26.3987  SC_VDW_DER=      -4.8451  SC_DERIV   =        21.5536
 ------------------------------------------------------------------------------


| TI region  2


 NSTEP =     2500   TIME(PS) =       2.500  TEMP(K) =   307.85  PRESS =     0.0
 Etot   =    -23952.0718  EKtot   =      6097.9569  EPtot      =    -30050.0287
 BOND   =         6.4908  ANGLE   =         8.9948  DIHED      =         3.5966
 1-4 NB =         3.7251  1-4 EEL =         5.9597  VDWAALS    =      4515.4969
 EELEC  =    -34594.2926  EHBOND  =         0.0000  RESTRAINT  =         0.0000
 EKCMT  =         0.0000  VIRIAL  =         0.0000  VOLUME     =    122006.7533
                                                    Density    =         0.8158
 DV/DL  =        44.0368
 ------------------------------------------------------------------------------

  Softcore part of the system:      10 atoms,       TEMP(K)    =         237.21
 SC_Etot=        26.7880  SC_EKtot=         7.0708  SC_EPtot   =        19.7172
 SC_BOND=         3.9723  SC_ANGLE=        20.9563  SC_DIHED   =         2.4248
 SC_14NB=        -0.0595  SC_14EEL=        -3.0818  SC_VDW     =        -0.0740
 SC_EEL =        -4.4208
 SC_RES_DIST=     0.0000  SC_RES_ANG=       0.0000  SC_RES_TORS=         0.0000
 SC_EEL_DER=     26.3987  SC_VDW_DER=      -4.8451  SC_DERIV   =        21.5536
 ------------------------------------------------------------------------------


| TI region  1


 NSTEP =     3000   TIME(PS) =       3.000  TEMP(K) =   313.89  PRESS =     0.0
 Etot   =    -23832.7049  EKtot   =      6217.5830  EPtot      =    -30050.2878
 BOND   =         6.3565  ANGLE   =         8.8509  DIHED      =         3.8165
 1-4 NB =         3.3520  1-4 EEL =         5.3353  VDWAALS    =      4656.9581
 EELEC  =    -34734.9570  EHBOND  =         0.0000  RESTRAINT  =         0.0000
 EKCMT  =         0.0000  VIRIAL  =         0.0000  VOLUME     =    120291.9316
                                                    Density    =         0.8279
 DV/DL  =        45.9383
 ------------------------------------------------------------------------------

  Softcore part of the system:      10 atoms,       TEMP(K)    =         279.46
 SC_Etot=        94.4993  SC_EKtot=         8.3300  SC_EPtot   =        86.1693
 SC_BOND=         8.7621  SC_ANGLE=         7.3580  SC_DIHED   =         4.9113
 SC_14NB=         7.2990  SC_14EEL=        54.6113  SC_VDW     =        -0.3975
 SC_EEL =         3.6251
 SC_RES_DIST=     0.0000  SC_RES_ANG=       0.0000  SC_RES_TORS=         0.0000
 SC_EEL_DER=     39.9704  SC_VDW_DER=     -15.9432  SC_DERIV   =        24.0272
 ------------------------------------------------------------------------------


| TI region  2


 NSTEP =     3000   TIME(PS) =       3.000  TEMP(K) =   314.07  PRESS =     0.0
 Etot   =    -23829.0657  EKtot   =      6221.2221  EPtot      =    -30050.2878
 BOND   =         6.3565  ANGLE   =         8.8509  DIHED      =         3.8165
 1-4 NB =         3.3520  1-4 EEL =         5.3353  VDWAALS    =      4656.9581
 EELEC  =    -34734.9570  EHBOND  =         0.0000  RESTRAINT  =         0.0000
 EKCMT  =         0.0000  VIRIAL  =         0.0000  VOLUME     =    120291.9316
                                                    Density    =         0.8275
 DV/DL  =        45.9383
 ------------------------------------------------------------------------------

  Softcore part of the system:      10 atoms,       TEMP(K)    =         401.54
 SC_Etot=        27.0792  SC_EKtot=        11.9692  SC_EPtot   =        15.1101
 SC_BOND=         3.3100  SC_ANGLE=        17.4945  SC_DIHED   =         1.3542
 SC_14NB=        -0.0867  SC_14EEL=        -3.0009  SC_VDW     =        -0.0924
 SC_EEL =        -3.8687
 SC_RES_DIST=     0.0000  SC_RES_ANG=       0.0000  SC_RES_TORS=         0.0000
 SC_EEL_DER=     39.9704  SC_VDW_DER=     -15.9432  SC_DERIV   =        24.0272
 ------------------------------------------------------------------------------


| TI region  1


 NSTEP =     3500   TIME(PS) =       3.500  TEMP(K) =   306.22  PRESS =     0.0
 Etot   =    -24162.5343  EKtot   =      6065.6521  EPtot      =    -30228.1863
 BOND   =         6.3599  ANGLE   =         6.5859  DIHED      =         2.0326
 1-4 NB =         3.6904  1-4 EEL =         5.3237  VDWAALS    =      4453.6540
 EELEC  =    -34705.8329  EHBOND  =         0.0000  RESTRAINT  =         0.0000
 EKCMT  =         0.0000  VIRIAL  =         0.0000  VOLUME     =    119715.8785
                                                    Density    =         0.8318
 DV/DL  =        56.4261
 ------------------------------------------------------------------------------

  Softcore part of the system:      10 atoms,       TEMP(K)    =         277.44
 SC_Etot=        94.2780  SC_EKtot=         8.2700  SC_EPtot   =        86.0080
 SC_BOND=         3.4182  SC_ANGLE=        13.9944  SC_DIHED   =         4.7312
 SC_14NB=         7.6011  SC_14EEL=        53.0727  SC_VDW     =        -0.3937
 SC_EEL =         3.5842
 SC_RES_DIST=     0.0000  SC_RES_ANG=       0.0000  SC_RES_TORS=         0.0000
 SC_EEL_DER=     39.7494  SC_VDW_DER=      -8.3000  SC_DERIV   =        31.4494
 ------------------------------------------------------------------------------


| TI region  2


 NSTEP =     3500   TIME(PS) =       3.500  TEMP(K) =   306.16  PRESS =     0.0
 Etot   =    -24163.7530  EKtot   =      6064.4333  EPtot      =    -30228.1863
 BOND   =         6.3599  ANGLE   =         6.5859  DIHED      =         2.0326
 1-4 NB =         3.6904  1-4 EEL =         5.3237  VDWAALS    =      4453.6540
 EELEC  =    -34705.8329  EHBOND  =         0.0000  RESTRAINT  =         0.0000
 EKCMT  =         0.0000  VIRIAL  =         0.0000  VOLUME     =    119715.8785
                                                    Density    =         0.8314
 DV/DL  =        56.4261
 ------------------------------------------------------------------------------

  Softcore part of the system:      10 atoms,       TEMP(K)    =         236.56
 SC_Etot=        26.9198  SC_EKtot=         7.0512  SC_EPtot   =        19.8685
 SC_BOND=         4.5894  SC_ANGLE=        16.2946  SC_DIHED   =         5.8906
 SC_14NB=         0.0043  SC_14EEL=        -2.8005  SC_VDW     =        -0.0828
 SC_EEL =        -4.0271
 SC_RES_DIST=     0.0000  SC_RES_ANG=       0.0000  SC_RES_TORS=         0.0000
 SC_EEL_DER=     39.7494  SC_VDW_DER=      -8.3000  SC_DERIV   =        31.4494
 ------------------------------------------------------------------------------


| TI region  1


 NSTEP =     4000   TIME(PS) =       4.000  TEMP(K) =   307.97  PRESS =     0.0
 Etot   =    -24212.6272  EKtot   =      6100.2970  EPtot      =    -30312.9241
 BOND   =         6.2659  ANGLE   =         4.9487  DIHED      =         5.2190
 1-4 NB =         4.8016  1-4 EEL =         4.9841  VDWAALS    =      4533.2946
 EELEC  =    -34872.4380  EHBOND  =         0.0000  RESTRAINT  =         0.0000
 EKCMT  =         0.0000  VIRIAL  =         0.0000  VOLUME     =    117559.1677
                                                    Density    =         0.8471
 DV/DL  =        60.1048
 ------------------------------------------------------------------------------

  Softcore part of the system:      10 atoms,       TEMP(K)    =         331.17
 SC_Etot=        87.2649  SC_EKtot=         9.8713  SC_EPtot   =        77.3936
 SC_BOND=         5.9636  SC_ANGLE=         6.1961  SC_DIHED   =         4.8487
 SC_14NB=         4.5562  SC_14EEL=        52.5968  SC_VDW     =        -0.3451
 SC_EEL =         3.5771
 SC_RES_DIST=     0.0000  SC_RES_ANG=       0.0000  SC_RES_TORS=         0.0000
 SC_EEL_DER=     53.6532  SC_VDW_DER=     -18.4073  SC_DERIV   =        35.2459
 ------------------------------------------------------------------------------


| TI region  2


 NSTEP =     4000   TIME(PS) =       4.000  TEMP(K) =   307.91  PRESS =     0.0
 Etot   =    -24213.7688  EKtot   =      6099.1553  EPtot      =    -30312.9241
 BOND   =         6.2659  ANGLE   =         4.9487  DIHED      =         5.2190
 1-4 NB =         4.8016  1-4 EEL =         4.9841  VDWAALS    =      4533.2946
 EELEC  =    -34872.4380  EHBOND  =         0.0000  RESTRAINT  =         0.0000
 EKCMT  =         0.0000  VIRIAL  =         0.0000  VOLUME     =    117559.1677
                                                    Density    =         0.8467
 DV/DL  =        60.1048
 ------------------------------------------------------------------------------

  Softcore part of the system:      10 atoms,       TEMP(K)    =         292.86
 SC_Etot=        40.1449  SC_EKtot=         8.7297  SC_EPtot   =        31.4152
 SC_BOND=         8.8836  SC_ANGLE=        24.0054  SC_DIHED   =         5.3592
 SC_14NB=        -0.0979  SC_14EEL=        -2.8812  SC_VDW     =        -0.0946
 SC_EEL =        -3.7594
 SC_RES_DIST=     0.0000  SC_RES_ANG=       0.0000  SC_RES_TORS=         0.0000
 SC_EEL_DER=     53.6532  SC_VDW_DER=     -18.4073  SC_DERIV   =        35.2459
 ------------------------------------------------------------------------------


| TI region  1


 NSTEP =     4500   TIME(PS) =       4.500  TEMP(K) =   314.13  PRESS =     0.0
 Etot   =    -24233.7982  EKtot   =      6222.3531  EPtot      =    -30456.1513
 BOND   =         4.5150  ANGLE   =         7.8003  DIHED      =         4.8709
 1-4 NB =         3.7391  1-4 EEL =         5.6715  VDWAALS    =      4478.6648
 EELEC  =    -34961.4129  EHBOND  =         0.0000  RESTRAINT  =         0.0000
 EKCMT  =         0.0000  VIRIAL  =         0.0000  VOLUME     =    117232.3224
                                                    Density    =         0.8495
 DV/DL  =        50.9151
 ------------------------------------------------------------------------------

  Softcore part of the system:      10 atoms,       TEMP(K)    =         225.18
 SC_Etot=        86.5601  SC_EKtot=         6.7123  SC_EPtot   =        79.8479
 SC_BOND=         2.1121  SC_ANGLE=         9.1534  SC_DIHED   =         5.7504
 SC_14NB=         6.0203  SC_14EEL=        53.5450  SC_VDW     =        -0.3860
 SC_EEL =         3.6527
 SC_RES_DIST=     0.0000  SC_RES_ANG=       0.0000  SC_RES_TORS=         0.0000
 SC_EEL_DER=     48.2167  SC_VDW_DER=     -17.0461  SC_DERIV   =        31.1706
 ------------------------------------------------------------------------------


| TI region  2


 NSTEP =     4500   TIME(PS) =       4.500  TEMP(K) =   314.37  PRESS =     0.0
 Etot   =    -24228.9415  EKtot   =      6227.2098  EPtot      =    -30456.1513
 BOND   =         4.5150  ANGLE   =         7.8003  DIHED      =         4.8709
 1-4 NB =         3.7391  1-4 EEL =         5.6715  VDWAALS    =      4478.6648
 EELEC  =    -34961.4129  EHBOND  =         0.0000  RESTRAINT  =         0.0000
 EKCMT  =         0.0000  VIRIAL  =         0.0000  VOLUME     =    117232.3224
                                                    Density    =         0.8491
 DV/DL  =        50.9151
 ------------------------------------------------------------------------------

  Softcore part of the system:      10 atoms,       TEMP(K)    =         388.12
 SC_Etot=        36.1440  SC_EKtot=        11.5690  SC_EPtot   =        24.5750
 SC_BOND=         7.6931  SC_ANGLE=        20.1658  SC_DIHED   =         3.1668
 SC_14NB=        -0.1388  SC_14EEL=        -2.8863  SC_VDW     =        -0.1045
 SC_EEL =        -3.3211
 SC_RES_DIST=     0.0000  SC_RES_ANG=       0.0000  SC_RES_TORS=         0.0000
 SC_EEL_DER=     48.2167  SC_VDW_DER=     -17.0461  SC_DERIV   =        31.1706
 ------------------------------------------------------------------------------


| TI region  1


 NSTEP =     5000   TIME(PS) =       5.000  TEMP(K) =   311.00  PRESS =     0.0
 Etot   =    -24246.5262  EKtot   =      6160.3288  EPtot      =    -30406.8550
 BOND   =         5.6265  ANGLE   =         7.1010  DIHED      =         2.7192
 1-4 NB =         3.9111  1-4 EEL =         6.0082  VDWAALS    =      4531.0185
 EELEC  =    -34963.2393  EHBOND  =         0.0000  RESTRAINT  =         0.0000
 EKCMT  =         0.0000  VIRIAL  =         0.0000  VOLUME     =    116099.3947
                                                    Density    =         0.8578
 DV/DL  =        26.2875
 ------------------------------------------------------------------------------

  Softcore part of the system:      10 atoms,       TEMP(K)    =         311.02
 SC_Etot=        93.8497  SC_EKtot=         9.2707  SC_EPtot   =        84.5790
 SC_BOND=         4.5261  SC_ANGLE=         7.8362  SC_DIHED   =        10.0329
 SC_14NB=         4.8631  SC_14EEL=        54.0274  SC_VDW     =        -0.3274
 SC_EEL =         3.6207
 SC_RES_DIST=     0.0000  SC_RES_ANG=       0.0000  SC_RES_TORS=         0.0000
 SC_EEL_DER=     15.5141  SC_VDW_DER=      -3.8080  SC_DERIV   =        11.7061
 ------------------------------------------------------------------------------


| TI region  2


 NSTEP =     5000   TIME(PS) =       5.000  TEMP(K) =   310.82  PRESS =     0.0
 Etot   =    -24249.9477  EKtot   =      6156.9073  EPtot      =    -30406.8550
 BOND   =         5.6265  ANGLE   =         7.1010  DIHED      =         2.7192
 1-4 NB =         3.9111  1-4 EEL =         6.0082  VDWAALS    =      4531.0185
 EELEC  =    -34963.2393  EHBOND  =         0.0000  RESTRAINT  =         0.0000
 EKCMT  =         0.0000  VIRIAL  =         0.0000  VOLUME     =    116099.3947
                                                    Density    =         0.8573
 DV/DL  =        26.2875
 ------------------------------------------------------------------------------

  Softcore part of the system:      10 atoms,       TEMP(K)    =         196.23
 SC_Etot=        21.6181  SC_EKtot=         5.8492  SC_EPtot   =        15.7689
 SC_BOND=         4.2769  SC_ANGLE=        14.0025  SC_DIHED   =         4.5499
 SC_14NB=        -0.0115  SC_14EEL=        -2.7635  SC_VDW     =         0.0330
 SC_EEL =        -4.3184
 SC_RES_DIST=     0.0000  SC_RES_ANG=       0.0000  SC_RES_TORS=         0.0000
 SC_EEL_DER=     15.5141  SC_VDW_DER=      -3.8080  SC_DERIV   =        11.7061
 ------------------------------------------------------------------------------


| TI region  1


      A V E R A G E S   O V E R      10 S T E P S


 NSTEP =     5000   TIME(PS) =       5.000  TEMP(K) =   308.51  PRESS =     0.0
 Etot   =    -24033.7013  EKtot   =      6111.1334  EPtot      =    -30144.8347
 BOND   =         5.8540  ANGLE   =         7.0411  DIHED      =         3.4297
 1-4 NB =         4.0222  1-4 EEL =         5.6006  VDWAALS    =      4614.3581
 EELEC  =    -34785.1405  EHBOND  =         0.0000  RESTRAINT  =         0.0000
 EKCMT  =         0.0000  VIRIAL  =         0.0000  VOLUME     =    121905.0837
                                                    Density    =         0.8179
 DV/DL  =        42.1926
 ------------------------------------------------------------------------------

  Softcore part of the system:      10 atoms,       TEMP(K)    =         319.10
 SC_Etot=        92.6885  SC_EKtot=         9.5117  SC_EPtot   =        83.1768
 SC_BOND=         6.1742  SC_ANGLE=         8.6714  SC_DIHED   =         6.2816
 SC_14NB=         5.4245  SC_14EEL=        53.3794  SC_VDW     =        -0.3644
 SC_EEL =         3.6100
 SC_RES_DIST=     0.0000  SC_RES_ANG=       0.0000  SC_RES_TORS=         0.0000
 SC_EEL_DER=     32.0603  SC_VDW_DER=     -10.1765  SC_DERIV   =        21.8838
 ------------------------------------------------------------------------------


      R M S  F L U C T U A T I O N S


 NSTEP =     5000   TIME(PS) =       5.000  TEMP(K) =     3.92  PRESS =     0.0
 Etot   =       189.9964  EKtot   =        77.5607  EPtot      =       191.8095
 BOND   =         0.7200  ANGLE   =         1.4163  DIHED      =         1.1591
 1-4 NB =         0.4141  1-4 EEL =         0.4788  VDWAALS    =       128.3131
 EELEC  =       146.6723  EHBOND  =         0.0000  RESTRAINT  =         0.0000
 EKCMT  =         0.0000  VIRIAL  =         0.0000  VOLUME     =      4215.7946
                                                    Density    =         0.0281
 DV/DL  =        11.2745
 ------------------------------------------------------------------------------

  Softcore part of the system:      10 atoms,       TEMP(K)    =          82.02
 SC_Etot=         3.4594  SC_EKtot=         2.4447  SC_EPtot   =         2.7425
 SC_BOND=         2.2256  SC_ANGLE=         1.9562  SC_DIHED   =         1.6932
 SC_14NB=         1.1581  SC_14EEL=         0.6295  SC_VDW     =         0.0224
 SC_EEL =         0.0344
 SC_RES_DIST=     0.0000  SC_RES_ANG=       0.0000  SC_RES_TORS=         0.0000
 SC_EEL_DER=     13.3149  SC_VDW_DER=       6.1339  SC_DERIV   =         8.2218
 ------------------------------------------------------------------------------


| TI region  2


      A V E R A G E S   O V E R      10 S T E P S


 NSTEP =     5000   TIME(PS) =       5.000  TEMP(K) =   308.45  PRESS =     0.0
 Etot   =    -24035.0338  EKtot   =      6109.8009  EPtot      =    -30144.8347
 BOND   =         5.8540  ANGLE   =         7.0411  DIHED      =         3.4297
 1-4 NB =         4.0222  1-4 EEL =         5.6006  VDWAALS    =      4614.3581
 EELEC  =    -34785.1405  EHBOND  =         0.0000  RESTRAINT  =         0.0000
 EKCMT  =         0.0000  VIRIAL  =         0.0000  VOLUME     =    121905.0837
                                                    Density    =         0.8175
 DV/DL  =        42.1926
 ------------------------------------------------------------------------------

  Softcore part of the system:      10 atoms,       TEMP(K)    =         274.40
 SC_Etot=        28.7306  SC_EKtot=         8.1792  SC_EPtot   =        20.5515
 SC_BOND=         5.1757  SC_ANGLE=        18.2852  SC_DIHED   =         3.9571
 SC_14NB=        -0.0430  SC_14EEL=        -2.8058  SC_VDW     =        -0.0584
 SC_EEL =        -3.9593
 SC_RES_DIST=     0.0000  SC_RES_ANG=       0.0000  SC_RES_TORS=         0.0000
 SC_EEL_DER=     32.0603  SC_VDW_DER=     -10.1765  SC_DERIV   =        21.8838
 ------------------------------------------------------------------------------


      R M S  F L U C T U A T I O N S


 NSTEP =     5000   TIME(PS) =       5.000  TEMP(K) =     4.00  PRESS =     0.0
 Etot   =       189.1123  EKtot   =        79.2045  EPtot      =       191.8095
 BOND   =         0.7200  ANGLE   =         1.4163  DIHED      =         1.1591
 1-4 NB =         0.4141  1-4 EEL =         0.4788  VDWAALS    =       128.3131
 EELEC  =       146.6723  EHBOND  =         0.0000  RESTRAINT  =         0.0000
 EKCMT  =         0.0000  VIRIAL  =         0.0000  VOLUME     =      4215.7946
                                                    Density    =         0.0281
 DV/DL  =        11.2745
 ------------------------------------------------------------------------------

  Softcore part of the system:      10 atoms,       TEMP(K)    =          69.05
 SC_Etot=         5.5683  SC_EKtot=         2.0583  SC_EPtot   =         5.1282
 SC_BOND=         2.3440  SC_ANGLE=         2.9450  SC_DIHED   =         1.3567
 SC_14NB=         0.0704  SC_14EEL=         0.1673  SC_VDW     =         0.0503
 SC_EEL =         0.2926
 SC_RES_DIST=     0.0000  SC_RES_ANG=       0.0000  SC_RES_TORS=         0.0000
 SC_EEL_DER=     13.3149  SC_VDW_DER=       6.1339  SC_DERIV   =         8.2218
 ------------------------------------------------------------------------------


      DV/DL, AVERAGES OVER      10 STEPS


 NSTEP =     5000   TIME(PS) =       5.000  TEMP(K) =     4.00  PRESS =     0.0
 Etot   =         0.0000  EKtot   =         0.0000  EPtot      =         0.0000
 BOND   =         0.0000  ANGLE   =         0.0000  DIHED      =        -0.0012
 1-4 NB =        -0.0496  1-4 EEL =        17.2857  VDWAALS    =        -0.6085
 EELEC  =         3.6824  EHBOND  =         0.0000  RESTRAINT  =         0.0000
 EKCMT  =         0.0000  VIRIAL  =         0.0000  VOLUME     =         0.0000
                                                    Density    =         0.0000
 ------------------------------------------------------------------------------

| MC Barostat:         50 volume changes attempted.
| MC Barostat:         27 changes successful ( 54.00%)
 ------------------------------------------------------------------------------

--------------------------------------------------------------------------------
   5.  TIMINGS
--------------------------------------------------------------------------------

|  NonSetup CPU Time in Major Routines:
|
|     Routine           Sec        %
|     ------------------------------
|     Nonbond           1.03   38.19
|     Bond              0.00    0.00
|     Angle             0.00    0.00
|     Dihedral          0.00    0.00
|     Shake             0.03    1.08
|     RunMD             1.59   58.84
|     Other             0.05    1.89
|     ------------------------------
|     Total             2.70

|  PME Nonbond Pairlist CPU Time:
|
|     Routine              Sec        %
|     ---------------------------------
|     Set Up Cit           0.00    0.00
|     Build List           0.00    0.00
|     ---------------------------------
|     Total                0.00    0.00

|  PME Direct Force CPU Time:
|
|     Routine              Sec        %
|     ---------------------------------
|     NonBonded Calc       0.00    0.00
|     Exclude Masked       0.00    0.00
|     Other                0.01    0.42
|     ---------------------------------
|     Total                0.01    0.42

|  PME Reciprocal Force CPU Time:
|
|     Routine              Sec        %
|     ---------------------------------
|     1D bspline           0.00    0.00
|     Grid Charges         0.00    0.00
|     Scalar Sum           0.00    0.00
|     Gradient Sum         0.00    0.00
|     FFT                  0.00    0.00
|     ---------------------------------
|     Total                0.00    0.00

|  Final Performance Info:
|     -----------------------------------------------------
|     Average timings for last    5000 steps:
|     Elapsed(s) =       2.73 Per Step(ms) =       0.55
|         ns/day =     158.48   seconds/ns =     545.16
|
|     Average timings for all steps:
|     Elapsed(s) =       2.73 Per Step(ms) =       0.55
|         ns/day =     158.48   seconds/ns =     545.16
|     -----------------------------------------------------

|  Setup CPU time:            1.13 seconds
|  NonSetup CPU time:         2.70 seconds
|  Total CPU time:            3.83 seconds     0.00 hours

|  Setup wall time:           1    seconds
|  NonSetup wall time:        3    seconds
|  Total wall time:           4    seconds     0.00 hours
