
          -------------------------------------------------------
          Amber 20 PMEMD                              2020
          -------------------------------------------------------

| PMEMD implementation of SANDER, Release 18

|  Compiled date/time: Mon Apr 27 18:19:54 2020
| Run on 01/25/2022 at 16:27:22

|   Executable path: /cm/shared/apps/amber20/bin/pmemd.cuda
| Working directory: /data/bella/piezo/charmm-gui-4149384590/TI/1-dooku/ligand/concerted/t03/0.2063
|          Hostname: node001

  [-O]verwriting output

File Assignments:
|   MDIN: ti001.eq.in                                                           
|  MDOUT: ti001.eq.out                                                          
| INPCRD: ti001.min.rst7                                                        
|   PARM: ../concerted.parm7                                                    
| RESTRT: ti001.eq.rst7                                                         
|   REFC: refc                                                                  
|  MDVEL: mdvel                                                                 
|   MDEN: ti001.eq.en                                                           
|  MDCRD: ti001.eq.nc                                                           
| MDINFO: ti001.eq.info                                                         
|  MDFRC: mdfrc                                                                 


 Here is the input file:

Heating                                                                        
 &cntrl                                                                        
                                                                               
! simulation                                                                   
imin = 0,                 ! flag to run minization (0=false)                   
ntmin = 2,                ! mini algorithm. 2=steepest                         
nstlim = 5000,            ! number of MD steps                                 
irest = 0,                ! flag to restart simulation                         
ntx = 1,                  ! option to read from inpcrd file                    
ntxo = 1,                 ! read/write rst as formatted file                   
dt = 0.001,               ! timestep (1fs)                                     
ntb = 2,              ! specify PBC type                                       
                                                                               
! thermostate                                                                  
ntt = 3,                  ! switch for time scaling (3=Langevin)               
tempi = 1.0,                                                                   
temp0 = 310,            ! reference temperature (if ntt>0)                     
gamma_ln = 5.0,           ! collision frequency for ntt=3                      
ig = -1,                  ! seed for Random Number Generator (RNG) (use -1 with
! barostate                                                                    
ntp = 1,                  ! constant pressure dynamics (1=do scaling)          
barostat = 2,             ! barostat to use (2=Monte Carlo)                    
mcbarint = 100,           ! volume change attempt every n steps                
pres0 = 1.01325,          ! referenve pressure (in bars)                       
taup = 2.0,               ! pressure relation time (in ps)                     
                                                                               
! output                                                                       
ioutfm = 1,               ! film fromat (1=binary NetCDF)                      
iwrap = 0,                ! wrap coordination into primary box (1=do)          
ntwe = 1000,              ! write to .mden every n steps                       
ntwx = 1000,              ! write to .mdcrd every n steps                      
ntpr = 500,               ! write energies to .mdout/.mdinfo every n steps     
ntwr = 1000,              ! write rstrt file every n steps                     
                                                                               
! alchemical free energy                                                       
cut = 10.0                                                                     
ntc = 2,                  ! SHAKE bond length constraints (2=H-atom)           
ntf = 1,                  ! force evaluation (1=evalute all)                   
noshakemask = ':L0, L1',     ! remove SHAKE from perturbed regions             
                                                                               
icfe = 1,                 ! turn on free energy calculation                    
ifsc = 1,                 ! use softcore parameters (0=undo)                   
clambda = 0.2063,           ! current lambda                                   
timask1 = ':L0',           ! specify atoms unique to V_0                       
timask2 = ':L1',           ! specify atoms unique to V_1                       
scmask1 = ':L0@S2, C10, C11, H6, N3, C12, H7, C13, H8, N4',                    
                      ! specify the unique atoms for V0                        
scmask2 = ':L1@O, C11, C10, H11, C12, H13, C13, H14, N3, H12',                 
                      ! specify the unique atoms for V1                        
vlimit = 20                                                                    
 /                                                                             
 &ewald                                                                        
 /                                                                             
                                                                               
&wt type='TEMP0', istep1=1, istep2=5000, value1=1.0, value2=300 &end           
&wt type='END' &end                                                            


Note: ig = -1. Setting random seed to   126327 based on wallclock time in 
      microseconds.
| irandom = 1, using AMBER's internal random number generator (default).
 
|--------------------- INFORMATION ----------------------
| GPU (CUDA) Version of PMEMD in use: NVIDIA GPU IN USE.
|                    Version 18.0.0
| 
|                      03/25/2018
| 
| Implementation by:
|                    Ross C. Walker     (SDSC)
|                    Scott Le Grand     (nVIDIA)
| 
| Version 18 performance extensions by:
|                    David Cerutti     (Rutgers)
| 
| Precision model in use:
|      [SPFP] - Single Precision Forces, 64-bit Fixed Point
|               Accumulation. (Default)
| 
|--------------------------------------------------------
 
|----------------- CITATION INFORMATION -----------------
|
|    When publishing work that utilized the CUDA version
|    of AMBER, please cite the following in addition to
|    the regular AMBER citations:
|
|  - Romelia Salomon-Ferrer; Andreas W. Goetz; Duncan
|    Poole; Scott Le Grand; Ross C. Walker "Routine
|    microsecond molecular dynamics simulations with
|    AMBER - Part II: Particle Mesh Ewald", J. Chem.
|    Theory Comput., 2013, 9 (9), pp3878-3888,
|    DOI: 10.1021/ct400314y.
|
|  - Andreas W. Goetz; Mark J. Williamson; Dong Xu;
|    Duncan Poole; Scott Le Grand; Ross C. Walker
|    "Routine microsecond molecular dynamics simulations
|    with AMBER - Part I: Generalized Born", J. Chem.
|    Theory Comput., 2012, 8 (5), pp1542-1555.
|
|  - Scott Le Grand; Andreas W. Goetz; Ross C. Walker
|    "SPFP: Speed without compromise - a mixed precision
|    model for GPU accelerated molecular dynamics
|    simulations.", Comp. Phys. Comm., 2013, 184
|    pp374-380, DOI: 10.1016/j.cpc.2012.09.022
|
|    When publishing work that utilized the CUDA version
|    of TI, BAR, MBAR or FEP please cite the following 
|    publications in addition to the regular AMBER 
|    GPU citations:
|
|  - Daniel J. Mermelstein; Charles Lin; Gard Nelson; 
|    Rachael Kretsch; J. Andrew McCammon; Ross C. Walker
|    "Fast and Flexible GPU Accelerated Binding 
|    Free Energy Calculations within the AMBER Molecular
|    Dynamics Package" J. Comp. Chem., 2018,
|    DOI: 10.1002/jcc.25187
|
|  - Tai-Sung Lee; Yuan Hu; Brad Sherborne; Zhuyan Guo;
|    Darrin M. York
|    "Toward Fast and Accurate Binding Affinity Prediction with
|    pmemdGTI: An Efficient Implementation of GPU-Accelerated
|    Thermodynamic Integration"
|    J. Chem. Theory Comput., 2017, 13 (7), 3077
|
|
|--------------------------------------------------------
 
|------------------- GPU DEVICE INFO --------------------
|
|            CUDA_VISIBLE_DEVICES: 3
|   CUDA Capable Devices Detected:      1
|           CUDA Device ID in use:      0
|                CUDA Device Name: GeForce RTX 2080 Ti
|     CUDA Device Global Mem Size:  11019 MB
| CUDA Device Num Multiprocessors:     68
|           CUDA Device Core Freq:   1.54 GHz
|
|--------------------------------------------------------
 
 
| Conditional Compilation Defines Used:
| PUBFFT
| BINTRAJ
| CUDA
| EMIL

| Largest sphere to fit in unit cell has radius =    25.062

| New format PARM file being parsed.
| Version =    1.000 Date = 01/24/22 Time = 21:43:14

| Note: 1-4 EEL scale factors are being read from the topology file.

| Note: 1-4 VDW scale factors are being read from the topology file.
| Duplicated    0 dihedrals

| Duplicated    0 dihedrals

--------------------------------------------------------------------------------
   1.  RESOURCE   USE: 
--------------------------------------------------------------------------------

 getting new box info from bottom of inpcrd
 NATOM  =    9985 NTYPES =      13 NBONH =    9944 MBONA  =      45
 NTHETH =      36 MTHETA =      61 NPHIH =      66 MPHIA  =      91
 NHPARM =       0 NPARM  =       0 NNB   =   13505 NRES   =    3311
 NBONA  =      45 NTHETA =      61 NPHIA =      91 NUMBND =      22
 NUMANG =      36 NPTRA  =      11 NATYP =      16 NPHB   =       0
 IFBOX  =       1 NMXRS  =      29 IFCAP =       0 NEXTRA =       0
 NCOPY  =       0

| Coordinate Index Table dimensions:     9    9    9
| Direct force subcell size =     5.6395    5.6592    5.5693

     BOX TYPE: RECTILINEAR

--------------------------------------------------------------------------------
   2.  CONTROL  DATA  FOR  THE  RUN
--------------------------------------------------------------------------------

default_name                                                                    

General flags:
     imin    =       0, nmropt  =       0

Nature and format of input:
     ntx     =       1, irest   =       0, ntrx    =       1

Nature and format of output:
     ntxo    =       1, ntpr    =     500, ntrx    =       1, ntwr    =    1000
     iwrap   =       0, ntwx    =    1000, ntwv    =       0, ntwe    =    1000
     ioutfm  =       1, ntwprt  =       0, idecomp =       0, rbornstat=      0

Potential function:
     ntf     =       1, ntb     =       2, igb     =       0, nsnb    =      25
     ipol    =       0, gbsa    =       0, iesp    =       0
     dielc   =   1.00000, cut     =  10.00000, intdiel =   1.00000

Frozen or restrained atoms:
     ibelly  =       0, ntr     =       0

Molecular dynamics:
     nstlim  =      5000, nscm    =      1000, nrespa  =         1
     t       =   0.00000, dt      =   0.00100, vlimit  =  20.00000

Langevin dynamics temperature regulation:
     ig      =  126327
     temp0   = 310.00000, tempi   =   1.00000, gamma_ln=   5.00000

Pressure regulation:
     ntp     =       1
     pres0   =   1.01325, comp    =  44.60000, taup    =   2.00000
     Monte-Carlo Barostat:
     mcbarint  =     100

SHAKE:
     ntc     =       2, jfastw  =       0
     tol     =   0.00001

Free energy options:
     icfe    =       1, ifsc    =       1, klambda =       1
     clambda =  0.2063, scalpha =  0.5000, scbeta  = 12.0000
     sceeorder =       2
     dynlmb =  0.0000 logdvdl =       0

| Intermolecular bonds treatment:
|     no_intermolecular_bonds =       1

| Energy averages sample interval:
|     ene_avg_sampling =     500

Ewald parameters:
     verbose =       0, ew_type =       0, nbflag  =       1, use_pme =       1
     vdwmeth =       1, eedmeth =       1, netfrc  =       1
     Box X =   50.755   Box Y =   50.932   Box Z =   50.124
     Alpha =   90.000   Beta  =   90.000   Gamma =   90.000
     NFFT1 =   56       NFFT2 =   56       NFFT3 =   56
     Cutoff=   10.000   Tol   =0.100E-04
     Ewald Coefficient =  0.27511
     Interpolation order =    4
     TI Mask 1 :L0; matches     29 atoms
     TI Mask 2 :L1; matches     29 atoms
     TI region 1:    9956 atoms
     TI region 2:    9956 atoms
     SC Mask 1 :L0@S2, C10, C11, H6, N3, C12, H7, C13, H8, N4; matches     10 atoms
     SC Mask 2 :L1@O, C11, C10, H11, C12, H13, C13, H14, N3, H12; matches     10 atoms
 Noshake mask :L0, L1; matches      58 atoms.
| MONTE CARLO BAROSTAT IMPORTANT NOTE:
|   The Monte-Carlo barostat does not require the virial to adjust the system volume.
|   Since it is an expensive calculation, it is skipped for efficiency. A side-effect
|   is that the reported pressure is always 0 because it is not calculated.

--------------------------------------------------------------------------------
   3.  ATOMIC COORDINATES AND VELOCITIES
--------------------------------------------------------------------------------

default_name                                                                    
 begin time read from input coords =     0.000 ps

 
     Molecule     1 is partially softcore
     Molecule     2 is partially softcore
 Number of triangulated 3-point waters found:     3309
   Removing shake constraints from C13   L0    1 -- H8    L0    1
   Removing shake constraints from C12   L0    1 -- H7    L0    1
   Removing shake constraints from C11   L0    1 -- H6    L0    1
   Removing shake constraints from C7    L0    1 -- H4    L0    1
   Removing shake constraints from C7    L0    1 -- H5    L0    1
   Removing shake constraints from C4    L0    1 -- H3    L0    1
   Removing shake constraints from C3    L0    1 -- H2    L0    1
   Removing shake constraints from C2    L0    1 -- H1    L0    1
   Removing shake constraints from N3    L1    2 -- H12   L1    2
   Removing shake constraints from C13   L1    2 -- H14   L1    2
   Removing shake constraints from C12   L1    2 -- H13   L1    2
   Removing shake constraints from C10   L1    2 -- H11   L1    2
   Removing shake constraints from C7    L1    2 -- H4    L1    2
   Removing shake constraints from C7    L1    2 -- H5    L1    2
   Removing shake constraints from C4    L1    2 -- H3    L1    2
   Removing shake constraints from C3    L1    2 -- H2    L1    2
   Removing shake constraints from C2    L1    2 -- H1    L1    2
 Number of shake restraints removed in TI region  1 :        8
 Number of shake restraints removed in TI region  2 :        9

     Sum of charges for TI region  1 =   0.00200000
     Skip neutralizing charges...


     Sum of charges for TI region  2 =   0.00100000
     Skip neutralizing charges...

| Dynamic Memory, Types Used:
| Reals              653248
| Integers           420398

| Nonbonded Pairs Initial Allocation:     3020212

| GPU memory information (estimate):
| KB of GPU memory in use:     79398
| KB of CPU memory in use:     25158

--------------------------------------------------------------------------------
   4.  RESULTS
--------------------------------------------------------------------------------

   DOF for the SC part  1 of the system:   30
   DOF for the SC part  2 of the system:   30

| TI region  1


 NSTEP =        0   TIME(PS) =       0.000  TEMP(K) =     1.49  PRESS =     0.0
 Etot   =    -29223.8238  EKtot   =        29.5112  EPtot      =    -29253.3351
 BOND   =         0.2918  ANGLE   =         0.9200  DIHED      =         4.6145
 1-4 NB =         3.9613  1-4 EEL =         9.7586  VDWAALS    =      2064.2698
 EELEC  =    -31337.1511  EHBOND  =         0.0000  RESTRAINT  =         0.0000
 EKCMT  =         0.0000  VIRIAL  =         0.0000  VOLUME     =    129573.7139
                                                    Density    =         0.7686
 DV/DL  =         8.1445
 ------------------------------------------------------------------------------

  Softcore part of the system:      10 atoms,       TEMP(K)    =           2.25
 SC_Etot=        74.2089  SC_EKtot=         0.0671  SC_EPtot   =        74.1418
 SC_BOND=         3.2816  SC_ANGLE=         6.6780  SC_DIHED   =         2.5880
 SC_14NB=         4.9959  SC_14EEL=        53.3571  SC_VDW     =        -0.3639
 SC_EEL =         3.6051
 SC_RES_DIST=     0.0000  SC_RES_ANG=       0.0000  SC_RES_TORS=         0.0000
 SC_EEL_DER=     -0.2429  SC_VDW_DER=      -0.0993  SC_DERIV   =        -0.3422
 ------------------------------------------------------------------------------


| TI region  2


 NSTEP =        0   TIME(PS) =       0.000  TEMP(K) =     1.49  PRESS =     0.0
 Etot   =    -29223.8173  EKtot   =        29.5178  EPtot      =    -29253.3351
 BOND   =         0.2918  ANGLE   =         0.9200  DIHED      =         4.6145
 1-4 NB =         3.9613  1-4 EEL =         9.7586  VDWAALS    =      2064.2698
 EELEC  =    -31337.1511  EHBOND  =         0.0000  RESTRAINT  =         0.0000
 EKCMT  =         0.0000  VIRIAL  =         0.0000  VOLUME     =    129573.7139
                                                    Density    =         0.7682
 DV/DL  =         8.1445
 ------------------------------------------------------------------------------

  Softcore part of the system:      10 atoms,       TEMP(K)    =           2.41
 SC_Etot=        19.0315  SC_EKtot=         0.0718  SC_EPtot   =        18.9597
 SC_BOND=         1.4548  SC_ANGLE=        17.3275  SC_DIHED   =         7.1119
 SC_14NB=        -0.1763  SC_14EEL=        -2.9937  SC_VDW     =        -0.1058
 SC_EEL =        -3.6587
 SC_RES_DIST=     0.0000  SC_RES_ANG=       0.0000  SC_RES_TORS=         0.0000
 SC_EEL_DER=     -0.2429  SC_VDW_DER=      -0.0993  SC_DERIV   =        -0.3422
 ------------------------------------------------------------------------------


| TI region  1


 NSTEP =      500   TIME(PS) =       0.500  TEMP(K) =   297.32  PRESS =     0.0
 Etot   =    -24208.0915  EKtot   =      5889.3200  EPtot      =    -30097.4115
 BOND   =         5.7371  ANGLE   =         3.8320  DIHED      =         3.1534
 1-4 NB =         3.9493  1-4 EEL =         9.1625  VDWAALS    =      4828.9102
 EELEC  =    -34952.1561  EHBOND  =         0.0000  RESTRAINT  =         0.0000
 EKCMT  =         0.0000  VIRIAL  =         0.0000  VOLUME     =    127921.4192
                                                    Density    =         0.7785
 DV/DL  =         7.2000
 ------------------------------------------------------------------------------

  Softcore part of the system:      10 atoms,       TEMP(K)    =         405.59
 SC_Etot=        94.1569  SC_EKtot=        12.0897  SC_EPtot   =        82.0673
 SC_BOND=         9.3629  SC_ANGLE=         5.1280  SC_DIHED   =         5.4039
 SC_14NB=         5.0839  SC_14EEL=        53.8446  SC_VDW     =        -0.3591
 SC_EEL =         3.6030
 SC_RES_DIST=     0.0000  SC_RES_ANG=       0.0000  SC_RES_TORS=         0.0000
 SC_EEL_DER=     -0.4594  SC_VDW_DER=      -0.1814  SC_DERIV   =        -0.6408
 ------------------------------------------------------------------------------


| TI region  2


 NSTEP =      500   TIME(PS) =       0.500  TEMP(K) =   297.13  PRESS =     0.0
 Etot   =    -24211.8090  EKtot   =      5885.6025  EPtot      =    -30097.4115
 BOND   =         5.7371  ANGLE   =         3.8320  DIHED      =         3.1534
 1-4 NB =         3.9493  1-4 EEL =         9.1625  VDWAALS    =      4828.9102
 EELEC  =    -34952.1561  EHBOND  =         0.0000  RESTRAINT  =         0.0000
 EKCMT  =         0.0000  VIRIAL  =         0.0000  VOLUME     =    127921.4192
                                                    Density    =         0.7781
 DV/DL  =         7.2000
 ------------------------------------------------------------------------------

  Softcore part of the system:      10 atoms,       TEMP(K)    =         280.87
 SC_Etot=        26.0864  SC_EKtot=         8.3722  SC_EPtot   =        17.7142
 SC_BOND=         2.6199  SC_ANGLE=        19.0086  SC_DIHED   =         2.9694
 SC_14NB=        -0.1114  SC_14EEL=        -2.8605  SC_VDW     =        -0.0715
 SC_EEL =        -3.8401
 SC_RES_DIST=     0.0000  SC_RES_ANG=       0.0000  SC_RES_TORS=         0.0000
 SC_EEL_DER=     -0.4594  SC_VDW_DER=      -0.1814  SC_DERIV   =        -0.6408
 ------------------------------------------------------------------------------


| TI region  1


 NSTEP =     1000   TIME(PS) =       1.000  TEMP(K) =   311.02  PRESS =     0.0
 Etot   =    -23597.1160  EKtot   =      6160.8068  EPtot      =    -29757.9228
 BOND   =         5.7335  ANGLE   =         3.6868  DIHED      =         3.3999
 1-4 NB =         3.7740  1-4 EEL =         9.3076  VDWAALS    =      4790.6208
 EELEC  =    -34574.4455  EHBOND  =         0.0000  RESTRAINT  =         0.0000
 EKCMT  =         0.0000  VIRIAL  =         0.0000  VOLUME     =    126732.0875
                                                    Density    =         0.7858
 DV/DL  =         5.2059
 ------------------------------------------------------------------------------

  Softcore part of the system:      10 atoms,       TEMP(K)    =         267.40
 SC_Etot=        94.0217  SC_EKtot=         7.9705  SC_EPtot   =        86.0512
 SC_BOND=         7.9252  SC_ANGLE=         5.6748  SC_DIHED   =         9.3893
 SC_14NB=         5.5083  SC_14EEL=        54.2060  SC_VDW     =        -0.3389
 SC_EEL =         3.6865
 SC_RES_DIST=     0.0000  SC_RES_ANG=       0.0000  SC_RES_TORS=         0.0000
 SC_EEL_DER=      0.6521  SC_VDW_DER=      -4.3633  SC_DERIV   =        -3.7112
 ------------------------------------------------------------------------------


| TI region  2


 NSTEP =     1000   TIME(PS) =       1.000  TEMP(K) =   310.97  PRESS =     0.0
 Etot   =    -23598.1134  EKtot   =      6159.8094  EPtot      =    -29757.9228
 BOND   =         5.7335  ANGLE   =         3.6868  DIHED      =         3.3999
 1-4 NB =         3.7740  1-4 EEL =         9.3076  VDWAALS    =      4790.6208
 EELEC  =    -34574.4455  EHBOND  =         0.0000  RESTRAINT  =         0.0000
 EKCMT  =         0.0000  VIRIAL  =         0.0000  VOLUME     =    126732.0875
                                                    Density    =         0.7854
 DV/DL  =         5.2059
 ------------------------------------------------------------------------------

  Softcore part of the system:      10 atoms,       TEMP(K)    =         233.94
 SC_Etot=        29.9953  SC_EKtot=         6.9731  SC_EPtot   =        23.0222
 SC_BOND=         3.4372  SC_ANGLE=        20.7463  SC_DIHED   =         5.5237
 SC_14NB=         0.1061  SC_14EEL=        -2.6683  SC_VDW     =         0.0048
 SC_EEL =        -4.1276
 SC_RES_DIST=     0.0000  SC_RES_ANG=       0.0000  SC_RES_TORS=         0.0000
 SC_EEL_DER=      0.6521  SC_VDW_DER=      -4.3633  SC_DERIV   =        -3.7112
 ------------------------------------------------------------------------------


| TI region  1


 NSTEP =     1500   TIME(PS) =       1.500  TEMP(K) =   314.26  PRESS =     0.0
 Etot   =    -23596.6998  EKtot   =      6224.9174  EPtot      =    -29821.6172
 BOND   =         6.2514  ANGLE   =         9.3835  DIHED      =         2.9537
 1-4 NB =         5.3769  1-4 EEL =         9.2866  VDWAALS    =      4576.7613
 EELEC  =    -34431.6307  EHBOND  =         0.0000  RESTRAINT  =         0.0000
 EKCMT  =         0.0000  VIRIAL  =         0.0000  VOLUME     =    124992.5432
                                                    Density    =         0.7967
 DV/DL  =         4.8499
 ------------------------------------------------------------------------------

  Softcore part of the system:      10 atoms,       TEMP(K)    =         226.14
 SC_Etot=        90.3662  SC_EKtot=         6.7407  SC_EPtot   =        83.6255
 SC_BOND=        10.2078  SC_ANGLE=         4.9217  SC_DIHED   =         5.8869
 SC_14NB=         5.3583  SC_14EEL=        53.9101  SC_VDW     =        -0.3606
 SC_EEL =         3.7012
 SC_RES_DIST=     0.0000  SC_RES_ANG=       0.0000  SC_RES_TORS=         0.0000
 SC_EEL_DER=      1.3204  SC_VDW_DER=      -4.9104  SC_DERIV   =        -3.5900
 ------------------------------------------------------------------------------


| TI region  2


 NSTEP =     1500   TIME(PS) =       1.500  TEMP(K) =   314.54  PRESS =     0.0
 Etot   =    -23591.0130  EKtot   =      6230.6041  EPtot      =    -29821.6172
 BOND   =         6.2514  ANGLE   =         9.3835  DIHED      =         2.9537
 1-4 NB =         5.3769  1-4 EEL =         9.2866  VDWAALS    =      4576.7613
 EELEC  =    -34431.6307  EHBOND  =         0.0000  RESTRAINT  =         0.0000
 EKCMT  =         0.0000  VIRIAL  =         0.0000  VOLUME     =    124992.5432
                                                    Density    =         0.7963
 DV/DL  =         4.8499
 ------------------------------------------------------------------------------

  Softcore part of the system:      10 atoms,       TEMP(K)    =         416.92
 SC_Etot=        32.7715  SC_EKtot=        12.4274  SC_EPtot   =        20.3440
 SC_BOND=         3.9563  SC_ANGLE=        20.7685  SC_DIHED   =         2.7666
 SC_14NB=        -0.1443  SC_14EEL=        -3.0142  SC_VDW     =        -0.0914
 SC_EEL =        -3.8976
 SC_RES_DIST=     0.0000  SC_RES_ANG=       0.0000  SC_RES_TORS=         0.0000
 SC_EEL_DER=      1.3204  SC_VDW_DER=      -4.9104  SC_DERIV   =        -3.5900
 ------------------------------------------------------------------------------


| TI region  1


 NSTEP =     2000   TIME(PS) =       2.000  TEMP(K) =   311.98  PRESS =     0.0
 Etot   =    -23809.3824  EKtot   =      6179.7187  EPtot      =    -29989.1011
 BOND   =         3.4764  ANGLE   =         3.3265  DIHED      =         5.7123
 1-4 NB =         4.5347  1-4 EEL =         9.9719  VDWAALS    =      4520.3680
 EELEC  =    -34536.4911  EHBOND  =         0.0000  RESTRAINT  =         0.0000
 EKCMT  =         0.0000  VIRIAL  =         0.0000  VOLUME     =    122554.8963
                                                    Density    =         0.8126
 DV/DL  =        17.5843
 ------------------------------------------------------------------------------

  Softcore part of the system:      10 atoms,       TEMP(K)    =         300.38
 SC_Etot=        84.7259  SC_EKtot=         8.9538  SC_EPtot   =        75.7721
 SC_BOND=         2.8895  SC_ANGLE=         3.7100  SC_DIHED   =         6.7152
 SC_14NB=         5.1201  SC_14EEL=        54.0364  SC_VDW     =        -0.3547
 SC_EEL =         3.6557
 SC_RES_DIST=     0.0000  SC_RES_ANG=       0.0000  SC_RES_TORS=         0.0000
 SC_EEL_DER=      9.4399  SC_VDW_DER=      -8.2357  SC_DERIV   =         1.2042
 ------------------------------------------------------------------------------


| TI region  2


 NSTEP =     2000   TIME(PS) =       2.000  TEMP(K) =   312.24  PRESS =     0.0
 Etot   =    -23804.0517  EKtot   =      6185.0495  EPtot      =    -29989.1011
 BOND   =         3.4764  ANGLE   =         3.3265  DIHED      =         5.7123
 1-4 NB =         4.5347  1-4 EEL =         9.9719  VDWAALS    =      4520.3680
 EELEC  =    -34536.4911  EHBOND  =         0.0000  RESTRAINT  =         0.0000
 EKCMT  =         0.0000  VIRIAL  =         0.0000  VOLUME     =    122554.8963
                                                    Density    =         0.8122
 DV/DL  =        17.5843
 ------------------------------------------------------------------------------

  Softcore part of the system:      10 atoms,       TEMP(K)    =         479.22
 SC_Etot=        38.1355  SC_EKtot=        14.2846  SC_EPtot   =        23.8510
 SC_BOND=         7.1543  SC_ANGLE=        19.4572  SC_DIHED   =         4.8491
 SC_14NB=        -0.0584  SC_14EEL=        -3.0156  SC_VDW     =         0.0507
 SC_EEL =        -4.5862
 SC_RES_DIST=     0.0000  SC_RES_ANG=       0.0000  SC_RES_TORS=         0.0000
 SC_EEL_DER=      9.4399  SC_VDW_DER=      -8.2357  SC_DERIV   =         1.2042
 ------------------------------------------------------------------------------


| TI region  1


 NSTEP =     2500   TIME(PS) =       2.500  TEMP(K) =   313.47  PRESS =     0.0
 Etot   =    -23822.8071  EKtot   =      6209.2775  EPtot      =    -30032.0846
 BOND   =         5.6763  ANGLE   =         7.9741  DIHED      =         4.2017
 1-4 NB =         3.8831  1-4 EEL =         9.1380  VDWAALS    =      4417.6091
 EELEC  =    -34480.5668  EHBOND  =         0.0000  RESTRAINT  =         0.0000
 EKCMT  =         0.0000  VIRIAL  =         0.0000  VOLUME     =    122041.5210
                                                    Density    =         0.8160
 DV/DL  =        13.7267
 ------------------------------------------------------------------------------

  Softcore part of the system:      10 atoms,       TEMP(K)    =         280.86
 SC_Etot=        93.5047  SC_EKtot=         8.3718  SC_EPtot   =        85.1329
 SC_BOND=         2.9564  SC_ANGLE=        10.9950  SC_DIHED   =         7.4659
 SC_14NB=         6.7135  SC_14EEL=        53.6859  SC_VDW     =        -0.3758
 SC_EEL =         3.6921
 SC_RES_DIST=     0.0000  SC_RES_ANG=       0.0000  SC_RES_TORS=         0.0000
 SC_EEL_DER=      4.3591  SC_VDW_DER=      -5.0356  SC_DERIV   =        -0.6764
 ------------------------------------------------------------------------------


| TI region  2


 NSTEP =     2500   TIME(PS) =       2.500  TEMP(K) =   313.53  PRESS =     0.0
 Etot   =    -23821.5853  EKtot   =      6210.4993  EPtot      =    -30032.0846
 BOND   =         5.6763  ANGLE   =         7.9741  DIHED      =         4.2017
 1-4 NB =         3.8831  1-4 EEL =         9.1380  VDWAALS    =      4417.6091
 EELEC  =    -34480.5668  EHBOND  =         0.0000  RESTRAINT  =         0.0000
 EKCMT  =         0.0000  VIRIAL  =         0.0000  VOLUME     =    122041.5210
                                                    Density    =         0.8156
 DV/DL  =        13.7267
 ------------------------------------------------------------------------------

  Softcore part of the system:      10 atoms,       TEMP(K)    =         321.85
 SC_Etot=        25.9799  SC_EKtot=         9.5937  SC_EPtot   =        16.3862
 SC_BOND=         3.9581  SC_ANGLE=        16.4581  SC_DIHED   =         2.6292
 SC_14NB=         0.0860  SC_14EEL=        -3.0017  SC_VDW     =        -0.0194
 SC_EEL =        -3.7242
 SC_RES_DIST=     0.0000  SC_RES_ANG=       0.0000  SC_RES_TORS=         0.0000
 SC_EEL_DER=      4.3591  SC_VDW_DER=      -5.0356  SC_DERIV   =        -0.6764
 ------------------------------------------------------------------------------


| TI region  1


 NSTEP =     3000   TIME(PS) =       3.000  TEMP(K) =   308.62  PRESS =     0.0
 Etot   =    -24058.3708  EKtot   =      6113.3032  EPtot      =    -30171.6740
 BOND   =         4.4516  ANGLE   =         6.4387  DIHED      =         3.0589
 1-4 NB =         4.7988  1-4 EEL =         8.4027  VDWAALS    =      4386.4752
 EELEC  =    -34585.2998  EHBOND  =         0.0000  RESTRAINT  =         0.0000
 EKCMT  =         0.0000  VIRIAL  =         0.0000  VOLUME     =    120460.2239
                                                    Density    =         0.8267
 DV/DL  =        13.6581
 ------------------------------------------------------------------------------

  Softcore part of the system:      10 atoms,       TEMP(K)    =         386.28
 SC_Etot=        93.8757  SC_EKtot=        11.5142  SC_EPtot   =        82.3615
 SC_BOND=         6.3048  SC_ANGLE=         7.9963  SC_DIHED   =         6.3072
 SC_14NB=         4.5129  SC_14EEL=        53.9843  SC_VDW     =        -0.3363
 SC_EEL =         3.5924
 SC_RES_DIST=     0.0000  SC_RES_ANG=       0.0000  SC_RES_TORS=         0.0000
 SC_EEL_DER=      4.5666  SC_VDW_DER=      -2.6180  SC_DERIV   =         1.9485
 ------------------------------------------------------------------------------


| TI region  2


 NSTEP =     3000   TIME(PS) =       3.000  TEMP(K) =   308.43  PRESS =     0.0
 Etot   =    -24062.2083  EKtot   =      6109.4657  EPtot      =    -30171.6740
 BOND   =         4.4516  ANGLE   =         6.4387  DIHED      =         3.0589
 1-4 NB =         4.7988  1-4 EEL =         8.4027  VDWAALS    =      4386.4752
 EELEC  =    -34585.2998  EHBOND  =         0.0000  RESTRAINT  =         0.0000
 EKCMT  =         0.0000  VIRIAL  =         0.0000  VOLUME     =    120460.2239
                                                    Density    =         0.8263
 DV/DL  =        13.6581
 ------------------------------------------------------------------------------

  Softcore part of the system:      10 atoms,       TEMP(K)    =         257.54
 SC_Etot=        25.8159  SC_EKtot=         7.6767  SC_EPtot   =        18.1392
 SC_BOND=         3.9692  SC_ANGLE=        18.0043  SC_DIHED   =         2.9865
 SC_14NB=        -0.0737  SC_14EEL=        -3.0762  SC_VDW     =        -0.0966
 SC_EEL =        -3.5742
 SC_RES_DIST=     0.0000  SC_RES_ANG=       0.0000  SC_RES_TORS=         0.0000
 SC_EEL_DER=      4.5666  SC_VDW_DER=      -2.6180  SC_DERIV   =         1.9485
 ------------------------------------------------------------------------------


| TI region  1


 NSTEP =     3500   TIME(PS) =       3.500  TEMP(K) =   307.41  PRESS =     0.0
 Etot   =    -24280.6397  EKtot   =      6089.2293  EPtot      =    -30369.8690
 BOND   =         6.7393  ANGLE   =         6.3301  DIHED      =         6.9771
 1-4 NB =         4.3334  1-4 EEL =         8.4376  VDWAALS    =      4706.6284
 EELEC  =    -35109.3148  EHBOND  =         0.0000  RESTRAINT  =         0.0000
 EKCMT  =         0.0000  VIRIAL  =         0.0000  VOLUME     =    118452.7708
                                                    Density    =         0.8407
 DV/DL  =        12.7318
 ------------------------------------------------------------------------------

  Softcore part of the system:      10 atoms,       TEMP(K)    =         292.04
 SC_Etot=        92.8381  SC_EKtot=         8.7051  SC_EPtot   =        84.1331
 SC_BOND=         9.1153  SC_ANGLE=         7.9723  SC_DIHED   =         6.4028
 SC_14NB=         4.2390  SC_14EEL=        53.1809  SC_VDW     =        -0.3345
 SC_EEL =         3.5573
 SC_RES_DIST=     0.0000  SC_RES_ANG=       0.0000  SC_RES_TORS=         0.0000
 SC_EEL_DER=      3.8364  SC_VDW_DER=      -4.9544  SC_DERIV   =        -1.1180
 ------------------------------------------------------------------------------


| TI region  2


 NSTEP =     3500   TIME(PS) =       3.500  TEMP(K) =   307.37  PRESS =     0.0
 Etot   =    -24281.4785  EKtot   =      6088.3905  EPtot      =    -30369.8690
 BOND   =         6.7393  ANGLE   =         6.3301  DIHED      =         6.9771
 1-4 NB =         4.3334  1-4 EEL =         8.4376  VDWAALS    =      4706.6284
 EELEC  =    -35109.3148  EHBOND  =         0.0000  RESTRAINT  =         0.0000
 EKCMT  =         0.0000  VIRIAL  =         0.0000  VOLUME     =    118452.7708
                                                    Density    =         0.8403
 DV/DL  =        12.7318
 ------------------------------------------------------------------------------

  Softcore part of the system:      10 atoms,       TEMP(K)    =         263.90
 SC_Etot=        34.6521  SC_EKtot=         7.8663  SC_EPtot   =        26.7858
 SC_BOND=         2.8353  SC_ANGLE=        22.1874  SC_DIHED   =         8.7821
 SC_14NB=        -0.0537  SC_14EEL=        -2.9912  SC_VDW     =        -0.0853
 SC_EEL =        -3.8888
 SC_RES_DIST=     0.0000  SC_RES_ANG=       0.0000  SC_RES_TORS=         0.0000
 SC_EEL_DER=      3.8364  SC_VDW_DER=      -4.9544  SC_DERIV   =        -1.1180
 ------------------------------------------------------------------------------


| TI region  1


 NSTEP =     4000   TIME(PS) =       4.000  TEMP(K) =   307.34  PRESS =     0.0
 Etot   =    -24356.2508  EKtot   =      6087.8999  EPtot      =    -30444.1507
 BOND   =         7.3081  ANGLE   =         6.3313  DIHED      =         3.1378
 1-4 NB =         4.1034  1-4 EEL =         8.8291  VDWAALS    =      4601.3207
 EELEC  =    -35075.1811  EHBOND  =         0.0000  RESTRAINT  =         0.0000
 EKCMT  =         0.0000  VIRIAL  =         0.0000  VOLUME     =    117328.0682
                                                    Density    =         0.8488
 DV/DL  =         0.2364
 ------------------------------------------------------------------------------

  Softcore part of the system:      10 atoms,       TEMP(K)    =         346.42
 SC_Etot=        88.4241  SC_EKtot=        10.3262  SC_EPtot   =        78.0979
 SC_BOND=         3.6297  SC_ANGLE=         7.1732  SC_DIHED   =         5.7631
 SC_14NB=         5.0097  SC_14EEL=        53.1673  SC_VDW     =        -0.3380
 SC_EEL =         3.6930
 SC_RES_DIST=     0.0000  SC_RES_ANG=       0.0000  SC_RES_TORS=         0.0000
 SC_EEL_DER=      2.4761  SC_VDW_DER=     -11.8575  SC_DERIV   =        -9.3814
 ------------------------------------------------------------------------------


| TI region  2


 NSTEP =     4000   TIME(PS) =       4.000  TEMP(K) =   307.31  PRESS =     0.0
 Etot   =    -24356.8293  EKtot   =      6087.3214  EPtot      =    -30444.1507
 BOND   =         7.3081  ANGLE   =         6.3313  DIHED      =         3.1378
 1-4 NB =         4.1034  1-4 EEL =         8.8291  VDWAALS    =      4601.3207
 EELEC  =    -35075.1811  EHBOND  =         0.0000  RESTRAINT  =         0.0000
 EKCMT  =         0.0000  VIRIAL  =         0.0000  VOLUME     =    117328.0682
                                                    Density    =         0.8484
 DV/DL  =         0.2364
 ------------------------------------------------------------------------------

  Softcore part of the system:      10 atoms,       TEMP(K)    =         327.02
 SC_Etot=        33.0518  SC_EKtot=         9.7477  SC_EPtot   =        23.3041
 SC_BOND=         3.1275  SC_ANGLE=        22.3258  SC_DIHED   =         4.7038
 SC_14NB=        -0.0785  SC_14EEL=        -2.8810  SC_VDW     =        -0.1012
 SC_EEL =        -3.7924
 SC_RES_DIST=     0.0000  SC_RES_ANG=       0.0000  SC_RES_TORS=         0.0000
 SC_EEL_DER=      2.4761  SC_VDW_DER=     -11.8575  SC_DERIV   =        -9.3814
 ------------------------------------------------------------------------------


| TI region  1


 NSTEP =     4500   TIME(PS) =       4.500  TEMP(K) =   310.18  PRESS =     0.0
 Etot   =    -24413.5497  EKtot   =      6144.1961  EPtot      =    -30557.7458
 BOND   =         6.7660  ANGLE   =         9.3964  DIHED      =         3.8789
 1-4 NB =         4.1148  1-4 EEL =        10.3754  VDWAALS    =      4628.5103
 EELEC  =    -35220.7877  EHBOND  =         0.0000  RESTRAINT  =         0.0000
 EKCMT  =         0.0000  VIRIAL  =         0.0000  VOLUME     =    116627.7791
                                                    Density    =         0.8539
 DV/DL  =         8.5510
 ------------------------------------------------------------------------------

  Softcore part of the system:      10 atoms,       TEMP(K)    =         311.19
 SC_Etot=        90.9106  SC_EKtot=         9.2760  SC_EPtot   =        81.6346
 SC_BOND=         8.5639  SC_ANGLE=         7.1883  SC_DIHED   =         5.6076
 SC_14NB=         4.5565  SC_14EEL=        52.4628  SC_VDW     =        -0.3389
 SC_EEL =         3.5944
 SC_RES_DIST=     0.0000  SC_RES_ANG=       0.0000  SC_RES_TORS=         0.0000
 SC_EEL_DER=      0.7946  SC_VDW_DER=      -2.7813  SC_DERIV   =        -1.9868
 ------------------------------------------------------------------------------


| TI region  2


 NSTEP =     4500   TIME(PS) =       4.500  TEMP(K) =   310.01  PRESS =     0.0
 Etot   =    -24416.9499  EKtot   =      6140.7959  EPtot      =    -30557.7458
 BOND   =         6.7660  ANGLE   =         9.3964  DIHED      =         3.8789
 1-4 NB =         4.1148  1-4 EEL =        10.3754  VDWAALS    =      4628.5103
 EELEC  =    -35220.7877  EHBOND  =         0.0000  RESTRAINT  =         0.0000
 EKCMT  =         0.0000  VIRIAL  =         0.0000  VOLUME     =    116627.7791
                                                    Density    =         0.8535
 DV/DL  =         8.5510
 ------------------------------------------------------------------------------

  Softcore part of the system:      10 atoms,       TEMP(K)    =         197.12
 SC_Etot=        26.8458  SC_EKtot=         5.8758  SC_EPtot   =        20.9700
 SC_BOND=         7.4435  SC_ANGLE=        17.4487  SC_DIHED   =         3.4100
 SC_14NB=        -0.1517  SC_14EEL=        -3.0705  SC_VDW     =        -0.1005
 SC_EEL =        -4.0095
 SC_RES_DIST=     0.0000  SC_RES_ANG=       0.0000  SC_RES_TORS=         0.0000
 SC_EEL_DER=      0.7946  SC_VDW_DER=      -2.7813  SC_DERIV   =        -1.9868
 ------------------------------------------------------------------------------


| TI region  1


 NSTEP =     5000   TIME(PS) =       5.000  TEMP(K) =   309.74  PRESS =     0.0
 Etot   =    -24415.3648  EKtot   =      6135.4101  EPtot      =    -30550.7749
 BOND   =         3.9435  ANGLE   =         6.8846  DIHED      =         1.9430
 1-4 NB =         5.0151  1-4 EEL =         9.7853  VDWAALS    =      4679.5324
 EELEC  =    -35257.8788  EHBOND  =         0.0000  RESTRAINT  =         0.0000
 EKCMT  =         0.0000  VIRIAL  =         0.0000  VOLUME     =    115509.0994
                                                    Density    =         0.8621
 DV/DL  =        11.6119
 ------------------------------------------------------------------------------

  Softcore part of the system:      10 atoms,       TEMP(K)    =         338.89
 SC_Etot=        90.0815  SC_EKtot=        10.1017  SC_EPtot   =        79.9798
 SC_BOND=         7.5742  SC_ANGLE=         7.3322  SC_DIHED   =         4.2278
 SC_14NB=         4.3568  SC_14EEL=        53.1894  SC_VDW     =        -0.3076
 SC_EEL =         3.6069
 SC_RES_DIST=     0.0000  SC_RES_ANG=       0.0000  SC_RES_TORS=         0.0000
 SC_EEL_DER=      6.7638  SC_VDW_DER=      -8.5902  SC_DERIV   =        -1.8264
 ------------------------------------------------------------------------------


| TI region  2


 NSTEP =     5000   TIME(PS) =       5.000  TEMP(K) =   309.60  PRESS =     0.0
 Etot   =    -24418.0223  EKtot   =      6132.7527  EPtot      =    -30550.7749
 BOND   =         3.9435  ANGLE   =         6.8846  DIHED      =         1.9430
 1-4 NB =         5.0151  1-4 EEL =         9.7853  VDWAALS    =      4679.5324
 EELEC  =    -35257.8788  EHBOND  =         0.0000  RESTRAINT  =         0.0000
 EKCMT  =         0.0000  VIRIAL  =         0.0000  VOLUME     =    115509.0994
                                                    Density    =         0.8617
 DV/DL  =        11.6119
 ------------------------------------------------------------------------------

  Softcore part of the system:      10 atoms,       TEMP(K)    =         249.74
 SC_Etot=        32.9895  SC_EKtot=         7.4443  SC_EPtot   =        25.5452
 SC_BOND=         3.6942  SC_ANGLE=        22.9049  SC_DIHED   =         6.0060
 SC_14NB=        -0.1346  SC_14EEL=        -3.2047  SC_VDW     =        -0.0870
 SC_EEL =        -3.6336
 SC_RES_DIST=     0.0000  SC_RES_ANG=       0.0000  SC_RES_TORS=         0.0000
 SC_EEL_DER=      6.7638  SC_VDW_DER=      -8.5902  SC_DERIV   =        -1.8264
 ------------------------------------------------------------------------------


| TI region  1


      A V E R A G E S   O V E R      10 S T E P S


 NSTEP =     5000   TIME(PS) =       5.000  TEMP(K) =   309.13  PRESS =     0.0
 Etot   =    -24055.8273  EKtot   =      6123.4079  EPtot      =    -30179.2352
 BOND   =         5.6083  ANGLE   =         6.3584  DIHED      =         3.8417
 1-4 NB =         4.3884  1-4 EEL =         9.2697  VDWAALS    =      4613.6736
 EELEC  =    -34822.3752  EHBOND  =         0.0000  RESTRAINT  =         0.0000
 EKCMT  =         0.0000  VIRIAL  =         0.0000  VOLUME     =    121262.0408
                                                    Density    =         0.8222
 DV/DL  =         9.5356
 ------------------------------------------------------------------------------

  Softcore part of the system:      10 atoms,       TEMP(K)    =         315.52
 SC_Etot=        91.2905  SC_EKtot=         9.4050  SC_EPtot   =        81.8856
 SC_BOND=         6.8530  SC_ANGLE=         6.8092  SC_DIHED   =         6.3170
 SC_14NB=         5.0459  SC_14EEL=        53.5667  SC_VDW     =        -0.3444
 SC_EEL =         3.6382
 SC_RES_DIST=     0.0000  SC_RES_ANG=       0.0000  SC_RES_TORS=         0.0000
 SC_EEL_DER=      3.3749  SC_VDW_DER=      -5.3528  SC_DERIV   =        -1.9778
 ------------------------------------------------------------------------------


      R M S  F L U C T U A T I O N S


 NSTEP =     5000   TIME(PS) =       5.000  TEMP(K) =     4.52  PRESS =     0.0
 Etot   =       309.4295  EKtot   =        89.5275  EPtot      =       275.2789
 BOND   =         1.2089  ANGLE   =         2.0973  DIHED      =         1.4011
 1-4 NB =         0.5044  1-4 EEL =         0.6042  VDWAALS    =       138.2449
 EELEC  =       313.1137  EHBOND  =         0.0000  RESTRAINT  =         0.0000
 EKCMT  =         0.0000  VIRIAL  =         0.0000  VOLUME     =      4111.5473
                                                    Density    =         0.0277
 DV/DL  =         4.9746
 ------------------------------------------------------------------------------

  Softcore part of the system:      10 atoms,       TEMP(K)    =          51.89
 SC_Etot=         2.8884  SC_EKtot=         1.5467  SC_EPtot   =         3.0274
 SC_BOND=         2.6240  SC_ANGLE=         1.9523  SC_DIHED   =         1.3084
 SC_14NB=         0.6892  SC_14EEL=         0.5179  SC_VDW     =         0.0179
 SC_EEL =         0.0503
 SC_RES_DIST=     0.0000  SC_RES_ANG=       0.0000  SC_RES_TORS=         0.0000
 SC_EEL_DER=      2.9099  SC_VDW_DER=       3.2151  SC_DERIV   =         3.0034
 ------------------------------------------------------------------------------


| TI region  2


      A V E R A G E S   O V E R      10 S T E P S


 NSTEP =     5000   TIME(PS) =       5.000  TEMP(K) =   309.11  PRESS =     0.0
 Etot   =    -24056.2061  EKtot   =      6123.0291  EPtot      =    -30179.2352
 BOND   =         5.6083  ANGLE   =         6.3584  DIHED      =         3.8417
 1-4 NB =         4.3884  1-4 EEL =         9.2697  VDWAALS    =      4613.6736
 EELEC  =    -34822.3752  EHBOND  =         0.0000  RESTRAINT  =         0.0000
 EKCMT  =         0.0000  VIRIAL  =         0.0000  VOLUME     =    121262.0408
                                                    Density    =         0.8218
 DV/DL  =         9.5356
 ------------------------------------------------------------------------------

  Softcore part of the system:      10 atoms,       TEMP(K)    =         302.81
 SC_Etot=        30.6324  SC_EKtot=         9.0262  SC_EPtot   =        21.6062
 SC_BOND=         4.2195  SC_ANGLE=        19.9310  SC_DIHED   =         4.4626
 SC_14NB=        -0.0614  SC_14EEL=        -2.9784  SC_VDW     =        -0.0597
 SC_EEL =        -3.9074
 SC_RES_DIST=     0.0000  SC_RES_ANG=       0.0000  SC_RES_TORS=         0.0000
 SC_EEL_DER=      3.3749  SC_VDW_DER=      -5.3528  SC_DERIV   =        -1.9778
 ------------------------------------------------------------------------------


      R M S  F L U C T U A T I O N S


 NSTEP =     5000   TIME(PS) =       5.000  TEMP(K) =     4.62  PRESS =     0.0
 Etot   =       311.6568  EKtot   =        91.5768  EPtot      =       275.2789
 BOND   =         1.2089  ANGLE   =         2.0973  DIHED      =         1.4011
 1-4 NB =         0.5044  1-4 EEL =         0.6042  VDWAALS    =       138.2449
 EELEC  =       313.1137  EHBOND  =         0.0000  RESTRAINT  =         0.0000
 EKCMT  =         0.0000  VIRIAL  =         0.0000  VOLUME     =      4111.5473
                                                    Density    =         0.0277
 DV/DL  =         4.9746
 ------------------------------------------------------------------------------

  Softcore part of the system:      10 atoms,       TEMP(K)    =          82.38
 SC_Etot=         4.1072  SC_EKtot=         2.4556  SC_EPtot   =         3.2967
 SC_BOND=         1.6051  SC_ANGLE=         2.0987  SC_DIHED   =         1.8474
 SC_14NB=         0.0855  SC_14EEL=         0.1386  SC_VDW     =         0.0502
 SC_EEL =         0.2752
 SC_RES_DIST=     0.0000  SC_RES_ANG=       0.0000  SC_RES_TORS=         0.0000
 SC_EEL_DER=      2.9099  SC_VDW_DER=       3.2151  SC_DERIV   =         3.0034
 ------------------------------------------------------------------------------


      DV/DL, AVERAGES OVER      10 STEPS


 NSTEP =     5000   TIME(PS) =       5.000  TEMP(K) =     4.62  PRESS =     0.0
 Etot   =         0.0000  EKtot   =         0.0000  EPtot      =         0.0000
 BOND   =         0.0000  ANGLE   =         0.0000  DIHED      =        -0.0010
 1-4 NB =        -0.3593  1-4 EEL =        17.6996  VDWAALS    =         0.7101
 EELEC  =        -6.5360  EHBOND  =         0.0000  RESTRAINT  =         0.0000
 EKCMT  =         0.0000  VIRIAL  =         0.0000  VOLUME     =         0.0000
                                                    Density    =         0.0000
 ------------------------------------------------------------------------------

| MC Barostat:         50 volume changes attempted.
| MC Barostat:         26 changes successful ( 52.00%)
 ------------------------------------------------------------------------------

--------------------------------------------------------------------------------
   5.  TIMINGS
--------------------------------------------------------------------------------

|  NonSetup CPU Time in Major Routines:
|
|     Routine           Sec        %
|     ------------------------------
|     Nonbond           0.92   37.93
|     Bond              0.00    0.00
|     Angle             0.00    0.00
|     Dihedral          0.00    0.00
|     Shake             0.03    1.04
|     RunMD             1.45   59.44
|     Other             0.04    1.59
|     ------------------------------
|     Total             2.44

|  PME Nonbond Pairlist CPU Time:
|
|     Routine              Sec        %
|     ---------------------------------
|     Set Up Cit           0.00    0.00
|     Build List           0.00    0.00
|     ---------------------------------
|     Total                0.00    0.00

|  PME Direct Force CPU Time:
|
|     Routine              Sec        %
|     ---------------------------------
|     NonBonded Calc       0.00    0.00
|     Exclude Masked       0.00    0.00
|     Other                0.01    0.30
|     ---------------------------------
|     Total                0.01    0.30

|  PME Reciprocal Force CPU Time:
|
|     Routine              Sec        %
|     ---------------------------------
|     1D bspline           0.00    0.00
|     Grid Charges         0.00    0.00
|     Scalar Sum           0.00    0.00
|     Gradient Sum         0.00    0.00
|     FFT                  0.00    0.00
|     ---------------------------------
|     Total                0.00    0.00

|  Final Performance Info:
|     -----------------------------------------------------
|     Average timings for last    5000 steps:
|     Elapsed(s) =       2.46 Per Step(ms) =       0.49
|         ns/day =     175.59   seconds/ns =     492.07
|
|     Average timings for all steps:
|     Elapsed(s) =       2.46 Per Step(ms) =       0.49
|         ns/day =     175.59   seconds/ns =     492.07
|     -----------------------------------------------------

|  Setup CPU time:            0.98 seconds
|  NonSetup CPU time:         2.44 seconds
|  Total CPU time:            3.42 seconds     0.00 hours

|  Setup wall time:           1    seconds
|  NonSetup wall time:        3    seconds
|  Total wall time:           4    seconds     0.00 hours
