
          -------------------------------------------------------
          Amber 20 PMEMD                              2020
          -------------------------------------------------------

| PMEMD implementation of SANDER, Release 18

|  Compiled date/time: Mon Apr 27 18:19:54 2020
| Run on 01/25/2022 at 16:54:29

|   Executable path: /cm/shared/apps/amber20/bin/pmemd.cuda
| Working directory: /data/bella/piezo/charmm-gui-4149384590/TI/1-dooku/ligand/concerted/t01/1.0000
|          Hostname: node002

  [-O]verwriting output

File Assignments:
|   MDIN: ti001.eq.in                                                           
|  MDOUT: ti001.eq.out                                                          
| INPCRD: ti001.min.rst7                                                        
|   PARM: ../concerted.parm7                                                    
| RESTRT: ti001.eq.rst7                                                         
|   REFC: refc                                                                  
|  MDVEL: mdvel                                                                 
|   MDEN: ti001.eq.en                                                           
|  MDCRD: ti001.eq.nc                                                           
| MDINFO: ti001.eq.info                                                         
|  MDFRC: mdfrc                                                                 


 Here is the input file:

Heating                                                                        
 &cntrl                                                                        
                                                                               
! simulation                                                                   
imin = 0,                 ! flag to run minization (0=false)                   
ntmin = 2,                ! mini algorithm. 2=steepest                         
nstlim = 5000,            ! number of MD steps                                 
irest = 0,                ! flag to restart simulation                         
ntx = 1,                  ! option to read from inpcrd file                    
ntxo = 1,                 ! read/write rst as formatted file                   
dt = 0.001,               ! timestep (1fs)                                     
ntb = 2,              ! specify PBC type                                       
                                                                               
! thermostate                                                                  
ntt = 3,                  ! switch for time scaling (3=Langevin)               
tempi = 1.0,                                                                   
temp0 = 310,            ! reference temperature (if ntt>0)                     
gamma_ln = 5.0,           ! collision frequency for ntt=3                      
ig = -1,                  ! seed for Random Number Generator (RNG) (use -1 with
! barostate                                                                    
ntp = 1,                  ! constant pressure dynamics (1=do scaling)          
barostat = 2,             ! barostat to use (2=Monte Carlo)                    
mcbarint = 100,           ! volume change attempt every n steps                
pres0 = 1.01325,          ! referenve pressure (in bars)                       
taup = 2.0,               ! pressure relation time (in ps)                     
                                                                               
! output                                                                       
ioutfm = 1,               ! film fromat (1=binary NetCDF)                      
iwrap = 0,                ! wrap coordination into primary box (1=do)          
ntwe = 1000,              ! write to .mden every n steps                       
ntwx = 1000,              ! write to .mdcrd every n steps                      
ntpr = 500,               ! write energies to .mdout/.mdinfo every n steps     
ntwr = 1000,              ! write rstrt file every n steps                     
                                                                               
! alchemical free energy                                                       
cut = 10.0                                                                     
ntc = 2,                  ! SHAKE bond length constraints (2=H-atom)           
ntf = 1,                  ! force evaluation (1=evalute all)                   
noshakemask = ':L0, L1',     ! remove SHAKE from perturbed regions             
                                                                               
icfe = 1,                 ! turn on free energy calculation                    
ifsc = 1,                 ! use softcore parameters (0=undo)                   
clambda = 1.0000,           ! current lambda                                   
timask1 = ':L0',           ! specify atoms unique to V_0                       
timask2 = ':L1',           ! specify atoms unique to V_1                       
scmask1 = ':L0@S2, C10, C11, H6, N3, C12, H7, C13, H8, N4',                    
                      ! specify the unique atoms for V0                        
scmask2 = ':L1@O, C11, C10, H11, C12, H13, C13, H14, N3, H12',                 
                      ! specify the unique atoms for V1                        
vlimit = 20                                                                    
 /                                                                             
 &ewald                                                                        
 /                                                                             
                                                                               
&wt type='TEMP0', istep1=1, istep2=5000, value1=1.0, value2=300 &end           
&wt type='END' &end                                                            


Note: ig = -1. Setting random seed to   529563 based on wallclock time in 
      microseconds.
| irandom = 1, using AMBER's internal random number generator (default).
 
|--------------------- INFORMATION ----------------------
| GPU (CUDA) Version of PMEMD in use: NVIDIA GPU IN USE.
|                    Version 18.0.0
| 
|                      03/25/2018
| 
| Implementation by:
|                    Ross C. Walker     (SDSC)
|                    Scott Le Grand     (nVIDIA)
| 
| Version 18 performance extensions by:
|                    David Cerutti     (Rutgers)
| 
| Precision model in use:
|      [SPFP] - Single Precision Forces, 64-bit Fixed Point
|               Accumulation. (Default)
| 
|--------------------------------------------------------
 
|----------------- CITATION INFORMATION -----------------
|
|    When publishing work that utilized the CUDA version
|    of AMBER, please cite the following in addition to
|    the regular AMBER citations:
|
|  - Romelia Salomon-Ferrer; Andreas W. Goetz; Duncan
|    Poole; Scott Le Grand; Ross C. Walker "Routine
|    microsecond molecular dynamics simulations with
|    AMBER - Part II: Particle Mesh Ewald", J. Chem.
|    Theory Comput., 2013, 9 (9), pp3878-3888,
|    DOI: 10.1021/ct400314y.
|
|  - Andreas W. Goetz; Mark J. Williamson; Dong Xu;
|    Duncan Poole; Scott Le Grand; Ross C. Walker
|    "Routine microsecond molecular dynamics simulations
|    with AMBER - Part I: Generalized Born", J. Chem.
|    Theory Comput., 2012, 8 (5), pp1542-1555.
|
|  - Scott Le Grand; Andreas W. Goetz; Ross C. Walker
|    "SPFP: Speed without compromise - a mixed precision
|    model for GPU accelerated molecular dynamics
|    simulations.", Comp. Phys. Comm., 2013, 184
|    pp374-380, DOI: 10.1016/j.cpc.2012.09.022
|
|    When publishing work that utilized the CUDA version
|    of TI, BAR, MBAR or FEP please cite the following 
|    publications in addition to the regular AMBER 
|    GPU citations:
|
|  - Daniel J. Mermelstein; Charles Lin; Gard Nelson; 
|    Rachael Kretsch; J. Andrew McCammon; Ross C. Walker
|    "Fast and Flexible GPU Accelerated Binding 
|    Free Energy Calculations within the AMBER Molecular
|    Dynamics Package" J. Comp. Chem., 2018,
|    DOI: 10.1002/jcc.25187
|
|  - Tai-Sung Lee; Yuan Hu; Brad Sherborne; Zhuyan Guo;
|    Darrin M. York
|    "Toward Fast and Accurate Binding Affinity Prediction with
|    pmemdGTI: An Efficient Implementation of GPU-Accelerated
|    Thermodynamic Integration"
|    J. Chem. Theory Comput., 2017, 13 (7), 3077
|
|
|--------------------------------------------------------
 
|------------------- GPU DEVICE INFO --------------------
|
|            CUDA_VISIBLE_DEVICES: 3
|   CUDA Capable Devices Detected:      1
|           CUDA Device ID in use:      0
|                CUDA Device Name: GeForce RTX 2080 Ti
|     CUDA Device Global Mem Size:  11019 MB
| CUDA Device Num Multiprocessors:     68
|           CUDA Device Core Freq:   1.54 GHz
|
|--------------------------------------------------------
 
 
| Conditional Compilation Defines Used:
| PUBFFT
| BINTRAJ
| CUDA
| EMIL

| Largest sphere to fit in unit cell has radius =    25.062

| New format PARM file being parsed.
| Version =    1.000 Date = 01/24/22 Time = 21:43:14

| Note: 1-4 EEL scale factors are being read from the topology file.

| Note: 1-4 VDW scale factors are being read from the topology file.
| Duplicated    0 dihedrals

| Duplicated    0 dihedrals

--------------------------------------------------------------------------------
   1.  RESOURCE   USE: 
--------------------------------------------------------------------------------

 getting new box info from bottom of inpcrd
 NATOM  =    9985 NTYPES =      13 NBONH =    9944 MBONA  =      45
 NTHETH =      36 MTHETA =      61 NPHIH =      66 MPHIA  =      91
 NHPARM =       0 NPARM  =       0 NNB   =   13505 NRES   =    3311
 NBONA  =      45 NTHETA =      61 NPHIA =      91 NUMBND =      22
 NUMANG =      36 NPTRA  =      11 NATYP =      16 NPHB   =       0
 IFBOX  =       1 NMXRS  =      29 IFCAP =       0 NEXTRA =       0
 NCOPY  =       0

| Coordinate Index Table dimensions:     9    9    9
| Direct force subcell size =     5.6395    5.6592    5.5693

     BOX TYPE: RECTILINEAR

--------------------------------------------------------------------------------
   2.  CONTROL  DATA  FOR  THE  RUN
--------------------------------------------------------------------------------

default_name                                                                    

General flags:
     imin    =       0, nmropt  =       0

Nature and format of input:
     ntx     =       1, irest   =       0, ntrx    =       1

Nature and format of output:
     ntxo    =       1, ntpr    =     500, ntrx    =       1, ntwr    =    1000
     iwrap   =       0, ntwx    =    1000, ntwv    =       0, ntwe    =    1000
     ioutfm  =       1, ntwprt  =       0, idecomp =       0, rbornstat=      0

Potential function:
     ntf     =       1, ntb     =       2, igb     =       0, nsnb    =      25
     ipol    =       0, gbsa    =       0, iesp    =       0
     dielc   =   1.00000, cut     =  10.00000, intdiel =   1.00000

Frozen or restrained atoms:
     ibelly  =       0, ntr     =       0

Molecular dynamics:
     nstlim  =      5000, nscm    =      1000, nrespa  =         1
     t       =   0.00000, dt      =   0.00100, vlimit  =  20.00000

Langevin dynamics temperature regulation:
     ig      =  529563
     temp0   = 310.00000, tempi   =   1.00000, gamma_ln=   5.00000

Pressure regulation:
     ntp     =       1
     pres0   =   1.01325, comp    =  44.60000, taup    =   2.00000
     Monte-Carlo Barostat:
     mcbarint  =     100

SHAKE:
     ntc     =       2, jfastw  =       0
     tol     =   0.00001

Free energy options:
     icfe    =       1, ifsc    =       1, klambda =       1
     clambda =  1.0000, scalpha =  0.5000, scbeta  = 12.0000
     sceeorder =       2
     dynlmb =  0.0000 logdvdl =       0

| Intermolecular bonds treatment:
|     no_intermolecular_bonds =       1

| Energy averages sample interval:
|     ene_avg_sampling =     500

Ewald parameters:
     verbose =       0, ew_type =       0, nbflag  =       1, use_pme =       1
     vdwmeth =       1, eedmeth =       1, netfrc  =       1
     Box X =   50.755   Box Y =   50.932   Box Z =   50.124
     Alpha =   90.000   Beta  =   90.000   Gamma =   90.000
     NFFT1 =   56       NFFT2 =   56       NFFT3 =   56
     Cutoff=   10.000   Tol   =0.100E-04
     Ewald Coefficient =  0.27511
     Interpolation order =    4
     TI Mask 1 :L0; matches     29 atoms
     TI Mask 2 :L1; matches     29 atoms
     TI region 1:    9956 atoms
     TI region 2:    9956 atoms
     SC Mask 1 :L0@S2, C10, C11, H6, N3, C12, H7, C13, H8, N4; matches     10 atoms
     SC Mask 2 :L1@O, C11, C10, H11, C12, H13, C13, H14, N3, H12; matches     10 atoms
 Noshake mask :L0, L1; matches      58 atoms.
| MONTE CARLO BAROSTAT IMPORTANT NOTE:
|   The Monte-Carlo barostat does not require the virial to adjust the system volume.
|   Since it is an expensive calculation, it is skipped for efficiency. A side-effect
|   is that the reported pressure is always 0 because it is not calculated.

--------------------------------------------------------------------------------
   3.  ATOMIC COORDINATES AND VELOCITIES
--------------------------------------------------------------------------------

default_name                                                                    
 begin time read from input coords =     0.000 ps

 
     Molecule     1 is partially softcore
     Molecule     2 is partially softcore
 Number of triangulated 3-point waters found:     3309
   Removing shake constraints from C13   L0    1 -- H8    L0    1
   Removing shake constraints from C12   L0    1 -- H7    L0    1
   Removing shake constraints from C11   L0    1 -- H6    L0    1
   Removing shake constraints from C7    L0    1 -- H4    L0    1
   Removing shake constraints from C7    L0    1 -- H5    L0    1
   Removing shake constraints from C4    L0    1 -- H3    L0    1
   Removing shake constraints from C3    L0    1 -- H2    L0    1
   Removing shake constraints from C2    L0    1 -- H1    L0    1
   Removing shake constraints from N3    L1    2 -- H12   L1    2
   Removing shake constraints from C13   L1    2 -- H14   L1    2
   Removing shake constraints from C12   L1    2 -- H13   L1    2
   Removing shake constraints from C10   L1    2 -- H11   L1    2
   Removing shake constraints from C7    L1    2 -- H4    L1    2
   Removing shake constraints from C7    L1    2 -- H5    L1    2
   Removing shake constraints from C4    L1    2 -- H3    L1    2
   Removing shake constraints from C3    L1    2 -- H2    L1    2
   Removing shake constraints from C2    L1    2 -- H1    L1    2
 Number of shake restraints removed in TI region  1 :        8
 Number of shake restraints removed in TI region  2 :        9

     Sum of charges for TI region  1 =   0.00200000
     Skip neutralizing charges...


     Sum of charges for TI region  2 =   0.00100000
     Skip neutralizing charges...

| Dynamic Memory, Types Used:
| Reals              653248
| Integers           420398

| Nonbonded Pairs Initial Allocation:     3020212

| GPU memory information (estimate):
| KB of GPU memory in use:     79398
| KB of CPU memory in use:     25158

--------------------------------------------------------------------------------
   4.  RESULTS
--------------------------------------------------------------------------------

   DOF for the SC part  1 of the system:   30
   DOF for the SC part  2 of the system:   30

| TI region  1


 NSTEP =        0   TIME(PS) =       0.000  TEMP(K) =     1.48  PRESS =     0.0
 Etot   =    -29219.7178  EKtot   =        29.3241  EPtot      =    -29249.0418
 BOND   =         0.2963  ANGLE   =         0.9387  DIHED      =         4.5692
 1-4 NB =         4.1990  1-4 EEL =        23.4872  VDWAALS    =      2065.5363
 EELEC  =    -31348.0686  EHBOND  =         0.0000  RESTRAINT  =         0.0000
 EKCMT  =         0.0000  VIRIAL  =         0.0000  VOLUME     =    129573.7139
                                                    Density    =         0.7686
 DV/DL  =         1.2790
 ------------------------------------------------------------------------------

  Softcore part of the system:      10 atoms,       TEMP(K)    =           2.74
 SC_Etot=        74.3614  SC_EKtot=         0.0815  SC_EPtot   =        74.2798
 SC_BOND=         3.2821  SC_ANGLE=         6.7878  SC_DIHED   =         2.5892
 SC_14NB=         5.0493  SC_14EEL=        53.3253  SC_VDW     =        -0.3643
 SC_EEL =         3.6104
 SC_RES_DIST=     0.0000  SC_RES_ANG=       0.0000  SC_RES_TORS=         0.0000
 SC_EEL_DER=     -4.2786  SC_VDW_DER=      -0.1313  SC_DERIV   =        -4.4099
 ------------------------------------------------------------------------------


| TI region  2


 NSTEP =        0   TIME(PS) =       0.000  TEMP(K) =     1.48  PRESS =     0.0
 Etot   =    -29219.6927  EKtot   =        29.3492  EPtot      =    -29249.0418
 BOND   =         0.2963  ANGLE   =         0.9387  DIHED      =         4.5692
 1-4 NB =         4.1990  1-4 EEL =        23.4872  VDWAALS    =      2065.5363
 EELEC  =    -31348.0686  EHBOND  =         0.0000  RESTRAINT  =         0.0000
 EKCMT  =         0.0000  VIRIAL  =         0.0000  VOLUME     =    129573.7139
                                                    Density    =         0.7682
 DV/DL  =         1.2790
 ------------------------------------------------------------------------------

  Softcore part of the system:      10 atoms,       TEMP(K)    =           3.84
 SC_Etot=        18.9285  SC_EKtot=         0.1143  SC_EPtot   =        18.8142
 SC_BOND=         1.4136  SC_ANGLE=        17.1909  SC_DIHED   =         7.1372
 SC_14NB=        -0.1791  SC_14EEL=        -2.9929  SC_VDW     =        -0.1074
 SC_EEL =        -3.6480
 SC_RES_DIST=     0.0000  SC_RES_ANG=       0.0000  SC_RES_TORS=         0.0000
 SC_EEL_DER=     -4.2786  SC_VDW_DER=      -0.1313  SC_DERIV   =        -4.4099
 ------------------------------------------------------------------------------


| TI region  1


 NSTEP =      500   TIME(PS) =       0.500  TEMP(K) =   298.58  PRESS =     0.0
 Etot   =    -24281.8037  EKtot   =      5914.4250  EPtot      =    -30196.2288
 BOND   =         4.8763  ANGLE   =         4.4887  DIHED      =         2.6991
 1-4 NB =         4.7316  1-4 EEL =        22.7954  VDWAALS    =      4759.8911
 EELEC  =    -34995.7109  EHBOND  =         0.0000  RESTRAINT  =         0.0000
 EKCMT  =         0.0000  VIRIAL  =         0.0000  VOLUME     =    128534.4509
                                                    Density    =         0.7748
 DV/DL  =        -9.6477
 ------------------------------------------------------------------------------

  Softcore part of the system:      10 atoms,       TEMP(K)    =         199.36
 SC_Etot=        85.5223  SC_EKtot=         5.9425  SC_EPtot   =        79.5797
 SC_BOND=         8.0924  SC_ANGLE=         5.6122  SC_DIHED   =         4.4490
 SC_14NB=         4.5192  SC_14EEL=        53.6723  SC_VDW     =        -0.3466
 SC_EEL =         3.5813
 SC_RES_DIST=     0.0000  SC_RES_ANG=       0.0000  SC_RES_TORS=         0.0000
 SC_EEL_DER=    -15.5495  SC_VDW_DER=       1.9917  SC_DERIV   =       -13.5577
 ------------------------------------------------------------------------------


| TI region  2


 NSTEP =      500   TIME(PS) =       0.500  TEMP(K) =   298.75  PRESS =     0.0
 Etot   =    -24278.5248  EKtot   =      5917.7040  EPtot      =    -30196.2288
 BOND   =         4.8763  ANGLE   =         4.4887  DIHED      =         2.6991
 1-4 NB =         4.7316  1-4 EEL =        22.7954  VDWAALS    =      4759.8911
 EELEC  =    -34995.7109  EHBOND  =         0.0000  RESTRAINT  =         0.0000
 EKCMT  =         0.0000  VIRIAL  =         0.0000  VOLUME     =    128534.4509
                                                    Density    =         0.7744
 DV/DL  =        -9.6477
 ------------------------------------------------------------------------------

  Softcore part of the system:      10 atoms,       TEMP(K)    =         309.36
 SC_Etot=        26.7814  SC_EKtot=         9.2215  SC_EPtot   =        17.5599
 SC_BOND=         3.1059  SC_ANGLE=        16.7718  SC_DIHED   =         4.2773
 SC_14NB=        -0.0118  SC_14EEL=        -2.4833  SC_VDW     =        -0.0786
 SC_EEL =        -4.0214
 SC_RES_DIST=     0.0000  SC_RES_ANG=       0.0000  SC_RES_TORS=         0.0000
 SC_EEL_DER=    -15.5495  SC_VDW_DER=       1.9917  SC_DERIV   =       -13.5577
 ------------------------------------------------------------------------------


| TI region  1


 NSTEP =     1000   TIME(PS) =       1.000  TEMP(K) =   310.03  PRESS =     0.0
 Etot   =    -23751.9937  EKtot   =      6141.1349  EPtot      =    -29893.1285
 BOND   =         5.3028  ANGLE   =         7.4003  DIHED      =         3.4965
 1-4 NB =         3.7185  1-4 EEL =        22.6272  VDWAALS    =      4571.6557
 EELEC  =    -34507.3295  EHBOND  =         0.0000  RESTRAINT  =         0.0000
 EKCMT  =         0.0000  VIRIAL  =         0.0000  VOLUME     =    127583.7058
                                                    Density    =         0.7805
 DV/DL  =        -3.0549
 ------------------------------------------------------------------------------

  Softcore part of the system:      10 atoms,       TEMP(K)    =         211.96
 SC_Etot=        92.7024  SC_EKtot=         6.3182  SC_EPtot   =        86.3842
 SC_BOND=         9.7164  SC_ANGLE=        12.0621  SC_DIHED   =         2.2962
 SC_14NB=         5.8019  SC_14EEL=        53.2901  SC_VDW     =        -0.3796
 SC_EEL =         3.5971
 SC_RES_DIST=     0.0000  SC_RES_ANG=       0.0000  SC_RES_TORS=         0.0000
 SC_EEL_DER=     -5.6974  SC_VDW_DER=       0.0454  SC_DERIV   =        -5.6520
 ------------------------------------------------------------------------------


| TI region  2


 NSTEP =     1000   TIME(PS) =       1.000  TEMP(K) =   310.32  PRESS =     0.0
 Etot   =    -23746.1247  EKtot   =      6147.0039  EPtot      =    -29893.1285
 BOND   =         5.3028  ANGLE   =         7.4003  DIHED      =         3.4965
 1-4 NB =         3.7185  1-4 EEL =        22.6272  VDWAALS    =      4571.6557
 EELEC  =    -34507.3295  EHBOND  =         0.0000  RESTRAINT  =         0.0000
 EKCMT  =         0.0000  VIRIAL  =         0.0000  VOLUME     =    127583.7058
                                                    Density    =         0.7802
 DV/DL  =        -3.0549
 ------------------------------------------------------------------------------

  Softcore part of the system:      10 atoms,       TEMP(K)    =         408.86
 SC_Etot=        29.3101  SC_EKtot=        12.1872  SC_EPtot   =        17.1229
 SC_BOND=         4.1881  SC_ANGLE=        14.9382  SC_DIHED   =         4.5965
 SC_14NB=        -0.0955  SC_14EEL=        -2.8108  SC_VDW     =        -0.0869
 SC_EEL =        -3.6067
 SC_RES_DIST=     0.0000  SC_RES_ANG=       0.0000  SC_RES_TORS=         0.0000
 SC_EEL_DER=     -5.6974  SC_VDW_DER=       0.0454  SC_DERIV   =        -5.6520
 ------------------------------------------------------------------------------


| TI region  1


 NSTEP =     1500   TIME(PS) =       1.500  TEMP(K) =   307.63  PRESS =     0.0
 Etot   =    -23897.1617  EKtot   =      6093.7174  EPtot      =    -29990.8791
 BOND   =         4.0853  ANGLE   =         5.1301  DIHED      =         4.7295
 1-4 NB =         4.1636  1-4 EEL =        23.1847  VDWAALS    =      4673.6153
 EELEC  =    -34705.7876  EHBOND  =         0.0000  RESTRAINT  =         0.0000
 EKCMT  =         0.0000  VIRIAL  =         0.0000  VOLUME     =    124766.6486
                                                    Density    =         0.7982
 DV/DL  =       -21.2547
 ------------------------------------------------------------------------------

  Softcore part of the system:      10 atoms,       TEMP(K)    =         435.68
 SC_Etot=        95.2445  SC_EKtot=        12.9867  SC_EPtot   =        82.2578
 SC_BOND=         5.7665  SC_ANGLE=        11.2214  SC_DIHED   =         2.9061
 SC_14NB=         6.3933  SC_14EEL=        52.7152  SC_VDW     =        -0.3805
 SC_EEL =         3.6359
 SC_RES_DIST=     0.0000  SC_RES_ANG=       0.0000  SC_RES_TORS=         0.0000
 SC_EEL_DER=    -21.7676  SC_VDW_DER=       2.8822  SC_DERIV   =       -18.8854
 ------------------------------------------------------------------------------


| TI region  2


 NSTEP =     1500   TIME(PS) =       1.500  TEMP(K) =   307.46  PRESS =     0.0
 Etot   =    -23900.5330  EKtot   =      6090.3461  EPtot      =    -29990.8791
 BOND   =         4.0853  ANGLE   =         5.1301  DIHED      =         4.7295
 1-4 NB =         4.1636  1-4 EEL =        23.1847  VDWAALS    =      4673.6153
 EELEC  =    -34705.7876  EHBOND  =         0.0000  RESTRAINT  =         0.0000
 EKCMT  =         0.0000  VIRIAL  =         0.0000  VOLUME     =    124766.6486
                                                    Density    =         0.7978
 DV/DL  =       -21.2547
 ------------------------------------------------------------------------------

  Softcore part of the system:      10 atoms,       TEMP(K)    =         322.58
 SC_Etot=        29.1869  SC_EKtot=         9.6154  SC_EPtot   =        19.5715
 SC_BOND=         5.2759  SC_ANGLE=        15.9019  SC_DIHED   =         5.0868
 SC_14NB=        -0.1319  SC_14EEL=        -2.9143  SC_VDW     =        -0.1071
 SC_EEL =        -3.5398
 SC_RES_DIST=     0.0000  SC_RES_ANG=       0.0000  SC_RES_TORS=         0.0000
 SC_EEL_DER=    -21.7676  SC_VDW_DER=       2.8822  SC_DERIV   =       -18.8854
 ------------------------------------------------------------------------------


| TI region  1


 NSTEP =     2000   TIME(PS) =       2.000  TEMP(K) =   308.24  PRESS =     0.0
 Etot   =    -24016.4613  EKtot   =      6105.6648  EPtot      =    -30122.1261
 BOND   =         7.6363  ANGLE   =         7.8840  DIHED      =         3.0136
 1-4 NB =         4.2206  1-4 EEL =        22.6039  VDWAALS    =      4753.1603
 EELEC  =    -34920.6448  EHBOND  =         0.0000  RESTRAINT  =         0.0000
 EKCMT  =         0.0000  VIRIAL  =         0.0000  VOLUME     =    123759.0072
                                                    Density    =         0.8047
 DV/DL  =       -29.4427
 ------------------------------------------------------------------------------

  Softcore part of the system:      10 atoms,       TEMP(K)    =         248.13
 SC_Etot=        88.8082  SC_EKtot=         7.3962  SC_EPtot   =        81.4120
 SC_BOND=         2.3897  SC_ANGLE=         8.4057  SC_DIHED   =         7.0955
 SC_14NB=         6.2705  SC_14EEL=        54.0040  SC_VDW     =        -0.3714
 SC_EEL =         3.6180
 SC_RES_DIST=     0.0000  SC_RES_ANG=       0.0000  SC_RES_TORS=         0.0000
 SC_EEL_DER=    -31.6377  SC_VDW_DER=       6.0375  SC_DERIV   =       -25.6002
 ------------------------------------------------------------------------------


| TI region  2


 NSTEP =     2000   TIME(PS) =       2.000  TEMP(K) =   308.55  PRESS =     0.0
 Etot   =    -24010.3164  EKtot   =      6111.8097  EPtot      =    -30122.1261
 BOND   =         7.6363  ANGLE   =         7.8840  DIHED      =         3.0136
 1-4 NB =         4.2206  1-4 EEL =        22.6039  VDWAALS    =      4753.1603
 EELEC  =    -34920.6448  EHBOND  =         0.0000  RESTRAINT  =         0.0000
 EKCMT  =         0.0000  VIRIAL  =         0.0000  VOLUME     =    123759.0072
                                                    Density    =         0.8043
 DV/DL  =       -29.4427
 ------------------------------------------------------------------------------

  Softcore part of the system:      10 atoms,       TEMP(K)    =         454.28
 SC_Etot=        33.2243  SC_EKtot=        13.5411  SC_EPtot   =        19.6832
 SC_BOND=         4.4413  SC_ANGLE=        18.0194  SC_DIHED   =         3.9508
 SC_14NB=        -0.1427  SC_14EEL=        -2.9335  SC_VDW     =        -0.1067
 SC_EEL =        -3.5454
 SC_RES_DIST=     0.0000  SC_RES_ANG=       0.0000  SC_RES_TORS=         0.0000
 SC_EEL_DER=    -31.6377  SC_VDW_DER=       6.0375  SC_DERIV   =       -25.6002
 ------------------------------------------------------------------------------


| TI region  1


 NSTEP =     2500   TIME(PS) =       2.500  TEMP(K) =   314.23  PRESS =     0.0
 Etot   =    -23992.2095  EKtot   =      6224.3554  EPtot      =    -30216.5650
 BOND   =         3.4942  ANGLE   =         6.6953  DIHED      =         1.6267
 1-4 NB =         3.5453  1-4 EEL =        22.8990  VDWAALS    =      4776.7592
 EELEC  =    -35031.5845  EHBOND  =         0.0000  RESTRAINT  =         0.0000
 EKCMT  =         0.0000  VIRIAL  =         0.0000  VOLUME     =    121778.3739
                                                    Density    =         0.8178
 DV/DL  =       -23.5506
 ------------------------------------------------------------------------------

  Softcore part of the system:      10 atoms,       TEMP(K)    =         232.03
 SC_Etot=        90.4392  SC_EKtot=         6.9163  SC_EPtot   =        83.5229
 SC_BOND=         2.5313  SC_ANGLE=        15.2317  SC_DIHED   =         3.4403
 SC_14NB=         5.4087  SC_14EEL=        53.6017  SC_VDW     =        -0.3517
 SC_EEL =         3.6610
 SC_RES_DIST=     0.0000  SC_RES_ANG=       0.0000  SC_RES_TORS=         0.0000
 SC_EEL_DER=    -19.4439  SC_VDW_DER=       1.4583  SC_DERIV   =       -17.9856
 ------------------------------------------------------------------------------


| TI region  2


 NSTEP =     2500   TIME(PS) =       2.500  TEMP(K) =   314.27  PRESS =     0.0
 Etot   =    -23991.4203  EKtot   =      6225.1447  EPtot      =    -30216.5650
 BOND   =         3.4942  ANGLE   =         6.6953  DIHED      =         1.6267
 1-4 NB =         3.5453  1-4 EEL =        22.8990  VDWAALS    =      4776.7592
 EELEC  =    -35031.5845  EHBOND  =         0.0000  RESTRAINT  =         0.0000
 EKCMT  =         0.0000  VIRIAL  =         0.0000  VOLUME     =    121778.3739
                                                    Density    =         0.8174
 DV/DL  =       -23.5506
 ------------------------------------------------------------------------------

  Softcore part of the system:      10 atoms,       TEMP(K)    =         258.51
 SC_Etot=        25.3419  SC_EKtot=         7.7056  SC_EPtot   =        17.6363
 SC_BOND=         3.4470  SC_ANGLE=        16.5083  SC_DIHED   =         4.1961
 SC_14NB=         0.0583  SC_14EEL=        -2.6840  SC_VDW     =        -0.0644
 SC_EEL =        -3.8250
 SC_RES_DIST=     0.0000  SC_RES_ANG=       0.0000  SC_RES_TORS=         0.0000
 SC_EEL_DER=    -19.4439  SC_VDW_DER=       1.4583  SC_DERIV   =       -17.9856
 ------------------------------------------------------------------------------


| TI region  1


 NSTEP =     3000   TIME(PS) =       3.000  TEMP(K) =   307.01  PRESS =     0.0
 Etot   =    -24111.6778  EKtot   =      6081.2696  EPtot      =    -30192.9474
 BOND   =         9.3227  ANGLE   =         5.5922  DIHED      =         2.0065
 1-4 NB =         3.2067  1-4 EEL =        22.6614  VDWAALS    =      4678.0353
 EELEC  =    -34913.7722  EHBOND  =         0.0000  RESTRAINT  =         0.0000
 EKCMT  =         0.0000  VIRIAL  =         0.0000  VOLUME     =    120275.2832
                                                    Density    =         0.8280
 DV/DL  =       -28.7047
 ------------------------------------------------------------------------------

  Softcore part of the system:      10 atoms,       TEMP(K)    =         237.12
 SC_Etot=        88.5368  SC_EKtot=         7.0681  SC_EPtot   =        81.4688
 SC_BOND=         7.5528  SC_ANGLE=         7.2973  SC_DIHED   =         2.3675
 SC_14NB=         6.8422  SC_14EEL=        54.0742  SC_VDW     =        -0.3801
 SC_EEL =         3.7147
 SC_RES_DIST=     0.0000  SC_RES_ANG=       0.0000  SC_RES_TORS=         0.0000
 SC_EEL_DER=    -31.1516  SC_VDW_DER=       5.3958  SC_DERIV   =       -25.7559
 ------------------------------------------------------------------------------


| TI region  2


 NSTEP =     3000   TIME(PS) =       3.000  TEMP(K) =   307.06  PRESS =     0.0
 Etot   =    -24110.5920  EKtot   =      6082.3554  EPtot      =    -30192.9474
 BOND   =         9.3227  ANGLE   =         5.5922  DIHED      =         2.0065
 1-4 NB =         3.2067  1-4 EEL =        22.6614  VDWAALS    =      4678.0353
 EELEC  =    -34913.7722  EHBOND  =         0.0000  RESTRAINT  =         0.0000
 EKCMT  =         0.0000  VIRIAL  =         0.0000  VOLUME     =    120275.2832
                                                    Density    =         0.8276
 DV/DL  =       -28.7047
 ------------------------------------------------------------------------------

  Softcore part of the system:      10 atoms,       TEMP(K)    =         273.55
 SC_Etot=        29.0229  SC_EKtot=         8.1538  SC_EPtot   =        20.8691
 SC_BOND=         4.6940  SC_ANGLE=        18.8707  SC_DIHED   =         4.2974
 SC_14NB=        -0.1605  SC_14EEL=        -3.2611  SC_VDW     =        -0.0944
 SC_EEL =        -3.4770
 SC_RES_DIST=     0.0000  SC_RES_ANG=       0.0000  SC_RES_TORS=         0.0000
 SC_EEL_DER=    -31.1516  SC_VDW_DER=       5.3958  SC_DERIV   =       -25.7559
 ------------------------------------------------------------------------------


| TI region  1


 NSTEP =     3500   TIME(PS) =       3.500  TEMP(K) =   306.40  PRESS =     0.0
 Etot   =    -24178.7693  EKtot   =      6069.2834  EPtot      =    -30248.0527
 BOND   =         7.5653  ANGLE   =         4.9154  DIHED      =         3.7927
 1-4 NB =         4.9840  1-4 EEL =        23.8487  VDWAALS    =      4590.3972
 EELEC  =    -34883.5560  EHBOND  =         0.0000  RESTRAINT  =         0.0000
 EKCMT  =         0.0000  VIRIAL  =         0.0000  VOLUME     =    118337.7438
                                                    Density    =         0.8415
 DV/DL  =       -11.1571
 ------------------------------------------------------------------------------

  Softcore part of the system:      10 atoms,       TEMP(K)    =         229.70
 SC_Etot=        89.9207  SC_EKtot=         6.8468  SC_EPtot   =        83.0739
 SC_BOND=         7.9662  SC_ANGLE=         8.1500  SC_DIHED   =         4.8407
 SC_14NB=         6.0092  SC_14EEL=        52.8710  SC_VDW     =        -0.3775
 SC_EEL =         3.6142
 SC_RES_DIST=     0.0000  SC_RES_ANG=       0.0000  SC_RES_TORS=         0.0000
 SC_EEL_DER=    -15.9704  SC_VDW_DER=       2.7994  SC_DERIV   =       -13.1710
 ------------------------------------------------------------------------------


| TI region  2


 NSTEP =     3500   TIME(PS) =       3.500  TEMP(K) =   306.56  PRESS =     0.0
 Etot   =    -24175.6761  EKtot   =      6072.3765  EPtot      =    -30248.0527
 BOND   =         7.5653  ANGLE   =         4.9154  DIHED      =         3.7927
 1-4 NB =         4.9840  1-4 EEL =        23.8487  VDWAALS    =      4590.3972
 EELEC  =    -34883.5560  EHBOND  =         0.0000  RESTRAINT  =         0.0000
 EKCMT  =         0.0000  VIRIAL  =         0.0000  VOLUME     =    118337.7438
                                                    Density    =         0.8411
 DV/DL  =       -11.1571
 ------------------------------------------------------------------------------

  Softcore part of the system:      10 atoms,       TEMP(K)    =         333.47
 SC_Etot=        25.0292  SC_EKtot=         9.9400  SC_EPtot   =        15.0892
 SC_BOND=         2.3942  SC_ANGLE=        16.6100  SC_DIHED   =         3.2358
 SC_14NB=        -0.1774  SC_14EEL=        -3.1920  SC_VDW     =        -0.1001
 SC_EEL =        -3.6813
 SC_RES_DIST=     0.0000  SC_RES_ANG=       0.0000  SC_RES_TORS=         0.0000
 SC_EEL_DER=    -15.9704  SC_VDW_DER=       2.7994  SC_DERIV   =       -13.1710
 ------------------------------------------------------------------------------


| TI region  1


 NSTEP =     4000   TIME(PS) =       4.000  TEMP(K) =   315.29  PRESS =     0.0
 Etot   =    -24248.5909  EKtot   =      6245.3308  EPtot      =    -30493.9217
 BOND   =         7.4941  ANGLE   =         7.0184  DIHED      =         2.9793
 1-4 NB =         3.1008  1-4 EEL =        22.5631  VDWAALS    =      4674.0304
 EELEC  =    -35211.1079  EHBOND  =         0.0000  RESTRAINT  =         0.0000
 EKCMT  =         0.0000  VIRIAL  =         0.0000  VOLUME     =    116977.6247
                                                    Density    =         0.8513
 DV/DL  =       -22.1358
 ------------------------------------------------------------------------------

  Softcore part of the system:      10 atoms,       TEMP(K)    =         266.47
 SC_Etot=        85.7067  SC_EKtot=         7.9428  SC_EPtot   =        77.7639
 SC_BOND=         9.8032  SC_ANGLE=         6.1470  SC_DIHED   =         1.4808
 SC_14NB=         4.6088  SC_14EEL=        52.4749  SC_VDW     =        -0.3339
 SC_EEL =         3.5829
 SC_RES_DIST=     0.0000  SC_RES_ANG=       0.0000  SC_RES_TORS=         0.0000
 SC_EEL_DER=    -22.6329  SC_VDW_DER=       3.6897  SC_DERIV   =       -18.9432
 ------------------------------------------------------------------------------


| TI region  2


 NSTEP =     4000   TIME(PS) =       4.000  TEMP(K) =   315.47  PRESS =     0.0
 Etot   =    -24244.9281  EKtot   =      6248.9936  EPtot      =    -30493.9217
 BOND   =         7.4941  ANGLE   =         7.0184  DIHED      =         2.9793
 1-4 NB =         3.1008  1-4 EEL =        22.5631  VDWAALS    =      4674.0304
 EELEC  =    -35211.1079  EHBOND  =         0.0000  RESTRAINT  =         0.0000
 EKCMT  =         0.0000  VIRIAL  =         0.0000  VOLUME     =    116977.6247
                                                    Density    =         0.8509
 DV/DL  =       -22.1358
 ------------------------------------------------------------------------------

  Softcore part of the system:      10 atoms,       TEMP(K)    =         389.35
 SC_Etot=        33.4612  SC_EKtot=        11.6056  SC_EPtot   =        21.8556
 SC_BOND=         4.8991  SC_ANGLE=        21.2808  SC_DIHED   =         2.2511
 SC_14NB=         0.1034  SC_14EEL=        -2.8002  SC_VDW     =        -0.0115
 SC_EEL =        -3.8671
 SC_RES_DIST=     0.0000  SC_RES_ANG=       0.0000  SC_RES_TORS=         0.0000
 SC_EEL_DER=    -22.6329  SC_VDW_DER=       3.6897  SC_DERIV   =       -18.9432
 ------------------------------------------------------------------------------


| TI region  1


 NSTEP =     4500   TIME(PS) =       4.500  TEMP(K) =   310.82  PRESS =     0.0
 Etot   =    -24364.2417  EKtot   =      6156.8508  EPtot      =    -30521.0925
 BOND   =         5.9721  ANGLE   =         6.1256  DIHED      =         8.7660
 1-4 NB =         4.8703  1-4 EEL =        22.8943  VDWAALS    =      4390.7272
 EELEC  =    -34960.4481  EHBOND  =         0.0000  RESTRAINT  =         0.0000
 EKCMT  =         0.0000  VIRIAL  =         0.0000  VOLUME     =    116969.4607
                                                    Density    =         0.8514
 DV/DL  =       -11.7476
 ------------------------------------------------------------------------------

  Softcore part of the system:      10 atoms,       TEMP(K)    =         187.15
 SC_Etot=        93.4334  SC_EKtot=         5.5785  SC_EPtot   =        87.8548
 SC_BOND=         3.8745  SC_ANGLE=        10.1141  SC_DIHED   =        10.6946
 SC_14NB=         5.8476  SC_14EEL=        53.9633  SC_VDW     =        -0.3464
 SC_EEL =         3.7072
 SC_RES_DIST=     0.0000  SC_RES_ANG=       0.0000  SC_RES_TORS=         0.0000
 SC_EEL_DER=    -26.4540  SC_VDW_DER=      11.9650  SC_DERIV   =       -14.4889
 ------------------------------------------------------------------------------


| TI region  2


 NSTEP =     4500   TIME(PS) =       4.500  TEMP(K) =   311.02  PRESS =     0.0
 Etot   =    -24360.3023  EKtot   =      6160.7902  EPtot      =    -30521.0925
 BOND   =         5.9721  ANGLE   =         6.1256  DIHED      =         8.7660
 1-4 NB =         4.8703  1-4 EEL =        22.8943  VDWAALS    =      4390.7272
 EELEC  =    -34960.4481  EHBOND  =         0.0000  RESTRAINT  =         0.0000
 EKCMT  =         0.0000  VIRIAL  =         0.0000  VOLUME     =    116969.4607
                                                    Density    =         0.8510
 DV/DL  =       -11.7476
 ------------------------------------------------------------------------------

  Softcore part of the system:      10 atoms,       TEMP(K)    =         319.31
 SC_Etot=        23.5648  SC_EKtot=         9.5179  SC_EPtot   =        14.0469
 SC_BOND=         3.7703  SC_ANGLE=        13.4644  SC_DIHED   =         3.7200
 SC_14NB=         0.0563  SC_14EEL=        -2.8781  SC_VDW     =        -0.0354
 SC_EEL =        -4.0505
 SC_RES_DIST=     0.0000  SC_RES_ANG=       0.0000  SC_RES_TORS=         0.0000
 SC_EEL_DER=    -26.4540  SC_VDW_DER=      11.9650  SC_DERIV   =       -14.4889
 ------------------------------------------------------------------------------


| TI region  1


 NSTEP =     5000   TIME(PS) =       5.000  TEMP(K) =   311.19  PRESS =     0.0
 Etot   =    -24365.4083  EKtot   =      6164.2262  EPtot      =    -30529.6346
 BOND   =         5.1058  ANGLE   =         5.5819  DIHED      =         3.9769
 1-4 NB =         4.7517  1-4 EEL =        23.1250  VDWAALS    =      4452.2400
 EELEC  =    -35024.4159  EHBOND  =         0.0000  RESTRAINT  =         0.0000
 EKCMT  =         0.0000  VIRIAL  =         0.0000  VOLUME     =    114103.0646
                                                    Density    =         0.8728
 DV/DL  =       -16.3683
 ------------------------------------------------------------------------------

  Softcore part of the system:      10 atoms,       TEMP(K)    =         220.38
 SC_Etot=        95.2633  SC_EKtot=         6.5691  SC_EPtot   =        88.6942
 SC_BOND=        10.1597  SC_ANGLE=         8.7184  SC_DIHED   =         6.4953
 SC_14NB=         7.1824  SC_14EEL=        52.9478  SC_VDW     =        -0.3810
 SC_EEL =         3.5715
 SC_RES_DIST=     0.0000  SC_RES_ANG=       0.0000  SC_RES_TORS=         0.0000
 SC_EEL_DER=    -20.8365  SC_VDW_DER=       4.3133  SC_DERIV   =       -16.5231
 ------------------------------------------------------------------------------


| TI region  2


 NSTEP =     5000   TIME(PS) =       5.000  TEMP(K) =   311.51  PRESS =     0.0
 Etot   =    -24359.2315  EKtot   =      6170.4031  EPtot      =    -30529.6346
 BOND   =         5.1058  ANGLE   =         5.5819  DIHED      =         3.9769
 1-4 NB =         4.7517  1-4 EEL =        23.1250  VDWAALS    =      4452.2400
 EELEC  =    -35024.4159  EHBOND  =         0.0000  RESTRAINT  =         0.0000
 EKCMT  =         0.0000  VIRIAL  =         0.0000  VOLUME     =    114103.0646
                                                    Density    =         0.8723
 DV/DL  =       -16.3683
 ------------------------------------------------------------------------------

  Softcore part of the system:      10 atoms,       TEMP(K)    =         427.60
 SC_Etot=        34.7063  SC_EKtot=        12.7459  SC_EPtot   =        21.9603
 SC_BOND=         9.1444  SC_ANGLE=        16.2569  SC_DIHED   =         3.4375
 SC_14NB=         0.0916  SC_14EEL=        -2.8001  SC_VDW     =         0.0363
 SC_EEL =        -4.2063
 SC_RES_DIST=     0.0000  SC_RES_ANG=       0.0000  SC_RES_TORS=         0.0000
 SC_EEL_DER=    -20.8365  SC_VDW_DER=       4.3133  SC_DERIV   =       -16.5231
 ------------------------------------------------------------------------------


| TI region  1


      A V E R A G E S   O V E R      10 S T E P S


 NSTEP =     5000   TIME(PS) =       5.000  TEMP(K) =   308.94  PRESS =     0.0
 Etot   =    -24120.8318  EKtot   =      6119.6258  EPtot      =    -30240.4576
 BOND   =         6.0855  ANGLE   =         6.0832  DIHED      =         3.7087
 1-4 NB =         4.1293  1-4 EEL =        22.9203  VDWAALS    =      4632.0512
 EELEC  =    -34915.4357  EHBOND  =         0.0000  RESTRAINT  =         0.0000
 EKCMT  =         0.0000  VIRIAL  =         0.0000  VOLUME     =    121308.5363
                                                    Density    =         0.8221
 DV/DL  =       -17.7064
 ------------------------------------------------------------------------------

  Softcore part of the system:      10 atoms,       TEMP(K)    =         246.80
 SC_Etot=        90.5578  SC_EKtot=         7.3565  SC_EPtot   =        83.2012
 SC_BOND=         6.7853  SC_ANGLE=         9.2960  SC_DIHED   =         4.6066
 SC_14NB=         5.8884  SC_14EEL=        53.3615  SC_VDW     =        -0.3649
 SC_EEL =         3.6284
 SC_RES_DIST=     0.0000  SC_RES_ANG=       0.0000  SC_RES_TORS=         0.0000
 SC_EEL_DER=    -21.1142  SC_VDW_DER=       4.0578  SC_DERIV   =       -17.0563
 ------------------------------------------------------------------------------


      R M S  F L U C T U A T I O N S


 NSTEP =     5000   TIME(PS) =       5.000  TEMP(K) =     4.45  PRESS =     0.0
 Etot   =       194.4859  EKtot   =        88.0833  EPtot      =       206.9769
 BOND   =         1.7556  ANGLE   =         1.0740  DIHED      =         1.8976
 1-4 NB =         0.6677  1-4 EEL =         0.3703  VDWAALS    =       123.8980
 EELEC  =       182.4305  EHBOND  =         0.0000  RESTRAINT  =         0.0000
 EKCMT  =         0.0000  VIRIAL  =         0.0000  VOLUME     =      4573.5337
                                                    Density    =         0.0309
 DV/DL  =         8.2757
 ------------------------------------------------------------------------------

  Softcore part of the system:      10 atoms,       TEMP(K)    =          66.62
 SC_Etot=         3.3679  SC_EKtot=         1.9859  SC_EPtot   =         3.3444
 SC_BOND=         2.8233  SC_ANGLE=         2.7781  SC_DIHED   =         2.6698
 SC_14NB=         0.8217  SC_14EEL=         0.5530  SC_VDW     =         0.0172
 SC_EEL =         0.0486
 SC_RES_DIST=     0.0000  SC_RES_ANG=       0.0000  SC_RES_TORS=         0.0000
 SC_EEL_DER=      7.3533  SC_VDW_DER=       3.1389  SC_DERIV   =         5.6632
 ------------------------------------------------------------------------------


| TI region  2


      A V E R A G E S   O V E R      10 S T E P S


 NSTEP =     5000   TIME(PS) =       5.000  TEMP(K) =   309.10  PRESS =     0.0
 Etot   =    -24117.7649  EKtot   =      6122.6927  EPtot      =    -30240.4576
 BOND   =         6.0855  ANGLE   =         6.0832  DIHED      =         3.7087
 1-4 NB =         4.1293  1-4 EEL =        22.9203  VDWAALS    =      4632.0512
 EELEC  =    -34915.4357  EHBOND  =         0.0000  RESTRAINT  =         0.0000
 EKCMT  =         0.0000  VIRIAL  =         0.0000  VOLUME     =    121308.5363
                                                    Density    =         0.8217
 DV/DL  =       -17.7064
 ------------------------------------------------------------------------------

  Softcore part of the system:      10 atoms,       TEMP(K)    =         349.69
 SC_Etot=        28.9629  SC_EKtot=        10.4234  SC_EPtot   =        18.5395
 SC_BOND=         4.5360  SC_ANGLE=        16.8622  SC_DIHED   =         3.9049
 SC_14NB=        -0.0410  SC_14EEL=        -2.8757  SC_VDW     =        -0.0649
 SC_EEL =        -3.7821
 SC_RES_DIST=     0.0000  SC_RES_ANG=       0.0000  SC_RES_TORS=         0.0000
 SC_EEL_DER=    -21.1142  SC_VDW_DER=       4.0578  SC_DERIV   =       -17.0563
 ------------------------------------------------------------------------------


      R M S  F L U C T U A T I O N S


 NSTEP =     5000   TIME(PS) =       5.000  TEMP(K) =     4.46  PRESS =     0.0
 Etot   =       193.7432  EKtot   =        88.3804  EPtot      =       206.9769
 BOND   =         1.7556  ANGLE   =         1.0740  DIHED      =         1.8976
 1-4 NB =         0.6677  1-4 EEL =         0.3703  VDWAALS    =       123.8980
 EELEC  =       182.4305  EHBOND  =         0.0000  RESTRAINT  =         0.0000
 EKCMT  =         0.0000  VIRIAL  =         0.0000  VOLUME     =      4573.5337
                                                    Density    =         0.0309
 DV/DL  =         8.2757
 ------------------------------------------------------------------------------

  Softcore part of the system:      10 atoms,       TEMP(K)    =          63.04
 SC_Etot=         3.6611  SC_EKtot=         1.8791  SC_EPtot   =         2.5762
 SC_BOND=         1.7457  SC_ANGLE=         2.0403  SC_DIHED   =         0.7543
 SC_14NB=         0.1063  SC_14EEL=         0.2144  SC_VDW     =         0.0450
 SC_EEL =         0.2381
 SC_RES_DIST=     0.0000  SC_RES_ANG=       0.0000  SC_RES_TORS=         0.0000
 SC_EEL_DER=      7.3533  SC_VDW_DER=       3.1389  SC_DERIV   =         5.6632
 ------------------------------------------------------------------------------


      DV/DL, AVERAGES OVER      10 STEPS


 NSTEP =     5000   TIME(PS) =       5.000  TEMP(K) =     4.46  PRESS =     0.0
 Etot   =         0.0000  EKtot   =         0.0000  EPtot      =         0.0000
 BOND   =         0.0000  ANGLE   =         0.0000  DIHED      =         0.0013
 1-4 NB =        -0.1428  1-4 EEL =        17.0569  VDWAALS    =         2.5809
 EELEC  =       -20.1465  EHBOND  =         0.0000  RESTRAINT  =         0.0000
 EKCMT  =         0.0000  VIRIAL  =         0.0000  VOLUME     =         0.0000
                                                    Density    =         0.0000
 ------------------------------------------------------------------------------

| MC Barostat:         50 volume changes attempted.
| MC Barostat:         29 changes successful ( 58.00%)
 ------------------------------------------------------------------------------

--------------------------------------------------------------------------------
   5.  TIMINGS
--------------------------------------------------------------------------------

|  NonSetup CPU Time in Major Routines:
|
|     Routine           Sec        %
|     ------------------------------
|     Nonbond           1.10   41.41
|     Bond              0.00    0.00
|     Angle             0.00    0.00
|     Dihedral          0.00    0.00
|     Shake             0.03    1.13
|     RunMD             1.47   55.66
|     Other             0.05    1.81
|     ------------------------------
|     Total             2.65

|  PME Nonbond Pairlist CPU Time:
|
|     Routine              Sec        %
|     ---------------------------------
|     Set Up Cit           0.00    0.00
|     Build List           0.00    0.00
|     ---------------------------------
|     Total                0.00    0.00

|  PME Direct Force CPU Time:
|
|     Routine              Sec        %
|     ---------------------------------
|     NonBonded Calc       0.00    0.00
|     Exclude Masked       0.00    0.00
|     Other                0.01    0.36
|     ---------------------------------
|     Total                0.01    0.36

|  PME Reciprocal Force CPU Time:
|
|     Routine              Sec        %
|     ---------------------------------
|     1D bspline           0.00    0.00
|     Grid Charges         0.00    0.00
|     Scalar Sum           0.00    0.00
|     Gradient Sum         0.00    0.00
|     FFT                  0.00    0.00
|     ---------------------------------
|     Total                0.00    0.00

|  Final Performance Info:
|     -----------------------------------------------------
|     Average timings for last    5000 steps:
|     Elapsed(s) =       2.67 Per Step(ms) =       0.53
|         ns/day =     161.70   seconds/ns =     534.33
|
|     Average timings for all steps:
|     Elapsed(s) =       2.67 Per Step(ms) =       0.53
|         ns/day =     161.70   seconds/ns =     534.33
|     -----------------------------------------------------

|  Setup CPU time:            0.96 seconds
|  NonSetup CPU time:         2.65 seconds
|  Total CPU time:            3.61 seconds     0.00 hours

|  Setup wall time:           1    seconds
|  NonSetup wall time:        2    seconds
|  Total wall time:           3    seconds     0.00 hours
