
          -------------------------------------------------------
          Amber 20 PMEMD                              2020
          -------------------------------------------------------

| PMEMD implementation of SANDER, Release 18

|  Compiled date/time: Mon Apr 27 18:19:54 2020
| Run on 01/25/2022 at 16:34:19

|   Executable path: /cm/shared/apps/amber20/bin/pmemd.cuda
| Working directory: /data/bella/piezo/charmm-gui-4149384590/TI/1-dooku/ligand/concerted/t01/0.3161
|          Hostname: node002

  [-O]verwriting output

File Assignments:
|   MDIN: ti001.eq.in                                                           
|  MDOUT: ti001.eq.out                                                          
| INPCRD: ti001.min.rst7                                                        
|   PARM: ../concerted.parm7                                                    
| RESTRT: ti001.eq.rst7                                                         
|   REFC: refc                                                                  
|  MDVEL: mdvel                                                                 
|   MDEN: ti001.eq.en                                                           
|  MDCRD: ti001.eq.nc                                                           
| MDINFO: ti001.eq.info                                                         
|  MDFRC: mdfrc                                                                 


 Here is the input file:

Heating                                                                        
 &cntrl                                                                        
                                                                               
! simulation                                                                   
imin = 0,                 ! flag to run minization (0=false)                   
ntmin = 2,                ! mini algorithm. 2=steepest                         
nstlim = 5000,            ! number of MD steps                                 
irest = 0,                ! flag to restart simulation                         
ntx = 1,                  ! option to read from inpcrd file                    
ntxo = 1,                 ! read/write rst as formatted file                   
dt = 0.001,               ! timestep (1fs)                                     
ntb = 2,              ! specify PBC type                                       
                                                                               
! thermostate                                                                  
ntt = 3,                  ! switch for time scaling (3=Langevin)               
tempi = 1.0,                                                                   
temp0 = 310,            ! reference temperature (if ntt>0)                     
gamma_ln = 5.0,           ! collision frequency for ntt=3                      
ig = -1,                  ! seed for Random Number Generator (RNG) (use -1 with
! barostate                                                                    
ntp = 1,                  ! constant pressure dynamics (1=do scaling)          
barostat = 2,             ! barostat to use (2=Monte Carlo)                    
mcbarint = 100,           ! volume change attempt every n steps                
pres0 = 1.01325,          ! referenve pressure (in bars)                       
taup = 2.0,               ! pressure relation time (in ps)                     
                                                                               
! output                                                                       
ioutfm = 1,               ! film fromat (1=binary NetCDF)                      
iwrap = 0,                ! wrap coordination into primary box (1=do)          
ntwe = 1000,              ! write to .mden every n steps                       
ntwx = 1000,              ! write to .mdcrd every n steps                      
ntpr = 500,               ! write energies to .mdout/.mdinfo every n steps     
ntwr = 1000,              ! write rstrt file every n steps                     
                                                                               
! alchemical free energy                                                       
cut = 10.0                                                                     
ntc = 2,                  ! SHAKE bond length constraints (2=H-atom)           
ntf = 1,                  ! force evaluation (1=evalute all)                   
noshakemask = ':L0, L1',     ! remove SHAKE from perturbed regions             
                                                                               
icfe = 1,                 ! turn on free energy calculation                    
ifsc = 1,                 ! use softcore parameters (0=undo)                   
clambda = 0.3161,           ! current lambda                                   
timask1 = ':L0',           ! specify atoms unique to V_0                       
timask2 = ':L1',           ! specify atoms unique to V_1                       
scmask1 = ':L0@S2, C10, C11, H6, N3, C12, H7, C13, H8, N4',                    
                      ! specify the unique atoms for V0                        
scmask2 = ':L1@O, C11, C10, H11, C12, H13, C13, H14, N3, H12',                 
                      ! specify the unique atoms for V1                        
vlimit = 20                                                                    
 /                                                                             
 &ewald                                                                        
 /                                                                             
                                                                               
&wt type='TEMP0', istep1=1, istep2=5000, value1=1.0, value2=300 &end           
&wt type='END' &end                                                            


Note: ig = -1. Setting random seed to   905695 based on wallclock time in 
      microseconds.
| irandom = 1, using AMBER's internal random number generator (default).
 
|--------------------- INFORMATION ----------------------
| GPU (CUDA) Version of PMEMD in use: NVIDIA GPU IN USE.
|                    Version 18.0.0
| 
|                      03/25/2018
| 
| Implementation by:
|                    Ross C. Walker     (SDSC)
|                    Scott Le Grand     (nVIDIA)
| 
| Version 18 performance extensions by:
|                    David Cerutti     (Rutgers)
| 
| Precision model in use:
|      [SPFP] - Single Precision Forces, 64-bit Fixed Point
|               Accumulation. (Default)
| 
|--------------------------------------------------------
 
|----------------- CITATION INFORMATION -----------------
|
|    When publishing work that utilized the CUDA version
|    of AMBER, please cite the following in addition to
|    the regular AMBER citations:
|
|  - Romelia Salomon-Ferrer; Andreas W. Goetz; Duncan
|    Poole; Scott Le Grand; Ross C. Walker "Routine
|    microsecond molecular dynamics simulations with
|    AMBER - Part II: Particle Mesh Ewald", J. Chem.
|    Theory Comput., 2013, 9 (9), pp3878-3888,
|    DOI: 10.1021/ct400314y.
|
|  - Andreas W. Goetz; Mark J. Williamson; Dong Xu;
|    Duncan Poole; Scott Le Grand; Ross C. Walker
|    "Routine microsecond molecular dynamics simulations
|    with AMBER - Part I: Generalized Born", J. Chem.
|    Theory Comput., 2012, 8 (5), pp1542-1555.
|
|  - Scott Le Grand; Andreas W. Goetz; Ross C. Walker
|    "SPFP: Speed without compromise - a mixed precision
|    model for GPU accelerated molecular dynamics
|    simulations.", Comp. Phys. Comm., 2013, 184
|    pp374-380, DOI: 10.1016/j.cpc.2012.09.022
|
|    When publishing work that utilized the CUDA version
|    of TI, BAR, MBAR or FEP please cite the following 
|    publications in addition to the regular AMBER 
|    GPU citations:
|
|  - Daniel J. Mermelstein; Charles Lin; Gard Nelson; 
|    Rachael Kretsch; J. Andrew McCammon; Ross C. Walker
|    "Fast and Flexible GPU Accelerated Binding 
|    Free Energy Calculations within the AMBER Molecular
|    Dynamics Package" J. Comp. Chem., 2018,
|    DOI: 10.1002/jcc.25187
|
|  - Tai-Sung Lee; Yuan Hu; Brad Sherborne; Zhuyan Guo;
|    Darrin M. York
|    "Toward Fast and Accurate Binding Affinity Prediction with
|    pmemdGTI: An Efficient Implementation of GPU-Accelerated
|    Thermodynamic Integration"
|    J. Chem. Theory Comput., 2017, 13 (7), 3077
|
|
|--------------------------------------------------------
 
|------------------- GPU DEVICE INFO --------------------
|
|            CUDA_VISIBLE_DEVICES: 3
|   CUDA Capable Devices Detected:      1
|           CUDA Device ID in use:      0
|                CUDA Device Name: GeForce RTX 2080 Ti
|     CUDA Device Global Mem Size:  11019 MB
| CUDA Device Num Multiprocessors:     68
|           CUDA Device Core Freq:   1.54 GHz
|
|--------------------------------------------------------
 
 
| Conditional Compilation Defines Used:
| PUBFFT
| BINTRAJ
| CUDA
| EMIL

| Largest sphere to fit in unit cell has radius =    25.062

| New format PARM file being parsed.
| Version =    1.000 Date = 01/24/22 Time = 21:43:14

| Note: 1-4 EEL scale factors are being read from the topology file.

| Note: 1-4 VDW scale factors are being read from the topology file.
| Duplicated    0 dihedrals

| Duplicated    0 dihedrals

--------------------------------------------------------------------------------
   1.  RESOURCE   USE: 
--------------------------------------------------------------------------------

 getting new box info from bottom of inpcrd
 NATOM  =    9985 NTYPES =      13 NBONH =    9944 MBONA  =      45
 NTHETH =      36 MTHETA =      61 NPHIH =      66 MPHIA  =      91
 NHPARM =       0 NPARM  =       0 NNB   =   13505 NRES   =    3311
 NBONA  =      45 NTHETA =      61 NPHIA =      91 NUMBND =      22
 NUMANG =      36 NPTRA  =      11 NATYP =      16 NPHB   =       0
 IFBOX  =       1 NMXRS  =      29 IFCAP =       0 NEXTRA =       0
 NCOPY  =       0

| Coordinate Index Table dimensions:     9    9    9
| Direct force subcell size =     5.6395    5.6592    5.5693

     BOX TYPE: RECTILINEAR

--------------------------------------------------------------------------------
   2.  CONTROL  DATA  FOR  THE  RUN
--------------------------------------------------------------------------------

default_name                                                                    

General flags:
     imin    =       0, nmropt  =       0

Nature and format of input:
     ntx     =       1, irest   =       0, ntrx    =       1

Nature and format of output:
     ntxo    =       1, ntpr    =     500, ntrx    =       1, ntwr    =    1000
     iwrap   =       0, ntwx    =    1000, ntwv    =       0, ntwe    =    1000
     ioutfm  =       1, ntwprt  =       0, idecomp =       0, rbornstat=      0

Potential function:
     ntf     =       1, ntb     =       2, igb     =       0, nsnb    =      25
     ipol    =       0, gbsa    =       0, iesp    =       0
     dielc   =   1.00000, cut     =  10.00000, intdiel =   1.00000

Frozen or restrained atoms:
     ibelly  =       0, ntr     =       0

Molecular dynamics:
     nstlim  =      5000, nscm    =      1000, nrespa  =         1
     t       =   0.00000, dt      =   0.00100, vlimit  =  20.00000

Langevin dynamics temperature regulation:
     ig      =  905695
     temp0   = 310.00000, tempi   =   1.00000, gamma_ln=   5.00000

Pressure regulation:
     ntp     =       1
     pres0   =   1.01325, comp    =  44.60000, taup    =   2.00000
     Monte-Carlo Barostat:
     mcbarint  =     100

SHAKE:
     ntc     =       2, jfastw  =       0
     tol     =   0.00001

Free energy options:
     icfe    =       1, ifsc    =       1, klambda =       1
     clambda =  0.3161, scalpha =  0.5000, scbeta  = 12.0000
     sceeorder =       2
     dynlmb =  0.0000 logdvdl =       0

| Intermolecular bonds treatment:
|     no_intermolecular_bonds =       1

| Energy averages sample interval:
|     ene_avg_sampling =     500

Ewald parameters:
     verbose =       0, ew_type =       0, nbflag  =       1, use_pme =       1
     vdwmeth =       1, eedmeth =       1, netfrc  =       1
     Box X =   50.755   Box Y =   50.932   Box Z =   50.124
     Alpha =   90.000   Beta  =   90.000   Gamma =   90.000
     NFFT1 =   56       NFFT2 =   56       NFFT3 =   56
     Cutoff=   10.000   Tol   =0.100E-04
     Ewald Coefficient =  0.27511
     Interpolation order =    4
     TI Mask 1 :L0; matches     29 atoms
     TI Mask 2 :L1; matches     29 atoms
     TI region 1:    9956 atoms
     TI region 2:    9956 atoms
     SC Mask 1 :L0@S2, C10, C11, H6, N3, C12, H7, C13, H8, N4; matches     10 atoms
     SC Mask 2 :L1@O, C11, C10, H11, C12, H13, C13, H14, N3, H12; matches     10 atoms
 Noshake mask :L0, L1; matches      58 atoms.
| MONTE CARLO BAROSTAT IMPORTANT NOTE:
|   The Monte-Carlo barostat does not require the virial to adjust the system volume.
|   Since it is an expensive calculation, it is skipped for efficiency. A side-effect
|   is that the reported pressure is always 0 because it is not calculated.

--------------------------------------------------------------------------------
   3.  ATOMIC COORDINATES AND VELOCITIES
--------------------------------------------------------------------------------

default_name                                                                    
 begin time read from input coords =     0.000 ps

 
     Molecule     1 is partially softcore
     Molecule     2 is partially softcore
 Number of triangulated 3-point waters found:     3309
   Removing shake constraints from C13   L0    1 -- H8    L0    1
   Removing shake constraints from C12   L0    1 -- H7    L0    1
   Removing shake constraints from C11   L0    1 -- H6    L0    1
   Removing shake constraints from C7    L0    1 -- H4    L0    1
   Removing shake constraints from C7    L0    1 -- H5    L0    1
   Removing shake constraints from C4    L0    1 -- H3    L0    1
   Removing shake constraints from C3    L0    1 -- H2    L0    1
   Removing shake constraints from C2    L0    1 -- H1    L0    1
   Removing shake constraints from N3    L1    2 -- H12   L1    2
   Removing shake constraints from C13   L1    2 -- H14   L1    2
   Removing shake constraints from C12   L1    2 -- H13   L1    2
   Removing shake constraints from C10   L1    2 -- H11   L1    2
   Removing shake constraints from C7    L1    2 -- H4    L1    2
   Removing shake constraints from C7    L1    2 -- H5    L1    2
   Removing shake constraints from C4    L1    2 -- H3    L1    2
   Removing shake constraints from C3    L1    2 -- H2    L1    2
   Removing shake constraints from C2    L1    2 -- H1    L1    2
 Number of shake restraints removed in TI region  1 :        8
 Number of shake restraints removed in TI region  2 :        9

     Sum of charges for TI region  1 =   0.00200000
     Skip neutralizing charges...


     Sum of charges for TI region  2 =   0.00100000
     Skip neutralizing charges...

| Dynamic Memory, Types Used:
| Reals              653248
| Integers           420398

| Nonbonded Pairs Initial Allocation:     3020212

| GPU memory information (estimate):
| KB of GPU memory in use:     79398
| KB of CPU memory in use:     25158

--------------------------------------------------------------------------------
   4.  RESULTS
--------------------------------------------------------------------------------

   DOF for the SC part  1 of the system:   30
   DOF for the SC part  2 of the system:   30

| TI region  1


 NSTEP =        0   TIME(PS) =       0.000  TEMP(K) =     1.51  PRESS =     0.0
 Etot   =    -29222.6170  EKtot   =        29.8642  EPtot      =    -29252.4813
 BOND   =         0.2924  ANGLE   =         0.9224  DIHED      =         4.6073
 1-4 NB =         3.9942  1-4 EEL =        11.6609  VDWAALS    =      2064.4564
 EELEC  =    -31338.4149  EHBOND  =         0.0000  RESTRAINT  =         0.0000
 EKCMT  =         0.0000  VIRIAL  =         0.0000  VOLUME     =    129573.7139
                                                    Density    =         0.7686
 DV/DL  =         7.7172
 ------------------------------------------------------------------------------

  Softcore part of the system:      10 atoms,       TEMP(K)    =           2.48
 SC_Etot=        74.2279  SC_EKtot=         0.0739  SC_EPtot   =        74.1540
 SC_BOND=         3.2811  SC_ANGLE=         6.6869  SC_DIHED   =         2.5875
 SC_14NB=         5.0040  SC_14EEL=        53.3526  SC_VDW     =        -0.3640
 SC_EEL =         3.6059
 SC_RES_DIST=     0.0000  SC_RES_ANG=       0.0000  SC_RES_TORS=         0.0000
 SC_EEL_DER=     -0.4465  SC_VDW_DER=      -0.0597  SC_DERIV   =        -0.5061
 ------------------------------------------------------------------------------


| TI region  2


 NSTEP =        0   TIME(PS) =       0.000  TEMP(K) =     1.51  PRESS =     0.0
 Etot   =    -29222.6046  EKtot   =        29.8767  EPtot      =    -29252.4813
 BOND   =         0.2924  ANGLE   =         0.9224  DIHED      =         4.6073
 1-4 NB =         3.9942  1-4 EEL =        11.6609  VDWAALS    =      2064.4564
 EELEC  =    -31338.4149  EHBOND  =         0.0000  RESTRAINT  =         0.0000
 EKCMT  =         0.0000  VIRIAL  =         0.0000  VOLUME     =    129573.7139
                                                    Density    =         0.7682
 DV/DL  =         7.7172
 ------------------------------------------------------------------------------

  Softcore part of the system:      10 atoms,       TEMP(K)    =           2.83
 SC_Etot=        19.0329  SC_EKtot=         0.0844  SC_EPtot   =        18.9485
 SC_BOND=         1.4463  SC_ANGLE=        17.3120  SC_DIHED   =         7.1191
 SC_14NB=        -0.1767  SC_14EEL=        -2.9918  SC_VDW     =        -0.1060
 SC_EEL =        -3.6543
 SC_RES_DIST=     0.0000  SC_RES_ANG=       0.0000  SC_RES_TORS=         0.0000
 SC_EEL_DER=     -0.4465  SC_VDW_DER=      -0.0597  SC_DERIV   =        -0.5061
 ------------------------------------------------------------------------------


| TI region  1


 NSTEP =      500   TIME(PS) =       0.500  TEMP(K) =   290.87  PRESS =     0.0
 Etot   =    -24254.9054  EKtot   =      5761.6587  EPtot      =    -30016.5641
 BOND   =         7.5093  ANGLE   =         4.9126  DIHED      =         1.3646
 1-4 NB =         4.0345  1-4 EEL =        11.6372  VDWAALS    =      4834.0916
 EELEC  =    -34880.1139  EHBOND  =         0.0000  RESTRAINT  =         0.0000
 EKCMT  =         0.0000  VIRIAL  =         0.0000  VOLUME     =    127911.6625
                                                    Density    =         0.7785
 DV/DL  =        10.6941
 ------------------------------------------------------------------------------

  Softcore part of the system:      10 atoms,       TEMP(K)    =         251.64
 SC_Etot=        88.2593  SC_EKtot=         7.5009  SC_EPtot   =        80.7583
 SC_BOND=         4.9123  SC_ANGLE=         9.7517  SC_DIHED   =         3.1060
 SC_14NB=         6.0951  SC_14EEL=        53.6971  SC_VDW     =        -0.3795
 SC_EEL =         3.5757
 SC_RES_DIST=     0.0000  SC_RES_ANG=       0.0000  SC_RES_TORS=         0.0000
 SC_EEL_DER=      2.5758  SC_VDW_DER=      -1.7163  SC_DERIV   =         0.8595
 ------------------------------------------------------------------------------


| TI region  2


 NSTEP =      500   TIME(PS) =       0.500  TEMP(K) =   291.07  PRESS =     0.0
 Etot   =    -24250.9896  EKtot   =      5765.5744  EPtot      =    -30016.5641
 BOND   =         7.5093  ANGLE   =         4.9126  DIHED      =         1.3646
 1-4 NB =         4.0345  1-4 EEL =        11.6372  VDWAALS    =      4834.0916
 EELEC  =    -34880.1139  EHBOND  =         0.0000  RESTRAINT  =         0.0000
 EKCMT  =         0.0000  VIRIAL  =         0.0000  VOLUME     =    127911.6625
                                                    Density    =         0.7782
 DV/DL  =        10.6941
 ------------------------------------------------------------------------------

  Softcore part of the system:      10 atoms,       TEMP(K)    =         383.01
 SC_Etot=        29.1454  SC_EKtot=        11.4167  SC_EPtot   =        17.7288
 SC_BOND=         4.8299  SC_ANGLE=        17.6827  SC_DIHED   =         2.0129
 SC_14NB=        -0.0732  SC_14EEL=        -2.7162  SC_VDW     =        -0.0917
 SC_EEL =        -3.9155
 SC_RES_DIST=     0.0000  SC_RES_ANG=       0.0000  SC_RES_TORS=         0.0000
 SC_EEL_DER=      2.5758  SC_VDW_DER=      -1.7163  SC_DERIV   =         0.8595
 ------------------------------------------------------------------------------


| TI region  1


 NSTEP =     1000   TIME(PS) =       1.000  TEMP(K) =   306.64  PRESS =     0.0
 Etot   =    -23652.7856  EKtot   =      6074.0570  EPtot      =    -29726.8426
 BOND   =         4.7043  ANGLE   =         4.0318  DIHED      =         3.5503
 1-4 NB =         4.8262  1-4 EEL =        11.1770  VDWAALS    =      4367.8795
 EELEC  =    -34123.0118  EHBOND  =         0.0000  RESTRAINT  =         0.0000
 EKCMT  =         0.0000  VIRIAL  =         0.0000  VOLUME     =    126616.1122
                                                    Density    =         0.7865
 DV/DL  =         6.4841
 ------------------------------------------------------------------------------

  Softcore part of the system:      10 atoms,       TEMP(K)    =         305.91
 SC_Etot=        87.4363  SC_EKtot=         9.1184  SC_EPtot   =        78.3179
 SC_BOND=         4.3142  SC_ANGLE=         8.0591  SC_DIHED   =         1.8923
 SC_14NB=         6.1177  SC_14EEL=        54.6500  SC_VDW     =        -0.3610
 SC_EEL =         3.6455
 SC_RES_DIST=     0.0000  SC_RES_ANG=       0.0000  SC_RES_TORS=         0.0000
 SC_EEL_DER=      0.0054  SC_VDW_DER=      -1.1053  SC_DERIV   =        -1.0999
 ------------------------------------------------------------------------------


| TI region  2


 NSTEP =     1000   TIME(PS) =       1.000  TEMP(K) =   306.53  PRESS =     0.0
 Etot   =    -23654.9285  EKtot   =      6071.9141  EPtot      =    -29726.8426
 BOND   =         4.7043  ANGLE   =         4.0318  DIHED      =         3.5503
 1-4 NB =         4.8262  1-4 EEL =        11.1770  VDWAALS    =      4367.8795
 EELEC  =    -34123.0118  EHBOND  =         0.0000  RESTRAINT  =         0.0000
 EKCMT  =         0.0000  VIRIAL  =         0.0000  VOLUME     =    126616.1122
                                                    Density    =         0.7861
 DV/DL  =         6.4841
 ------------------------------------------------------------------------------

  Softcore part of the system:      10 atoms,       TEMP(K)    =         234.02
 SC_Etot=        32.8769  SC_EKtot=         6.9755  SC_EPtot   =        25.9013
 SC_BOND=         8.5898  SC_ANGLE=        18.6420  SC_DIHED   =         5.6903
 SC_14NB=        -0.0909  SC_14EEL=        -3.1983  SC_VDW     =        -0.0806
 SC_EEL =        -3.6509
 SC_RES_DIST=     0.0000  SC_RES_ANG=       0.0000  SC_RES_TORS=         0.0000
 SC_EEL_DER=      0.0054  SC_VDW_DER=      -1.1053  SC_DERIV   =        -1.0999
 ------------------------------------------------------------------------------


| TI region  1


 NSTEP =     1500   TIME(PS) =       1.500  TEMP(K) =   309.71  PRESS =     0.0
 Etot   =    -23441.7550  EKtot   =      6134.8796  EPtot      =    -29576.6347
 BOND   =         5.4583  ANGLE   =         6.4544  DIHED      =         1.4420
 1-4 NB =         4.8340  1-4 EEL =        10.5040  VDWAALS    =      4367.5299
 EELEC  =    -33972.8573  EHBOND  =         0.0000  RESTRAINT  =         0.0000
 EKCMT  =         0.0000  VIRIAL  =         0.0000  VOLUME     =    125294.6038
                                                    Density    =         0.7948
 DV/DL  =         9.0543
 ------------------------------------------------------------------------------

  Softcore part of the system:      10 atoms,       TEMP(K)    =         271.38
 SC_Etot=        89.3776  SC_EKtot=         8.0892  SC_EPtot   =        81.2884
 SC_BOND=         5.2293  SC_ANGLE=         9.5448  SC_DIHED   =         4.5728
 SC_14NB=         4.8478  SC_14EEL=        53.8774  SC_VDW     =        -0.3588
 SC_EEL =         3.5752
 SC_RES_DIST=     0.0000  SC_RES_ANG=       0.0000  SC_RES_TORS=         0.0000
 SC_EEL_DER=      0.1554  SC_VDW_DER=      -1.9657  SC_DERIV   =        -1.8103
 ------------------------------------------------------------------------------


| TI region  2


 NSTEP =     1500   TIME(PS) =       1.500  TEMP(K) =   309.62  PRESS =     0.0
 Etot   =    -23443.6434  EKtot   =      6132.9913  EPtot      =    -29576.6347
 BOND   =         5.4583  ANGLE   =         6.4544  DIHED      =         1.4420
 1-4 NB =         4.8340  1-4 EEL =        10.5040  VDWAALS    =      4367.5299
 EELEC  =    -33972.8573  EHBOND  =         0.0000  RESTRAINT  =         0.0000
 EKCMT  =         0.0000  VIRIAL  =         0.0000  VOLUME     =    125294.6038
                                                    Density    =         0.7944
 DV/DL  =         9.0543
 ------------------------------------------------------------------------------

  Softcore part of the system:      10 atoms,       TEMP(K)    =         208.03
 SC_Etot=        22.6474  SC_EKtot=         6.2009  SC_EPtot   =        16.4465
 SC_BOND=         3.2631  SC_ANGLE=        17.0518  SC_DIHED   =         3.0033
 SC_14NB=        -0.1481  SC_14EEL=        -3.0067  SC_VDW     =        -0.0938
 SC_EEL =        -3.6231
 SC_RES_DIST=     0.0000  SC_RES_ANG=       0.0000  SC_RES_TORS=         0.0000
 SC_EEL_DER=      0.1554  SC_VDW_DER=      -1.9657  SC_DERIV   =        -1.8103
 ------------------------------------------------------------------------------


| TI region  1


 NSTEP =     2000   TIME(PS) =       2.000  TEMP(K) =   313.53  PRESS =     0.0
 Etot   =    -23655.8777  EKtot   =      6210.4451  EPtot      =    -29866.3228
 BOND   =         3.3453  ANGLE   =         3.7394  DIHED      =         2.7476
 1-4 NB =         5.5818  1-4 EEL =        10.8554  VDWAALS    =      4703.3109
 EELEC  =    -34595.9032  EHBOND  =         0.0000  RESTRAINT  =         0.0000
 EKCMT  =         0.0000  VIRIAL  =         0.0000  VOLUME     =    123659.4654
                                                    Density    =         0.8053
 DV/DL  =         5.0068
 ------------------------------------------------------------------------------

  Softcore part of the system:      10 atoms,       TEMP(K)    =         201.88
 SC_Etot=        84.6826  SC_EKtot=         6.0175  SC_EPtot   =        78.6651
 SC_BOND=         5.7883  SC_ANGLE=         7.2867  SC_DIHED   =         2.6059
 SC_14NB=         5.8776  SC_14EEL=        53.8655  SC_VDW     =        -0.3828
 SC_EEL =         3.6240
 SC_RES_DIST=     0.0000  SC_RES_ANG=       0.0000  SC_RES_TORS=         0.0000
 SC_EEL_DER=     -0.0155  SC_VDW_DER=      -1.8153  SC_DERIV   =        -1.8308
 ------------------------------------------------------------------------------


| TI region  2


 NSTEP =     2000   TIME(PS) =       2.000  TEMP(K) =   313.81  PRESS =     0.0
 Etot   =    -23650.3007  EKtot   =      6216.0221  EPtot      =    -29866.3228
 BOND   =         3.3453  ANGLE   =         3.7394  DIHED      =         2.7476
 1-4 NB =         5.5818  1-4 EEL =        10.8554  VDWAALS    =      4703.3109
 EELEC  =    -34595.9032  EHBOND  =         0.0000  RESTRAINT  =         0.0000
 EKCMT  =         0.0000  VIRIAL  =         0.0000  VOLUME     =    123659.4654
                                                    Density    =         0.8049
 DV/DL  =         5.0068
 ------------------------------------------------------------------------------

  Softcore part of the system:      10 atoms,       TEMP(K)    =         388.97
 SC_Etot=        33.6671  SC_EKtot=        11.5945  SC_EPtot   =        22.0726
 SC_BOND=         5.4298  SC_ANGLE=        20.8345  SC_DIHED   =         2.3071
 SC_14NB=        -0.1558  SC_14EEL=        -3.1417  SC_VDW     =        -0.1128
 SC_EEL =        -3.0885
 SC_RES_DIST=     0.0000  SC_RES_ANG=       0.0000  SC_RES_TORS=         0.0000
 SC_EEL_DER=     -0.0155  SC_VDW_DER=      -1.8153  SC_DERIV   =        -1.8308
 ------------------------------------------------------------------------------


| TI region  1


 NSTEP =     2500   TIME(PS) =       2.500  TEMP(K) =   307.03  PRESS =     0.0
 Etot   =    -23995.7465  EKtot   =      6081.8400  EPtot      =    -30077.5865
 BOND   =         3.6640  ANGLE   =         6.3705  DIHED      =         2.8337
 1-4 NB =         4.1773  1-4 EEL =        10.6746  VDWAALS    =      4715.6484
 EELEC  =    -34820.9550  EHBOND  =         0.0000  RESTRAINT  =         0.0000
 EKCMT  =         0.0000  VIRIAL  =         0.0000  VOLUME     =    121180.9062
                                                    Density    =         0.8218
 DV/DL  =         9.4521
 ------------------------------------------------------------------------------

  Softcore part of the system:      10 atoms,       TEMP(K)    =         302.17
 SC_Etot=        95.3462  SC_EKtot=         9.0071  SC_EPtot   =        86.3391
 SC_BOND=         8.7396  SC_ANGLE=         6.8650  SC_DIHED   =         7.7750
 SC_14NB=         6.0978  SC_14EEL=        53.6253  SC_VDW     =        -0.3669
 SC_EEL =         3.6033
 SC_RES_DIST=     0.0000  SC_RES_ANG=       0.0000  SC_RES_TORS=         0.0000
 SC_EEL_DER=      1.8718  SC_VDW_DER=      -2.2728  SC_DERIV   =        -0.4010
 ------------------------------------------------------------------------------


| TI region  2


 NSTEP =     2500   TIME(PS) =       2.500  TEMP(K) =   307.03  PRESS =     0.0
 Etot   =    -23995.8790  EKtot   =      6081.7076  EPtot      =    -30077.5865
 BOND   =         3.6640  ANGLE   =         6.3705  DIHED      =         2.8337
 1-4 NB =         4.1773  1-4 EEL =        10.6746  VDWAALS    =      4715.6484
 EELEC  =    -34820.9550  EHBOND  =         0.0000  RESTRAINT  =         0.0000
 EKCMT  =         0.0000  VIRIAL  =         0.0000  VOLUME     =    121180.9062
                                                    Density    =         0.8214
 DV/DL  =         9.4521
 ------------------------------------------------------------------------------

  Softcore part of the system:      10 atoms,       TEMP(K)    =         297.73
 SC_Etot=        26.2384  SC_EKtot=         8.8747  SC_EPtot   =        17.3637
 SC_BOND=         3.3057  SC_ANGLE=        15.8386  SC_DIHED   =         5.0960
 SC_14NB=        -0.0137  SC_14EEL=        -2.7750  SC_VDW     =        -0.0604
 SC_EEL =        -4.0276
 SC_RES_DIST=     0.0000  SC_RES_ANG=       0.0000  SC_RES_TORS=         0.0000
 SC_EEL_DER=      1.8718  SC_VDW_DER=      -2.2728  SC_DERIV   =        -0.4010
 ------------------------------------------------------------------------------


| TI region  1


 NSTEP =     3000   TIME(PS) =       3.000  TEMP(K) =   309.88  PRESS =     0.0
 Etot   =    -24053.5161  EKtot   =      6138.1468  EPtot      =    -30191.6629
 BOND   =         7.1680  ANGLE   =         7.0441  DIHED      =         2.9882
 1-4 NB =         4.4079  1-4 EEL =        10.8244  VDWAALS    =      4524.0264
 EELEC  =    -34748.1219  EHBOND  =         0.0000  RESTRAINT  =         0.0000
 EKCMT  =         0.0000  VIRIAL  =         0.0000  VOLUME     =    120070.4931
                                                    Density    =         0.8294
 DV/DL  =        14.8593
 ------------------------------------------------------------------------------

  Softcore part of the system:      10 atoms,       TEMP(K)    =         206.47
 SC_Etot=        86.6881  SC_EKtot=         6.1544  SC_EPtot   =        80.5336
 SC_BOND=         6.4592  SC_ANGLE=         6.6783  SC_DIHED   =         5.6085
 SC_14NB=         5.6283  SC_14EEL=        52.8890  SC_VDW     =        -0.3823
 SC_EEL =         3.6525
 SC_RES_DIST=     0.0000  SC_RES_ANG=       0.0000  SC_RES_TORS=         0.0000
 SC_EEL_DER=      2.2991  SC_VDW_DER=      -1.3842  SC_DERIV   =         0.9149
 ------------------------------------------------------------------------------


| TI region  2


 NSTEP =     3000   TIME(PS) =       3.000  TEMP(K) =   310.11  PRESS =     0.0
 Etot   =    -24048.8673  EKtot   =      6142.7956  EPtot      =    -30191.6629
 BOND   =         7.1680  ANGLE   =         7.0441  DIHED      =         2.9882
 1-4 NB =         4.4079  1-4 EEL =        10.8244  VDWAALS    =      4524.0264
 EELEC  =    -34748.1219  EHBOND  =         0.0000  RESTRAINT  =         0.0000
 EKCMT  =         0.0000  VIRIAL  =         0.0000  VOLUME     =    120070.4931
                                                    Density    =         0.8290
 DV/DL  =        14.8593
 ------------------------------------------------------------------------------

  Softcore part of the system:      10 atoms,       TEMP(K)    =         362.43
 SC_Etot=        32.7675  SC_EKtot=        10.8033  SC_EPtot   =        21.9642
 SC_BOND=         6.8365  SC_ANGLE=        18.4858  SC_DIHED   =         3.2544
 SC_14NB=        -0.0686  SC_14EEL=        -2.8848  SC_VDW     =        -0.1009
 SC_EEL =        -3.5583
 SC_RES_DIST=     0.0000  SC_RES_ANG=       0.0000  SC_RES_TORS=         0.0000
 SC_EEL_DER=      2.2991  SC_VDW_DER=      -1.3842  SC_DERIV   =         0.9149
 ------------------------------------------------------------------------------


| TI region  1


 NSTEP =     3500   TIME(PS) =       3.500  TEMP(K) =   308.15  PRESS =     0.0
 Etot   =    -24131.5192  EKtot   =      6103.9166  EPtot      =    -30235.4358
 BOND   =         7.6999  ANGLE   =         5.4740  DIHED      =         3.8341
 1-4 NB =         4.4657  1-4 EEL =        10.9023  VDWAALS    =      4474.1805
 EELEC  =    -34741.9923  EHBOND  =         0.0000  RESTRAINT  =         0.0000
 EKCMT  =         0.0000  VIRIAL  =         0.0000  VOLUME     =    119745.9118
                                                    Density    =         0.8316
 DV/DL  =         7.6159
 ------------------------------------------------------------------------------

  Softcore part of the system:      10 atoms,       TEMP(K)    =         290.68
 SC_Etot=        89.9572  SC_EKtot=         8.6646  SC_EPtot   =        81.2926
 SC_BOND=         3.3460  SC_ANGLE=        10.4811  SC_DIHED   =         5.7599
 SC_14NB=         5.3613  SC_14EEL=        53.0084  SC_VDW     =        -0.3449
 SC_EEL =         3.6807
 SC_RES_DIST=     0.0000  SC_RES_ANG=       0.0000  SC_RES_TORS=         0.0000
 SC_EEL_DER=      1.0430  SC_VDW_DER=      -3.5863  SC_DERIV   =        -2.5433
 ------------------------------------------------------------------------------


| TI region  2


 NSTEP =     3500   TIME(PS) =       3.500  TEMP(K) =   308.01  PRESS =     0.0
 Etot   =    -24134.2296  EKtot   =      6101.2062  EPtot      =    -30235.4358
 BOND   =         7.6999  ANGLE   =         5.4740  DIHED      =         3.8341
 1-4 NB =         4.4657  1-4 EEL =        10.9023  VDWAALS    =      4474.1805
 EELEC  =    -34741.9923  EHBOND  =         0.0000  RESTRAINT  =         0.0000
 EKCMT  =         0.0000  VIRIAL  =         0.0000  VOLUME     =    119745.9118
                                                    Density    =         0.8312
 DV/DL  =         7.6159
 ------------------------------------------------------------------------------

  Softcore part of the system:      10 atoms,       TEMP(K)    =         199.75
 SC_Etot=        28.6479  SC_EKtot=         5.9542  SC_EPtot   =        22.6937
 SC_BOND=         6.0634  SC_ANGLE=        17.6243  SC_DIHED   =         5.8286
 SC_14NB=         0.0336  SC_14EEL=        -2.7383  SC_VDW     =        -0.0163
 SC_EEL =        -4.1017
 SC_RES_DIST=     0.0000  SC_RES_ANG=       0.0000  SC_RES_TORS=         0.0000
 SC_EEL_DER=      1.0430  SC_VDW_DER=      -3.5863  SC_DERIV   =        -2.5433
 ------------------------------------------------------------------------------


| TI region  1


 NSTEP =     4000   TIME(PS) =       4.000  TEMP(K) =   310.18  PRESS =     0.0
 Etot   =    -24109.0211  EKtot   =      6144.1638  EPtot      =    -30253.1849
 BOND   =         5.2719  ANGLE   =         6.2344  DIHED      =         3.2839
 1-4 NB =         5.0885  1-4 EEL =        11.4358  VDWAALS    =      4495.0999
 EELEC  =    -34779.5992  EHBOND  =         0.0000  RESTRAINT  =         0.0000
 EKCMT  =         0.0000  VIRIAL  =         0.0000  VOLUME     =    118942.5839
                                                    Density    =         0.8372
 DV/DL  =        11.1276
 ------------------------------------------------------------------------------

  Softcore part of the system:      10 atoms,       TEMP(K)    =         552.00
 SC_Etot=        96.2240  SC_EKtot=        16.4540  SC_EPtot   =        79.7700
 SC_BOND=         4.9018  SC_ANGLE=         8.4038  SC_DIHED   =         3.9515
 SC_14NB=         6.3795  SC_14EEL=        52.8628  SC_VDW     =        -0.3864
 SC_EEL =         3.6570
 SC_RES_DIST=     0.0000  SC_RES_ANG=       0.0000  SC_RES_TORS=         0.0000
 SC_EEL_DER=      2.5875  SC_VDW_DER=      -3.2183  SC_DERIV   =        -0.6309
 ------------------------------------------------------------------------------


| TI region  2


 NSTEP =     4000   TIME(PS) =       4.000  TEMP(K) =   309.79  PRESS =     0.0
 Etot   =    -24116.8453  EKtot   =      6136.3396  EPtot      =    -30253.1849
 BOND   =         5.2719  ANGLE   =         6.2344  DIHED      =         3.2839
 1-4 NB =         5.0885  1-4 EEL =        11.4358  VDWAALS    =      4495.0999
 EELEC  =    -34779.5992  EHBOND  =         0.0000  RESTRAINT  =         0.0000
 EKCMT  =         0.0000  VIRIAL  =         0.0000  VOLUME     =    118942.5839
                                                    Density    =         0.8368
 DV/DL  =        11.1276
 ------------------------------------------------------------------------------

  Softcore part of the system:      10 atoms,       TEMP(K)    =         289.51
 SC_Etot=        28.7227  SC_EKtot=         8.6298  SC_EPtot   =        20.0929
 SC_BOND=         5.6672  SC_ANGLE=        19.3831  SC_DIHED   =         1.6714
 SC_14NB=        -0.1487  SC_14EEL=        -2.8316  SC_VDW     =        -0.1107
 SC_EEL =        -3.5377
 SC_RES_DIST=     0.0000  SC_RES_ANG=       0.0000  SC_RES_TORS=         0.0000
 SC_EEL_DER=      2.5875  SC_VDW_DER=      -3.2183  SC_DERIV   =        -0.6309
 ------------------------------------------------------------------------------


| TI region  1


 NSTEP =     4500   TIME(PS) =       4.500  TEMP(K) =   310.55  PRESS =     0.0
 Etot   =    -24258.5246  EKtot   =      6151.4904  EPtot      =    -30410.0150
 BOND   =         2.7960  ANGLE   =         5.2754  DIHED      =         2.8206
 1-4 NB =         4.4773  1-4 EEL =        10.4100  VDWAALS    =      4807.7847
 EELEC  =    -35243.5790  EHBOND  =         0.0000  RESTRAINT  =         0.0000
 EKCMT  =         0.0000  VIRIAL  =         0.0000  VOLUME     =    116752.0144
                                                    Density    =         0.8530
 DV/DL  =         6.9374
 ------------------------------------------------------------------------------

  Softcore part of the system:      10 atoms,       TEMP(K)    =         343.96
 SC_Etot=        93.4133  SC_EKtot=        10.2528  SC_EPtot   =        83.1605
 SC_BOND=         6.0268  SC_ANGLE=        10.1210  SC_DIHED   =         6.1000
 SC_14NB=         4.3874  SC_14EEL=        53.2794  SC_VDW     =        -0.3552
 SC_EEL =         3.6012
 SC_RES_DIST=     0.0000  SC_RES_ANG=       0.0000  SC_RES_TORS=         0.0000
 SC_EEL_DER=      3.3923  SC_VDW_DER=      -8.8988  SC_DERIV   =        -5.5065
 ------------------------------------------------------------------------------


| TI region  2


 NSTEP =     4500   TIME(PS) =       4.500  TEMP(K) =   310.57  PRESS =     0.0
 Etot   =    -24258.1508  EKtot   =      6151.8642  EPtot      =    -30410.0150
 BOND   =         2.7960  ANGLE   =         5.2754  DIHED      =         2.8206
 1-4 NB =         4.4773  1-4 EEL =        10.4100  VDWAALS    =      4807.7847
 EELEC  =    -35243.5790  EHBOND  =         0.0000  RESTRAINT  =         0.0000
 EKCMT  =         0.0000  VIRIAL  =         0.0000  VOLUME     =    116752.0144
                                                    Density    =         0.8525
 DV/DL  =         6.9374
 ------------------------------------------------------------------------------

  Softcore part of the system:      10 atoms,       TEMP(K)    =         356.50
 SC_Etot=        28.7255  SC_EKtot=        10.6266  SC_EPtot   =        18.0989
 SC_BOND=         2.1330  SC_ANGLE=        18.2052  SC_DIHED   =         4.4384
 SC_14NB=        -0.1356  SC_14EEL=        -2.9951  SC_VDW     =        -0.1137
 SC_EEL =        -3.4334
 SC_RES_DIST=     0.0000  SC_RES_ANG=       0.0000  SC_RES_TORS=         0.0000
 SC_EEL_DER=      3.3923  SC_VDW_DER=      -8.8988  SC_DERIV   =        -5.5065
 ------------------------------------------------------------------------------


| TI region  1


 NSTEP =     5000   TIME(PS) =       5.000  TEMP(K) =   311.48  PRESS =     0.0
 Etot   =    -24266.0076  EKtot   =      6169.8454  EPtot      =    -30435.8530
 BOND   =         6.5474  ANGLE   =         7.3721  DIHED      =         4.4463
 1-4 NB =         3.8995  1-4 EEL =        11.5624  VDWAALS    =      4639.2167
 EELEC  =    -35108.8974  EHBOND  =         0.0000  RESTRAINT  =         0.0000
 EKCMT  =         0.0000  VIRIAL  =         0.0000  VOLUME     =    115693.4042
                                                    Density    =         0.8608
 DV/DL  =         9.0729
 ------------------------------------------------------------------------------

  Softcore part of the system:      10 atoms,       TEMP(K)    =         196.22
 SC_Etot=        94.1743  SC_EKtot=         5.8489  SC_EPtot   =        88.3254
 SC_BOND=         9.7833  SC_ANGLE=         7.9442  SC_DIHED   =         6.1261
 SC_14NB=         6.9176  SC_14EEL=        54.3289  SC_VDW     =        -0.4047
 SC_EEL =         3.6299
 SC_RES_DIST=     0.0000  SC_RES_ANG=       0.0000  SC_RES_TORS=         0.0000
 SC_EEL_DER=      0.9363  SC_VDW_DER=      -4.8256  SC_DERIV   =        -3.8893
 ------------------------------------------------------------------------------


| TI region  2


 NSTEP =     5000   TIME(PS) =       5.000  TEMP(K) =   311.57  PRESS =     0.0
 Etot   =    -24264.1109  EKtot   =      6171.7421  EPtot      =    -30435.8530
 BOND   =         6.5474  ANGLE   =         7.3721  DIHED      =         4.4463
 1-4 NB =         3.8995  1-4 EEL =        11.5624  VDWAALS    =      4639.2167
 EELEC  =    -35108.8974  EHBOND  =         0.0000  RESTRAINT  =         0.0000
 EKCMT  =         0.0000  VIRIAL  =         0.0000  VOLUME     =    115693.4042
                                                    Density    =         0.8603
 DV/DL  =         9.0729
 ------------------------------------------------------------------------------

  Softcore part of the system:      10 atoms,       TEMP(K)    =         259.85
 SC_Etot=        26.8701  SC_EKtot=         7.7456  SC_EPtot   =        19.1245
 SC_BOND=         3.6446  SC_ANGLE=        17.2007  SC_DIHED   =         5.2081
 SC_14NB=        -0.1549  SC_14EEL=        -3.0741  SC_VDW     =        -0.0846
 SC_EEL =        -3.6154
 SC_RES_DIST=     0.0000  SC_RES_ANG=       0.0000  SC_RES_TORS=         0.0000
 SC_EEL_DER=      0.9363  SC_VDW_DER=      -4.8256  SC_DERIV   =        -3.8893
 ------------------------------------------------------------------------------


| TI region  1


      A V E R A G E S   O V E R      10 S T E P S


 NSTEP =     5000   TIME(PS) =       5.000  TEMP(K) =   307.80  PRESS =     0.0
 Etot   =    -23981.9659  EKtot   =      6097.0443  EPtot      =    -30079.0102
 BOND   =         5.4164  ANGLE   =         5.6909  DIHED      =         2.9311
 1-4 NB =         4.5793  1-4 EEL =        10.9983  VDWAALS    =      4592.8769
 EELEC  =    -34701.5031  EHBOND  =         0.0000  RESTRAINT  =         0.0000
 EKCMT  =         0.0000  VIRIAL  =         0.0000  VOLUME     =    121586.7157
                                                    Density    =         0.8199
 DV/DL  =         9.0304
 ------------------------------------------------------------------------------

  Softcore part of the system:      10 atoms,       TEMP(K)    =         292.23
 SC_Etot=        90.5559  SC_EKtot=         8.7108  SC_EPtot   =        81.8451
 SC_BOND=         5.9501  SC_ANGLE=         8.5136  SC_DIHED   =         4.7498
 SC_14NB=         5.7710  SC_14EEL=        53.6084  SC_VDW     =        -0.3723
 SC_EEL =         3.6245
 SC_RES_DIST=     0.0000  SC_RES_ANG=       0.0000  SC_RES_TORS=         0.0000
 SC_EEL_DER=      1.4851  SC_VDW_DER=      -3.0789  SC_DERIV   =        -1.5938
 ------------------------------------------------------------------------------


      R M S  F L U C T U A T I O N S


 NSTEP =     5000   TIME(PS) =       5.000  TEMP(K) =     5.97  PRESS =     0.0
 Etot   =       279.6426  EKtot   =       118.2183  EPtot      =       270.1736
 BOND   =         1.6941  ANGLE   =         1.1569  DIHED      =         0.9137
 1-4 NB =         0.4861  1-4 EEL =         0.4129  VDWAALS    =       162.3516
 EELEC  =       373.1792  EHBOND  =         0.0000  RESTRAINT  =         0.0000
 EKCMT  =         0.0000  VIRIAL  =         0.0000  VOLUME     =      3928.0220
                                                    Density    =         0.0264
 DV/DL  =         2.6529
 ------------------------------------------------------------------------------

  Softcore part of the system:      10 atoms,       TEMP(K)    =          98.62
 SC_Etot=         3.7755  SC_EKtot=         2.9397  SC_EPtot   =         3.0708
 SC_BOND=         1.8687  SC_ANGLE=         1.3109  SC_DIHED   =         1.7538
 SC_14NB=         0.7059  SC_14EEL=         0.5738  SC_VDW     =         0.0170
 SC_EEL =         0.0336
 SC_RES_DIST=     0.0000  SC_RES_ANG=       0.0000  SC_RES_TORS=         0.0000
 SC_EEL_DER=      1.1645  SC_VDW_DER=       2.2206  SC_DERIV   =         1.9102
 ------------------------------------------------------------------------------


| TI region  2


      A V E R A G E S   O V E R      10 S T E P S


 NSTEP =     5000   TIME(PS) =       5.000  TEMP(K) =   307.81  PRESS =     0.0
 Etot   =    -23981.7945  EKtot   =      6097.2157  EPtot      =    -30079.0102
 BOND   =         5.4164  ANGLE   =         5.6909  DIHED      =         2.9311
 1-4 NB =         4.5793  1-4 EEL =        10.9983  VDWAALS    =      4592.8769
 EELEC  =    -34701.5031  EHBOND  =         0.0000  RESTRAINT  =         0.0000
 EKCMT  =         0.0000  VIRIAL  =         0.0000  VOLUME     =    121586.7157
                                                    Density    =         0.8195
 DV/DL  =         9.0304
 ------------------------------------------------------------------------------

  Softcore part of the system:      10 atoms,       TEMP(K)    =         297.98
 SC_Etot=        29.0309  SC_EKtot=         8.8822  SC_EPtot   =        20.1487
 SC_BOND=         4.9763  SC_ANGLE=        18.0949  SC_DIHED   =         3.8510
 SC_14NB=        -0.0956  SC_14EEL=        -2.9362  SC_VDW     =        -0.0866
 SC_EEL =        -3.6552
 SC_RES_DIST=     0.0000  SC_RES_ANG=       0.0000  SC_RES_TORS=         0.0000
 SC_EEL_DER=      1.4851  SC_VDW_DER=      -3.0789  SC_DERIV   =        -1.5938
 ------------------------------------------------------------------------------


      R M S  F L U C T U A T I O N S


 NSTEP =     5000   TIME(PS) =       5.000  TEMP(K) =     5.94  PRESS =     0.0
 Etot   =       279.4727  EKtot   =       117.6547  EPtot      =       270.1736
 BOND   =         1.6941  ANGLE   =         1.1569  DIHED      =         0.9137
 1-4 NB =         0.4861  1-4 EEL =         0.4129  VDWAALS    =       162.3516
 EELEC  =       373.1792  EHBOND  =         0.0000  RESTRAINT  =         0.0000
 EKCMT  =         0.0000  VIRIAL  =         0.0000  VOLUME     =      3928.0220
                                                    Density    =         0.0264
 DV/DL  =         2.6529
 ------------------------------------------------------------------------------

  Softcore part of the system:      10 atoms,       TEMP(K)    =          68.15
 SC_Etot=         3.2220  SC_EKtot=         2.0314  SC_EPtot   =         2.8132
 SC_BOND=         1.8436  SC_ANGLE=         1.3038  SC_DIHED   =         1.5039
 SC_14NB=         0.0624  SC_14EEL=         0.1630  SC_VDW     =         0.0282
 SC_EEL =         0.2832
 SC_RES_DIST=     0.0000  SC_RES_ANG=       0.0000  SC_RES_TORS=         0.0000
 SC_EEL_DER=      1.1645  SC_VDW_DER=       2.2206  SC_DERIV   =         1.9102
 ------------------------------------------------------------------------------


      DV/DL, AVERAGES OVER      10 STEPS


 NSTEP =     5000   TIME(PS) =       5.000  TEMP(K) =     5.94  PRESS =     0.0
 Etot   =         0.0000  EKtot   =         0.0000  EPtot      =         0.0000
 BOND   =         0.0000  ANGLE   =         0.0000  DIHED      =        -0.0017
 1-4 NB =        -0.3321  1-4 EEL =        17.2782  VDWAALS    =         1.2057
 EELEC  =        -7.5259  EHBOND  =         0.0000  RESTRAINT  =         0.0000
 EKCMT  =         0.0000  VIRIAL  =         0.0000  VOLUME     =         0.0000
                                                    Density    =         0.0000
 ------------------------------------------------------------------------------

| MC Barostat:         50 volume changes attempted.
| MC Barostat:         27 changes successful ( 54.00%)
 ------------------------------------------------------------------------------

--------------------------------------------------------------------------------
   5.  TIMINGS
--------------------------------------------------------------------------------

|  NonSetup CPU Time in Major Routines:
|
|     Routine           Sec        %
|     ------------------------------
|     Nonbond           0.86   34.17
|     Bond              0.00    0.00
|     Angle             0.00    0.00
|     Dihedral          0.00    0.00
|     Shake             0.02    0.96
|     RunMD             1.60   63.12
|     Other             0.04    1.76
|     ------------------------------
|     Total             2.53

|  PME Nonbond Pairlist CPU Time:
|
|     Routine              Sec        %
|     ---------------------------------
|     Set Up Cit           0.00    0.00
|     Build List           0.00    0.00
|     ---------------------------------
|     Total                0.00    0.00

|  PME Direct Force CPU Time:
|
|     Routine              Sec        %
|     ---------------------------------
|     NonBonded Calc       0.00    0.00
|     Exclude Masked       0.00    0.00
|     Other                0.01    0.37
|     ---------------------------------
|     Total                0.01    0.37

|  PME Reciprocal Force CPU Time:
|
|     Routine              Sec        %
|     ---------------------------------
|     1D bspline           0.00    0.00
|     Grid Charges         0.00    0.00
|     Scalar Sum           0.00    0.00
|     Gradient Sum         0.00    0.00
|     FFT                  0.00    0.00
|     ---------------------------------
|     Total                0.00    0.00

|  Final Performance Info:
|     -----------------------------------------------------
|     Average timings for last    5000 steps:
|     Elapsed(s) =       2.56 Per Step(ms) =       0.51
|         ns/day =     169.03   seconds/ns =     511.15
|
|     Average timings for all steps:
|     Elapsed(s) =       2.56 Per Step(ms) =       0.51
|         ns/day =     169.03   seconds/ns =     511.15
|     -----------------------------------------------------

|  Setup CPU time:            0.93 seconds
|  NonSetup CPU time:         2.53 seconds
|  Total CPU time:            3.46 seconds     0.00 hours

|  Setup wall time:           1    seconds
|  NonSetup wall time:        2    seconds
|  Total wall time:           3    seconds     0.00 hours
