
          -------------------------------------------------------
          Amber 20 PMEMD                              2020
          -------------------------------------------------------

| PMEMD implementation of SANDER, Release 18

|  Compiled date/time: Mon Apr 27 18:19:54 2020
| Run on 01/25/2022 at 16:46:45

|   Executable path: /cm/shared/apps/amber20/bin/pmemd.cuda
| Working directory: /data/bella/piezo/charmm-gui-4149384590/TI/1-dooku/ligand/concerted/t03/0.9521
|          Hostname: node001

  [-O]verwriting output

File Assignments:
|   MDIN: ti001.eq.in                                                           
|  MDOUT: ti001.eq.out                                                          
| INPCRD: ti001.min.rst7                                                        
|   PARM: ../concerted.parm7                                                    
| RESTRT: ti001.eq.rst7                                                         
|   REFC: refc                                                                  
|  MDVEL: mdvel                                                                 
|   MDEN: ti001.eq.en                                                           
|  MDCRD: ti001.eq.nc                                                           
| MDINFO: ti001.eq.info                                                         
|  MDFRC: mdfrc                                                                 


 Here is the input file:

Heating                                                                        
 &cntrl                                                                        
                                                                               
! simulation                                                                   
imin = 0,                 ! flag to run minization (0=false)                   
ntmin = 2,                ! mini algorithm. 2=steepest                         
nstlim = 5000,            ! number of MD steps                                 
irest = 0,                ! flag to restart simulation                         
ntx = 1,                  ! option to read from inpcrd file                    
ntxo = 1,                 ! read/write rst as formatted file                   
dt = 0.001,               ! timestep (1fs)                                     
ntb = 2,              ! specify PBC type                                       
                                                                               
! thermostate                                                                  
ntt = 3,                  ! switch for time scaling (3=Langevin)               
tempi = 1.0,                                                                   
temp0 = 310,            ! reference temperature (if ntt>0)                     
gamma_ln = 5.0,           ! collision frequency for ntt=3                      
ig = -1,                  ! seed for Random Number Generator (RNG) (use -1 with
! barostate                                                                    
ntp = 1,                  ! constant pressure dynamics (1=do scaling)          
barostat = 2,             ! barostat to use (2=Monte Carlo)                    
mcbarint = 100,           ! volume change attempt every n steps                
pres0 = 1.01325,          ! referenve pressure (in bars)                       
taup = 2.0,               ! pressure relation time (in ps)                     
                                                                               
! output                                                                       
ioutfm = 1,               ! film fromat (1=binary NetCDF)                      
iwrap = 0,                ! wrap coordination into primary box (1=do)          
ntwe = 1000,              ! write to .mden every n steps                       
ntwx = 1000,              ! write to .mdcrd every n steps                      
ntpr = 500,               ! write energies to .mdout/.mdinfo every n steps     
ntwr = 1000,              ! write rstrt file every n steps                     
                                                                               
! alchemical free energy                                                       
cut = 10.0                                                                     
ntc = 2,                  ! SHAKE bond length constraints (2=H-atom)           
ntf = 1,                  ! force evaluation (1=evalute all)                   
noshakemask = ':L0, L1',     ! remove SHAKE from perturbed regions             
                                                                               
icfe = 1,                 ! turn on free energy calculation                    
ifsc = 1,                 ! use softcore parameters (0=undo)                   
clambda = 0.9521,           ! current lambda                                   
timask1 = ':L0',           ! specify atoms unique to V_0                       
timask2 = ':L1',           ! specify atoms unique to V_1                       
scmask1 = ':L0@S2, C10, C11, H6, N3, C12, H7, C13, H8, N4',                    
                      ! specify the unique atoms for V0                        
scmask2 = ':L1@O, C11, C10, H11, C12, H13, C13, H14, N3, H12',                 
                      ! specify the unique atoms for V1                        
vlimit = 20                                                                    
 /                                                                             
 &ewald                                                                        
 /                                                                             
                                                                               
&wt type='TEMP0', istep1=1, istep2=5000, value1=1.0, value2=300 &end           
&wt type='END' &end                                                            


Note: ig = -1. Setting random seed to    36797 based on wallclock time in 
      microseconds.
| irandom = 1, using AMBER's internal random number generator (default).
 
|--------------------- INFORMATION ----------------------
| GPU (CUDA) Version of PMEMD in use: NVIDIA GPU IN USE.
|                    Version 18.0.0
| 
|                      03/25/2018
| 
| Implementation by:
|                    Ross C. Walker     (SDSC)
|                    Scott Le Grand     (nVIDIA)
| 
| Version 18 performance extensions by:
|                    David Cerutti     (Rutgers)
| 
| Precision model in use:
|      [SPFP] - Single Precision Forces, 64-bit Fixed Point
|               Accumulation. (Default)
| 
|--------------------------------------------------------
 
|----------------- CITATION INFORMATION -----------------
|
|    When publishing work that utilized the CUDA version
|    of AMBER, please cite the following in addition to
|    the regular AMBER citations:
|
|  - Romelia Salomon-Ferrer; Andreas W. Goetz; Duncan
|    Poole; Scott Le Grand; Ross C. Walker "Routine
|    microsecond molecular dynamics simulations with
|    AMBER - Part II: Particle Mesh Ewald", J. Chem.
|    Theory Comput., 2013, 9 (9), pp3878-3888,
|    DOI: 10.1021/ct400314y.
|
|  - Andreas W. Goetz; Mark J. Williamson; Dong Xu;
|    Duncan Poole; Scott Le Grand; Ross C. Walker
|    "Routine microsecond molecular dynamics simulations
|    with AMBER - Part I: Generalized Born", J. Chem.
|    Theory Comput., 2012, 8 (5), pp1542-1555.
|
|  - Scott Le Grand; Andreas W. Goetz; Ross C. Walker
|    "SPFP: Speed without compromise - a mixed precision
|    model for GPU accelerated molecular dynamics
|    simulations.", Comp. Phys. Comm., 2013, 184
|    pp374-380, DOI: 10.1016/j.cpc.2012.09.022
|
|    When publishing work that utilized the CUDA version
|    of TI, BAR, MBAR or FEP please cite the following 
|    publications in addition to the regular AMBER 
|    GPU citations:
|
|  - Daniel J. Mermelstein; Charles Lin; Gard Nelson; 
|    Rachael Kretsch; J. Andrew McCammon; Ross C. Walker
|    "Fast and Flexible GPU Accelerated Binding 
|    Free Energy Calculations within the AMBER Molecular
|    Dynamics Package" J. Comp. Chem., 2018,
|    DOI: 10.1002/jcc.25187
|
|  - Tai-Sung Lee; Yuan Hu; Brad Sherborne; Zhuyan Guo;
|    Darrin M. York
|    "Toward Fast and Accurate Binding Affinity Prediction with
|    pmemdGTI: An Efficient Implementation of GPU-Accelerated
|    Thermodynamic Integration"
|    J. Chem. Theory Comput., 2017, 13 (7), 3077
|
|
|--------------------------------------------------------
 
|------------------- GPU DEVICE INFO --------------------
|
|            CUDA_VISIBLE_DEVICES: 3
|   CUDA Capable Devices Detected:      1
|           CUDA Device ID in use:      0
|                CUDA Device Name: GeForce RTX 2080 Ti
|     CUDA Device Global Mem Size:  11019 MB
| CUDA Device Num Multiprocessors:     68
|           CUDA Device Core Freq:   1.54 GHz
|
|--------------------------------------------------------
 
 
| Conditional Compilation Defines Used:
| PUBFFT
| BINTRAJ
| CUDA
| EMIL

| Largest sphere to fit in unit cell has radius =    25.062

| New format PARM file being parsed.
| Version =    1.000 Date = 01/24/22 Time = 21:43:14

| Note: 1-4 EEL scale factors are being read from the topology file.

| Note: 1-4 VDW scale factors are being read from the topology file.
| Duplicated    0 dihedrals

| Duplicated    0 dihedrals

--------------------------------------------------------------------------------
   1.  RESOURCE   USE: 
--------------------------------------------------------------------------------

 getting new box info from bottom of inpcrd
 NATOM  =    9985 NTYPES =      13 NBONH =    9944 MBONA  =      45
 NTHETH =      36 MTHETA =      61 NPHIH =      66 MPHIA  =      91
 NHPARM =       0 NPARM  =       0 NNB   =   13505 NRES   =    3311
 NBONA  =      45 NTHETA =      61 NPHIA =      91 NUMBND =      22
 NUMANG =      36 NPTRA  =      11 NATYP =      16 NPHB   =       0
 IFBOX  =       1 NMXRS  =      29 IFCAP =       0 NEXTRA =       0
 NCOPY  =       0

| Coordinate Index Table dimensions:     9    9    9
| Direct force subcell size =     5.6395    5.6592    5.5693

     BOX TYPE: RECTILINEAR

--------------------------------------------------------------------------------
   2.  CONTROL  DATA  FOR  THE  RUN
--------------------------------------------------------------------------------

default_name                                                                    

General flags:
     imin    =       0, nmropt  =       0

Nature and format of input:
     ntx     =       1, irest   =       0, ntrx    =       1

Nature and format of output:
     ntxo    =       1, ntpr    =     500, ntrx    =       1, ntwr    =    1000
     iwrap   =       0, ntwx    =    1000, ntwv    =       0, ntwe    =    1000
     ioutfm  =       1, ntwprt  =       0, idecomp =       0, rbornstat=      0

Potential function:
     ntf     =       1, ntb     =       2, igb     =       0, nsnb    =      25
     ipol    =       0, gbsa    =       0, iesp    =       0
     dielc   =   1.00000, cut     =  10.00000, intdiel =   1.00000

Frozen or restrained atoms:
     ibelly  =       0, ntr     =       0

Molecular dynamics:
     nstlim  =      5000, nscm    =      1000, nrespa  =         1
     t       =   0.00000, dt      =   0.00100, vlimit  =  20.00000

Langevin dynamics temperature regulation:
     ig      =   36797
     temp0   = 310.00000, tempi   =   1.00000, gamma_ln=   5.00000

Pressure regulation:
     ntp     =       1
     pres0   =   1.01325, comp    =  44.60000, taup    =   2.00000
     Monte-Carlo Barostat:
     mcbarint  =     100

SHAKE:
     ntc     =       2, jfastw  =       0
     tol     =   0.00001

Free energy options:
     icfe    =       1, ifsc    =       1, klambda =       1
     clambda =  0.9521, scalpha =  0.5000, scbeta  = 12.0000
     sceeorder =       2
     dynlmb =  0.0000 logdvdl =       0

| Intermolecular bonds treatment:
|     no_intermolecular_bonds =       1

| Energy averages sample interval:
|     ene_avg_sampling =     500

Ewald parameters:
     verbose =       0, ew_type =       0, nbflag  =       1, use_pme =       1
     vdwmeth =       1, eedmeth =       1, netfrc  =       1
     Box X =   50.755   Box Y =   50.932   Box Z =   50.124
     Alpha =   90.000   Beta  =   90.000   Gamma =   90.000
     NFFT1 =   56       NFFT2 =   56       NFFT3 =   56
     Cutoff=   10.000   Tol   =0.100E-04
     Ewald Coefficient =  0.27511
     Interpolation order =    4
     TI Mask 1 :L0; matches     29 atoms
     TI Mask 2 :L1; matches     29 atoms
     TI region 1:    9956 atoms
     TI region 2:    9956 atoms
     SC Mask 1 :L0@S2, C10, C11, H6, N3, C12, H7, C13, H8, N4; matches     10 atoms
     SC Mask 2 :L1@O, C11, C10, H11, C12, H13, C13, H14, N3, H12; matches     10 atoms
 Noshake mask :L0, L1; matches      58 atoms.
| MONTE CARLO BAROSTAT IMPORTANT NOTE:
|   The Monte-Carlo barostat does not require the virial to adjust the system volume.
|   Since it is an expensive calculation, it is skipped for efficiency. A side-effect
|   is that the reported pressure is always 0 because it is not calculated.

--------------------------------------------------------------------------------
   3.  ATOMIC COORDINATES AND VELOCITIES
--------------------------------------------------------------------------------

default_name                                                                    
 begin time read from input coords =     0.000 ps

 
     Molecule     1 is partially softcore
     Molecule     2 is partially softcore
 Number of triangulated 3-point waters found:     3309
   Removing shake constraints from C13   L0    1 -- H8    L0    1
   Removing shake constraints from C12   L0    1 -- H7    L0    1
   Removing shake constraints from C11   L0    1 -- H6    L0    1
   Removing shake constraints from C7    L0    1 -- H4    L0    1
   Removing shake constraints from C7    L0    1 -- H5    L0    1
   Removing shake constraints from C4    L0    1 -- H3    L0    1
   Removing shake constraints from C3    L0    1 -- H2    L0    1
   Removing shake constraints from C2    L0    1 -- H1    L0    1
   Removing shake constraints from N3    L1    2 -- H12   L1    2
   Removing shake constraints from C13   L1    2 -- H14   L1    2
   Removing shake constraints from C12   L1    2 -- H13   L1    2
   Removing shake constraints from C10   L1    2 -- H11   L1    2
   Removing shake constraints from C7    L1    2 -- H4    L1    2
   Removing shake constraints from C7    L1    2 -- H5    L1    2
   Removing shake constraints from C4    L1    2 -- H3    L1    2
   Removing shake constraints from C3    L1    2 -- H2    L1    2
   Removing shake constraints from C2    L1    2 -- H1    L1    2
 Number of shake restraints removed in TI region  1 :        8
 Number of shake restraints removed in TI region  2 :        9

     Sum of charges for TI region  1 =   0.00200000
     Skip neutralizing charges...


     Sum of charges for TI region  2 =   0.00100000
     Skip neutralizing charges...

| Dynamic Memory, Types Used:
| Reals              653248
| Integers           420398

| Nonbonded Pairs Initial Allocation:     3020212

| GPU memory information (estimate):
| KB of GPU memory in use:     79398
| KB of CPU memory in use:     25158

--------------------------------------------------------------------------------
   4.  RESULTS
--------------------------------------------------------------------------------

   DOF for the SC part  1 of the system:   30
   DOF for the SC part  2 of the system:   30

| TI region  1


 NSTEP =        0   TIME(PS) =       0.000  TEMP(K) =     1.49  PRESS =     0.0
 Etot   =    -29219.5268  EKtot   =        29.5849  EPtot      =    -29249.1117
 BOND   =         0.2956  ANGLE   =         0.9370  DIHED      =         4.5705
 1-4 NB =         4.1828  1-4 EEL =        22.6533  VDWAALS    =      2065.4742
 EELEC  =    -31347.2252  EHBOND  =         0.0000  RESTRAINT  =         0.0000
 EKCMT  =         0.0000  VIRIAL  =         0.0000  VOLUME     =    129573.7139
                                                    Density    =         0.7686
 DV/DL  =         2.1503
 ------------------------------------------------------------------------------

  Softcore part of the system:      10 atoms,       TEMP(K)    =           2.95
 SC_Etot=        74.3563  SC_EKtot=         0.0880  SC_EPtot   =        74.2684
 SC_BOND=         3.2829  SC_ANGLE=         6.7770  SC_DIHED   =         2.5891
 SC_14NB=         5.0462  SC_14EEL=        53.3272  SC_VDW     =        -0.3642
 SC_EEL =         3.6101
 SC_RES_DIST=     0.0000  SC_RES_ANG=       0.0000  SC_RES_TORS=         0.0000
 SC_EEL_DER=     -3.6851  SC_VDW_DER=      -0.1192  SC_DERIV   =        -3.8042
 ------------------------------------------------------------------------------


| TI region  2


 NSTEP =        0   TIME(PS) =       0.000  TEMP(K) =     1.49  PRESS =     0.0
 Etot   =    -29219.5345  EKtot   =        29.5772  EPtot      =    -29249.1117
 BOND   =         0.2956  ANGLE   =         0.9370  DIHED      =         4.5705
 1-4 NB =         4.1828  1-4 EEL =        22.6533  VDWAALS    =      2065.4742
 EELEC  =    -31347.2252  EHBOND  =         0.0000  RESTRAINT  =         0.0000
 EKCMT  =         0.0000  VIRIAL  =         0.0000  VOLUME     =    129573.7139
                                                    Density    =         0.7682
 DV/DL  =         2.1503
 ------------------------------------------------------------------------------

  Softcore part of the system:      10 atoms,       TEMP(K)    =           2.63
 SC_Etot=        18.9129  SC_EKtot=         0.0785  SC_EPtot   =        18.8344
 SC_BOND=         1.4145  SC_ANGLE=        17.2028  SC_DIHED   =         7.1409
 SC_14NB=        -0.1789  SC_14EEL=        -2.9914  SC_VDW     =        -0.1073
 SC_EEL =        -3.6461
 SC_RES_DIST=     0.0000  SC_RES_ANG=       0.0000  SC_RES_TORS=         0.0000
 SC_EEL_DER=     -3.6851  SC_VDW_DER=      -0.1192  SC_DERIV   =        -3.8042
 ------------------------------------------------------------------------------


| TI region  1


 NSTEP =      500   TIME(PS) =       0.500  TEMP(K) =   300.75  PRESS =     0.0
 Etot   =    -24262.7344  EKtot   =      5957.3842  EPtot      =    -30220.1186
 BOND   =         6.8612  ANGLE   =         4.9158  DIHED      =         1.8250
 1-4 NB =         3.8093  1-4 EEL =        22.0625  VDWAALS    =      4781.0639
 EELEC  =    -35040.6564  EHBOND  =         0.0000  RESTRAINT  =         0.0000
 EKCMT  =         0.0000  VIRIAL  =         0.0000  VOLUME     =    127800.6505
                                                    Density    =         0.7792
 DV/DL  =        -1.1280
 ------------------------------------------------------------------------------

  Softcore part of the system:      10 atoms,       TEMP(K)    =         249.56
 SC_Etot=        85.1992  SC_EKtot=         7.4390  SC_EPtot   =        77.7603
 SC_BOND=         5.3569  SC_ANGLE=         7.3288  SC_DIHED   =         3.4763
 SC_14NB=         5.0479  SC_14EEL=        53.2347  SC_VDW     =        -0.3469
 SC_EEL =         3.6626
 SC_RES_DIST=     0.0000  SC_RES_ANG=       0.0000  SC_RES_TORS=         0.0000
 SC_EEL_DER=     -4.6445  SC_VDW_DER=       0.2094  SC_DERIV   =        -4.4351
 ------------------------------------------------------------------------------


| TI region  2


 NSTEP =      500   TIME(PS) =       0.500  TEMP(K) =   300.88  PRESS =     0.0
 Etot   =    -24260.2710  EKtot   =      5959.8476  EPtot      =    -30220.1186
 BOND   =         6.8612  ANGLE   =         4.9158  DIHED      =         1.8250
 1-4 NB =         3.8093  1-4 EEL =        22.0625  VDWAALS    =      4781.0639
 EELEC  =    -35040.6564  EHBOND  =         0.0000  RESTRAINT  =         0.0000
 EKCMT  =         0.0000  VIRIAL  =         0.0000  VOLUME     =    127800.6505
                                                    Density    =         0.7788
 DV/DL  =        -1.1280
 ------------------------------------------------------------------------------

  Softcore part of the system:      10 atoms,       TEMP(K)    =         332.21
 SC_Etot=        30.1803  SC_EKtot=         9.9024  SC_EPtot   =        20.2779
 SC_BOND=         3.7683  SC_ANGLE=        18.1603  SC_DIHED   =         5.1713
 SC_14NB=        -0.0125  SC_14EEL=        -2.7600  SC_VDW     =        -0.0242
 SC_EEL =        -4.0253
 SC_RES_DIST=     0.0000  SC_RES_ANG=       0.0000  SC_RES_TORS=         0.0000
 SC_EEL_DER=     -4.6445  SC_VDW_DER=       0.2094  SC_DERIV   =        -4.4351
 ------------------------------------------------------------------------------


| TI region  1


 NSTEP =     1000   TIME(PS) =       1.000  TEMP(K) =   308.75  PRESS =     0.0
 Etot   =    -23812.5222  EKtot   =      6115.9149  EPtot      =    -29928.4371
 BOND   =         4.7894  ANGLE   =         5.1556  DIHED      =         3.5322
 1-4 NB =         5.0696  1-4 EEL =        22.3866  VDWAALS    =      4433.2644
 EELEC  =    -34402.6348  EHBOND  =         0.0000  RESTRAINT  =         0.0000
 EKCMT  =         0.0000  VIRIAL  =         0.0000  VOLUME     =    127326.0114
                                                    Density    =         0.7821
 DV/DL  =        -4.4474
 ------------------------------------------------------------------------------

  Softcore part of the system:      10 atoms,       TEMP(K)    =         370.61
 SC_Etot=        90.2285  SC_EKtot=        11.0472  SC_EPtot   =        79.1813
 SC_BOND=         3.2212  SC_ANGLE=         9.6023  SC_DIHED   =         3.2490
 SC_14NB=         5.6087  SC_14EEL=        54.2947  SC_VDW     =        -0.3712
 SC_EEL =         3.5765
 SC_RES_DIST=     0.0000  SC_RES_ANG=       0.0000  SC_RES_TORS=         0.0000
 SC_EEL_DER=    -10.9377  SC_VDW_DER=       4.5278  SC_DERIV   =        -6.4100
 ------------------------------------------------------------------------------


| TI region  2


 NSTEP =     1000   TIME(PS) =       1.000  TEMP(K) =   308.83  PRESS =     0.0
 Etot   =    -23811.0697  EKtot   =      6117.3674  EPtot      =    -29928.4371
 BOND   =         4.7894  ANGLE   =         5.1556  DIHED      =         3.5322
 1-4 NB =         5.0696  1-4 EEL =        22.3866  VDWAALS    =      4433.2644
 EELEC  =    -34402.6348  EHBOND  =         0.0000  RESTRAINT  =         0.0000
 EKCMT  =         0.0000  VIRIAL  =         0.0000  VOLUME     =    127326.0114
                                                    Density    =         0.7817
 DV/DL  =        -4.4474
 ------------------------------------------------------------------------------

  Softcore part of the system:      10 atoms,       TEMP(K)    =         419.34
 SC_Etot=        30.7023  SC_EKtot=        12.4996  SC_EPtot   =        18.2028
 SC_BOND=         3.4347  SC_ANGLE=        18.8261  SC_DIHED   =         2.8804
 SC_14NB=        -0.1317  SC_14EEL=        -3.0362  SC_VDW     =        -0.0885
 SC_EEL =        -3.6821
 SC_RES_DIST=     0.0000  SC_RES_ANG=       0.0000  SC_RES_TORS=         0.0000
 SC_EEL_DER=    -10.9377  SC_VDW_DER=       4.5278  SC_DERIV   =        -6.4100
 ------------------------------------------------------------------------------


| TI region  1


 NSTEP =     1500   TIME(PS) =       1.500  TEMP(K) =   308.21  PRESS =     0.0
 Etot   =    -23704.0896  EKtot   =      6105.0787  EPtot      =    -29809.1683
 BOND   =         5.2517  ANGLE   =         5.5071  DIHED      =         6.2131
 1-4 NB =         4.1508  1-4 EEL =        22.9410  VDWAALS    =      4257.4919
 EELEC  =    -34110.7239  EHBOND  =         0.0000  RESTRAINT  =         0.0000
 EKCMT  =         0.0000  VIRIAL  =         0.0000  VOLUME     =    126901.9705
                                                    Density    =         0.7847
 DV/DL  =        -1.8264
 ------------------------------------------------------------------------------

  Softcore part of the system:      10 atoms,       TEMP(K)    =         385.05
 SC_Etot=        91.1393  SC_EKtot=        11.4775  SC_EPtot   =        79.6618
 SC_BOND=        10.4640  SC_ANGLE=         5.7701  SC_DIHED   =         1.9795
 SC_14NB=         5.3568  SC_14EEL=        52.8427  SC_VDW     =        -0.3627
 SC_EEL =         3.6114
 SC_RES_DIST=     0.0000  SC_RES_ANG=       0.0000  SC_RES_TORS=         0.0000
 SC_EEL_DER=     -6.8790  SC_VDW_DER=       1.1610  SC_DERIV   =        -5.7180
 ------------------------------------------------------------------------------


| TI region  2


 NSTEP =     1500   TIME(PS) =       1.500  TEMP(K) =   308.00  PRESS =     0.0
 Etot   =    -23708.1223  EKtot   =      6101.0461  EPtot      =    -29809.1683
 BOND   =         5.2517  ANGLE   =         5.5071  DIHED      =         6.2131
 1-4 NB =         4.1508  1-4 EEL =        22.9410  VDWAALS    =      4257.4919
 EELEC  =    -34110.7239  EHBOND  =         0.0000  RESTRAINT  =         0.0000
 EKCMT  =         0.0000  VIRIAL  =         0.0000  VOLUME     =    126901.9705
                                                    Density    =         0.7844
 DV/DL  =        -1.8264
 ------------------------------------------------------------------------------

  Softcore part of the system:      10 atoms,       TEMP(K)    =         249.76
 SC_Etot=        32.8160  SC_EKtot=         7.4449  SC_EPtot   =        25.3712
 SC_BOND=         5.0882  SC_ANGLE=        22.5824  SC_DIHED   =         4.8968
 SC_14NB=         0.0601  SC_14EEL=        -2.9953  SC_VDW     =        -0.0486
 SC_EEL =        -4.2124
 SC_RES_DIST=     0.0000  SC_RES_ANG=       0.0000  SC_RES_TORS=         0.0000
 SC_EEL_DER=     -6.8790  SC_VDW_DER=       1.1610  SC_DERIV   =        -5.7180
 ------------------------------------------------------------------------------


| TI region  1


 NSTEP =     2000   TIME(PS) =       2.000  TEMP(K) =   313.39  PRESS =     0.0
 Etot   =    -23647.7506  EKtot   =      6207.6960  EPtot      =    -29855.4466
 BOND   =         3.3745  ANGLE   =         4.4927  DIHED      =         4.2261
 1-4 NB =         4.6065  1-4 EEL =        22.3976  VDWAALS    =      4705.7829
 EELEC  =    -34600.3268  EHBOND  =         0.0000  RESTRAINT  =         0.0000
 EKCMT  =         0.0000  VIRIAL  =         0.0000  VOLUME     =    125739.4542
                                                    Density    =         0.7920
 DV/DL  =       -18.7936
 ------------------------------------------------------------------------------

  Softcore part of the system:      10 atoms,       TEMP(K)    =         284.59
 SC_Etot=        91.1185  SC_EKtot=         8.4831  SC_EPtot   =        82.6354
 SC_BOND=         9.7527  SC_ANGLE=         5.1298  SC_DIHED   =         6.2515
 SC_14NB=         5.4210  SC_14EEL=        52.8759  SC_VDW     =        -0.3605
 SC_EEL =         3.5649
 SC_RES_DIST=     0.0000  SC_RES_ANG=       0.0000  SC_RES_TORS=         0.0000
 SC_EEL_DER=    -20.8918  SC_VDW_DER=       3.3609  SC_DERIV   =       -17.5309
 ------------------------------------------------------------------------------


| TI region  2


 NSTEP =     2000   TIME(PS) =       2.000  TEMP(K) =   313.48  PRESS =     0.0
 Etot   =    -23645.9485  EKtot   =      6209.4981  EPtot      =    -29855.4466
 BOND   =         3.3745  ANGLE   =         4.4927  DIHED      =         4.2261
 1-4 NB =         4.6065  1-4 EEL =        22.3976  VDWAALS    =      4705.7829
 EELEC  =    -34600.3268  EHBOND  =         0.0000  RESTRAINT  =         0.0000
 EKCMT  =         0.0000  VIRIAL  =         0.0000  VOLUME     =    125739.4542
                                                    Density    =         0.7916
 DV/DL  =       -18.7936
 ------------------------------------------------------------------------------

  Softcore part of the system:      10 atoms,       TEMP(K)    =         345.05
 SC_Etot=        29.6328  SC_EKtot=        10.2852  SC_EPtot   =        19.3477
 SC_BOND=         2.0789  SC_ANGLE=        17.2374  SC_DIHED   =         6.9157
 SC_14NB=        -0.0496  SC_14EEL=        -2.7168  SC_VDW     =        -0.0894
 SC_EEL =        -4.0285
 SC_RES_DIST=     0.0000  SC_RES_ANG=       0.0000  SC_RES_TORS=         0.0000
 SC_EEL_DER=    -20.8918  SC_VDW_DER=       3.3609  SC_DERIV   =       -17.5309
 ------------------------------------------------------------------------------


| TI region  1


 NSTEP =     2500   TIME(PS) =       2.500  TEMP(K) =   303.21  PRESS =     0.0
 Etot   =    -23919.0056  EKtot   =      6006.1636  EPtot      =    -29925.1692
 BOND   =         5.1657  ANGLE   =         6.5495  DIHED      =         4.3416
 1-4 NB =         3.6678  1-4 EEL =        21.8230  VDWAALS    =      4435.0731
 EELEC  =    -34401.7899  EHBOND  =         0.0000  RESTRAINT  =         0.0000
 EKCMT  =         0.0000  VIRIAL  =         0.0000  VOLUME     =    124771.6607
                                                    Density    =         0.7981
 DV/DL  =       -16.4189
 ------------------------------------------------------------------------------

  Softcore part of the system:      10 atoms,       TEMP(K)    =         363.11
 SC_Etot=        93.6747  SC_EKtot=        10.8237  SC_EPtot   =        82.8510
 SC_BOND=         4.4117  SC_ANGLE=         9.1248  SC_DIHED   =         6.5054
 SC_14NB=         6.4144  SC_14EEL=        53.0989  SC_VDW     =        -0.3591
 SC_EEL =         3.6550
 SC_RES_DIST=     0.0000  SC_RES_ANG=       0.0000  SC_RES_TORS=         0.0000
 SC_EEL_DER=    -15.5796  SC_VDW_DER=       3.0741  SC_DERIV   =       -12.5056
 ------------------------------------------------------------------------------


| TI region  2


 NSTEP =     2500   TIME(PS) =       2.500  TEMP(K) =   303.19  PRESS =     0.0
 Etot   =    -23919.4007  EKtot   =      6005.7685  EPtot      =    -29925.1692
 BOND   =         5.1657  ANGLE   =         6.5495  DIHED      =         4.3416
 1-4 NB =         3.6678  1-4 EEL =        21.8230  VDWAALS    =      4435.0731
 EELEC  =    -34401.7899  EHBOND  =         0.0000  RESTRAINT  =         0.0000
 EKCMT  =         0.0000  VIRIAL  =         0.0000  VOLUME     =    124771.6607
                                                    Density    =         0.7977
 DV/DL  =       -16.4189
 ------------------------------------------------------------------------------

  Softcore part of the system:      10 atoms,       TEMP(K)    =         349.86
 SC_Etot=        31.4771  SC_EKtot=        10.4286  SC_EPtot   =        21.0485
 SC_BOND=         6.0095  SC_ANGLE=        19.2110  SC_DIHED   =         2.5045
 SC_14NB=         0.0274  SC_14EEL=        -2.7117  SC_VDW     =        -0.0029
 SC_EEL =        -3.9893
 SC_RES_DIST=     0.0000  SC_RES_ANG=       0.0000  SC_RES_TORS=         0.0000
 SC_EEL_DER=    -15.5796  SC_VDW_DER=       3.0741  SC_DERIV   =       -12.5056
 ------------------------------------------------------------------------------


| TI region  1


 NSTEP =     3000   TIME(PS) =       3.000  TEMP(K) =   311.94  PRESS =     0.0
 Etot   =    -23774.5401  EKtot   =      6178.9623  EPtot      =    -29953.5024
 BOND   =         5.0978  ANGLE   =         5.8008  DIHED      =         2.4810
 1-4 NB =         3.4014  1-4 EEL =        20.9663  VDWAALS    =      4437.1550
 EELEC  =    -34428.4047  EHBOND  =         0.0000  RESTRAINT  =         0.0000
 EKCMT  =         0.0000  VIRIAL  =         0.0000  VOLUME     =    124771.6607
                                                    Density    =         0.7981
 DV/DL  =       -14.7083
 ------------------------------------------------------------------------------

  Softcore part of the system:      10 atoms,       TEMP(K)    =         307.68
 SC_Etot=        92.4993  SC_EKtot=         9.1714  SC_EPtot   =        83.3279
 SC_BOND=         9.4789  SC_ANGLE=         7.4323  SC_DIHED   =         5.6612
 SC_14NB=         4.5992  SC_14EEL=        52.9155  SC_VDW     =        -0.3511
 SC_EEL =         3.5919
 SC_RES_DIST=     0.0000  SC_RES_ANG=       0.0000  SC_RES_TORS=         0.0000
 SC_EEL_DER=    -10.9665  SC_VDW_DER=       1.9529  SC_DERIV   =        -9.0136
 ------------------------------------------------------------------------------


| TI region  2


 NSTEP =     3000   TIME(PS) =       3.000  TEMP(K) =   312.00  PRESS =     0.0
 Etot   =    -23773.3750  EKtot   =      6180.1274  EPtot      =    -29953.5024
 BOND   =         5.0978  ANGLE   =         5.8008  DIHED      =         2.4810
 1-4 NB =         3.4014  1-4 EEL =        20.9663  VDWAALS    =      4437.1550
 EELEC  =    -34428.4047  EHBOND  =         0.0000  RESTRAINT  =         0.0000
 EKCMT  =         0.0000  VIRIAL  =         0.0000  VOLUME     =    124771.6607
                                                    Density    =         0.7977
 DV/DL  =       -14.7083
 ------------------------------------------------------------------------------

  Softcore part of the system:      10 atoms,       TEMP(K)    =         346.77
 SC_Etot=        34.4262  SC_EKtot=        10.3365  SC_EPtot   =        24.0897
 SC_BOND=         7.7712  SC_ANGLE=        19.1676  SC_DIHED   =         3.7629
 SC_14NB=        -0.1071  SC_14EEL=        -2.9643  SC_VDW     =        -0.0646
 SC_EEL =        -3.4760
 SC_RES_DIST=     0.0000  SC_RES_ANG=       0.0000  SC_RES_TORS=         0.0000
 SC_EEL_DER=    -10.9665  SC_VDW_DER=       1.9529  SC_DERIV   =        -9.0136
 ------------------------------------------------------------------------------


| TI region  1


 NSTEP =     3500   TIME(PS) =       3.500  TEMP(K) =   308.98  PRESS =     0.0
 Etot   =    -23785.1826  EKtot   =      6120.4245  EPtot      =    -29905.6072
 BOND   =         8.9492  ANGLE   =         6.0895  DIHED      =         2.0706
 1-4 NB =         3.4635  1-4 EEL =        22.3405  VDWAALS    =      4359.8157
 EELEC  =    -34308.3361  EHBOND  =         0.0000  RESTRAINT  =         0.0000
 EKCMT  =         0.0000  VIRIAL  =         0.0000  VOLUME     =    124147.9213
                                                    Density    =         0.8021
 DV/DL  =         5.4325
 ------------------------------------------------------------------------------

  Softcore part of the system:      10 atoms,       TEMP(K)    =         306.99
 SC_Etot=        94.5279  SC_EKtot=         9.1506  SC_EPtot   =        85.3773
 SC_BOND=        10.0023  SC_ANGLE=         8.2870  SC_DIHED   =         2.4044
 SC_14NB=         6.8123  SC_14EEL=        54.6716  SC_VDW     =        -0.3948
 SC_EEL =         3.5945
 SC_RES_DIST=     0.0000  SC_RES_ANG=       0.0000  SC_RES_TORS=         0.0000
 SC_EEL_DER=     -3.3035  SC_VDW_DER=       1.7214  SC_DERIV   =        -1.5821
 ------------------------------------------------------------------------------


| TI region  2


 NSTEP =     3500   TIME(PS) =       3.500  TEMP(K) =   308.99  PRESS =     0.0
 Etot   =    -23785.0080  EKtot   =      6120.5991  EPtot      =    -29905.6072
 BOND   =         8.9492  ANGLE   =         6.0895  DIHED      =         2.0706
 1-4 NB =         3.4635  1-4 EEL =        22.3405  VDWAALS    =      4359.8157
 EELEC  =    -34308.3361  EHBOND  =         0.0000  RESTRAINT  =         0.0000
 EKCMT  =         0.0000  VIRIAL  =         0.0000  VOLUME     =    124147.9213
                                                    Density    =         0.8018
 DV/DL  =         5.4325
 ------------------------------------------------------------------------------

  Softcore part of the system:      10 atoms,       TEMP(K)    =         312.84
 SC_Etot=        23.9990  SC_EKtot=         9.3252  SC_EPtot   =        14.6738
 SC_BOND=         4.2587  SC_ANGLE=        15.3401  SC_DIHED   =         1.9953
 SC_14NB=         0.0399  SC_14EEL=        -2.7960  SC_VDW     =        -0.0137
 SC_EEL =        -4.1505
 SC_RES_DIST=     0.0000  SC_RES_ANG=       0.0000  SC_RES_TORS=         0.0000
 SC_EEL_DER=     -3.3035  SC_VDW_DER=       1.7214  SC_DERIV   =        -1.5821
 ------------------------------------------------------------------------------


| TI region  1


 NSTEP =     4000   TIME(PS) =       4.000  TEMP(K) =   309.25  PRESS =     0.0
 Etot   =    -23843.3511  EKtot   =      6125.6852  EPtot      =    -29969.0363
 BOND   =         6.9231  ANGLE   =         3.9684  DIHED      =         4.3170
 1-4 NB =         4.2298  1-4 EEL =        21.5924  VDWAALS    =      4350.8692
 EELEC  =    -34360.9361  EHBOND  =         0.0000  RESTRAINT  =         0.0000
 EKCMT  =         0.0000  VIRIAL  =         0.0000  VOLUME     =    123002.1850
                                                    Density    =         0.8096
 DV/DL  =        -5.5992
 ------------------------------------------------------------------------------

  Softcore part of the system:      10 atoms,       TEMP(K)    =         505.52
 SC_Etot=        91.1070  SC_EKtot=        15.0683  SC_EPtot   =        76.0386
 SC_BOND=         3.0408  SC_ANGLE=         7.9117  SC_DIHED   =         3.6165
 SC_14NB=         4.6653  SC_14EEL=        53.5797  SC_VDW     =        -0.3496
 SC_EEL =         3.5741
 SC_RES_DIST=     0.0000  SC_RES_ANG=       0.0000  SC_RES_TORS=         0.0000
 SC_EEL_DER=    -10.1562  SC_VDW_DER=       3.6059  SC_DERIV   =        -6.5503
 ------------------------------------------------------------------------------


| TI region  2


 NSTEP =     4000   TIME(PS) =       4.000  TEMP(K) =   308.79  PRESS =     0.0
 Etot   =    -23852.4384  EKtot   =      6116.5979  EPtot      =    -29969.0363
 BOND   =         6.9231  ANGLE   =         3.9684  DIHED      =         4.3170
 1-4 NB =         4.2298  1-4 EEL =        21.5924  VDWAALS    =      4350.8692
 EELEC  =    -34360.9361  EHBOND  =         0.0000  RESTRAINT  =         0.0000
 EKCMT  =         0.0000  VIRIAL  =         0.0000  VOLUME     =    123002.1850
                                                    Density    =         0.8092
 DV/DL  =        -5.5992
 ------------------------------------------------------------------------------

  Softcore part of the system:      10 atoms,       TEMP(K)    =         200.65
 SC_Etot=        26.7030  SC_EKtot=         5.9810  SC_EPtot   =        20.7219
 SC_BOND=         5.7469  SC_ANGLE=        18.9311  SC_DIHED   =         2.7191
 SC_14NB=        -0.0929  SC_14EEL=        -2.9109  SC_VDW     =        -0.0897
 SC_EEL =        -3.5817
 SC_RES_DIST=     0.0000  SC_RES_ANG=       0.0000  SC_RES_TORS=         0.0000
 SC_EEL_DER=    -10.1562  SC_VDW_DER=       3.6059  SC_DERIV   =        -6.5503
 ------------------------------------------------------------------------------


| TI region  1


 NSTEP =     4500   TIME(PS) =       4.500  TEMP(K) =   313.80  PRESS =     0.0
 Etot   =    -24081.6685  EKtot   =      6215.8134  EPtot      =    -30297.4819
 BOND   =         5.6422  ANGLE   =         5.5201  DIHED      =         1.7982
 1-4 NB =         5.0136  1-4 EEL =        22.2580  VDWAALS    =      4811.0979
 EELEC  =    -35148.8118  EHBOND  =         0.0000  RESTRAINT  =         0.0000
 EKCMT  =         0.0000  VIRIAL  =         0.0000  VOLUME     =    119611.4053
                                                    Density    =         0.8326
 DV/DL  =        -0.0222
 ------------------------------------------------------------------------------

  Softcore part of the system:      10 atoms,       TEMP(K)    =         344.51
 SC_Etot=        90.3270  SC_EKtot=        10.2693  SC_EPtot   =        80.0577
 SC_BOND=         7.2613  SC_ANGLE=         6.8737  SC_DIHED   =         3.6374
 SC_14NB=         6.0391  SC_14EEL=        52.9435  SC_VDW     =        -0.3736
 SC_EEL =         3.6764
 SC_RES_DIST=     0.0000  SC_RES_ANG=       0.0000  SC_RES_TORS=         0.0000
 SC_EEL_DER=     -4.6809  SC_VDW_DER=       1.2313  SC_DERIV   =        -3.4496
 ------------------------------------------------------------------------------


| TI region  2


 NSTEP =     4500   TIME(PS) =       4.500  TEMP(K) =   313.69  PRESS =     0.0
 Etot   =    -24083.7644  EKtot   =      6213.7175  EPtot      =    -30297.4819
 BOND   =         5.6422  ANGLE   =         5.5201  DIHED      =         1.7982
 1-4 NB =         5.0136  1-4 EEL =        22.2580  VDWAALS    =      4811.0979
 EELEC  =    -35148.8118  EHBOND  =         0.0000  RESTRAINT  =         0.0000
 EKCMT  =         0.0000  VIRIAL  =         0.0000  VOLUME     =    119611.4053
                                                    Density    =         0.8322
 DV/DL  =        -0.0222
 ------------------------------------------------------------------------------

  Softcore part of the system:      10 atoms,       TEMP(K)    =         274.20
 SC_Etot=        30.1141  SC_EKtot=         8.1733  SC_EPtot   =        21.9408
 SC_BOND=         3.9158  SC_ANGLE=        19.6711  SC_DIHED   =         5.2586
 SC_14NB=        -0.1496  SC_14EEL=        -3.1256  SC_VDW     =        -0.0982
 SC_EEL =        -3.5313
 SC_RES_DIST=     0.0000  SC_RES_ANG=       0.0000  SC_RES_TORS=         0.0000
 SC_EEL_DER=     -4.6809  SC_VDW_DER=       1.2313  SC_DERIV   =        -3.4496
 ------------------------------------------------------------------------------


| TI region  1


 NSTEP =     5000   TIME(PS) =       5.000  TEMP(K) =   314.51  PRESS =     0.0
 Etot   =    -24135.4018  EKtot   =      6230.0061  EPtot      =    -30365.4079
 BOND   =         4.2812  ANGLE   =         5.5582  DIHED      =         3.4775
 1-4 NB =         3.9629  1-4 EEL =        22.8097  VDWAALS    =      4469.7355
 EELEC  =    -34875.2330  EHBOND  =         0.0000  RESTRAINT  =         0.0000
 EKCMT  =         0.0000  VIRIAL  =         0.0000  VOLUME     =    118579.0591
                                                    Density    =         0.8398
 DV/DL  =        -4.0286
 ------------------------------------------------------------------------------

  Softcore part of the system:      10 atoms,       TEMP(K)    =         253.07
 SC_Etot=        89.5173  SC_EKtot=         7.5436  SC_EPtot   =        81.9738
 SC_BOND=         3.6056  SC_ANGLE=         8.1882  SC_DIHED   =         9.9620
 SC_14NB=         4.4492  SC_14EEL=        52.4568  SC_VDW     =        -0.3427
 SC_EEL =         3.6546
 SC_RES_DIST=     0.0000  SC_RES_ANG=       0.0000  SC_RES_TORS=         0.0000
 SC_EEL_DER=     -6.3299  SC_VDW_DER=       1.4087  SC_DERIV   =        -4.9212
 ------------------------------------------------------------------------------


| TI region  2


 NSTEP =     5000   TIME(PS) =       5.000  TEMP(K) =   314.51  PRESS =     0.0
 Etot   =    -24135.4977  EKtot   =      6229.9103  EPtot      =    -30365.4079
 BOND   =         4.2812  ANGLE   =         5.5582  DIHED      =         3.4775
 1-4 NB =         3.9629  1-4 EEL =        22.8097  VDWAALS    =      4469.7355
 EELEC  =    -34875.2330  EHBOND  =         0.0000  RESTRAINT  =         0.0000
 EKCMT  =         0.0000  VIRIAL  =         0.0000  VOLUME     =    118579.0591
                                                    Density    =         0.8394
 DV/DL  =        -4.0286
 ------------------------------------------------------------------------------

  Softcore part of the system:      10 atoms,       TEMP(K)    =         249.86
 SC_Etot=        27.2199  SC_EKtot=         7.4477  SC_EPtot   =        19.7722
 SC_BOND=         2.3970  SC_ANGLE=        21.0128  SC_DIHED   =         3.7821
 SC_14NB=        -0.1322  SC_14EEL=        -3.3170  SC_VDW     =        -0.0768
 SC_EEL =        -3.8937
 SC_RES_DIST=     0.0000  SC_RES_ANG=       0.0000  SC_RES_TORS=         0.0000
 SC_EEL_DER=     -6.3299  SC_VDW_DER=       1.4087  SC_DERIV   =        -4.9212
 ------------------------------------------------------------------------------


| TI region  1


      A V E R A G E S   O V E R      10 S T E P S


 NSTEP =     5000   TIME(PS) =       5.000  TEMP(K) =   309.28  PRESS =     0.0
 Etot   =    -23896.6246  EKtot   =      6126.3129  EPtot      =    -30022.9376
 BOND   =         5.6336  ANGLE   =         5.3558  DIHED      =         3.4282
 1-4 NB =         4.1375  1-4 EEL =        22.1577  VDWAALS    =      4504.1349
 EELEC  =    -34567.7854  EHBOND  =         0.0000  RESTRAINT  =         0.0000
 EKCMT  =         0.0000  VIRIAL  =         0.0000  VOLUME     =    124265.1979
                                                    Density    =         0.8018
 DV/DL  =        -6.1540
 ------------------------------------------------------------------------------

  Softcore part of the system:      10 atoms,       TEMP(K)    =         337.07
 SC_Etot=        90.9339  SC_EKtot=        10.0474  SC_EPtot   =        80.8865
 SC_BOND=         6.6595  SC_ANGLE=         7.5649  SC_DIHED   =         4.6743
 SC_14NB=         5.4414  SC_14EEL=        53.2914  SC_VDW     =        -0.3612
 SC_EEL =         3.6162
 SC_RES_DIST=     0.0000  SC_RES_ANG=       0.0000  SC_RES_TORS=         0.0000
 SC_EEL_DER=     -9.4370  SC_VDW_DER=       2.2253  SC_DERIV   =        -7.2116
 ------------------------------------------------------------------------------


      R M S  F L U C T U A T I O N S


 NSTEP =     5000   TIME(PS) =       5.000  TEMP(K) =     4.28  PRESS =     0.0
 Etot   =       190.2725  EKtot   =        84.6904  EPtot      =       185.8153
 BOND   =         1.4987  ANGLE   =         0.7180  DIHED      =         1.3415
 1-4 NB =         0.5674  1-4 EEL =         0.5525  VDWAALS    =       182.2610
 EELEC  =       324.0438  EHBOND  =         0.0000  RESTRAINT  =         0.0000
 EKCMT  =         0.0000  VIRIAL  =         0.0000  VOLUME     =      2951.3714
                                                    Density    =         0.0194
 DV/DL  =         7.4958
 ------------------------------------------------------------------------------

  Softcore part of the system:      10 atoms,       TEMP(K)    =          71.95
 SC_Etot=         2.4237  SC_EKtot=         2.1447  SC_EPtot   =         2.6944
 SC_BOND=         2.9072  SC_ANGLE=         1.3159  SC_DIHED   =         2.2989
 SC_14NB=         0.7530  SC_14EEL=         0.6609  SC_VDW     =         0.0147
 SC_EEL =         0.0398
 SC_RES_DIST=     0.0000  SC_RES_ANG=       0.0000  SC_RES_TORS=         0.0000
 SC_EEL_DER=      5.2293  SC_VDW_DER=       1.2805  SC_DERIV   =         4.4707
 ------------------------------------------------------------------------------


| TI region  2


      A V E R A G E S   O V E R      10 S T E P S


 NSTEP =     5000   TIME(PS) =       5.000  TEMP(K) =   309.24  PRESS =     0.0
 Etot   =    -23897.4896  EKtot   =      6125.4480  EPtot      =    -30022.9376
 BOND   =         5.6336  ANGLE   =         5.3558  DIHED      =         3.4282
 1-4 NB =         4.1375  1-4 EEL =        22.1577  VDWAALS    =      4504.1349
 EELEC  =    -34567.7854  EHBOND  =         0.0000  RESTRAINT  =         0.0000
 EKCMT  =         0.0000  VIRIAL  =         0.0000  VOLUME     =    124265.1979
                                                    Density    =         0.8015
 DV/DL  =        -6.1540
 ------------------------------------------------------------------------------

  Softcore part of the system:      10 atoms,       TEMP(K)    =         308.05
 SC_Etot=        29.7271  SC_EKtot=         9.1824  SC_EPtot   =        20.5447
 SC_BOND=         4.4469  SC_ANGLE=        19.0140  SC_DIHED   =         3.9887
 SC_14NB=        -0.0548  SC_14EEL=        -2.9334  SC_VDW     =        -0.0597
 SC_EEL =        -3.8571
 SC_RES_DIST=     0.0000  SC_RES_ANG=       0.0000  SC_RES_TORS=         0.0000
 SC_EEL_DER=     -9.4370  SC_VDW_DER=       2.2253  SC_DERIV   =        -7.2116
 ------------------------------------------------------------------------------


      R M S  F L U C T U A T I O N S


 NSTEP =     5000   TIME(PS) =       5.000  TEMP(K) =     4.26  PRESS =     0.0
 Etot   =       189.7693  EKtot   =        84.4200  EPtot      =       185.8153
 BOND   =         1.4987  ANGLE   =         0.7180  DIHED      =         1.3415
 1-4 NB =         0.5674  1-4 EEL =         0.5525  VDWAALS    =       182.2610
 EELEC  =       324.0438  EHBOND  =         0.0000  RESTRAINT  =         0.0000
 EKCMT  =         0.0000  VIRIAL  =         0.0000  VOLUME     =      2951.3714
                                                    Density    =         0.0194
 DV/DL  =         7.4958
 ------------------------------------------------------------------------------

  Softcore part of the system:      10 atoms,       TEMP(K)    =          60.89
 SC_Etot=         2.9025  SC_EKtot=         1.8149  SC_EPtot   =         2.8311
 SC_BOND=         1.6494  SC_ANGLE=         1.8614  SC_DIHED   =         1.4667
 SC_14NB=         0.0747  SC_14EEL=         0.1857  SC_VDW     =         0.0334
 SC_EEL =         0.2543
 SC_RES_DIST=     0.0000  SC_RES_ANG=       0.0000  SC_RES_TORS=         0.0000
 SC_EEL_DER=      5.2293  SC_VDW_DER=       1.2805  SC_DERIV   =         4.4707
 ------------------------------------------------------------------------------


      DV/DL, AVERAGES OVER      10 STEPS


 NSTEP =     5000   TIME(PS) =       5.000  TEMP(K) =     4.26  PRESS =     0.0
 Etot   =         0.0000  EKtot   =         0.0000  EPtot      =         0.0000
 BOND   =         0.0000  ANGLE   =         0.0000  DIHED      =        -0.0018
 1-4 NB =        -0.4902  1-4 EEL =        17.3922  VDWAALS    =         1.5766
 EELEC  =       -17.4192  EHBOND  =         0.0000  RESTRAINT  =         0.0000
 EKCMT  =         0.0000  VIRIAL  =         0.0000  VOLUME     =         0.0000
                                                    Density    =         0.0000
 ------------------------------------------------------------------------------

| MC Barostat:         50 volume changes attempted.
| MC Barostat:         20 changes successful ( 40.00%)
 ------------------------------------------------------------------------------

--------------------------------------------------------------------------------
   5.  TIMINGS
--------------------------------------------------------------------------------

|  NonSetup CPU Time in Major Routines:
|
|     Routine           Sec        %
|     ------------------------------
|     Nonbond           0.71   30.30
|     Bond              0.00    0.00
|     Angle             0.00    0.00
|     Dihedral          0.00    0.00
|     Shake             0.02    0.85
|     RunMD             1.58   67.25
|     Other             0.04    1.60
|     ------------------------------
|     Total             2.35

|  PME Nonbond Pairlist CPU Time:
|
|     Routine              Sec        %
|     ---------------------------------
|     Set Up Cit           0.00    0.00
|     Build List           0.00    0.00
|     ---------------------------------
|     Total                0.00    0.00

|  PME Direct Force CPU Time:
|
|     Routine              Sec        %
|     ---------------------------------
|     NonBonded Calc       0.00    0.00
|     Exclude Masked       0.00    0.00
|     Other                0.01    0.30
|     ---------------------------------
|     Total                0.01    0.30

|  PME Reciprocal Force CPU Time:
|
|     Routine              Sec        %
|     ---------------------------------
|     1D bspline           0.00    0.00
|     Grid Charges         0.00    0.00
|     Scalar Sum           0.00    0.00
|     Gradient Sum         0.00    0.00
|     FFT                  0.00    0.00
|     ---------------------------------
|     Total                0.00    0.00

|  Final Performance Info:
|     -----------------------------------------------------
|     Average timings for last    5000 steps:
|     Elapsed(s) =       2.37 Per Step(ms) =       0.47
|         ns/day =     182.22   seconds/ns =     474.14
|
|     Average timings for all steps:
|     Elapsed(s) =       2.37 Per Step(ms) =       0.47
|         ns/day =     182.22   seconds/ns =     474.14
|     -----------------------------------------------------

|  Setup CPU time:            0.96 seconds
|  NonSetup CPU time:         2.35 seconds
|  Total CPU time:            3.31 seconds     0.00 hours

|  Setup wall time:           1    seconds
|  NonSetup wall time:        2    seconds
|  Total wall time:           3    seconds     0.00 hours
