
          -------------------------------------------------------
          Amber 20 PMEMD                              2020
          -------------------------------------------------------

| PMEMD implementation of SANDER, Release 18

|  Compiled date/time: Mon Apr 27 18:19:54 2020
| Run on 01/25/2022 at 16:21:47

|   Executable path: /cm/shared/apps/amber20/bin/pmemd.cuda
| Working directory: /data/bella/piezo/charmm-gui-4149384590/TI/1-dooku/ligand/concerted/t03/0.0479
|          Hostname: node001

  [-O]verwriting output

File Assignments:
|   MDIN: ti001.eq.in                                                           
|  MDOUT: ti001.eq.out                                                          
| INPCRD: ti001.min.rst7                                                        
|   PARM: ../concerted.parm7                                                    
| RESTRT: ti001.eq.rst7                                                         
|   REFC: refc                                                                  
|  MDVEL: mdvel                                                                 
|   MDEN: ti001.eq.en                                                           
|  MDCRD: ti001.eq.nc                                                           
| MDINFO: ti001.eq.info                                                         
|  MDFRC: mdfrc                                                                 


 Here is the input file:

Heating                                                                        
 &cntrl                                                                        
                                                                               
! simulation                                                                   
imin = 0,                 ! flag to run minization (0=false)                   
ntmin = 2,                ! mini algorithm. 2=steepest                         
nstlim = 5000,            ! number of MD steps                                 
irest = 0,                ! flag to restart simulation                         
ntx = 1,                  ! option to read from inpcrd file                    
ntxo = 1,                 ! read/write rst as formatted file                   
dt = 0.001,               ! timestep (1fs)                                     
ntb = 2,              ! specify PBC type                                       
                                                                               
! thermostate                                                                  
ntt = 3,                  ! switch for time scaling (3=Langevin)               
tempi = 1.0,                                                                   
temp0 = 310,            ! reference temperature (if ntt>0)                     
gamma_ln = 5.0,           ! collision frequency for ntt=3                      
ig = -1,                  ! seed for Random Number Generator (RNG) (use -1 with
! barostate                                                                    
ntp = 1,                  ! constant pressure dynamics (1=do scaling)          
barostat = 2,             ! barostat to use (2=Monte Carlo)                    
mcbarint = 100,           ! volume change attempt every n steps                
pres0 = 1.01325,          ! referenve pressure (in bars)                       
taup = 2.0,               ! pressure relation time (in ps)                     
                                                                               
! output                                                                       
ioutfm = 1,               ! film fromat (1=binary NetCDF)                      
iwrap = 0,                ! wrap coordination into primary box (1=do)          
ntwe = 1000,              ! write to .mden every n steps                       
ntwx = 1000,              ! write to .mdcrd every n steps                      
ntpr = 500,               ! write energies to .mdout/.mdinfo every n steps     
ntwr = 1000,              ! write rstrt file every n steps                     
                                                                               
! alchemical free energy                                                       
cut = 10.0                                                                     
ntc = 2,                  ! SHAKE bond length constraints (2=H-atom)           
ntf = 1,                  ! force evaluation (1=evalute all)                   
noshakemask = ':L0, L1',     ! remove SHAKE from perturbed regions             
                                                                               
icfe = 1,                 ! turn on free energy calculation                    
ifsc = 1,                 ! use softcore parameters (0=undo)                   
clambda = 0.0479,           ! current lambda                                   
timask1 = ':L0',           ! specify atoms unique to V_0                       
timask2 = ':L1',           ! specify atoms unique to V_1                       
scmask1 = ':L0@S2, C10, C11, H6, N3, C12, H7, C13, H8, N4',                    
                      ! specify the unique atoms for V0                        
scmask2 = ':L1@O, C11, C10, H11, C12, H13, C13, H14, N3, H12',                 
                      ! specify the unique atoms for V1                        
vlimit = 20                                                                    
 /                                                                             
 &ewald                                                                        
 /                                                                             
                                                                               
&wt type='TEMP0', istep1=1, istep2=5000, value1=1.0, value2=300 &end           
&wt type='END' &end                                                            


Note: ig = -1. Setting random seed to    60250 based on wallclock time in 
      microseconds.
| irandom = 1, using AMBER's internal random number generator (default).
 
|--------------------- INFORMATION ----------------------
| GPU (CUDA) Version of PMEMD in use: NVIDIA GPU IN USE.
|                    Version 18.0.0
| 
|                      03/25/2018
| 
| Implementation by:
|                    Ross C. Walker     (SDSC)
|                    Scott Le Grand     (nVIDIA)
| 
| Version 18 performance extensions by:
|                    David Cerutti     (Rutgers)
| 
| Precision model in use:
|      [SPFP] - Single Precision Forces, 64-bit Fixed Point
|               Accumulation. (Default)
| 
|--------------------------------------------------------
 
|----------------- CITATION INFORMATION -----------------
|
|    When publishing work that utilized the CUDA version
|    of AMBER, please cite the following in addition to
|    the regular AMBER citations:
|
|  - Romelia Salomon-Ferrer; Andreas W. Goetz; Duncan
|    Poole; Scott Le Grand; Ross C. Walker "Routine
|    microsecond molecular dynamics simulations with
|    AMBER - Part II: Particle Mesh Ewald", J. Chem.
|    Theory Comput., 2013, 9 (9), pp3878-3888,
|    DOI: 10.1021/ct400314y.
|
|  - Andreas W. Goetz; Mark J. Williamson; Dong Xu;
|    Duncan Poole; Scott Le Grand; Ross C. Walker
|    "Routine microsecond molecular dynamics simulations
|    with AMBER - Part I: Generalized Born", J. Chem.
|    Theory Comput., 2012, 8 (5), pp1542-1555.
|
|  - Scott Le Grand; Andreas W. Goetz; Ross C. Walker
|    "SPFP: Speed without compromise - a mixed precision
|    model for GPU accelerated molecular dynamics
|    simulations.", Comp. Phys. Comm., 2013, 184
|    pp374-380, DOI: 10.1016/j.cpc.2012.09.022
|
|    When publishing work that utilized the CUDA version
|    of TI, BAR, MBAR or FEP please cite the following 
|    publications in addition to the regular AMBER 
|    GPU citations:
|
|  - Daniel J. Mermelstein; Charles Lin; Gard Nelson; 
|    Rachael Kretsch; J. Andrew McCammon; Ross C. Walker
|    "Fast and Flexible GPU Accelerated Binding 
|    Free Energy Calculations within the AMBER Molecular
|    Dynamics Package" J. Comp. Chem., 2018,
|    DOI: 10.1002/jcc.25187
|
|  - Tai-Sung Lee; Yuan Hu; Brad Sherborne; Zhuyan Guo;
|    Darrin M. York
|    "Toward Fast and Accurate Binding Affinity Prediction with
|    pmemdGTI: An Efficient Implementation of GPU-Accelerated
|    Thermodynamic Integration"
|    J. Chem. Theory Comput., 2017, 13 (7), 3077
|
|
|--------------------------------------------------------
 
|------------------- GPU DEVICE INFO --------------------
|
|            CUDA_VISIBLE_DEVICES: 3
|   CUDA Capable Devices Detected:      1
|           CUDA Device ID in use:      0
|                CUDA Device Name: GeForce RTX 2080 Ti
|     CUDA Device Global Mem Size:  11019 MB
| CUDA Device Num Multiprocessors:     68
|           CUDA Device Core Freq:   1.54 GHz
|
|--------------------------------------------------------
 
 
| Conditional Compilation Defines Used:
| PUBFFT
| BINTRAJ
| CUDA
| EMIL

| Largest sphere to fit in unit cell has radius =    25.062

| New format PARM file being parsed.
| Version =    1.000 Date = 01/24/22 Time = 21:43:14

| Note: 1-4 EEL scale factors are being read from the topology file.

| Note: 1-4 VDW scale factors are being read from the topology file.
| Duplicated    0 dihedrals

| Duplicated    0 dihedrals

--------------------------------------------------------------------------------
   1.  RESOURCE   USE: 
--------------------------------------------------------------------------------

 getting new box info from bottom of inpcrd
 NATOM  =    9985 NTYPES =      13 NBONH =    9944 MBONA  =      45
 NTHETH =      36 MTHETA =      61 NPHIH =      66 MPHIA  =      91
 NHPARM =       0 NPARM  =       0 NNB   =   13505 NRES   =    3311
 NBONA  =      45 NTHETA =      61 NPHIA =      91 NUMBND =      22
 NUMANG =      36 NPTRA  =      11 NATYP =      16 NPHB   =       0
 IFBOX  =       1 NMXRS  =      29 IFCAP =       0 NEXTRA =       0
 NCOPY  =       0

| Coordinate Index Table dimensions:     9    9    9
| Direct force subcell size =     5.6395    5.6592    5.5693

     BOX TYPE: RECTILINEAR

--------------------------------------------------------------------------------
   2.  CONTROL  DATA  FOR  THE  RUN
--------------------------------------------------------------------------------

default_name                                                                    

General flags:
     imin    =       0, nmropt  =       0

Nature and format of input:
     ntx     =       1, irest   =       0, ntrx    =       1

Nature and format of output:
     ntxo    =       1, ntpr    =     500, ntrx    =       1, ntwr    =    1000
     iwrap   =       0, ntwx    =    1000, ntwv    =       0, ntwe    =    1000
     ioutfm  =       1, ntwprt  =       0, idecomp =       0, rbornstat=      0

Potential function:
     ntf     =       1, ntb     =       2, igb     =       0, nsnb    =      25
     ipol    =       0, gbsa    =       0, iesp    =       0
     dielc   =   1.00000, cut     =  10.00000, intdiel =   1.00000

Frozen or restrained atoms:
     ibelly  =       0, ntr     =       0

Molecular dynamics:
     nstlim  =      5000, nscm    =      1000, nrespa  =         1
     t       =   0.00000, dt      =   0.00100, vlimit  =  20.00000

Langevin dynamics temperature regulation:
     ig      =   60250
     temp0   = 310.00000, tempi   =   1.00000, gamma_ln=   5.00000

Pressure regulation:
     ntp     =       1
     pres0   =   1.01325, comp    =  44.60000, taup    =   2.00000
     Monte-Carlo Barostat:
     mcbarint  =     100

SHAKE:
     ntc     =       2, jfastw  =       0
     tol     =   0.00001

Free energy options:
     icfe    =       1, ifsc    =       1, klambda =       1
     clambda =  0.0479, scalpha =  0.5000, scbeta  = 12.0000
     sceeorder =       2
     dynlmb =  0.0000 logdvdl =       0

| Intermolecular bonds treatment:
|     no_intermolecular_bonds =       1

| Energy averages sample interval:
|     ene_avg_sampling =     500

Ewald parameters:
     verbose =       0, ew_type =       0, nbflag  =       1, use_pme =       1
     vdwmeth =       1, eedmeth =       1, netfrc  =       1
     Box X =   50.755   Box Y =   50.932   Box Z =   50.124
     Alpha =   90.000   Beta  =   90.000   Gamma =   90.000
     NFFT1 =   56       NFFT2 =   56       NFFT3 =   56
     Cutoff=   10.000   Tol   =0.100E-04
     Ewald Coefficient =  0.27511
     Interpolation order =    4
     TI Mask 1 :L0; matches     29 atoms
     TI Mask 2 :L1; matches     29 atoms
     TI region 1:    9956 atoms
     TI region 2:    9956 atoms
     SC Mask 1 :L0@S2, C10, C11, H6, N3, C12, H7, C13, H8, N4; matches     10 atoms
     SC Mask 2 :L1@O, C11, C10, H11, C12, H13, C13, H14, N3, H12; matches     10 atoms
 Noshake mask :L0, L1; matches      58 atoms.
| MONTE CARLO BAROSTAT IMPORTANT NOTE:
|   The Monte-Carlo barostat does not require the virial to adjust the system volume.
|   Since it is an expensive calculation, it is skipped for efficiency. A side-effect
|   is that the reported pressure is always 0 because it is not calculated.

--------------------------------------------------------------------------------
   3.  ATOMIC COORDINATES AND VELOCITIES
--------------------------------------------------------------------------------

default_name                                                                    
 begin time read from input coords =     0.000 ps

 
     Molecule     1 is partially softcore
     Molecule     2 is partially softcore
 Number of triangulated 3-point waters found:     3309
   Removing shake constraints from C13   L0    1 -- H8    L0    1
   Removing shake constraints from C12   L0    1 -- H7    L0    1
   Removing shake constraints from C11   L0    1 -- H6    L0    1
   Removing shake constraints from C7    L0    1 -- H4    L0    1
   Removing shake constraints from C7    L0    1 -- H5    L0    1
   Removing shake constraints from C4    L0    1 -- H3    L0    1
   Removing shake constraints from C3    L0    1 -- H2    L0    1
   Removing shake constraints from C2    L0    1 -- H1    L0    1
   Removing shake constraints from N3    L1    2 -- H12   L1    2
   Removing shake constraints from C13   L1    2 -- H14   L1    2
   Removing shake constraints from C12   L1    2 -- H13   L1    2
   Removing shake constraints from C10   L1    2 -- H11   L1    2
   Removing shake constraints from C7    L1    2 -- H4    L1    2
   Removing shake constraints from C7    L1    2 -- H5    L1    2
   Removing shake constraints from C4    L1    2 -- H3    L1    2
   Removing shake constraints from C3    L1    2 -- H2    L1    2
   Removing shake constraints from C2    L1    2 -- H1    L1    2
 Number of shake restraints removed in TI region  1 :        8
 Number of shake restraints removed in TI region  2 :        9

     Sum of charges for TI region  1 =   0.00200000
     Skip neutralizing charges...


     Sum of charges for TI region  2 =   0.00100000
     Skip neutralizing charges...

| Dynamic Memory, Types Used:
| Reals              653248
| Integers           420398

| Nonbonded Pairs Initial Allocation:     3020212

| GPU memory information (estimate):
| KB of GPU memory in use:     79398
| KB of CPU memory in use:     25158

--------------------------------------------------------------------------------
   4.  RESULTS
--------------------------------------------------------------------------------

   DOF for the SC part  1 of the system:   30
   DOF for the SC part  2 of the system:   30

| TI region  1


 NSTEP =        0   TIME(PS) =       0.000  TEMP(K) =     1.50  PRESS =     0.0
 Etot   =    -29224.9404  EKtot   =        29.7262  EPtot      =    -29254.6666
 BOND   =         0.2903  ANGLE   =         0.9159  DIHED      =         4.6239
 1-4 NB =         3.9125  1-4 EEL =         7.0083  VDWAALS    =      2064.0272
 EELEC  =    -31335.4447  EHBOND  =         0.0000  RESTRAINT  =         0.0000
 EKCMT  =         0.0000  VIRIAL  =         0.0000  VOLUME     =    129573.7139
                                                    Density    =         0.7686
 DV/DL  =         8.5325
 ------------------------------------------------------------------------------

  Softcore part of the system:      10 atoms,       TEMP(K)    =           3.77
 SC_Etot=        74.2427  SC_EKtot=         0.1125  SC_EPtot   =        74.1303
 SC_BOND=         3.2842  SC_ANGLE=         6.6684  SC_DIHED   =         2.5903
 SC_14NB=         4.9835  SC_14EEL=        53.3638  SC_VDW     =        -0.3639
 SC_EEL =         3.6039
 SC_RES_DIST=     0.0000  SC_RES_ANG=       0.0000  SC_RES_TORS=         0.0000
 SC_EEL_DER=     -0.0637  SC_VDW_DER=      -0.2264  SC_DERIV   =        -0.2901
 ------------------------------------------------------------------------------


| TI region  2


 NSTEP =        0   TIME(PS) =       0.000  TEMP(K) =     1.50  PRESS =     0.0
 Etot   =    -29224.9417  EKtot   =        29.7249  EPtot      =    -29254.6666
 BOND   =         0.2903  ANGLE   =         0.9159  DIHED      =         4.6239
 1-4 NB =         3.9125  1-4 EEL =         7.0083  VDWAALS    =      2064.0272
 EELEC  =    -31335.4447  EHBOND  =         0.0000  RESTRAINT  =         0.0000
 EKCMT  =         0.0000  VIRIAL  =         0.0000  VOLUME     =    129573.7139
                                                    Density    =         0.7682
 DV/DL  =         8.5325
 ------------------------------------------------------------------------------

  Softcore part of the system:      10 atoms,       TEMP(K)    =           4.07
 SC_Etot=        19.1022  SC_EKtot=         0.1215  SC_EPtot   =        18.9807
 SC_BOND=         1.4685  SC_ANGLE=        17.3518  SC_DIHED   =         7.1044
 SC_14NB=        -0.1758  SC_14EEL=        -2.9969  SC_VDW     =        -0.1055
 SC_EEL =        -3.6659
 SC_RES_DIST=     0.0000  SC_RES_ANG=       0.0000  SC_RES_TORS=         0.0000
 SC_EEL_DER=     -0.0637  SC_VDW_DER=      -0.2264  SC_DERIV   =        -0.2901
 ------------------------------------------------------------------------------


| TI region  1


 NSTEP =      500   TIME(PS) =       0.500  TEMP(K) =   301.99  PRESS =     0.0
 Etot   =    -24159.6124  EKtot   =      5981.8585  EPtot      =    -30141.4709
 BOND   =         7.7893  ANGLE   =         6.3726  DIHED      =         3.8663
 1-4 NB =         4.5310  1-4 EEL =         6.0425  VDWAALS    =      4742.1885
 EELEC  =    -34912.2610  EHBOND  =         0.0000  RESTRAINT  =         0.0000
 EKCMT  =         0.0000  VIRIAL  =         0.0000  VOLUME     =    127529.7991
                                                    Density    =         0.7809
 DV/DL  =        13.2654
 ------------------------------------------------------------------------------

  Softcore part of the system:      10 atoms,       TEMP(K)    =         303.59
 SC_Etot=        93.4011  SC_EKtot=         9.0493  SC_EPtot   =        84.3517
 SC_BOND=         9.9589  SC_ANGLE=         8.4603  SC_DIHED   =         6.1277
 SC_14NB=         3.7567  SC_14EEL=        52.7968  SC_VDW     =        -0.3061
 SC_EEL =         3.5575
 SC_RES_DIST=     0.0000  SC_RES_ANG=       0.0000  SC_RES_TORS=         0.0000
 SC_EEL_DER=      3.5796  SC_VDW_DER=      -1.7890  SC_DERIV   =         1.7906
 ------------------------------------------------------------------------------


| TI region  2


 NSTEP =      500   TIME(PS) =       0.500  TEMP(K) =   301.92  PRESS =     0.0
 Etot   =    -24160.8635  EKtot   =      5980.6074  EPtot      =    -30141.4709
 BOND   =         7.7893  ANGLE   =         6.3726  DIHED      =         3.8663
 1-4 NB =         4.5310  1-4 EEL =         6.0425  VDWAALS    =      4742.1885
 EELEC  =    -34912.2610  EHBOND  =         0.0000  RESTRAINT  =         0.0000
 EKCMT  =         0.0000  VIRIAL  =         0.0000  VOLUME     =    127529.7991
                                                    Density    =         0.7805
 DV/DL  =        13.2654
 ------------------------------------------------------------------------------

  Softcore part of the system:      10 atoms,       TEMP(K)    =         261.62
 SC_Etot=        25.7227  SC_EKtot=         7.7983  SC_EPtot   =        17.9245
 SC_BOND=         3.6303  SC_ANGLE=        16.5393  SC_DIHED   =         4.9270
 SC_14NB=        -0.0580  SC_14EEL=        -2.9684  SC_VDW     =        -0.0480
 SC_EEL =        -4.0977
 SC_RES_DIST=     0.0000  SC_RES_ANG=       0.0000  SC_RES_TORS=         0.0000
 SC_EEL_DER=      3.5796  SC_VDW_DER=      -1.7890  SC_DERIV   =         1.7906
 ------------------------------------------------------------------------------


| TI region  1


 NSTEP =     1000   TIME(PS) =       1.000  TEMP(K) =   304.02  PRESS =     0.0
 Etot   =    -23827.8388  EKtot   =      6022.0336  EPtot      =    -29849.8725
 BOND   =         5.0801  ANGLE   =         5.4566  DIHED      =         4.2728
 1-4 NB =         4.2422  1-4 EEL =         6.1390  VDWAALS    =      4423.6427
 EELEC  =    -34298.7058  EHBOND  =         0.0000  RESTRAINT  =         0.0000
 EKCMT  =         0.0000  VIRIAL  =         0.0000  VOLUME     =    126645.4498
                                                    Density    =         0.7863
 DV/DL  =        11.1763
 ------------------------------------------------------------------------------

  Softcore part of the system:      10 atoms,       TEMP(K)    =         462.61
 SC_Etot=        95.2314  SC_EKtot=        13.7893  SC_EPtot   =        81.4421
 SC_BOND=         6.2026  SC_ANGLE=         8.4847  SC_DIHED   =         5.8587
 SC_14NB=         4.9715  SC_14EEL=        52.6929  SC_VDW     =        -0.3510
 SC_EEL =         3.5827
 SC_RES_DIST=     0.0000  SC_RES_ANG=       0.0000  SC_RES_TORS=         0.0000
 SC_EEL_DER=      2.4308  SC_VDW_DER=      -0.9518  SC_DERIV   =         1.4790
 ------------------------------------------------------------------------------


| TI region  2


 NSTEP =     1000   TIME(PS) =       1.000  TEMP(K) =   303.81  PRESS =     0.0
 Etot   =    -23831.9784  EKtot   =      6017.8940  EPtot      =    -29849.8725
 BOND   =         5.0801  ANGLE   =         5.4566  DIHED      =         4.2728
 1-4 NB =         4.2422  1-4 EEL =         6.1390  VDWAALS    =      4423.6427
 EELEC  =    -34298.7058  EHBOND  =         0.0000  RESTRAINT  =         0.0000
 EKCMT  =         0.0000  VIRIAL  =         0.0000  VOLUME     =    126645.4498
                                                    Density    =         0.7859
 DV/DL  =        11.1763
 ------------------------------------------------------------------------------

  Softcore part of the system:      10 atoms,       TEMP(K)    =         323.73
 SC_Etot=        28.3583  SC_EKtot=         9.6497  SC_EPtot   =        18.7086
 SC_BOND=         3.9972  SC_ANGLE=        18.9368  SC_DIHED   =         2.2106
 SC_14NB=         0.0486  SC_14EEL=        -2.6663  SC_VDW     =        -0.0566
 SC_EEL =        -3.7617
 SC_RES_DIST=     0.0000  SC_RES_ANG=       0.0000  SC_RES_TORS=         0.0000
 SC_EEL_DER=      2.4308  SC_VDW_DER=      -0.9518  SC_DERIV   =         1.4790
 ------------------------------------------------------------------------------


| TI region  1


 NSTEP =     1500   TIME(PS) =       1.500  TEMP(K) =   313.57  PRESS =     0.0
 Etot   =    -23654.5582  EKtot   =      6211.2037  EPtot      =    -29865.7618
 BOND   =        11.6819  ANGLE   =         5.0255  DIHED      =         4.6398
 1-4 NB =         4.5774  1-4 EEL =         6.0745  VDWAALS    =      4584.6551
 EELEC  =    -34482.4160  EHBOND  =         0.0000  RESTRAINT  =         0.0000
 EKCMT  =         0.0000  VIRIAL  =         0.0000  VOLUME     =    125983.7356
                                                    Density    =         0.7905
 DV/DL  =        21.6155
 ------------------------------------------------------------------------------

  Softcore part of the system:      10 atoms,       TEMP(K)    =         466.78
 SC_Etot=        98.6671  SC_EKtot=        13.9136  SC_EPtot   =        84.7535
 SC_BOND=         7.1638  SC_ANGLE=        13.2457  SC_DIHED   =         2.4977
 SC_14NB=         5.5771  SC_14EEL=        52.9989  SC_VDW     =        -0.3486
 SC_EEL =         3.6189
 SC_RES_DIST=     0.0000  SC_RES_ANG=       0.0000  SC_RES_TORS=         0.0000
 SC_EEL_DER=     10.4706  SC_VDW_DER=      -4.0538  SC_DERIV   =         6.4168
 ------------------------------------------------------------------------------


| TI region  2


 NSTEP =     1500   TIME(PS) =       1.500  TEMP(K) =   313.35  PRESS =     0.0
 Etot   =    -23658.8707  EKtot   =      6206.8912  EPtot      =    -29865.7618
 BOND   =        11.6819  ANGLE   =         5.0255  DIHED      =         4.6398
 1-4 NB =         4.5774  1-4 EEL =         6.0745  VDWAALS    =      4584.6551
 EELEC  =    -34482.4160  EHBOND  =         0.0000  RESTRAINT  =         0.0000
 EKCMT  =         0.0000  VIRIAL  =         0.0000  VOLUME     =    125983.7356
                                                    Density    =         0.7901
 DV/DL  =        21.6155
 ------------------------------------------------------------------------------

  Softcore part of the system:      10 atoms,       TEMP(K)    =         322.10
 SC_Etot=        26.8800  SC_EKtot=         9.6011  SC_EPtot   =        17.2789
 SC_BOND=         0.8309  SC_ANGLE=        19.1723  SC_DIHED   =         4.0925
 SC_14NB=         0.0064  SC_14EEL=        -2.8185  SC_VDW     =        -0.0284
 SC_EEL =        -3.9763
 SC_RES_DIST=     0.0000  SC_RES_ANG=       0.0000  SC_RES_TORS=         0.0000
 SC_EEL_DER=     10.4706  SC_VDW_DER=      -4.0538  SC_DERIV   =         6.4168
 ------------------------------------------------------------------------------


| TI region  1


 NSTEP =     2000   TIME(PS) =       2.000  TEMP(K) =   306.82  PRESS =     0.0
 Etot   =    -23846.7010  EKtot   =      6077.5235  EPtot      =    -29924.2244
 BOND   =         5.9009  ANGLE   =         7.8878  DIHED      =         3.5967
 1-4 NB =         4.3755  1-4 EEL =         6.2331  VDWAALS    =      4632.4292
 EELEC  =    -34584.6477  EHBOND  =         0.0000  RESTRAINT  =         0.0000
 EKCMT  =         0.0000  VIRIAL  =         0.0000  VOLUME     =    123645.0664
                                                    Density    =         0.8054
 DV/DL  =        34.4255
 ------------------------------------------------------------------------------

  Softcore part of the system:      10 atoms,       TEMP(K)    =         297.13
 SC_Etot=        88.2828  SC_EKtot=         8.8568  SC_EPtot   =        79.4260
 SC_BOND=         3.3836  SC_ANGLE=         6.3300  SC_DIHED   =         8.5084
 SC_14NB=         4.4449  SC_14EEL=        53.4867  SC_VDW     =        -0.3329
 SC_EEL =         3.6053
 SC_RES_DIST=     0.0000  SC_RES_ANG=       0.0000  SC_RES_TORS=         0.0000
 SC_EEL_DER=     20.8188  SC_VDW_DER=      -7.0298  SC_DERIV   =        13.7890
 ------------------------------------------------------------------------------


| TI region  2


 NSTEP =     2000   TIME(PS) =       2.000  TEMP(K) =   307.07  PRESS =     0.0
 Etot   =    -23841.6696  EKtot   =      6082.5548  EPtot      =    -29924.2244
 BOND   =         5.9009  ANGLE   =         7.8878  DIHED      =         3.5967
 1-4 NB =         4.3755  1-4 EEL =         6.2331  VDWAALS    =      4632.4292
 EELEC  =    -34584.6477  EHBOND  =         0.0000  RESTRAINT  =         0.0000
 EKCMT  =         0.0000  VIRIAL  =         0.0000  VOLUME     =    123645.0664
                                                    Density    =         0.8050
 DV/DL  =        34.4255
 ------------------------------------------------------------------------------

  Softcore part of the system:      10 atoms,       TEMP(K)    =         465.92
 SC_Etot=        33.6982  SC_EKtot=        13.8882  SC_EPtot   =        19.8100
 SC_BOND=         3.7998  SC_ANGLE=        15.3263  SC_DIHED   =         8.0914
 SC_14NB=        -0.1494  SC_14EEL=        -3.2765  SC_VDW     =        -0.1024
 SC_EEL =        -3.8791
 SC_RES_DIST=     0.0000  SC_RES_ANG=       0.0000  SC_RES_TORS=         0.0000
 SC_EEL_DER=     20.8188  SC_VDW_DER=      -7.0298  SC_DERIV   =        13.7890
 ------------------------------------------------------------------------------


| TI region  1


 NSTEP =     2500   TIME(PS) =       2.500  TEMP(K) =   308.45  PRESS =     0.0
 Etot   =    -23897.3099  EKtot   =      6109.8042  EPtot      =    -30007.1141
 BOND   =         7.3532  ANGLE   =         4.3407  DIHED      =         2.4642
 1-4 NB =         3.5661  1-4 EEL =         6.4527  VDWAALS    =      4496.9470
 EELEC  =    -34528.2380  EHBOND  =         0.0000  RESTRAINT  =         0.0000
 EKCMT  =         0.0000  VIRIAL  =         0.0000  VOLUME     =    121952.6541
                                                    Density    =         0.8166
 DV/DL  =        21.2578
 ------------------------------------------------------------------------------

  Softcore part of the system:      10 atoms,       TEMP(K)    =         421.39
 SC_Etot=        92.4825  SC_EKtot=        12.5607  SC_EPtot   =        79.9219
 SC_BOND=         6.3823  SC_ANGLE=         8.2386  SC_DIHED   =         5.2985
 SC_14NB=         4.1133  SC_14EEL=        52.6079  SC_VDW     =        -0.3598
 SC_EEL =         3.6411
 SC_RES_DIST=     0.0000  SC_RES_ANG=       0.0000  SC_RES_TORS=         0.0000
 SC_EEL_DER=      8.4521  SC_VDW_DER=      -1.6582  SC_DERIV   =         6.7939
 ------------------------------------------------------------------------------


| TI region  2


 NSTEP =     2500   TIME(PS) =       2.500  TEMP(K) =   308.33  PRESS =     0.0
 Etot   =    -23899.5250  EKtot   =      6107.5891  EPtot      =    -30007.1141
 BOND   =         7.3532  ANGLE   =         4.3407  DIHED      =         2.4642
 1-4 NB =         3.5661  1-4 EEL =         6.4527  VDWAALS    =      4496.9470
 EELEC  =    -34528.2380  EHBOND  =         0.0000  RESTRAINT  =         0.0000
 EKCMT  =         0.0000  VIRIAL  =         0.0000  VOLUME     =    121952.6541
                                                    Density    =         0.8162
 DV/DL  =        21.2578
 ------------------------------------------------------------------------------

  Softcore part of the system:      10 atoms,       TEMP(K)    =         347.08
 SC_Etot=        28.9004  SC_EKtot=        10.3456  SC_EPtot   =        18.5548
 SC_BOND=         5.8981  SC_ANGLE=        18.5394  SC_DIHED   =         0.9046
 SC_14NB=        -0.1150  SC_14EEL=        -3.0568  SC_VDW     =        -0.0935
 SC_EEL =        -3.5220
 SC_RES_DIST=     0.0000  SC_RES_ANG=       0.0000  SC_RES_TORS=         0.0000
 SC_EEL_DER=      8.4521  SC_VDW_DER=      -1.6582  SC_DERIV   =         6.7939
 ------------------------------------------------------------------------------


| TI region  1


 NSTEP =     3000   TIME(PS) =       3.000  TEMP(K) =   310.65  PRESS =     0.0
 Etot   =    -23946.8563  EKtot   =      6153.4212  EPtot      =    -30100.2775
 BOND   =         8.8375  ANGLE   =         8.6974  DIHED      =         5.6649
 1-4 NB =         4.0103  1-4 EEL =         6.6480  VDWAALS    =      4501.7323
 EELEC  =    -34635.8680  EHBOND  =         0.0000  RESTRAINT  =         0.0000
 EKCMT  =         0.0000  VIRIAL  =         0.0000  VOLUME     =    120489.4769
                                                    Density    =         0.8265
 DV/DL  =        41.1316
 ------------------------------------------------------------------------------

  Softcore part of the system:      10 atoms,       TEMP(K)    =         237.71
 SC_Etot=        82.3772  SC_EKtot=         7.0857  SC_EPtot   =        75.2915
 SC_BOND=         7.0881  SC_ANGLE=         5.5908  SC_DIHED   =         1.1805
 SC_14NB=         5.7026  SC_14EEL=        52.5091  SC_VDW     =        -0.3634
 SC_EEL =         3.5838
 SC_RES_DIST=     0.0000  SC_RES_ANG=       0.0000  SC_RES_TORS=         0.0000
 SC_EEL_DER=     28.2161  SC_VDW_DER=     -10.8296  SC_DERIV   =        17.3865
 ------------------------------------------------------------------------------


| TI region  2


 NSTEP =     3000   TIME(PS) =       3.000  TEMP(K) =   310.63  PRESS =     0.0
 Etot   =    -23947.2140  EKtot   =      6153.0635  EPtot      =    -30100.2775
 BOND   =         8.8375  ANGLE   =         8.6974  DIHED      =         5.6649
 1-4 NB =         4.0103  1-4 EEL =         6.6480  VDWAALS    =      4501.7323
 EELEC  =    -34635.8680  EHBOND  =         0.0000  RESTRAINT  =         0.0000
 EKCMT  =         0.0000  VIRIAL  =         0.0000  VOLUME     =    120489.4769
                                                    Density    =         0.8261
 DV/DL  =        41.1316
 ------------------------------------------------------------------------------

  Softcore part of the system:      10 atoms,       TEMP(K)    =         225.71
 SC_Etot=        26.1647  SC_EKtot=         6.7280  SC_EPtot   =        19.4367
 SC_BOND=         4.3561  SC_ANGLE=        19.0722  SC_DIHED   =         2.6592
 SC_14NB=        -0.0374  SC_14EEL=        -2.8154  SC_VDW     =        -0.0708
 SC_EEL =        -3.7273
 SC_RES_DIST=     0.0000  SC_RES_ANG=       0.0000  SC_RES_TORS=         0.0000
 SC_EEL_DER=     28.2161  SC_VDW_DER=     -10.8296  SC_DERIV   =        17.3865
 ------------------------------------------------------------------------------


| TI region  1


 NSTEP =     3500   TIME(PS) =       3.500  TEMP(K) =   305.35  PRESS =     0.0
 Etot   =    -24226.7994  EKtot   =      6048.5090  EPtot      =    -30275.3084
 BOND   =         7.4232  ANGLE   =         4.4687  DIHED      =         7.0012
 1-4 NB =         4.4700  1-4 EEL =         5.9322  VDWAALS    =      4723.3377
 EELEC  =    -35027.9413  EHBOND  =         0.0000  RESTRAINT  =         0.0000
 EKCMT  =         0.0000  VIRIAL  =         0.0000  VOLUME     =    117308.9028
                                                    Density    =         0.8489
 DV/DL  =        30.8223
 ------------------------------------------------------------------------------

  Softcore part of the system:      10 atoms,       TEMP(K)    =         363.13
 SC_Etot=        93.1793  SC_EKtot=        10.8243  SC_EPtot   =        82.3550
 SC_BOND=         5.3908  SC_ANGLE=         8.5914  SC_DIHED   =         7.6199
 SC_14NB=         4.7119  SC_14EEL=        52.7709  SC_VDW     =        -0.3620
 SC_EEL =         3.6322
 SC_RES_DIST=     0.0000  SC_RES_ANG=       0.0000  SC_RES_TORS=         0.0000
 SC_EEL_DER=     20.1030  SC_VDW_DER=      -7.6782  SC_DERIV   =        12.4248
 ------------------------------------------------------------------------------


| TI region  2


 NSTEP =     3500   TIME(PS) =       3.500  TEMP(K) =   305.08  PRESS =     0.0
 Etot   =    -24232.0889  EKtot   =      6043.2195  EPtot      =    -30275.3084
 BOND   =         7.4232  ANGLE   =         4.4687  DIHED      =         7.0012
 1-4 NB =         4.4700  1-4 EEL =         5.9322  VDWAALS    =      4723.3377
 EELEC  =    -35027.9413  EHBOND  =         0.0000  RESTRAINT  =         0.0000
 EKCMT  =         0.0000  VIRIAL  =         0.0000  VOLUME     =    117308.9028
                                                    Density    =         0.8485
 DV/DL  =        30.8223
 ------------------------------------------------------------------------------

  Softcore part of the system:      10 atoms,       TEMP(K)    =         185.68
 SC_Etot=        21.8378  SC_EKtot=         5.5348  SC_EPtot   =        16.3030
 SC_BOND=         2.2160  SC_ANGLE=        17.1133  SC_DIHED   =         3.9663
 SC_14NB=        -0.1685  SC_14EEL=        -2.8374  SC_VDW     =        -0.0883
 SC_EEL =        -3.8984
 SC_RES_DIST=     0.0000  SC_RES_ANG=       0.0000  SC_RES_TORS=         0.0000
 SC_EEL_DER=     20.1030  SC_VDW_DER=      -7.6782  SC_DERIV   =        12.4248
 ------------------------------------------------------------------------------


| TI region  1


 NSTEP =     4000   TIME(PS) =       4.000  TEMP(K) =   310.42  PRESS =     0.0
 Etot   =    -24225.0163  EKtot   =      6148.8784  EPtot      =    -30373.8947
 BOND   =         5.2170  ANGLE   =         7.0700  DIHED      =         3.9415
 1-4 NB =         4.3828  1-4 EEL =         6.1824  VDWAALS    =      4753.7544
 EELEC  =    -35154.4429  EHBOND  =         0.0000  RESTRAINT  =         0.0000
 EKCMT  =         0.0000  VIRIAL  =         0.0000  VOLUME     =    115926.0599
                                                    Density    =         0.8590
 DV/DL  =        34.0347
 ------------------------------------------------------------------------------

  Softcore part of the system:      10 atoms,       TEMP(K)    =         338.05
 SC_Etot=        92.8613  SC_EKtot=        10.0766  SC_EPtot   =        82.7847
 SC_BOND=         6.8002  SC_ANGLE=         5.9650  SC_DIHED   =         9.3647
 SC_14NB=         4.9100  SC_14EEL=        52.4394  SC_VDW     =        -0.3688
 SC_EEL =         3.6743
 SC_RES_DIST=     0.0000  SC_RES_ANG=       0.0000  SC_RES_TORS=         0.0000
 SC_EEL_DER=     20.9312  SC_VDW_DER=      -8.3000  SC_DERIV   =        12.6312
 ------------------------------------------------------------------------------


| TI region  2


 NSTEP =     4000   TIME(PS) =       4.000  TEMP(K) =   310.23  PRESS =     0.0
 Etot   =    -24228.7588  EKtot   =      6145.1360  EPtot      =    -30373.8947
 BOND   =         5.2170  ANGLE   =         7.0700  DIHED      =         3.9415
 1-4 NB =         4.3828  1-4 EEL =         6.1824  VDWAALS    =      4753.7544
 EELEC  =    -35154.4429  EHBOND  =         0.0000  RESTRAINT  =         0.0000
 EKCMT  =         0.0000  VIRIAL  =         0.0000  VOLUME     =    115926.0599
                                                    Density    =         0.8586
 DV/DL  =        34.0347
 ------------------------------------------------------------------------------

  Softcore part of the system:      10 atoms,       TEMP(K)    =         212.50
 SC_Etot=        20.8728  SC_EKtot=         6.3341  SC_EPtot   =        14.5387
 SC_BOND=         4.3758  SC_ANGLE=        14.9826  SC_DIHED   =         1.7412
 SC_14NB=         0.2248  SC_14EEL=        -2.4714  SC_VDW     =         0.1720
 SC_EEL =        -4.4864
 SC_RES_DIST=     0.0000  SC_RES_ANG=       0.0000  SC_RES_TORS=         0.0000
 SC_EEL_DER=     20.9312  SC_VDW_DER=      -8.3000  SC_DERIV   =        12.6312
 ------------------------------------------------------------------------------


| TI region  1


 NSTEP =     4500   TIME(PS) =       4.500  TEMP(K) =   310.37  PRESS =     0.0
 Etot   =    -24342.1696  EKtot   =      6147.8930  EPtot      =    -30490.0626
 BOND   =         5.3481  ANGLE   =         9.0784  DIHED      =         3.5176
 1-4 NB =         4.2291  1-4 EEL =         6.2334  VDWAALS    =      4407.3897
 EELEC  =    -34925.8590  EHBOND  =         0.0000  RESTRAINT  =         0.0000
 EKCMT  =         0.0000  VIRIAL  =         0.0000  VOLUME     =    115486.2135
                                                    Density    =         0.8623
 DV/DL  =        19.7501
 ------------------------------------------------------------------------------

  Softcore part of the system:      10 atoms,       TEMP(K)    =         423.21
 SC_Etot=        92.6059  SC_EKtot=        12.6150  SC_EPtot   =        79.9909
 SC_BOND=         6.2862  SC_ANGLE=         7.6922  SC_DIHED   =         5.5335
 SC_14NB=         4.3110  SC_14EEL=        52.9025  SC_VDW     =        -0.3430
 SC_EEL =         3.6086
 SC_RES_DIST=     0.0000  SC_RES_ANG=       0.0000  SC_RES_TORS=         0.0000
 SC_EEL_DER=      7.8453  SC_VDW_DER=      -3.7638  SC_DERIV   =         4.0814
 ------------------------------------------------------------------------------


| TI region  2


 NSTEP =     4500   TIME(PS) =       4.500  TEMP(K) =   310.24  PRESS =     0.0
 Etot   =    -24344.7391  EKtot   =      6145.3235  EPtot      =    -30490.0626
 BOND   =         5.3481  ANGLE   =         9.0784  DIHED      =         3.5176
 1-4 NB =         4.2291  1-4 EEL =         6.2334  VDWAALS    =      4407.3897
 EELEC  =    -34925.8590  EHBOND  =         0.0000  RESTRAINT  =         0.0000
 EKCMT  =         0.0000  VIRIAL  =         0.0000  VOLUME     =    115486.2135
                                                    Density    =         0.8619
 DV/DL  =        19.7501
 ------------------------------------------------------------------------------

  Softcore part of the system:      10 atoms,       TEMP(K)    =         337.01
 SC_Etot=        35.8306  SC_EKtot=        10.0456  SC_EPtot   =        25.7850
 SC_BOND=         5.9784  SC_ANGLE=        14.9046  SC_DIHED   =        11.4034
 SC_14NB=        -0.0838  SC_14EEL=        -2.6432  SC_VDW     =        -0.1109
 SC_EEL =        -3.6637
 SC_RES_DIST=     0.0000  SC_RES_ANG=       0.0000  SC_RES_TORS=         0.0000
 SC_EEL_DER=      7.8453  SC_VDW_DER=      -3.7638  SC_DERIV   =         4.0814
 ------------------------------------------------------------------------------


| TI region  1


 NSTEP =     5000   TIME(PS) =       5.000  TEMP(K) =   313.11  PRESS =     0.0
 Etot   =    -24194.4841  EKtot   =      6202.2466  EPtot      =    -30396.7307
 BOND   =         5.2028  ANGLE   =         9.7192  DIHED      =         7.0603
 1-4 NB =         4.5678  1-4 EEL =         6.5292  VDWAALS    =      4475.7000
 EELEC  =    -34905.5100  EHBOND  =         0.0000  RESTRAINT  =         0.0000
 EKCMT  =         0.0000  VIRIAL  =         0.0000  VOLUME     =    115064.6546
                                                    Density    =         0.8655
 DV/DL  =        34.6912
 ------------------------------------------------------------------------------

  Softcore part of the system:      10 atoms,       TEMP(K)    =         290.13
 SC_Etot=        90.2886  SC_EKtot=         8.6480  SC_EPtot   =        81.6406
 SC_BOND=         6.2006  SC_ANGLE=         8.7888  SC_DIHED   =         4.5618
 SC_14NB=         5.1342  SC_14EEL=        53.6751  SC_VDW     =        -0.3476
 SC_EEL =         3.6277
 SC_RES_DIST=     0.0000  SC_RES_ANG=       0.0000  SC_RES_TORS=         0.0000
 SC_EEL_DER=     18.7868  SC_VDW_DER=      -5.7721  SC_DERIV   =        13.0146
 ------------------------------------------------------------------------------


| TI region  2


 NSTEP =     5000   TIME(PS) =       5.000  TEMP(K) =   313.27  PRESS =     0.0
 Etot   =    -24191.3972  EKtot   =      6205.3335  EPtot      =    -30396.7307
 BOND   =         5.2028  ANGLE   =         9.7192  DIHED      =         7.0603
 1-4 NB =         4.5678  1-4 EEL =         6.5292  VDWAALS    =      4475.7000
 EELEC  =    -34905.5100  EHBOND  =         0.0000  RESTRAINT  =         0.0000
 EKCMT  =         0.0000  VIRIAL  =         0.0000  VOLUME     =    115064.6546
                                                    Density    =         0.8650
 DV/DL  =        34.6912
 ------------------------------------------------------------------------------

  Softcore part of the system:      10 atoms,       TEMP(K)    =         393.68
 SC_Etot=        37.9405  SC_EKtot=        11.7349  SC_EPtot   =        26.2056
 SC_BOND=         6.7203  SC_ANGLE=        22.2716  SC_DIHED   =         4.8080
 SC_14NB=        -0.0930  SC_14EEL=        -3.2593  SC_VDW     =        -0.0817
 SC_EEL =        -4.1602
 SC_RES_DIST=     0.0000  SC_RES_ANG=       0.0000  SC_RES_TORS=         0.0000
 SC_EEL_DER=     18.7868  SC_VDW_DER=      -5.7721  SC_DERIV   =        13.0146
 ------------------------------------------------------------------------------


| TI region  1


      A V E R A G E S   O V E R      10 S T E P S


 NSTEP =     5000   TIME(PS) =       5.000  TEMP(K) =   308.47  PRESS =     0.0
 Etot   =    -24032.1346  EKtot   =      6110.3372  EPtot      =    -30142.4718
 BOND   =         6.9834  ANGLE   =         6.8117  DIHED      =         4.6025
 1-4 NB =         4.2952  1-4 EEL =         6.2467  VDWAALS    =      4574.1777
 EELEC  =    -34745.5890  EHBOND  =         0.0000  RESTRAINT  =         0.0000
 EKCMT  =         0.0000  VIRIAL  =         0.0000  VOLUME     =    121003.2013
                                                    Density    =         0.8242
 DV/DL  =        26.2171
 ------------------------------------------------------------------------------

  Softcore part of the system:      10 atoms,       TEMP(K)    =         360.37
 SC_Etot=        91.9377  SC_EKtot=        10.7419  SC_EPtot   =        81.1958
 SC_BOND=         6.4857  SC_ANGLE=         8.1388  SC_DIHED   =         5.6551
 SC_14NB=         4.7633  SC_14EEL=        52.8880  SC_VDW     =        -0.3483
 SC_EEL =         3.6132
 SC_RES_DIST=     0.0000  SC_RES_ANG=       0.0000  SC_RES_TORS=         0.0000
 SC_EEL_DER=     14.1634  SC_VDW_DER=      -5.1826  SC_DERIV   =         8.9808
 ------------------------------------------------------------------------------


      R M S  F L U C T U A T I O N S


 NSTEP =     5000   TIME(PS) =       5.000  TEMP(K) =     3.66  PRESS =     0.0
 Etot   =       214.0009  EKtot   =        72.5104  EPtot      =       220.5871
 BOND   =         2.0063  ANGLE   =         1.8758  DIHED      =         1.4413
 1-4 NB =         0.2957  1-4 EEL =         0.2167  VDWAALS    =       125.5456
 EELEC  =       262.0845  EHBOND  =         0.0000  RESTRAINT  =         0.0000
 EKCMT  =         0.0000  VIRIAL  =         0.0000  VOLUME     =      4609.8882
                                                    Density    =         0.0314
 DV/DL  =         9.6204
 ------------------------------------------------------------------------------

  Softcore part of the system:      10 atoms,       TEMP(K)    =          75.60
 SC_Etot=         4.1097  SC_EKtot=         2.2535  SC_EPtot   =         2.6041
 SC_BOND=         1.5498  SC_ANGLE=         2.0403  SC_DIHED   =         2.3949
 SC_14NB=         0.5909  SC_14EEL=         0.3839  SC_VDW     =         0.0174
 SC_EEL =         0.0318
 SC_RES_DIST=     0.0000  SC_RES_ANG=       0.0000  SC_RES_TORS=         0.0000
 SC_EEL_DER=      8.2467  SC_VDW_DER=       3.1100  SC_DERIV   =         5.2780
 ------------------------------------------------------------------------------


| TI region  2


      A V E R A G E S   O V E R      10 S T E P S


 NSTEP =     5000   TIME(PS) =       5.000  TEMP(K) =   308.39  PRESS =     0.0
 Etot   =    -24033.7105  EKtot   =      6108.7613  EPtot      =    -30142.4718
 BOND   =         6.9834  ANGLE   =         6.8117  DIHED      =         4.6025
 1-4 NB =         4.2952  1-4 EEL =         6.2467  VDWAALS    =      4574.1777
 EELEC  =    -34745.5890  EHBOND  =         0.0000  RESTRAINT  =         0.0000
 EKCMT  =         0.0000  VIRIAL  =         0.0000  VOLUME     =    121003.2013
                                                    Density    =         0.8238
 DV/DL  =        26.2171
 ------------------------------------------------------------------------------

  Softcore part of the system:      10 atoms,       TEMP(K)    =         307.50
 SC_Etot=        28.6206  SC_EKtot=         9.1660  SC_EPtot   =        19.4546
 SC_BOND=         4.1803  SC_ANGLE=        17.6858  SC_DIHED   =         4.4804
 SC_14NB=        -0.0425  SC_14EEL=        -2.8813  SC_VDW     =        -0.0509
 SC_EEL =        -3.9173
 SC_RES_DIST=     0.0000  SC_RES_ANG=       0.0000  SC_RES_TORS=         0.0000
 SC_EEL_DER=     14.1634  SC_VDW_DER=      -5.1826  SC_DERIV   =         8.9808
 ------------------------------------------------------------------------------


      R M S  F L U C T U A T I O N S


 NSTEP =     5000   TIME(PS) =       5.000  TEMP(K) =     3.68  PRESS =     0.0
 Etot   =       214.1815  EKtot   =        72.9674  EPtot      =       220.5871
 BOND   =         2.0063  ANGLE   =         1.8758  DIHED      =         1.4413
 1-4 NB =         0.2957  1-4 EEL =         0.2167  VDWAALS    =       125.5456
 EELEC  =       262.0845  EHBOND  =         0.0000  RESTRAINT  =         0.0000
 EKCMT  =         0.0000  VIRIAL  =         0.0000  VOLUME     =      4609.8882
                                                    Density    =         0.0314
 DV/DL  =         9.6204
 ------------------------------------------------------------------------------

  Softcore part of the system:      10 atoms,       TEMP(K)    =          82.52
 SC_Etot=         5.3691  SC_EKtot=         2.4598  SC_EPtot   =         3.5821
 SC_BOND=         1.6811  SC_ANGLE=         2.2295  SC_DIHED   =         3.0075
 SC_14NB=         0.1092  SC_14EEL=         0.2487  SC_VDW     =         0.0781
 SC_EEL =         0.2649
 SC_RES_DIST=     0.0000  SC_RES_ANG=       0.0000  SC_RES_TORS=         0.0000
 SC_EEL_DER=      8.2467  SC_VDW_DER=       3.1100  SC_DERIV   =         5.2780
 ------------------------------------------------------------------------------


      DV/DL, AVERAGES OVER      10 STEPS


 NSTEP =     5000   TIME(PS) =       5.000  TEMP(K) =     3.68  PRESS =     0.0
 Etot   =         0.0000  EKtot   =         0.0000  EPtot      =         0.0000
 BOND   =         0.0000  ANGLE   =         0.0000  DIHED      =         0.0015
 1-4 NB =        -0.2793  1-4 EEL =        17.7003  VDWAALS    =         1.2123
 EELEC  =        -1.3985  EHBOND  =         0.0000  RESTRAINT  =         0.0000
 EKCMT  =         0.0000  VIRIAL  =         0.0000  VOLUME     =         0.0000
                                                    Density    =         0.0000
 ------------------------------------------------------------------------------

| MC Barostat:         50 volume changes attempted.
| MC Barostat:         24 changes successful ( 48.00%)
 ------------------------------------------------------------------------------

--------------------------------------------------------------------------------
   5.  TIMINGS
--------------------------------------------------------------------------------

|  NonSetup CPU Time in Major Routines:
|
|     Routine           Sec        %
|     ------------------------------
|     Nonbond           0.88   35.15
|     Bond              0.00    0.00
|     Angle             0.00    0.00
|     Dihedral          0.00    0.00
|     Shake             0.02    0.97
|     RunMD             1.56   62.27
|     Other             0.04    1.61
|     ------------------------------
|     Total             2.50

|  PME Nonbond Pairlist CPU Time:
|
|     Routine              Sec        %
|     ---------------------------------
|     Set Up Cit           0.00    0.00
|     Build List           0.00    0.00
|     ---------------------------------
|     Total                0.00    0.00

|  PME Direct Force CPU Time:
|
|     Routine              Sec        %
|     ---------------------------------
|     NonBonded Calc       0.00    0.00
|     Exclude Masked       0.00    0.00
|     Other                0.01    0.30
|     ---------------------------------
|     Total                0.01    0.30

|  PME Reciprocal Force CPU Time:
|
|     Routine              Sec        %
|     ---------------------------------
|     1D bspline           0.00    0.00
|     Grid Charges         0.00    0.00
|     Scalar Sum           0.00    0.00
|     Gradient Sum         0.00    0.00
|     FFT                  0.00    0.00
|     ---------------------------------
|     Total                0.00    0.00

|  Final Performance Info:
|     -----------------------------------------------------
|     Average timings for last    5000 steps:
|     Elapsed(s) =       2.54 Per Step(ms) =       0.51
|         ns/day =     170.09   seconds/ns =     507.96
|
|     Average timings for all steps:
|     Elapsed(s) =       2.54 Per Step(ms) =       0.51
|         ns/day =     170.09   seconds/ns =     507.96
|     -----------------------------------------------------

|  Setup CPU time:            0.97 seconds
|  NonSetup CPU time:         2.50 seconds
|  Total CPU time:            3.48 seconds     0.00 hours

|  Setup wall time:           1    seconds
|  NonSetup wall time:        3    seconds
|  Total wall time:           4    seconds     0.00 hours
