
          -------------------------------------------------------
          Amber 20 PMEMD                              2020
          -------------------------------------------------------

| PMEMD implementation of SANDER, Release 18

|  Compiled date/time: Mon Apr 27 18:19:54 2020
| Run on 01/25/2022 at 16:34:24

|   Executable path: /cm/shared/apps/amber20/bin/pmemd.cuda
| Working directory: /data/bella/piezo/charmm-gui-4149384590/TI/1-dooku/ligand/concerted/t02/0.4374
|          Hostname: node001

  [-O]verwriting output

File Assignments:
|   MDIN: ti001.eq.in                                                           
|  MDOUT: ti001.eq.out                                                          
| INPCRD: ti001.min.rst7                                                        
|   PARM: ../concerted.parm7                                                    
| RESTRT: ti001.eq.rst7                                                         
|   REFC: refc                                                                  
|  MDVEL: mdvel                                                                 
|   MDEN: ti001.eq.en                                                           
|  MDCRD: ti001.eq.nc                                                           
| MDINFO: ti001.eq.info                                                         
|  MDFRC: mdfrc                                                                 


 Here is the input file:

Heating                                                                        
 &cntrl                                                                        
                                                                               
! simulation                                                                   
imin = 0,                 ! flag to run minization (0=false)                   
ntmin = 2,                ! mini algorithm. 2=steepest                         
nstlim = 5000,            ! number of MD steps                                 
irest = 0,                ! flag to restart simulation                         
ntx = 1,                  ! option to read from inpcrd file                    
ntxo = 1,                 ! read/write rst as formatted file                   
dt = 0.001,               ! timestep (1fs)                                     
ntb = 2,              ! specify PBC type                                       
                                                                               
! thermostate                                                                  
ntt = 3,                  ! switch for time scaling (3=Langevin)               
tempi = 1.0,                                                                   
temp0 = 310,            ! reference temperature (if ntt>0)                     
gamma_ln = 5.0,           ! collision frequency for ntt=3                      
ig = -1,                  ! seed for Random Number Generator (RNG) (use -1 with
! barostate                                                                    
ntp = 1,                  ! constant pressure dynamics (1=do scaling)          
barostat = 2,             ! barostat to use (2=Monte Carlo)                    
mcbarint = 100,           ! volume change attempt every n steps                
pres0 = 1.01325,          ! referenve pressure (in bars)                       
taup = 2.0,               ! pressure relation time (in ps)                     
                                                                               
! output                                                                       
ioutfm = 1,               ! film fromat (1=binary NetCDF)                      
iwrap = 0,                ! wrap coordination into primary box (1=do)          
ntwe = 1000,              ! write to .mden every n steps                       
ntwx = 1000,              ! write to .mdcrd every n steps                      
ntpr = 500,               ! write energies to .mdout/.mdinfo every n steps     
ntwr = 1000,              ! write rstrt file every n steps                     
                                                                               
! alchemical free energy                                                       
cut = 10.0                                                                     
ntc = 2,                  ! SHAKE bond length constraints (2=H-atom)           
ntf = 1,                  ! force evaluation (1=evalute all)                   
noshakemask = ':L0, L1',     ! remove SHAKE from perturbed regions             
                                                                               
icfe = 1,                 ! turn on free energy calculation                    
ifsc = 1,                 ! use softcore parameters (0=undo)                   
clambda = 0.4374,           ! current lambda                                   
timask1 = ':L0',           ! specify atoms unique to V_0                       
timask2 = ':L1',           ! specify atoms unique to V_1                       
scmask1 = ':L0@S2, C10, C11, H6, N3, C12, H7, C13, H8, N4',                    
                      ! specify the unique atoms for V0                        
scmask2 = ':L1@O, C11, C10, H11, C12, H13, C13, H14, N3, H12',                 
                      ! specify the unique atoms for V1                        
vlimit = 20                                                                    
 /                                                                             
 &ewald                                                                        
 /                                                                             
                                                                               
&wt type='TEMP0', istep1=1, istep2=5000, value1=1.0, value2=300 &end           
&wt type='END' &end                                                            


Note: ig = -1. Setting random seed to   999587 based on wallclock time in 
      microseconds.
| irandom = 1, using AMBER's internal random number generator (default).
 
|--------------------- INFORMATION ----------------------
| GPU (CUDA) Version of PMEMD in use: NVIDIA GPU IN USE.
|                    Version 18.0.0
| 
|                      03/25/2018
| 
| Implementation by:
|                    Ross C. Walker     (SDSC)
|                    Scott Le Grand     (nVIDIA)
| 
| Version 18 performance extensions by:
|                    David Cerutti     (Rutgers)
| 
| Precision model in use:
|      [SPFP] - Single Precision Forces, 64-bit Fixed Point
|               Accumulation. (Default)
| 
|--------------------------------------------------------
 
|----------------- CITATION INFORMATION -----------------
|
|    When publishing work that utilized the CUDA version
|    of AMBER, please cite the following in addition to
|    the regular AMBER citations:
|
|  - Romelia Salomon-Ferrer; Andreas W. Goetz; Duncan
|    Poole; Scott Le Grand; Ross C. Walker "Routine
|    microsecond molecular dynamics simulations with
|    AMBER - Part II: Particle Mesh Ewald", J. Chem.
|    Theory Comput., 2013, 9 (9), pp3878-3888,
|    DOI: 10.1021/ct400314y.
|
|  - Andreas W. Goetz; Mark J. Williamson; Dong Xu;
|    Duncan Poole; Scott Le Grand; Ross C. Walker
|    "Routine microsecond molecular dynamics simulations
|    with AMBER - Part I: Generalized Born", J. Chem.
|    Theory Comput., 2012, 8 (5), pp1542-1555.
|
|  - Scott Le Grand; Andreas W. Goetz; Ross C. Walker
|    "SPFP: Speed without compromise - a mixed precision
|    model for GPU accelerated molecular dynamics
|    simulations.", Comp. Phys. Comm., 2013, 184
|    pp374-380, DOI: 10.1016/j.cpc.2012.09.022
|
|    When publishing work that utilized the CUDA version
|    of TI, BAR, MBAR or FEP please cite the following 
|    publications in addition to the regular AMBER 
|    GPU citations:
|
|  - Daniel J. Mermelstein; Charles Lin; Gard Nelson; 
|    Rachael Kretsch; J. Andrew McCammon; Ross C. Walker
|    "Fast and Flexible GPU Accelerated Binding 
|    Free Energy Calculations within the AMBER Molecular
|    Dynamics Package" J. Comp. Chem., 2018,
|    DOI: 10.1002/jcc.25187
|
|  - Tai-Sung Lee; Yuan Hu; Brad Sherborne; Zhuyan Guo;
|    Darrin M. York
|    "Toward Fast and Accurate Binding Affinity Prediction with
|    pmemdGTI: An Efficient Implementation of GPU-Accelerated
|    Thermodynamic Integration"
|    J. Chem. Theory Comput., 2017, 13 (7), 3077
|
|
|--------------------------------------------------------
 
|------------------- GPU DEVICE INFO --------------------
|
|            CUDA_VISIBLE_DEVICES: 4
|   CUDA Capable Devices Detected:      1
|           CUDA Device ID in use:      0
|                CUDA Device Name: GeForce RTX 2080 Ti
|     CUDA Device Global Mem Size:  11019 MB
| CUDA Device Num Multiprocessors:     68
|           CUDA Device Core Freq:   1.54 GHz
|
|--------------------------------------------------------
 
 
| Conditional Compilation Defines Used:
| PUBFFT
| BINTRAJ
| CUDA
| EMIL

| Largest sphere to fit in unit cell has radius =    25.062

| New format PARM file being parsed.
| Version =    1.000 Date = 01/24/22 Time = 21:43:14

| Note: 1-4 EEL scale factors are being read from the topology file.

| Note: 1-4 VDW scale factors are being read from the topology file.
| Duplicated    0 dihedrals

| Duplicated    0 dihedrals

--------------------------------------------------------------------------------
   1.  RESOURCE   USE: 
--------------------------------------------------------------------------------

 getting new box info from bottom of inpcrd
 NATOM  =    9985 NTYPES =      13 NBONH =    9944 MBONA  =      45
 NTHETH =      36 MTHETA =      61 NPHIH =      66 MPHIA  =      91
 NHPARM =       0 NPARM  =       0 NNB   =   13505 NRES   =    3311
 NBONA  =      45 NTHETA =      61 NPHIA =      91 NUMBND =      22
 NUMANG =      36 NPTRA  =      11 NATYP =      16 NPHB   =       0
 IFBOX  =       1 NMXRS  =      29 IFCAP =       0 NEXTRA =       0
 NCOPY  =       0

| Coordinate Index Table dimensions:     9    9    9
| Direct force subcell size =     5.6395    5.6592    5.5693

     BOX TYPE: RECTILINEAR

--------------------------------------------------------------------------------
   2.  CONTROL  DATA  FOR  THE  RUN
--------------------------------------------------------------------------------

default_name                                                                    

General flags:
     imin    =       0, nmropt  =       0

Nature and format of input:
     ntx     =       1, irest   =       0, ntrx    =       1

Nature and format of output:
     ntxo    =       1, ntpr    =     500, ntrx    =       1, ntwr    =    1000
     iwrap   =       0, ntwx    =    1000, ntwv    =       0, ntwe    =    1000
     ioutfm  =       1, ntwprt  =       0, idecomp =       0, rbornstat=      0

Potential function:
     ntf     =       1, ntb     =       2, igb     =       0, nsnb    =      25
     ipol    =       0, gbsa    =       0, iesp    =       0
     dielc   =   1.00000, cut     =  10.00000, intdiel =   1.00000

Frozen or restrained atoms:
     ibelly  =       0, ntr     =       0

Molecular dynamics:
     nstlim  =      5000, nscm    =      1000, nrespa  =         1
     t       =   0.00000, dt      =   0.00100, vlimit  =  20.00000

Langevin dynamics temperature regulation:
     ig      =  999587
     temp0   = 310.00000, tempi   =   1.00000, gamma_ln=   5.00000

Pressure regulation:
     ntp     =       1
     pres0   =   1.01325, comp    =  44.60000, taup    =   2.00000
     Monte-Carlo Barostat:
     mcbarint  =     100

SHAKE:
     ntc     =       2, jfastw  =       0
     tol     =   0.00001

Free energy options:
     icfe    =       1, ifsc    =       1, klambda =       1
     clambda =  0.4374, scalpha =  0.5000, scbeta  = 12.0000
     sceeorder =       2
     dynlmb =  0.0000 logdvdl =       0

| Intermolecular bonds treatment:
|     no_intermolecular_bonds =       1

| Energy averages sample interval:
|     ene_avg_sampling =     500

Ewald parameters:
     verbose =       0, ew_type =       0, nbflag  =       1, use_pme =       1
     vdwmeth =       1, eedmeth =       1, netfrc  =       1
     Box X =   50.755   Box Y =   50.932   Box Z =   50.124
     Alpha =   90.000   Beta  =   90.000   Gamma =   90.000
     NFFT1 =   56       NFFT2 =   56       NFFT3 =   56
     Cutoff=   10.000   Tol   =0.100E-04
     Ewald Coefficient =  0.27511
     Interpolation order =    4
     TI Mask 1 :L0; matches     29 atoms
     TI Mask 2 :L1; matches     29 atoms
     TI region 1:    9956 atoms
     TI region 2:    9956 atoms
     SC Mask 1 :L0@S2, C10, C11, H6, N3, C12, H7, C13, H8, N4; matches     10 atoms
     SC Mask 2 :L1@O, C11, C10, H11, C12, H13, C13, H14, N3, H12; matches     10 atoms
 Noshake mask :L0, L1; matches      58 atoms.
| MONTE CARLO BAROSTAT IMPORTANT NOTE:
|   The Monte-Carlo barostat does not require the virial to adjust the system volume.
|   Since it is an expensive calculation, it is skipped for efficiency. A side-effect
|   is that the reported pressure is always 0 because it is not calculated.

--------------------------------------------------------------------------------
   3.  ATOMIC COORDINATES AND VELOCITIES
--------------------------------------------------------------------------------

default_name                                                                    
 begin time read from input coords =     0.000 ps

 
     Molecule     1 is partially softcore
     Molecule     2 is partially softcore
 Number of triangulated 3-point waters found:     3309
   Removing shake constraints from C13   L0    1 -- H8    L0    1
   Removing shake constraints from C12   L0    1 -- H7    L0    1
   Removing shake constraints from C11   L0    1 -- H6    L0    1
   Removing shake constraints from C7    L0    1 -- H4    L0    1
   Removing shake constraints from C7    L0    1 -- H5    L0    1
   Removing shake constraints from C4    L0    1 -- H3    L0    1
   Removing shake constraints from C3    L0    1 -- H2    L0    1
   Removing shake constraints from C2    L0    1 -- H1    L0    1
   Removing shake constraints from N3    L1    2 -- H12   L1    2
   Removing shake constraints from C13   L1    2 -- H14   L1    2
   Removing shake constraints from C12   L1    2 -- H13   L1    2
   Removing shake constraints from C10   L1    2 -- H11   L1    2
   Removing shake constraints from C7    L1    2 -- H4    L1    2
   Removing shake constraints from C7    L1    2 -- H5    L1    2
   Removing shake constraints from C4    L1    2 -- H3    L1    2
   Removing shake constraints from C3    L1    2 -- H2    L1    2
   Removing shake constraints from C2    L1    2 -- H1    L1    2
 Number of shake restraints removed in TI region  1 :        8
 Number of shake restraints removed in TI region  2 :        9

     Sum of charges for TI region  1 =   0.00200000
     Skip neutralizing charges...


     Sum of charges for TI region  2 =   0.00100000
     Skip neutralizing charges...

| Dynamic Memory, Types Used:
| Reals              653248
| Integers           420398

| Nonbonded Pairs Initial Allocation:     3020212

| GPU memory information (estimate):
| KB of GPU memory in use:     79398
| KB of CPU memory in use:     25158

--------------------------------------------------------------------------------
   4.  RESULTS
--------------------------------------------------------------------------------

   DOF for the SC part  1 of the system:   30
   DOF for the SC part  2 of the system:   30

| TI region  1


 NSTEP =        0   TIME(PS) =       0.000  TEMP(K) =     1.50  PRESS =     0.0
 Etot   =    -29221.8182  EKtot   =        29.7777  EPtot      =    -29251.5959
 BOND   =         0.2929  ANGLE   =         0.9249  DIHED      =         4.5993
 1-4 NB =         4.0298  1-4 EEL =        13.7587  VDWAALS    =      2064.6590
 EELEC  =    -31339.8605  EHBOND  =         0.0000  RESTRAINT  =         0.0000
 EKCMT  =         0.0000  VIRIAL  =         0.0000  VOLUME     =    129573.7139
                                                    Density    =         0.7686
 DV/DL  =         7.1125
 ------------------------------------------------------------------------------

  Softcore part of the system:      10 atoms,       TEMP(K)    =           2.99
 SC_Etot=        74.2597  SC_EKtot=         0.0892  SC_EPtot   =        74.1705
 SC_BOND=         3.2813  SC_ANGLE=         6.6988  SC_DIHED   =         2.5874
 SC_14NB=         5.0125  SC_14EEL=        53.3478  SC_VDW     =        -0.3640
 SC_EEL =         3.6068
 SC_RES_DIST=     0.0000  SC_RES_ANG=       0.0000  SC_RES_TORS=         0.0000
 SC_EEL_DER=     -0.7432  SC_VDW_DER=      -0.0437  SC_DERIV   =        -0.7869
 ------------------------------------------------------------------------------


| TI region  2


 NSTEP =        0   TIME(PS) =       0.000  TEMP(K) =     1.50  PRESS =     0.0
 Etot   =    -29221.8197  EKtot   =        29.7762  EPtot      =    -29251.5959
 BOND   =         0.2929  ANGLE   =         0.9249  DIHED      =         4.5993
 1-4 NB =         4.0298  1-4 EEL =        13.7587  VDWAALS    =      2064.6590
 EELEC  =    -31339.8605  EHBOND  =         0.0000  RESTRAINT  =         0.0000
 EKCMT  =         0.0000  VIRIAL  =         0.0000  VOLUME     =    129573.7139
                                                    Density    =         0.7682
 DV/DL  =         7.1125
 ------------------------------------------------------------------------------

  Softcore part of the system:      10 atoms,       TEMP(K)    =           2.85
 SC_Etot=        19.0216  SC_EKtot=         0.0850  SC_EPtot   =        18.9367
 SC_BOND=         1.4378  SC_ANGLE=        17.2949  SC_DIHED   =         7.1275
 SC_14NB=        -0.1771  SC_14EEL=        -2.9901  SC_VDW     =        -0.1062
 SC_EEL =        -3.6500
 SC_RES_DIST=     0.0000  SC_RES_ANG=       0.0000  SC_RES_TORS=         0.0000
 SC_EEL_DER=     -0.7432  SC_VDW_DER=      -0.0437  SC_DERIV   =        -0.7869
 ------------------------------------------------------------------------------


| TI region  1


 NSTEP =      500   TIME(PS) =       0.500  TEMP(K) =   302.59  PRESS =     0.0
 Etot   =    -24114.6304  EKtot   =      5993.7950  EPtot      =    -30108.4254
 BOND   =         8.1896  ANGLE   =         7.3171  DIHED      =         3.5888
 1-4 NB =         3.7495  1-4 EEL =        13.2581  VDWAALS    =      4635.9499
 EELEC  =    -34780.4784  EHBOND  =         0.0000  RESTRAINT  =         0.0000
 EKCMT  =         0.0000  VIRIAL  =         0.0000  VOLUME     =    128243.1174
                                                    Density    =         0.7765
 DV/DL  =         9.9055
 ------------------------------------------------------------------------------

  Softcore part of the system:      10 atoms,       TEMP(K)    =         219.23
 SC_Etot=        88.7759  SC_EKtot=         6.5347  SC_EPtot   =        82.2411
 SC_BOND=         5.8663  SC_ANGLE=         7.1878  SC_DIHED   =         7.5704
 SC_14NB=         5.0841  SC_14EEL=        53.3032  SC_VDW     =        -0.3566
 SC_EEL =         3.5860
 SC_RES_DIST=     0.0000  SC_RES_ANG=       0.0000  SC_RES_TORS=         0.0000
 SC_EEL_DER=     -0.1643  SC_VDW_DER=      -0.0335  SC_DERIV   =        -0.1978
 ------------------------------------------------------------------------------


| TI region  2


 NSTEP =      500   TIME(PS) =       0.500  TEMP(K) =   302.82  PRESS =     0.0
 Etot   =    -24109.9862  EKtot   =      5998.4392  EPtot      =    -30108.4254
 BOND   =         8.1896  ANGLE   =         7.3171  DIHED      =         3.5888
 1-4 NB =         3.7495  1-4 EEL =        13.2581  VDWAALS    =      4635.9499
 EELEC  =    -34780.4784  EHBOND  =         0.0000  RESTRAINT  =         0.0000
 EKCMT  =         0.0000  VIRIAL  =         0.0000  VOLUME     =    128243.1174
                                                    Density    =         0.7762
 DV/DL  =         9.9055
 ------------------------------------------------------------------------------

  Softcore part of the system:      10 atoms,       TEMP(K)    =         375.03
 SC_Etot=        31.8821  SC_EKtot=        11.1789  SC_EPtot   =        20.7032
 SC_BOND=         3.6725  SC_ANGLE=        20.4341  SC_DIHED   =         3.4562
 SC_14NB=        -0.1207  SC_14EEL=        -3.2040  SC_VDW     =        -0.0869
 SC_EEL =        -3.4479
 SC_RES_DIST=     0.0000  SC_RES_ANG=       0.0000  SC_RES_TORS=         0.0000
 SC_EEL_DER=     -0.1643  SC_VDW_DER=      -0.0335  SC_DERIV   =        -0.1978
 ------------------------------------------------------------------------------


| TI region  1


 NSTEP =     1000   TIME(PS) =       1.000  TEMP(K) =   310.98  PRESS =     0.0
 Etot   =    -23747.7659  EKtot   =      6159.9084  EPtot      =    -29907.6742
 BOND   =         7.8533  ANGLE   =         6.2633  DIHED      =         2.9962
 1-4 NB =         4.3974  1-4 EEL =        13.2287  VDWAALS    =      4576.5983
 EELEC  =    -34519.0114  EHBOND  =         0.0000  RESTRAINT  =         0.0000
 EKCMT  =         0.0000  VIRIAL  =         0.0000  VOLUME     =    126409.8746
                                                    Density    =         0.7878
 DV/DL  =         9.6105
 ------------------------------------------------------------------------------

  Softcore part of the system:      10 atoms,       TEMP(K)    =         279.60
 SC_Etot=        90.1920  SC_EKtot=         8.3341  SC_EPtot   =        81.8579
 SC_BOND=         8.8346  SC_ANGLE=         8.4140  SC_DIHED   =         3.0554
 SC_14NB=         5.5135  SC_14EEL=        52.7481  SC_VDW     =        -0.3551
 SC_EEL =         3.6475
 SC_RES_DIST=     0.0000  SC_RES_ANG=       0.0000  SC_RES_TORS=         0.0000
 SC_EEL_DER=     -0.6915  SC_VDW_DER=       0.7398  SC_DERIV   =         0.0483
 ------------------------------------------------------------------------------


| TI region  2


 NSTEP =     1000   TIME(PS) =       1.000  TEMP(K) =   311.21  PRESS =     0.0
 Etot   =    -23743.1244  EKtot   =      6164.5499  EPtot      =    -29907.6742
 BOND   =         7.8533  ANGLE   =         6.2633  DIHED      =         2.9962
 1-4 NB =         4.3974  1-4 EEL =        13.2287  VDWAALS    =      4576.5983
 EELEC  =    -34519.0114  EHBOND  =         0.0000  RESTRAINT  =         0.0000
 EKCMT  =         0.0000  VIRIAL  =         0.0000  VOLUME     =    126409.8746
                                                    Density    =         0.7874
 DV/DL  =         9.6105
 ------------------------------------------------------------------------------

  Softcore part of the system:      10 atoms,       TEMP(K)    =         435.31
 SC_Etot=        31.1741  SC_EKtot=        12.9756  SC_EPtot   =        18.1985
 SC_BOND=         3.2433  SC_ANGLE=        17.7244  SC_DIHED   =         4.4721
 SC_14NB=        -0.0940  SC_14EEL=        -3.0958  SC_VDW     =        -0.0680
 SC_EEL =        -3.9834
 SC_RES_DIST=     0.0000  SC_RES_ANG=       0.0000  SC_RES_TORS=         0.0000
 SC_EEL_DER=     -0.6915  SC_VDW_DER=       0.7398  SC_DERIV   =         0.0483
 ------------------------------------------------------------------------------


| TI region  1


 NSTEP =     1500   TIME(PS) =       1.500  TEMP(K) =   307.32  PRESS =     0.0
 Etot   =    -23875.3927  EKtot   =      6087.4540  EPtot      =    -29962.8468
 BOND   =         6.5468  ANGLE   =         6.9521  DIHED      =         3.6521
 1-4 NB =         3.9296  1-4 EEL =        12.8776  VDWAALS    =      4417.0493
 EELEC  =    -34413.8542  EHBOND  =         0.0000  RESTRAINT  =         0.0000
 EKCMT  =         0.0000  VIRIAL  =         0.0000  VOLUME     =    124888.0158
                                                    Density    =         0.7974
 DV/DL  =        13.2073
 ------------------------------------------------------------------------------

  Softcore part of the system:      10 atoms,       TEMP(K)    =         360.11
 SC_Etot=        89.5663  SC_EKtot=        10.7340  SC_EPtot   =        78.8323
 SC_BOND=         6.0145  SC_ANGLE=         7.1222  SC_DIHED   =         3.6852
 SC_14NB=         5.6447  SC_14EEL=        53.0715  SC_VDW     =        -0.3750
 SC_EEL =         3.6690
 SC_RES_DIST=     0.0000  SC_RES_ANG=       0.0000  SC_RES_TORS=         0.0000
 SC_EEL_DER=      0.3987  SC_VDW_DER=      -0.1879  SC_DERIV   =         0.2108
 ------------------------------------------------------------------------------


| TI region  2


 NSTEP =     1500   TIME(PS) =       1.500  TEMP(K) =   307.11  PRESS =     0.0
 Etot   =    -23879.4649  EKtot   =      6083.3819  EPtot      =    -29962.8468
 BOND   =         6.5468  ANGLE   =         6.9521  DIHED      =         3.6521
 1-4 NB =         3.9296  1-4 EEL =        12.8776  VDWAALS    =      4417.0493
 EELEC  =    -34413.8542  EHBOND  =         0.0000  RESTRAINT  =         0.0000
 EKCMT  =         0.0000  VIRIAL  =         0.0000  VOLUME     =    124888.0158
                                                    Density    =         0.7970
 DV/DL  =        13.2073
 ------------------------------------------------------------------------------

  Softcore part of the system:      10 atoms,       TEMP(K)    =         223.49
 SC_Etot=        31.6397  SC_EKtot=         6.6619  SC_EPtot   =        24.9779
 SC_BOND=         9.8266  SC_ANGLE=        19.0412  SC_DIHED   =         3.2239
 SC_14NB=        -0.1553  SC_14EEL=        -3.4535  SC_VDW     =        -0.1000
 SC_EEL =        -3.4050
 SC_RES_DIST=     0.0000  SC_RES_ANG=       0.0000  SC_RES_TORS=         0.0000
 SC_EEL_DER=      0.3987  SC_VDW_DER=      -0.1879  SC_DERIV   =         0.2108
 ------------------------------------------------------------------------------


| TI region  1


 NSTEP =     2000   TIME(PS) =       2.000  TEMP(K) =   314.51  PRESS =     0.0
 Etot   =    -23857.7115  EKtot   =      6229.9039  EPtot      =    -30087.6154
 BOND   =         6.4059  ANGLE   =         3.3861  DIHED      =         5.0202
 1-4 NB =         4.8746  1-4 EEL =        13.3504  VDWAALS    =      4656.4678
 EELEC  =    -34777.1205  EHBOND  =         0.0000  RESTRAINT  =         0.0000
 EKCMT  =         0.0000  VIRIAL  =         0.0000  VOLUME     =    122303.5757
                                                    Density    =         0.8142
 DV/DL  =        10.2085
 ------------------------------------------------------------------------------

  Softcore part of the system:      10 atoms,       TEMP(K)    =         373.51
 SC_Etot=        96.9432  SC_EKtot=        11.1334  SC_EPtot   =        85.8098
 SC_BOND=         5.7023  SC_ANGLE=        12.3626  SC_DIHED   =         5.3792
 SC_14NB=         5.3852  SC_14EEL=        53.7617  SC_VDW     =        -0.3736
 SC_EEL =         3.5923
 SC_RES_DIST=     0.0000  SC_RES_ANG=       0.0000  SC_RES_TORS=         0.0000
 SC_EEL_DER=      1.3964  SC_VDW_DER=      -2.1004  SC_DERIV   =        -0.7040
 ------------------------------------------------------------------------------


| TI region  2


 NSTEP =     2000   TIME(PS) =       2.000  TEMP(K) =   314.36  PRESS =     0.0
 Etot   =    -23860.6612  EKtot   =      6226.9543  EPtot      =    -30087.6154
 BOND   =         6.4059  ANGLE   =         3.3861  DIHED      =         5.0202
 1-4 NB =         4.8746  1-4 EEL =        13.3504  VDWAALS    =      4656.4678
 EELEC  =    -34777.1205  EHBOND  =         0.0000  RESTRAINT  =         0.0000
 EKCMT  =         0.0000  VIRIAL  =         0.0000  VOLUME     =    122303.5757
                                                    Density    =         0.8138
 DV/DL  =        10.2085
 ------------------------------------------------------------------------------

  Softcore part of the system:      10 atoms,       TEMP(K)    =         274.55
 SC_Etot=        28.2774  SC_EKtot=         8.1838  SC_EPtot   =        20.0936
 SC_BOND=         4.7980  SC_ANGLE=        20.2205  SC_DIHED   =         2.3174
 SC_14NB=        -0.1792  SC_14EEL=        -3.5045  SC_VDW     =        -0.1025
 SC_EEL =        -3.4561
 SC_RES_DIST=     0.0000  SC_RES_ANG=       0.0000  SC_RES_TORS=         0.0000
 SC_EEL_DER=      1.3964  SC_VDW_DER=      -2.1004  SC_DERIV   =        -0.7040
 ------------------------------------------------------------------------------


| TI region  1


 NSTEP =     2500   TIME(PS) =       2.500  TEMP(K) =   306.23  PRESS =     0.0
 Etot   =    -23793.4359  EKtot   =      6065.9523  EPtot      =    -29859.3882
 BOND   =         4.6862  ANGLE   =         3.2335  DIHED      =         3.1006
 1-4 NB =         4.5948  1-4 EEL =        13.5656  VDWAALS    =      4621.9158
 EELEC  =    -34510.4847  EHBOND  =         0.0000  RESTRAINT  =         0.0000
 EKCMT  =         0.0000  VIRIAL  =         0.0000  VOLUME     =    121744.3875
                                                    Density    =         0.8180
 DV/DL  =        12.1037
 ------------------------------------------------------------------------------

  Softcore part of the system:      10 atoms,       TEMP(K)    =         405.96
 SC_Etot=        92.8378  SC_EKtot=        12.1009  SC_EPtot   =        80.7369
 SC_BOND=         4.8389  SC_ANGLE=         8.4612  SC_DIHED   =         4.3135
 SC_14NB=         5.9050  SC_14EEL=        53.8930  SC_VDW     =        -0.3344
 SC_EEL =         3.6596
 SC_RES_DIST=     0.0000  SC_RES_ANG=       0.0000  SC_RES_TORS=         0.0000
 SC_EEL_DER=      0.5460  SC_VDW_DER=      -0.8269  SC_DERIV   =        -0.2808
 ------------------------------------------------------------------------------


| TI region  2


 NSTEP =     2500   TIME(PS) =       2.500  TEMP(K) =   306.09  PRESS =     0.0
 Etot   =    -23796.2667  EKtot   =      6063.1216  EPtot      =    -29859.3882
 BOND   =         4.6862  ANGLE   =         3.2335  DIHED      =         3.1006
 1-4 NB =         4.5948  1-4 EEL =        13.5656  VDWAALS    =      4621.9158
 EELEC  =    -34510.4847  EHBOND  =         0.0000  RESTRAINT  =         0.0000
 EKCMT  =         0.0000  VIRIAL  =         0.0000  VOLUME     =    121744.3875
                                                    Density    =         0.8176
 DV/DL  =        12.1037
 ------------------------------------------------------------------------------

  Softcore part of the system:      10 atoms,       TEMP(K)    =         311.00
 SC_Etot=        30.6228  SC_EKtot=         9.2702  SC_EPtot   =        21.3526
 SC_BOND=         5.6569  SC_ANGLE=        20.1611  SC_DIHED   =         2.4307
 SC_14NB=        -0.1364  SC_14EEL=        -3.1553  SC_VDW     =        -0.0885
 SC_EEL =        -3.5159
 SC_RES_DIST=     0.0000  SC_RES_ANG=       0.0000  SC_RES_TORS=         0.0000
 SC_EEL_DER=      0.5460  SC_VDW_DER=      -0.8269  SC_DERIV   =        -0.2808
 ------------------------------------------------------------------------------


| TI region  1


 NSTEP =     3000   TIME(PS) =       3.000  TEMP(K) =   311.97  PRESS =     0.0
 Etot   =    -24008.8571  EKtot   =      6179.6347  EPtot      =    -30188.4918
 BOND   =         4.6984  ANGLE   =         6.5014  DIHED      =         1.9533
 1-4 NB =         3.9241  1-4 EEL =        13.2917  VDWAALS    =      4792.3605
 EELEC  =    -35011.2212  EHBOND  =         0.0000  RESTRAINT  =         0.0000
 EKCMT  =         0.0000  VIRIAL  =         0.0000  VOLUME     =    118105.6004
                                                    Density    =         0.8432
 DV/DL  =         1.0656
 ------------------------------------------------------------------------------

  Softcore part of the system:      10 atoms,       TEMP(K)    =         318.79
 SC_Etot=        94.0249  SC_EKtot=         9.5024  SC_EPtot   =        84.5225
 SC_BOND=         5.4041  SC_ANGLE=         7.1558  SC_DIHED   =         7.4271
 SC_14NB=         6.4173  SC_14EEL=        54.9105  SC_VDW     =        -0.3922
 SC_EEL =         3.5999
 SC_RES_DIST=     0.0000  SC_RES_ANG=       0.0000  SC_RES_TORS=         0.0000
 SC_EEL_DER=     -0.8451  SC_VDW_DER=      -3.6833  SC_DERIV   =        -4.5284
 ------------------------------------------------------------------------------


| TI region  2


 NSTEP =     3000   TIME(PS) =       3.000  TEMP(K) =   312.05  PRESS =     0.0
 Etot   =    -24007.2719  EKtot   =      6181.2199  EPtot      =    -30188.4918
 BOND   =         4.6984  ANGLE   =         6.5014  DIHED      =         1.9533
 1-4 NB =         3.9241  1-4 EEL =        13.2917  VDWAALS    =      4792.3605
 EELEC  =    -35011.2212  EHBOND  =         0.0000  RESTRAINT  =         0.0000
 EKCMT  =         0.0000  VIRIAL  =         0.0000  VOLUME     =    118105.6004
                                                    Density    =         0.8428
 DV/DL  =         1.0656
 ------------------------------------------------------------------------------

  Softcore part of the system:      10 atoms,       TEMP(K)    =         371.97
 SC_Etot=        29.4320  SC_EKtot=        11.0876  SC_EPtot   =        18.3444
 SC_BOND=         5.8591  SC_ANGLE=        17.8771  SC_DIHED   =         1.7486
 SC_14NB=        -0.0940  SC_14EEL=        -3.1201  SC_VDW     =        -0.0398
 SC_EEL =        -3.8866
 SC_RES_DIST=     0.0000  SC_RES_ANG=       0.0000  SC_RES_TORS=         0.0000
 SC_EEL_DER=     -0.8451  SC_VDW_DER=      -3.6833  SC_DERIV   =        -4.5284
 ------------------------------------------------------------------------------


| TI region  1


 NSTEP =     3500   TIME(PS) =       3.500  TEMP(K) =   313.98  PRESS =     0.0
 Etot   =    -24126.3663  EKtot   =      6219.4219  EPtot      =    -30345.7882
 BOND   =        10.1988  ANGLE   =         8.3879  DIHED      =         1.6648
 1-4 NB =         3.4185  1-4 EEL =        13.2623  VDWAALS    =      4454.6094
 EELEC  =    -34837.3298  EHBOND  =         0.0000  RESTRAINT  =         0.0000
 EKCMT  =         0.0000  VIRIAL  =         0.0000  VOLUME     =    117072.8129
                                                    Density    =         0.8506
 DV/DL  =         7.1743
 ------------------------------------------------------------------------------

  Softcore part of the system:      10 atoms,       TEMP(K)    =         339.79
 SC_Etot=        89.2548  SC_EKtot=        10.1283  SC_EPtot   =        79.1265
 SC_BOND=         2.4766  SC_ANGLE=        12.3538  SC_DIHED   =         0.9492
 SC_14NB=         6.7364  SC_14EEL=        53.2585  SC_VDW     =        -0.3545
 SC_EEL =         3.7066
 SC_RES_DIST=     0.0000  SC_RES_ANG=       0.0000  SC_RES_TORS=         0.0000
 SC_EEL_DER=     -0.5758  SC_VDW_DER=      -1.6807  SC_DERIV   =        -2.2565
 ------------------------------------------------------------------------------


| TI region  2


 NSTEP =     3500   TIME(PS) =       3.500  TEMP(K) =   313.84  PRESS =     0.0
 Etot   =    -24129.0697  EKtot   =      6216.7185  EPtot      =    -30345.7882
 BOND   =        10.1988  ANGLE   =         8.3879  DIHED      =         1.6648
 1-4 NB =         3.4185  1-4 EEL =        13.2623  VDWAALS    =      4454.6094
 EELEC  =    -34837.3298  EHBOND  =         0.0000  RESTRAINT  =         0.0000
 EKCMT  =         0.0000  VIRIAL  =         0.0000  VOLUME     =    117072.8129
                                                    Density    =         0.8502
 DV/DL  =         7.1743
 ------------------------------------------------------------------------------

  Softcore part of the system:      10 atoms,       TEMP(K)    =         249.09
 SC_Etot=        31.6850  SC_EKtot=         7.4249  SC_EPtot   =        24.2601
 SC_BOND=         8.5917  SC_ANGLE=        19.1645  SC_DIHED   =         3.3045
 SC_14NB=        -0.2013  SC_14EEL=        -3.0745  SC_VDW     =        -0.1041
 SC_EEL =        -3.4206
 SC_RES_DIST=     0.0000  SC_RES_ANG=       0.0000  SC_RES_TORS=         0.0000
 SC_EEL_DER=     -0.5758  SC_VDW_DER=      -1.6807  SC_DERIV   =        -2.2565
 ------------------------------------------------------------------------------


| TI region  1


 NSTEP =     4000   TIME(PS) =       4.000  TEMP(K) =   307.49  PRESS =     0.0
 Etot   =    -24331.2452  EKtot   =      6090.8862  EPtot      =    -30422.1314
 BOND   =         4.7326  ANGLE   =         7.3552  DIHED      =         3.6571
 1-4 NB =         5.5721  1-4 EEL =        13.0593  VDWAALS    =      4419.4684
 EELEC  =    -34875.9761  EHBOND  =         0.0000  RESTRAINT  =         0.0000
 EKCMT  =         0.0000  VIRIAL  =         0.0000  VOLUME     =    117133.2085
                                                    Density    =         0.8502
 DV/DL  =        11.4452
 ------------------------------------------------------------------------------

  Softcore part of the system:      10 atoms,       TEMP(K)    =         351.00
 SC_Etot=        89.1027  SC_EKtot=        10.4626  SC_EPtot   =        78.6401
 SC_BOND=         3.6563  SC_ANGLE=        10.3436  SC_DIHED   =         1.8468
 SC_14NB=         5.7897  SC_14EEL=        53.7611  SC_VDW     =        -0.3643
 SC_EEL =         3.6068
 SC_RES_DIST=     0.0000  SC_RES_ANG=       0.0000  SC_RES_TORS=         0.0000
 SC_EEL_DER=      0.2630  SC_VDW_DER=      -0.6179  SC_DERIV   =        -0.3549
 ------------------------------------------------------------------------------


| TI region  2


 NSTEP =     4000   TIME(PS) =       4.000  TEMP(K) =   307.35  PRESS =     0.0
 Etot   =    -24334.0853  EKtot   =      6088.0461  EPtot      =    -30422.1314
 BOND   =         4.7326  ANGLE   =         7.3552  DIHED      =         3.6571
 1-4 NB =         5.5721  1-4 EEL =        13.0593  VDWAALS    =      4419.4684
 EELEC  =    -34875.9761  EHBOND  =         0.0000  RESTRAINT  =         0.0000
 EKCMT  =         0.0000  VIRIAL  =         0.0000  VOLUME     =    117133.2085
                                                    Density    =         0.8498
 DV/DL  =        11.4452
 ------------------------------------------------------------------------------

  Softcore part of the system:      10 atoms,       TEMP(K)    =         255.72
 SC_Etot=        23.2516  SC_EKtot=         7.6225  SC_EPtot   =        15.6291
 SC_BOND=         2.4256  SC_ANGLE=        18.0427  SC_DIHED   =         2.2756
 SC_14NB=        -0.0867  SC_14EEL=        -2.8600  SC_VDW     =        -0.0776
 SC_EEL =        -4.0905
 SC_RES_DIST=     0.0000  SC_RES_ANG=       0.0000  SC_RES_TORS=         0.0000
 SC_EEL_DER=      0.2630  SC_VDW_DER=      -0.6179  SC_DERIV   =        -0.3549
 ------------------------------------------------------------------------------


| TI region  1


 NSTEP =     4500   TIME(PS) =       4.500  TEMP(K) =   313.77  PRESS =     0.0
 Etot   =    -24268.9056  EKtot   =      6215.2268  EPtot      =    -30484.1324
 BOND   =         9.4151  ANGLE   =         6.7681  DIHED      =         5.8217
 1-4 NB =         2.8258  1-4 EEL =        13.5209  VDWAALS    =      4649.0787
 EELEC  =    -35171.5626  EHBOND  =         0.0000  RESTRAINT  =         0.0000
 EKCMT  =         0.0000  VIRIAL  =         0.0000  VOLUME     =    115903.4477
                                                    Density    =         0.8592
 DV/DL  =        12.9255
 ------------------------------------------------------------------------------

  Softcore part of the system:      10 atoms,       TEMP(K)    =         287.22
 SC_Etot=        89.9946  SC_EKtot=         8.5614  SC_EPtot   =        81.4332
 SC_BOND=         4.8376  SC_ANGLE=         8.8814  SC_DIHED   =         4.9001
 SC_14NB=         5.6911  SC_14EEL=        53.8247  SC_VDW     =        -0.3590
 SC_EEL =         3.6574
 SC_RES_DIST=     0.0000  SC_RES_ANG=       0.0000  SC_RES_TORS=         0.0000
 SC_EEL_DER=     -0.2679  SC_VDW_DER=       1.9124  SC_DERIV   =         1.6445
 ------------------------------------------------------------------------------


| TI region  2


 NSTEP =     4500   TIME(PS) =       4.500  TEMP(K) =   313.75  PRESS =     0.0
 Etot   =    -24269.2055  EKtot   =      6214.9269  EPtot      =    -30484.1324
 BOND   =         9.4151  ANGLE   =         6.7681  DIHED      =         5.8217
 1-4 NB =         2.8258  1-4 EEL =        13.5209  VDWAALS    =      4649.0787
 EELEC  =    -35171.5626  EHBOND  =         0.0000  RESTRAINT  =         0.0000
 EKCMT  =         0.0000  VIRIAL  =         0.0000  VOLUME     =    115903.4477
                                                    Density    =         0.8588
 DV/DL  =        12.9255
 ------------------------------------------------------------------------------

  Softcore part of the system:      10 atoms,       TEMP(K)    =         277.16
 SC_Etot=        28.5906  SC_EKtot=         8.2614  SC_EPtot   =        20.3291
 SC_BOND=         3.5554  SC_ANGLE=        19.9117  SC_DIHED   =         3.6423
 SC_14NB=         0.0524  SC_14EEL=        -2.7730  SC_VDW     =        -0.0251
 SC_EEL =        -4.0346
 SC_RES_DIST=     0.0000  SC_RES_ANG=       0.0000  SC_RES_TORS=         0.0000
 SC_EEL_DER=     -0.2679  SC_VDW_DER=       1.9124  SC_DERIV   =         1.6445
 ------------------------------------------------------------------------------


| TI region  1


 NSTEP =     5000   TIME(PS) =       5.000  TEMP(K) =   307.12  PRESS =     0.0
 Etot   =    -24416.9986  EKtot   =      6083.4858  EPtot      =    -30500.4844
 BOND   =         6.6548  ANGLE   =         7.0700  DIHED      =         2.8256
 1-4 NB =         5.8109  1-4 EEL =        13.7831  VDWAALS    =      4465.6640
 EELEC  =    -35002.2926  EHBOND  =         0.0000  RESTRAINT  =         0.0000
 EKCMT  =         0.0000  VIRIAL  =         0.0000  VOLUME     =    114227.9890
                                                    Density    =         0.8718
 DV/DL  =         5.3128
 ------------------------------------------------------------------------------

  Softcore part of the system:      10 atoms,       TEMP(K)    =         282.64
 SC_Etot=        86.7635  SC_EKtot=         8.4249  SC_EPtot   =        78.3386
 SC_BOND=         6.0280  SC_ANGLE=         7.2886  SC_DIHED   =         1.6372
 SC_14NB=         6.8733  SC_14EEL=        53.2978  SC_VDW     =        -0.3894
 SC_EEL =         3.6031
 SC_RES_DIST=     0.0000  SC_RES_ANG=       0.0000  SC_RES_TORS=         0.0000
 SC_EEL_DER=      0.0821  SC_VDW_DER=      -4.5962  SC_DERIV   =        -4.5141
 ------------------------------------------------------------------------------


| TI region  2


 NSTEP =     5000   TIME(PS) =       5.000  TEMP(K) =   307.05  PRESS =     0.0
 Etot   =    -24418.3010  EKtot   =      6082.1834  EPtot      =    -30500.4844
 BOND   =         6.6548  ANGLE   =         7.0700  DIHED      =         2.8256
 1-4 NB =         5.8109  1-4 EEL =        13.7831  VDWAALS    =      4465.6640
 EELEC  =    -35002.2926  EHBOND  =         0.0000  RESTRAINT  =         0.0000
 EKCMT  =         0.0000  VIRIAL  =         0.0000  VOLUME     =    114227.9890
                                                    Density    =         0.8714
 DV/DL  =         5.3128
 ------------------------------------------------------------------------------

  Softcore part of the system:      10 atoms,       TEMP(K)    =         238.95
 SC_Etot=        26.0725  SC_EKtot=         7.1225  SC_EPtot   =        18.9500
 SC_BOND=         4.9631  SC_ANGLE=        18.9066  SC_DIHED   =         2.1050
 SC_14NB=        -0.0813  SC_14EEL=        -2.8199  SC_VDW     =        -0.0267
 SC_EEL =        -4.0968
 SC_RES_DIST=     0.0000  SC_RES_ANG=       0.0000  SC_RES_TORS=         0.0000
 SC_EEL_DER=      0.0821  SC_VDW_DER=      -4.5962  SC_DERIV   =        -4.5141
 ------------------------------------------------------------------------------


| TI region  1


      A V E R A G E S   O V E R      10 S T E P S


 NSTEP =     5000   TIME(PS) =       5.000  TEMP(K) =   309.60  PRESS =     0.0
 Etot   =    -24054.1309  EKtot   =      6132.5669  EPtot      =    -30186.6978
 BOND   =         6.9381  ANGLE   =         6.3235  DIHED      =         3.4280
 1-4 NB =         4.3097  1-4 EEL =        13.3198  VDWAALS    =      4568.9162
 EELEC  =    -34789.9332  EHBOND  =         0.0000  RESTRAINT  =         0.0000
 EKCMT  =         0.0000  VIRIAL  =         0.0000  VOLUME     =    120603.2029
                                                    Density    =         0.8269
 DV/DL  =         9.2959
 ------------------------------------------------------------------------------

  Softcore part of the system:      10 atoms,       TEMP(K)    =         321.78
 SC_Etot=        90.7456  SC_EKtot=         9.5917  SC_EPtot   =        81.1539
 SC_BOND=         5.3659  SC_ANGLE=         8.9571  SC_DIHED   =         4.0764
 SC_14NB=         5.9040  SC_14EEL=        53.5830  SC_VDW     =        -0.3654
 SC_EEL =         3.6328
 SC_RES_DIST=     0.0000  SC_RES_ANG=       0.0000  SC_RES_TORS=         0.0000
 SC_EEL_DER=      0.0142  SC_VDW_DER=      -1.1074  SC_DERIV   =        -1.0933
 ------------------------------------------------------------------------------


      R M S  F L U C T U A T I O N S


 NSTEP =     5000   TIME(PS) =       5.000  TEMP(K) =     3.80  PRESS =     0.0
 Etot   =       223.1301  EKtot   =        75.2931  EPtot      =       227.7521
 BOND   =         1.8612  ANGLE   =         1.6023  DIHED      =         1.1972
 1-4 NB =         0.8865  1-4 EEL =         0.2441  VDWAALS    =       118.5350
 EELEC  =       232.9237  EHBOND  =         0.0000  RESTRAINT  =         0.0000
 EKCMT  =         0.0000  VIRIAL  =         0.0000  VOLUME     =      4561.9349
                                                    Density    =         0.0310
 DV/DL  =         3.6109
 ------------------------------------------------------------------------------

  Softcore part of the system:      10 atoms,       TEMP(K)    =          52.38
 SC_Etot=         2.8366  SC_EKtot=         1.5615  SC_EPtot   =         2.4228
 SC_BOND=         1.5838  SC_ANGLE=         1.9527  SC_DIHED   =         2.1855
 SC_14NB=         0.5582  SC_14EEL=         0.5660  SC_VDW     =         0.0166
 SC_EEL =         0.0384
 SC_RES_DIST=     0.0000  SC_RES_ANG=       0.0000  SC_RES_TORS=         0.0000
 SC_EEL_DER=      0.6406  SC_VDW_DER=       1.8700  SC_DERIV   =         1.9368
 ------------------------------------------------------------------------------


| TI region  2


      A V E R A G E S   O V E R      10 S T E P S


 NSTEP =     5000   TIME(PS) =       5.000  TEMP(K) =   309.56  PRESS =     0.0
 Etot   =    -24054.7437  EKtot   =      6131.9541  EPtot      =    -30186.6978
 BOND   =         6.9381  ANGLE   =         6.3235  DIHED      =         3.4280
 1-4 NB =         4.3097  1-4 EEL =        13.3198  VDWAALS    =      4568.9162
 EELEC  =    -34789.9332  EHBOND  =         0.0000  RESTRAINT  =         0.0000
 EKCMT  =         0.0000  VIRIAL  =         0.0000  VOLUME     =    120603.2029
                                                    Density    =         0.8265
 DV/DL  =         9.2959
 ------------------------------------------------------------------------------

  Softcore part of the system:      10 atoms,       TEMP(K)    =         301.23
 SC_Etot=        29.2628  SC_EKtot=         8.9789  SC_EPtot   =        20.2838
 SC_BOND=         5.2592  SC_ANGLE=        19.1484  SC_DIHED   =         2.8976
 SC_14NB=        -0.1096  SC_14EEL=        -3.1061  SC_VDW     =        -0.0719
 SC_EEL =        -3.7337
 SC_RES_DIST=     0.0000  SC_RES_ANG=       0.0000  SC_RES_TORS=         0.0000
 SC_EEL_DER=      0.0142  SC_VDW_DER=      -1.1074  SC_DERIV   =        -1.0933
 ------------------------------------------------------------------------------


      R M S  F L U C T U A T I O N S


 NSTEP =     5000   TIME(PS) =       5.000  TEMP(K) =     3.77  PRESS =     0.0
 Etot   =       223.4585  EKtot   =        74.7747  EPtot      =       227.7521
 BOND   =         1.8612  ANGLE   =         1.6023  DIHED      =         1.1972
 1-4 NB =         0.8865  1-4 EEL =         0.2441  VDWAALS    =       118.5350
 EELEC  =       232.9237  EHBOND  =         0.0000  RESTRAINT  =         0.0000
 EKCMT  =         0.0000  VIRIAL  =         0.0000  VOLUME     =      4561.9349
                                                    Density    =         0.0310
 DV/DL  =         3.6109
 ------------------------------------------------------------------------------

  Softcore part of the system:      10 atoms,       TEMP(K)    =          66.73
 SC_Etot=         2.6766  SC_EKtot=         1.9890  SC_EPtot   =         2.6600
 SC_BOND=         2.2427  SC_ANGLE=         0.9668  SC_DIHED   =         0.8067
 SC_14NB=         0.0665  SC_14EEL=         0.2337  SC_VDW     =         0.0293
 SC_EEL =         0.2911
 SC_RES_DIST=     0.0000  SC_RES_ANG=       0.0000  SC_RES_TORS=         0.0000
 SC_EEL_DER=      0.6406  SC_VDW_DER=       1.8700  SC_DERIV   =         1.9368
 ------------------------------------------------------------------------------


      DV/DL, AVERAGES OVER      10 STEPS


 NSTEP =     5000   TIME(PS) =       5.000  TEMP(K) =     3.77  PRESS =     0.0
 Etot   =         0.0000  EKtot   =         0.0000  EPtot      =         0.0000
 BOND   =         0.0000  ANGLE   =         0.0000  DIHED      =        -0.0011
 1-4 NB =        -0.2648  1-4 EEL =        17.5235  VDWAALS    =         1.7691
 EELEC  =        -8.6376  EHBOND  =         0.0000  RESTRAINT  =         0.0000
 EKCMT  =         0.0000  VIRIAL  =         0.0000  VOLUME     =         0.0000
                                                    Density    =         0.0000
 ------------------------------------------------------------------------------

| MC Barostat:         50 volume changes attempted.
| MC Barostat:         25 changes successful ( 50.00%)
 ------------------------------------------------------------------------------

--------------------------------------------------------------------------------
   5.  TIMINGS
--------------------------------------------------------------------------------

|  NonSetup CPU Time in Major Routines:
|
|     Routine           Sec        %
|     ------------------------------
|     Nonbond           0.93   37.64
|     Bond              0.00    0.00
|     Angle             0.00    0.00
|     Dihedral          0.00    0.00
|     Shake             0.03    1.03
|     RunMD             1.48   59.75
|     Other             0.04    1.58
|     ------------------------------
|     Total             2.48

|  PME Nonbond Pairlist CPU Time:
|
|     Routine              Sec        %
|     ---------------------------------
|     Set Up Cit           0.00    0.00
|     Build List           0.00    0.00
|     ---------------------------------
|     Total                0.00    0.00

|  PME Direct Force CPU Time:
|
|     Routine              Sec        %
|     ---------------------------------
|     NonBonded Calc       0.00    0.00
|     Exclude Masked       0.00    0.00
|     Other                0.01    0.30
|     ---------------------------------
|     Total                0.01    0.30

|  PME Reciprocal Force CPU Time:
|
|     Routine              Sec        %
|     ---------------------------------
|     1D bspline           0.00    0.00
|     Grid Charges         0.00    0.00
|     Scalar Sum           0.00    0.00
|     Gradient Sum         0.00    0.00
|     FFT                  0.00    0.00
|     ---------------------------------
|     Total                0.00    0.00

|  Final Performance Info:
|     -----------------------------------------------------
|     Average timings for last    5000 steps:
|     Elapsed(s) =       2.50 Per Step(ms) =       0.50
|         ns/day =     172.55   seconds/ns =     500.74
|
|     Average timings for all steps:
|     Elapsed(s) =       2.50 Per Step(ms) =       0.50
|         ns/day =     172.55   seconds/ns =     500.74
|     -----------------------------------------------------

|  Setup CPU time:            0.99 seconds
|  NonSetup CPU time:         2.48 seconds
|  Total CPU time:            3.47 seconds     0.00 hours

|  Setup wall time:           1    seconds
|  NonSetup wall time:        3    seconds
|  Total wall time:           4    seconds     0.00 hours
